{"total": {"lines":{"total":2417,"covered":2066,"skipped":0,"pct":85.47},"statements":{"total":2487,"covered":2125,"skipped":0,"pct":85.44},"functions":{"total":357,"covered":195,"skipped":0,"pct":54.62},"branches":{"total":1412,"covered":1024,"skipped":0,"pct":72.52},"branchesTrue":{"total":0,"covered":0,"skipped":0,"pct":100}}
,"/home/user1/repo/securecloud-backendx/product/api/src/init.ts": {"lines":{"total":7,"covered":7,"skipped":0,"pct":100},"functions":{"total":1,"covered":1,"skipped":0,"pct":100},"statements":{"total":7,"covered":7,"skipped":0,"pct":100},"branches":{"total":0,"covered":0,"skipped":0,"pct":100}}
,"/home/user1/repo/securecloud-backendx/product/api/src/error/error.ts": {"lines":{"total":22,"covered":22,"skipped":0,"pct":100},"functions":{"total":5,"covered":5,"skipped":0,"pct":100},"statements":{"total":22,"covered":22,"skipped":0,"pct":100},"branches":{"total":0,"covered":0,"skipped":0,"pct":100}}
,"/home/user1/repo/securecloud-backendx/product/api/src/error/exception.ts": {"lines":{"total":15,"covered":12,"skipped":0,"pct":80},"functions":{"total":7,"covered":4,"skipped":0,"pct":57.14},"statements":{"total":15,"covered":12,"skipped":0,"pct":80},"branches":{"total":0,"covered":0,"skipped":0,"pct":100}}
,"/home/user1/repo/securecloud-backendx/product/api/src/guard/jwt.guard.ts": {"lines":{"total":9,"covered":0,"skipped":0,"pct":0},"functions":{"total":1,"covered":0,"skipped":0,"pct":0},"statements":{"total":11,"covered":0,"skipped":0,"pct":0},"branches":{"total":1,"covered":0,"skipped":0,"pct":0}}
,"/home/user1/repo/securecloud-backendx/product/api/src/router/cloud/aws/aws.controller.ts": {"lines":{"total":28,"covered":18,"skipped":0,"pct":64.28},"functions":{"total":6,"covered":1,"skipped":0,"pct":16.66},"statements":{"total":29,"covered":19,"skipped":0,"pct":65.51},"branches":{"total":60,"covered":45,"skipped":0,"pct":75}}
,"/home/user1/repo/securecloud-backendx/product/api/src/router/cloud/aws/aws.service.ts": {"lines":{"total":73,"covered":70,"skipped":0,"pct":95.89},"functions":{"total":11,"covered":10,"skipped":0,"pct":90.9},"statements":{"total":74,"covered":71,"skipped":0,"pct":95.94},"branches":{"total":21,"covered":18,"skipped":0,"pct":85.71}}
,"/home/user1/repo/securecloud-backendx/product/api/src/router/cloud/aws/dto/delete.dto.ts": {"lines":{"total":5,"covered":5,"skipped":0,"pct":100},"functions":{"total":0,"covered":0,"skipped":0,"pct":100},"statements":{"total":5,"covered":5,"skipped":0,"pct":100},"branches":{"total":0,"covered":0,"skipped":0,"pct":100}}
,"/home/user1/repo/securecloud-backendx/product/api/src/router/cloud/aws/dto/get.dto.ts": {"lines":{"total":5,"covered":0,"skipped":0,"pct":0},"functions":{"total":0,"covered":0,"skipped":0,"pct":100},"statements":{"total":5,"covered":0,"skipped":0,"pct":0},"branches":{"total":0,"covered":0,"skipped":0,"pct":100}}
,"/home/user1/repo/securecloud-backendx/product/api/src/router/cloud/aws/dto/patch.dto.ts": {"lines":{"total":14,"covered":10,"skipped":0,"pct":71.42},"functions":{"total":4,"covered":0,"skipped":0,"pct":0},"statements":{"total":15,"covered":10,"skipped":0,"pct":66.66},"branches":{"total":8,"covered":4,"skipped":0,"pct":50}}
,"/home/user1/repo/securecloud-backendx/product/api/src/router/cloud/aws/dto/post.dto.ts": {"lines":{"total":14,"covered":10,"skipped":0,"pct":71.42},"functions":{"total":4,"covered":0,"skipped":0,"pct":0},"statements":{"total":15,"covered":10,"skipped":0,"pct":66.66},"branches":{"total":8,"covered":4,"skipped":0,"pct":50}}
,"/home/user1/repo/securecloud-backendx/product/api/src/router/cloud/aws/dto/put.dto.ts": {"lines":{"total":14,"covered":10,"skipped":0,"pct":71.42},"functions":{"total":4,"covered":0,"skipped":0,"pct":0},"statements":{"total":15,"covered":10,"skipped":0,"pct":66.66},"branches":{"total":8,"covered":4,"skipped":0,"pct":50}}
,"/home/user1/repo/securecloud-backendx/product/api/src/router/cloud/aws/error/error.ts": {"lines":{"total":27,"covered":14,"skipped":0,"pct":51.85},"functions":{"total":7,"covered":2,"skipped":0,"pct":28.57},"statements":{"total":27,"covered":14,"skipped":0,"pct":51.85},"branches":{"total":0,"covered":0,"skipped":0,"pct":100}}
,"/home/user1/repo/securecloud-backendx/product/api/src/router/cloud/aws/organization/organization.controller.ts": {"lines":{"total":28,"covered":18,"skipped":0,"pct":64.28},"functions":{"total":6,"covered":1,"skipped":0,"pct":16.66},"statements":{"total":29,"covered":19,"skipped":0,"pct":65.51},"branches":{"total":60,"covered":45,"skipped":0,"pct":75}}
,"/home/user1/repo/securecloud-backendx/product/api/src/router/cloud/aws/organization/organization.service.ts": {"lines":{"total":94,"covered":92,"skipped":0,"pct":97.87},"functions":{"total":12,"covered":12,"skipped":0,"pct":100},"statements":{"total":97,"covered":95,"skipped":0,"pct":97.93},"branches":{"total":25,"covered":20,"skipped":0,"pct":80}}
,"/home/user1/repo/securecloud-backendx/product/api/src/router/cloud/aws/organization/dto/delete.dto.ts": {"lines":{"total":5,"covered":5,"skipped":0,"pct":100},"functions":{"total":0,"covered":0,"skipped":0,"pct":100},"statements":{"total":5,"covered":5,"skipped":0,"pct":100},"branches":{"total":0,"covered":0,"skipped":0,"pct":100}}
,"/home/user1/repo/securecloud-backendx/product/api/src/router/cloud/aws/organization/dto/get.dto.ts": {"lines":{"total":5,"covered":0,"skipped":0,"pct":0},"functions":{"total":0,"covered":0,"skipped":0,"pct":100},"statements":{"total":5,"covered":0,"skipped":0,"pct":0},"branches":{"total":0,"covered":0,"skipped":0,"pct":100}}
,"/home/user1/repo/securecloud-backendx/product/api/src/router/cloud/aws/organization/dto/patch.dto.ts": {"lines":{"total":14,"covered":10,"skipped":0,"pct":71.42},"functions":{"total":4,"covered":0,"skipped":0,"pct":0},"statements":{"total":15,"covered":10,"skipped":0,"pct":66.66},"branches":{"total":4,"covered":2,"skipped":0,"pct":50}}
,"/home/user1/repo/securecloud-backendx/product/api/src/router/cloud/aws/organization/dto/post.dto.ts": {"lines":{"total":15,"covered":11,"skipped":0,"pct":73.33},"functions":{"total":4,"covered":0,"skipped":0,"pct":0},"statements":{"total":16,"covered":11,"skipped":0,"pct":68.75},"branches":{"total":8,"covered":4,"skipped":0,"pct":50}}
,"/home/user1/repo/securecloud-backendx/product/api/src/router/cloud/aws/organization/dto/put.dto.ts": {"lines":{"total":7,"covered":7,"skipped":0,"pct":100},"functions":{"total":0,"covered":0,"skipped":0,"pct":100},"statements":{"total":7,"covered":7,"skipped":0,"pct":100},"branches":{"total":0,"covered":0,"skipped":0,"pct":100}}
,"/home/user1/repo/securecloud-backendx/product/api/src/router/cloud/aws/organization/organization-validate/organizationValidate.controller.ts": {"lines":{"total":17,"covered":12,"skipped":0,"pct":70.58},"functions":{"total":4,"covered":1,"skipped":0,"pct":25},"statements":{"total":18,"covered":13,"skipped":0,"pct":72.22},"branches":{"total":36,"covered":27,"skipped":0,"pct":75}}
,"/home/user1/repo/securecloud-backendx/product/api/src/router/cloud/aws/organization/organization-validate/organizationValidate.service.ts": {"lines":{"total":43,"covered":43,"skipped":0,"pct":100},"functions":{"total":5,"covered":5,"skipped":0,"pct":100},"statements":{"total":44,"covered":44,"skipped":0,"pct":100},"branches":{"total":16,"covered":14,"skipped":0,"pct":87.5}}
,"/home/user1/repo/securecloud-backendx/product/api/src/router/cloud/aws/organization/organization-validate/dto/index.ts": {"lines":{"total":3,"covered":3,"skipped":0,"pct":100},"functions":{"total":0,"covered":0,"skipped":0,"pct":100},"statements":{"total":3,"covered":3,"skipped":0,"pct":100},"branches":{"total":0,"covered":0,"skipped":0,"pct":100}}
,"/home/user1/repo/securecloud-backendx/product/api/src/router/cloud/aws/organization/organization-validate/dto/patch.dto.ts": {"lines":{"total":12,"covered":10,"skipped":0,"pct":83.33},"functions":{"total":2,"covered":0,"skipped":0,"pct":0},"statements":{"total":12,"covered":10,"skipped":0,"pct":83.33},"branches":{"total":8,"covered":4,"skipped":0,"pct":50}}
,"/home/user1/repo/securecloud-backendx/product/api/src/router/cloud/aws/organization/organization-validate/dto/post.dto.ts": {"lines":{"total":12,"covered":10,"skipped":0,"pct":83.33},"functions":{"total":2,"covered":0,"skipped":0,"pct":0},"statements":{"total":12,"covered":10,"skipped":0,"pct":83.33},"branches":{"total":8,"covered":4,"skipped":0,"pct":50}}
,"/home/user1/repo/securecloud-backendx/product/api/src/router/cloud/aws/organization/organization-validate/dto/sse.dto.ts": {"lines":{"total":5,"covered":5,"skipped":0,"pct":100},"functions":{"total":0,"covered":0,"skipped":0,"pct":100},"statements":{"total":5,"covered":5,"skipped":0,"pct":100},"branches":{"total":0,"covered":0,"skipped":0,"pct":100}}
,"/home/user1/repo/securecloud-backendx/product/api/src/router/cloud/aws/script/script.controller.ts": {"lines":{"total":10,"covered":9,"skipped":0,"pct":90},"functions":{"total":2,"covered":1,"skipped":0,"pct":50},"statements":{"total":11,"covered":10,"skipped":0,"pct":90.9},"branches":{"total":12,"covered":9,"skipped":0,"pct":75}}
,"/home/user1/repo/securecloud-backendx/product/api/src/router/cloud/aws/script/script.service.ts": {"lines":{"total":15,"covered":14,"skipped":0,"pct":93.33},"functions":{"total":3,"covered":3,"skipped":0,"pct":100},"statements":{"total":16,"covered":15,"skipped":0,"pct":93.75},"branches":{"total":11,"covered":4,"skipped":0,"pct":36.36}}
,"/home/user1/repo/securecloud-backendx/product/api/src/router/cloud/aws/script/dto/post.dto.ts": {"lines":{"total":7,"covered":7,"skipped":0,"pct":100},"functions":{"total":1,"covered":0,"skipped":0,"pct":0},"statements":{"total":11,"covered":7,"skipped":0,"pct":63.63},"branches":{"total":0,"covered":0,"skipped":0,"pct":100}}
,"/home/user1/repo/securecloud-backendx/product/api/src/router/cloud/aws/util/typeGuard.ts": {"lines":{"total":38,"covered":28,"skipped":0,"pct":73.68},"functions":{"total":5,"covered":4,"skipped":0,"pct":80},"statements":{"total":38,"covered":28,"skipped":0,"pct":73.68},"branches":{"total":61,"covered":37,"skipped":0,"pct":60.65}}
,"/home/user1/repo/securecloud-backendx/product/api/src/router/cloud/aws/util/validateBodyBase.ts": {"lines":{"total":8,"covered":6,"skipped":0,"pct":75},"functions":{"total":2,"covered":0,"skipped":0,"pct":0},"statements":{"total":8,"covered":6,"skipped":0,"pct":75},"branches":{"total":4,"covered":3,"skipped":0,"pct":75}}
,"/home/user1/repo/securecloud-backendx/product/api/src/router/cloud/aws/util/validateOrganizationBodyBase.ts": {"lines":{"total":8,"covered":6,"skipped":0,"pct":75},"functions":{"total":2,"covered":0,"skipped":0,"pct":0},"statements":{"total":8,"covered":6,"skipped":0,"pct":75},"branches":{"total":4,"covered":3,"skipped":0,"pct":75}}
,"/home/user1/repo/securecloud-backendx/product/api/src/router/cloud/aws/util/validate-processor/awsCloudValidateProcessor.ts": {"lines":{"total":44,"covered":38,"skipped":0,"pct":86.36},"functions":{"total":4,"covered":4,"skipped":0,"pct":100},"statements":{"total":46,"covered":40,"skipped":0,"pct":86.95},"branches":{"total":4,"covered":3,"skipped":0,"pct":75}}
,"/home/user1/repo/securecloud-backendx/product/api/src/router/cloud/aws/util/validate-processor/awsOrganizationValidateProcessor.ts": {"lines":{"total":93,"covered":82,"skipped":0,"pct":88.17},"functions":{"total":8,"covered":7,"skipped":0,"pct":87.5},"statements":{"total":96,"covered":85,"skipped":0,"pct":88.54},"branches":{"total":16,"covered":8,"skipped":0,"pct":50}}
,"/home/user1/repo/securecloud-backendx/product/api/src/router/cloud/aws/util/validate-processor/awsValidateProcessor.ts": {"lines":{"total":33,"covered":33,"skipped":0,"pct":100},"functions":{"total":3,"covered":3,"skipped":0,"pct":100},"statements":{"total":34,"covered":34,"skipped":0,"pct":100},"branches":{"total":17,"covered":13,"skipped":0,"pct":76.47}}
,"/home/user1/repo/securecloud-backendx/product/api/src/router/cloud/aws/util/validate-processor/index.ts": {"lines":{"total":3,"covered":3,"skipped":0,"pct":100},"functions":{"total":0,"covered":0,"skipped":0,"pct":100},"statements":{"total":3,"covered":3,"skipped":0,"pct":100},"branches":{"total":0,"covered":0,"skipped":0,"pct":100}}
,"/home/user1/repo/securecloud-backendx/product/api/src/router/cloud/aws/validate/validate.controller.ts": {"lines":{"total":17,"covered":12,"skipped":0,"pct":70.58},"functions":{"total":4,"covered":1,"skipped":0,"pct":25},"statements":{"total":18,"covered":13,"skipped":0,"pct":72.22},"branches":{"total":36,"covered":27,"skipped":0,"pct":75}}
,"/home/user1/repo/securecloud-backendx/product/api/src/router/cloud/aws/validate/validate.service.ts": {"lines":{"total":35,"covered":35,"skipped":0,"pct":100},"functions":{"total":5,"covered":5,"skipped":0,"pct":100},"statements":{"total":36,"covered":36,"skipped":0,"pct":100},"branches":{"total":14,"covered":12,"skipped":0,"pct":85.71}}
,"/home/user1/repo/securecloud-backendx/product/api/src/router/cloud/aws/validate/dto/index.ts": {"lines":{"total":3,"covered":3,"skipped":0,"pct":100},"functions":{"total":0,"covered":0,"skipped":0,"pct":100},"statements":{"total":3,"covered":3,"skipped":0,"pct":100},"branches":{"total":0,"covered":0,"skipped":0,"pct":100}}
,"/home/user1/repo/securecloud-backendx/product/api/src/router/cloud/aws/validate/dto/patch.dto.ts": {"lines":{"total":10,"covered":8,"skipped":0,"pct":80},"functions":{"total":2,"covered":0,"skipped":0,"pct":0},"statements":{"total":10,"covered":8,"skipped":0,"pct":80},"branches":{"total":4,"covered":2,"skipped":0,"pct":50}}
,"/home/user1/repo/securecloud-backendx/product/api/src/router/cloud/aws/validate/dto/post.dto.ts": {"lines":{"total":10,"covered":8,"skipped":0,"pct":80},"functions":{"total":2,"covered":0,"skipped":0,"pct":0},"statements":{"total":10,"covered":8,"skipped":0,"pct":80},"branches":{"total":4,"covered":2,"skipped":0,"pct":50}}
,"/home/user1/repo/securecloud-backendx/product/api/src/router/cloud/aws/validate/dto/sse.dto.ts": {"lines":{"total":5,"covered":5,"skipped":0,"pct":100},"functions":{"total":0,"covered":0,"skipped":0,"pct":100},"statements":{"total":5,"covered":5,"skipped":0,"pct":100},"branches":{"total":0,"covered":0,"skipped":0,"pct":100}}
,"/home/user1/repo/securecloud-backendx/product/api/src/router/cloud/azure/cloud/cloud.controller.ts": {"lines":{"total":28,"covered":16,"skipped":0,"pct":57.14},"functions":{"total":7,"covered":1,"skipped":0,"pct":14.28},"statements":{"total":29,"covered":17,"skipped":0,"pct":58.62},"branches":{"total":72,"covered":54,"skipped":0,"pct":75}}
,"/home/user1/repo/securecloud-backendx/product/api/src/router/cloud/azure/cloud/cloud.service.ts": {"lines":{"total":75,"covered":71,"skipped":0,"pct":94.66},"functions":{"total":7,"covered":7,"skipped":0,"pct":100},"statements":{"total":76,"covered":72,"skipped":0,"pct":94.73},"branches":{"total":12,"covered":10,"skipped":0,"pct":83.33}}
,"/home/user1/repo/securecloud-backendx/product/api/src/router/cloud/azure/cloud/dto/delete.dto.ts": {"lines":{"total":5,"covered":5,"skipped":0,"pct":100},"functions":{"total":0,"covered":0,"skipped":0,"pct":100},"statements":{"total":5,"covered":5,"skipped":0,"pct":100},"branches":{"total":0,"covered":0,"skipped":0,"pct":100}}
,"/home/user1/repo/securecloud-backendx/product/api/src/router/cloud/azure/cloud/dto/get.dto.ts": {"lines":{"total":5,"covered":5,"skipped":0,"pct":100},"functions":{"total":0,"covered":0,"skipped":0,"pct":100},"statements":{"total":5,"covered":5,"skipped":0,"pct":100},"branches":{"total":0,"covered":0,"skipped":0,"pct":100}}
,"/home/user1/repo/securecloud-backendx/product/api/src/router/cloud/azure/cloud/dto/index.ts": {"lines":{"total":6,"covered":6,"skipped":0,"pct":100},"functions":{"total":0,"covered":0,"skipped":0,"pct":100},"statements":{"total":6,"covered":6,"skipped":0,"pct":100},"branches":{"total":0,"covered":0,"skipped":0,"pct":100}}
,"/home/user1/repo/securecloud-backendx/product/api/src/router/cloud/azure/cloud/dto/patchKeyInfo.dto.ts": {"lines":{"total":10,"covered":8,"skipped":0,"pct":80},"functions":{"total":2,"covered":0,"skipped":0,"pct":0},"statements":{"total":10,"covered":8,"skipped":0,"pct":80},"branches":{"total":4,"covered":2,"skipped":0,"pct":50}}
,"/home/user1/repo/securecloud-backendx/product/api/src/router/cloud/azure/cloud/dto/patchLogCollectInfo.dto.ts": {"lines":{"total":10,"covered":8,"skipped":0,"pct":80},"functions":{"total":2,"covered":0,"skipped":0,"pct":0},"statements":{"total":10,"covered":8,"skipped":0,"pct":80},"branches":{"total":4,"covered":3,"skipped":0,"pct":75}}
,"/home/user1/repo/securecloud-backendx/product/api/src/router/cloud/azure/cloud/dto/patchSummary.dto.ts": {"lines":{"total":7,"covered":7,"skipped":0,"pct":100},"functions":{"total":0,"covered":0,"skipped":0,"pct":100},"statements":{"total":7,"covered":7,"skipped":0,"pct":100},"branches":{"total":4,"covered":2,"skipped":0,"pct":50}}
,"/home/user1/repo/securecloud-backendx/product/api/src/router/cloud/azure/cloud/dto/post.dto.ts": {"lines":{"total":14,"covered":11,"skipped":0,"pct":78.57},"functions":{"total":3,"covered":0,"skipped":0,"pct":0},"statements":{"total":14,"covered":11,"skipped":0,"pct":78.57},"branches":{"total":12,"covered":7,"skipped":0,"pct":58.33}}
,"/home/user1/repo/securecloud-backendx/product/api/src/router/cloud/azure/cloud/validate/validate.controller.ts": {"lines":{"total":20,"covered":13,"skipped":0,"pct":65},"functions":{"total":5,"covered":1,"skipped":0,"pct":20},"statements":{"total":21,"covered":14,"skipped":0,"pct":66.66},"branches":{"total":48,"covered":36,"skipped":0,"pct":75}}
,"/home/user1/repo/securecloud-backendx/product/api/src/router/cloud/azure/cloud/validate/validate.service.ts": {"lines":{"total":31,"covered":31,"skipped":0,"pct":100},"functions":{"total":6,"covered":6,"skipped":0,"pct":100},"statements":{"total":32,"covered":32,"skipped":0,"pct":100},"branches":{"total":8,"covered":6,"skipped":0,"pct":75}}
,"/home/user1/repo/securecloud-backendx/product/api/src/router/cloud/azure/cloud/validate/dto/index.ts": {"lines":{"total":4,"covered":4,"skipped":0,"pct":100},"functions":{"total":0,"covered":0,"skipped":0,"pct":100},"statements":{"total":4,"covered":4,"skipped":0,"pct":100},"branches":{"total":0,"covered":0,"skipped":0,"pct":100}}
,"/home/user1/repo/securecloud-backendx/product/api/src/router/cloud/azure/cloud/validate/dto/patchKeyInfo.dto.ts": {"lines":{"total":10,"covered":8,"skipped":0,"pct":80},"functions":{"total":2,"covered":0,"skipped":0,"pct":0},"statements":{"total":10,"covered":8,"skipped":0,"pct":80},"branches":{"total":4,"covered":2,"skipped":0,"pct":50}}
,"/home/user1/repo/securecloud-backendx/product/api/src/router/cloud/azure/cloud/validate/dto/patchLogCollectInfo.dto.ts": {"lines":{"total":7,"covered":6,"skipped":0,"pct":85.71},"functions":{"total":1,"covered":0,"skipped":0,"pct":0},"statements":{"total":7,"covered":6,"skipped":0,"pct":85.71},"branches":{"total":4,"covered":3,"skipped":0,"pct":75}}
,"/home/user1/repo/securecloud-backendx/product/api/src/router/cloud/azure/cloud/validate/dto/post.dto.ts": {"lines":{"total":13,"covered":10,"skipped":0,"pct":76.92},"functions":{"total":3,"covered":0,"skipped":0,"pct":0},"statements":{"total":13,"covered":10,"skipped":0,"pct":76.92},"branches":{"total":8,"covered":5,"skipped":0,"pct":62.5}}
,"/home/user1/repo/securecloud-backendx/product/api/src/router/cloud/azure/cloud/validate/dto/sse.dto.ts": {"lines":{"total":5,"covered":5,"skipped":0,"pct":100},"functions":{"total":0,"covered":0,"skipped":0,"pct":100},"statements":{"total":5,"covered":5,"skipped":0,"pct":100},"branches":{"total":0,"covered":0,"skipped":0,"pct":100}}
,"/home/user1/repo/securecloud-backendx/product/api/src/router/cloud/azure/error/error.ts": {"lines":{"total":21,"covered":12,"skipped":0,"pct":57.14},"functions":{"total":4,"covered":2,"skipped":0,"pct":50},"statements":{"total":21,"covered":12,"skipped":0,"pct":57.14},"branches":{"total":4,"covered":1,"skipped":0,"pct":25}}
,"/home/user1/repo/securecloud-backendx/product/api/src/router/cloud/azure/organization/organization.controller.ts": {"lines":{"total":25,"covered":14,"skipped":0,"pct":56},"functions":{"total":6,"covered":0,"skipped":0,"pct":0},"statements":{"total":26,"covered":15,"skipped":0,"pct":57.69},"branches":{"total":60,"covered":45,"skipped":0,"pct":75}}
,"/home/user1/repo/securecloud-backendx/product/api/src/router/cloud/azure/organization/organization.service.ts": {"lines":{"total":91,"covered":87,"skipped":0,"pct":95.6},"functions":{"total":9,"covered":9,"skipped":0,"pct":100},"statements":{"total":94,"covered":90,"skipped":0,"pct":95.74},"branches":{"total":17,"covered":14,"skipped":0,"pct":82.35}}
,"/home/user1/repo/securecloud-backendx/product/api/src/router/cloud/azure/organization/dto/delete.dto.ts": {"lines":{"total":5,"covered":5,"skipped":0,"pct":100},"functions":{"total":0,"covered":0,"skipped":0,"pct":100},"statements":{"total":5,"covered":5,"skipped":0,"pct":100},"branches":{"total":0,"covered":0,"skipped":0,"pct":100}}
,"/home/user1/repo/securecloud-backendx/product/api/src/router/cloud/azure/organization/dto/get.dto.ts": {"lines":{"total":5,"covered":5,"skipped":0,"pct":100},"functions":{"total":0,"covered":0,"skipped":0,"pct":100},"statements":{"total":5,"covered":5,"skipped":0,"pct":100},"branches":{"total":0,"covered":0,"skipped":0,"pct":100}}
,"/home/user1/repo/securecloud-backendx/product/api/src/router/cloud/azure/organization/dto/index.ts": {"lines":{"total":5,"covered":5,"skipped":0,"pct":100},"functions":{"total":0,"covered":0,"skipped":0,"pct":100},"statements":{"total":5,"covered":5,"skipped":0,"pct":100},"branches":{"total":0,"covered":0,"skipped":0,"pct":100}}
,"/home/user1/repo/securecloud-backendx/product/api/src/router/cloud/azure/organization/dto/patchKeyInfo.dto.ts": {"lines":{"total":10,"covered":8,"skipped":0,"pct":80},"functions":{"total":2,"covered":0,"skipped":0,"pct":0},"statements":{"total":10,"covered":8,"skipped":0,"pct":80},"branches":{"total":4,"covered":2,"skipped":0,"pct":50}}
,"/home/user1/repo/securecloud-backendx/product/api/src/router/cloud/azure/organization/dto/patchLogCollectInfo.dto.ts": {"lines":{"total":10,"covered":8,"skipped":0,"pct":80},"functions":{"total":2,"covered":0,"skipped":0,"pct":0},"statements":{"total":10,"covered":8,"skipped":0,"pct":80},"branches":{"total":4,"covered":3,"skipped":0,"pct":75}}
,"/home/user1/repo/securecloud-backendx/product/api/src/router/cloud/azure/organization/dto/post.dto.ts": {"lines":{"total":13,"covered":10,"skipped":0,"pct":76.92},"functions":{"total":3,"covered":0,"skipped":0,"pct":0},"statements":{"total":13,"covered":10,"skipped":0,"pct":76.92},"branches":{"total":12,"covered":7,"skipped":0,"pct":58.33}}
,"/home/user1/repo/securecloud-backendx/product/api/src/router/cloud/azure/organization/validate/validate.controller.ts": {"lines":{"total":20,"covered":12,"skipped":0,"pct":60},"functions":{"total":5,"covered":0,"skipped":0,"pct":0},"statements":{"total":21,"covered":13,"skipped":0,"pct":61.9},"branches":{"total":48,"covered":36,"skipped":0,"pct":75}}
,"/home/user1/repo/securecloud-backendx/product/api/src/router/cloud/azure/organization/validate/validate.service.ts": {"lines":{"total":38,"covered":37,"skipped":0,"pct":97.36},"functions":{"total":6,"covered":6,"skipped":0,"pct":100},"statements":{"total":39,"covered":38,"skipped":0,"pct":97.43},"branches":{"total":13,"covered":9,"skipped":0,"pct":69.23}}
,"/home/user1/repo/securecloud-backendx/product/api/src/router/cloud/azure/organization/validate/dto/index.ts": {"lines":{"total":4,"covered":4,"skipped":0,"pct":100},"functions":{"total":0,"covered":0,"skipped":0,"pct":100},"statements":{"total":4,"covered":4,"skipped":0,"pct":100},"branches":{"total":0,"covered":0,"skipped":0,"pct":100}}
,"/home/user1/repo/securecloud-backendx/product/api/src/router/cloud/azure/organization/validate/dto/patchKeyInfo.dto.ts": {"lines":{"total":10,"covered":8,"skipped":0,"pct":80},"functions":{"total":2,"covered":0,"skipped":0,"pct":0},"statements":{"total":10,"covered":8,"skipped":0,"pct":80},"branches":{"total":4,"covered":2,"skipped":0,"pct":50}}
,"/home/user1/repo/securecloud-backendx/product/api/src/router/cloud/azure/organization/validate/dto/patchLogCollectInfo.dto.ts": {"lines":{"total":7,"covered":6,"skipped":0,"pct":85.71},"functions":{"total":1,"covered":0,"skipped":0,"pct":0},"statements":{"total":7,"covered":6,"skipped":0,"pct":85.71},"branches":{"total":4,"covered":3,"skipped":0,"pct":75}}
,"/home/user1/repo/securecloud-backendx/product/api/src/router/cloud/azure/organization/validate/dto/post.dto.ts": {"lines":{"total":14,"covered":11,"skipped":0,"pct":78.57},"functions":{"total":3,"covered":0,"skipped":0,"pct":0},"statements":{"total":14,"covered":11,"skipped":0,"pct":78.57},"branches":{"total":12,"covered":7,"skipped":0,"pct":58.33}}
,"/home/user1/repo/securecloud-backendx/product/api/src/router/cloud/azure/organization/validate/dto/sse.dto.ts": {"lines":{"total":5,"covered":5,"skipped":0,"pct":100},"functions":{"total":0,"covered":0,"skipped":0,"pct":100},"statements":{"total":5,"covered":5,"skipped":0,"pct":100},"branches":{"total":0,"covered":0,"skipped":0,"pct":100}}
,"/home/user1/repo/securecloud-backendx/product/api/src/router/cloud/azure/util/typeGuard.ts": {"lines":{"total":32,"covered":23,"skipped":0,"pct":71.87},"functions":{"total":4,"covered":4,"skipped":0,"pct":100},"statements":{"total":32,"covered":23,"skipped":0,"pct":71.87},"branches":{"total":41,"covered":31,"skipped":0,"pct":75.6}}
,"/home/user1/repo/securecloud-backendx/product/api/src/router/cloud/azure/util/validate-processor/azureCloudValidateProcessor.ts": {"lines":{"total":29,"covered":28,"skipped":0,"pct":96.55},"functions":{"total":3,"covered":3,"skipped":0,"pct":100},"statements":{"total":31,"covered":30,"skipped":0,"pct":96.77},"branches":{"total":3,"covered":2,"skipped":0,"pct":66.66}}
,"/home/user1/repo/securecloud-backendx/product/api/src/router/cloud/azure/util/validate-processor/azureOrganizationValidateProcessor.ts": {"lines":{"total":91,"covered":80,"skipped":0,"pct":87.91},"functions":{"total":8,"covered":8,"skipped":0,"pct":100},"statements":{"total":94,"covered":83,"skipped":0,"pct":88.29},"branches":{"total":7,"covered":5,"skipped":0,"pct":71.42}}
,"/home/user1/repo/securecloud-backendx/product/api/src/router/cloud/azure/util/validate-processor/azureValidateProcessor.ts": {"lines":{"total":40,"covered":40,"skipped":0,"pct":100},"functions":{"total":3,"covered":3,"skipped":0,"pct":100},"statements":{"total":41,"covered":41,"skipped":0,"pct":100},"branches":{"total":14,"covered":12,"skipped":0,"pct":85.71}}
,"/home/user1/repo/securecloud-backendx/product/api/src/router/cloud/gcp/gcp.controller.ts": {"lines":{"total":24,"covered":14,"skipped":0,"pct":58.33},"functions":{"total":6,"covered":1,"skipped":0,"pct":16.66},"statements":{"total":25,"covered":15,"skipped":0,"pct":60},"branches":{"total":60,"covered":45,"skipped":0,"pct":75}}
,"/home/user1/repo/securecloud-backendx/product/api/src/router/cloud/gcp/gcp.service.ts": {"lines":{"total":54,"covered":54,"skipped":0,"pct":100},"functions":{"total":6,"covered":6,"skipped":0,"pct":100},"statements":{"total":55,"covered":55,"skipped":0,"pct":100},"branches":{"total":19,"covered":17,"skipped":0,"pct":89.47}}
,"/home/user1/repo/securecloud-backendx/product/api/src/router/cloud/gcp/dto/delete.dto.ts": {"lines":{"total":5,"covered":5,"skipped":0,"pct":100},"functions":{"total":0,"covered":0,"skipped":0,"pct":100},"statements":{"total":5,"covered":5,"skipped":0,"pct":100},"branches":{"total":0,"covered":0,"skipped":0,"pct":100}}
,"/home/user1/repo/securecloud-backendx/product/api/src/router/cloud/gcp/dto/get.dto.ts": {"lines":{"total":5,"covered":5,"skipped":0,"pct":100},"functions":{"total":0,"covered":0,"skipped":0,"pct":100},"statements":{"total":5,"covered":5,"skipped":0,"pct":100},"branches":{"total":0,"covered":0,"skipped":0,"pct":100}}
,"/home/user1/repo/securecloud-backendx/product/api/src/router/cloud/gcp/dto/index.ts": {"lines":{"total":5,"covered":5,"skipped":0,"pct":100},"functions":{"total":0,"covered":0,"skipped":0,"pct":100},"statements":{"total":5,"covered":5,"skipped":0,"pct":100},"branches":{"total":0,"covered":0,"skipped":0,"pct":100}}
,"/home/user1/repo/securecloud-backendx/product/api/src/router/cloud/gcp/dto/patch.dto.ts": {"lines":{"total":10,"covered":8,"skipped":0,"pct":80},"functions":{"total":2,"covered":0,"skipped":0,"pct":0},"statements":{"total":10,"covered":8,"skipped":0,"pct":80},"branches":{"total":4,"covered":2,"skipped":0,"pct":50}}
,"/home/user1/repo/securecloud-backendx/product/api/src/router/cloud/gcp/dto/post.dto.ts": {"lines":{"total":14,"covered":11,"skipped":0,"pct":78.57},"functions":{"total":3,"covered":0,"skipped":0,"pct":0},"statements":{"total":14,"covered":11,"skipped":0,"pct":78.57},"branches":{"total":12,"covered":7,"skipped":0,"pct":58.33}}
,"/home/user1/repo/securecloud-backendx/product/api/src/router/cloud/gcp/dto/put.dto.ts": {"lines":{"total":10,"covered":8,"skipped":0,"pct":80},"functions":{"total":2,"covered":0,"skipped":0,"pct":0},"statements":{"total":10,"covered":8,"skipped":0,"pct":80},"branches":{"total":4,"covered":2,"skipped":0,"pct":50}}
,"/home/user1/repo/securecloud-backendx/product/api/src/router/cloud/gcp/error/error.ts": {"lines":{"total":24,"covered":13,"skipped":0,"pct":54.16},"functions":{"total":5,"covered":2,"skipped":0,"pct":40},"statements":{"total":24,"covered":13,"skipped":0,"pct":54.16},"branches":{"total":4,"covered":1,"skipped":0,"pct":25}}
,"/home/user1/repo/securecloud-backendx/product/api/src/router/cloud/gcp/organization/organization.controller.ts": {"lines":{"total":25,"covered":15,"skipped":0,"pct":60},"functions":{"total":6,"covered":1,"skipped":0,"pct":16.66},"statements":{"total":26,"covered":16,"skipped":0,"pct":61.53},"branches":{"total":60,"covered":45,"skipped":0,"pct":75}}
,"/home/user1/repo/securecloud-backendx/product/api/src/router/cloud/gcp/organization/organization.service.ts": {"lines":{"total":79,"covered":77,"skipped":0,"pct":97.46},"functions":{"total":11,"covered":11,"skipped":0,"pct":100},"statements":{"total":82,"covered":80,"skipped":0,"pct":97.56},"branches":{"total":22,"covered":18,"skipped":0,"pct":81.81}}
,"/home/user1/repo/securecloud-backendx/product/api/src/router/cloud/gcp/organization/dto/delete.dto.ts": {"lines":{"total":5,"covered":5,"skipped":0,"pct":100},"functions":{"total":0,"covered":0,"skipped":0,"pct":100},"statements":{"total":5,"covered":5,"skipped":0,"pct":100},"branches":{"total":0,"covered":0,"skipped":0,"pct":100}}
,"/home/user1/repo/securecloud-backendx/product/api/src/router/cloud/gcp/organization/dto/get.dto.ts": {"lines":{"total":5,"covered":5,"skipped":0,"pct":100},"functions":{"total":0,"covered":0,"skipped":0,"pct":100},"statements":{"total":5,"covered":5,"skipped":0,"pct":100},"branches":{"total":0,"covered":0,"skipped":0,"pct":100}}
,"/home/user1/repo/securecloud-backendx/product/api/src/router/cloud/gcp/organization/dto/index.ts": {"lines":{"total":5,"covered":5,"skipped":0,"pct":100},"functions":{"total":0,"covered":0,"skipped":0,"pct":100},"statements":{"total":5,"covered":5,"skipped":0,"pct":100},"branches":{"total":0,"covered":0,"skipped":0,"pct":100}}
,"/home/user1/repo/securecloud-backendx/product/api/src/router/cloud/gcp/organization/dto/patch.dto.ts": {"lines":{"total":11,"covered":9,"skipped":0,"pct":81.81},"functions":{"total":2,"covered":0,"skipped":0,"pct":0},"statements":{"total":11,"covered":9,"skipped":0,"pct":81.81},"branches":{"total":4,"covered":2,"skipped":0,"pct":50}}
,"/home/user1/repo/securecloud-backendx/product/api/src/router/cloud/gcp/organization/dto/post.dto.ts": {"lines":{"total":12,"covered":10,"skipped":0,"pct":83.33},"functions":{"total":2,"covered":0,"skipped":0,"pct":0},"statements":{"total":12,"covered":10,"skipped":0,"pct":83.33},"branches":{"total":8,"covered":4,"skipped":0,"pct":50}}
,"/home/user1/repo/securecloud-backendx/product/api/src/router/cloud/gcp/organization/dto/put.dto.ts": {"lines":{"total":7,"covered":7,"skipped":0,"pct":100},"functions":{"total":0,"covered":0,"skipped":0,"pct":100},"statements":{"total":7,"covered":7,"skipped":0,"pct":100},"branches":{"total":0,"covered":0,"skipped":0,"pct":100}}
,"/home/user1/repo/securecloud-backendx/product/api/src/router/cloud/gcp/organization/validate/organizationValidate.controller.ts": {"lines":{"total":19,"covered":14,"skipped":0,"pct":73.68},"functions":{"total":4,"covered":1,"skipped":0,"pct":25},"statements":{"total":20,"covered":15,"skipped":0,"pct":75},"branches":{"total":36,"covered":27,"skipped":0,"pct":75}}
,"/home/user1/repo/securecloud-backendx/product/api/src/router/cloud/gcp/organization/validate/organizationValidate.service.ts": {"lines":{"total":42,"covered":42,"skipped":0,"pct":100},"functions":{"total":5,"covered":5,"skipped":0,"pct":100},"statements":{"total":43,"covered":43,"skipped":0,"pct":100},"branches":{"total":14,"covered":12,"skipped":0,"pct":85.71}}
,"/home/user1/repo/securecloud-backendx/product/api/src/router/cloud/gcp/organization/validate/dto/index.ts": {"lines":{"total":3,"covered":0,"skipped":0,"pct":0},"functions":{"total":0,"covered":0,"skipped":0,"pct":100},"statements":{"total":3,"covered":0,"skipped":0,"pct":0},"branches":{"total":0,"covered":0,"skipped":0,"pct":100}}
,"/home/user1/repo/securecloud-backendx/product/api/src/router/cloud/gcp/organization/validate/dto/patch.dto.ts": {"lines":{"total":12,"covered":10,"skipped":0,"pct":83.33},"functions":{"total":2,"covered":0,"skipped":0,"pct":0},"statements":{"total":12,"covered":10,"skipped":0,"pct":83.33},"branches":{"total":8,"covered":4,"skipped":0,"pct":50}}
,"/home/user1/repo/securecloud-backendx/product/api/src/router/cloud/gcp/organization/validate/dto/post.dto.ts": {"lines":{"total":12,"covered":10,"skipped":0,"pct":83.33},"functions":{"total":2,"covered":0,"skipped":0,"pct":0},"statements":{"total":12,"covered":10,"skipped":0,"pct":83.33},"branches":{"total":8,"covered":4,"skipped":0,"pct":50}}
,"/home/user1/repo/securecloud-backendx/product/api/src/router/cloud/gcp/organization/validate/dto/sse.dto.ts": {"lines":{"total":5,"covered":5,"skipped":0,"pct":100},"functions":{"total":0,"covered":0,"skipped":0,"pct":100},"statements":{"total":5,"covered":5,"skipped":0,"pct":100},"branches":{"total":0,"covered":0,"skipped":0,"pct":100}}
,"/home/user1/repo/securecloud-backendx/product/api/src/router/cloud/gcp/util/gcpCloudBodyBase.ts": {"lines":{"total":9,"covered":8,"skipped":0,"pct":88.88},"functions":{"total":1,"covered":0,"skipped":0,"pct":0},"statements":{"total":9,"covered":8,"skipped":0,"pct":88.88},"branches":{"total":8,"covered":5,"skipped":0,"pct":62.5}}
,"/home/user1/repo/securecloud-backendx/product/api/src/router/cloud/gcp/util/gcpOrganizationBodyBase.ts": {"lines":{"total":5,"covered":5,"skipped":0,"pct":100},"functions":{"total":0,"covered":0,"skipped":0,"pct":100},"statements":{"total":5,"covered":5,"skipped":0,"pct":100},"branches":{"total":4,"covered":3,"skipped":0,"pct":75}}
,"/home/user1/repo/securecloud-backendx/product/api/src/router/cloud/gcp/util/gcpValidateBodyBase.ts": {"lines":{"total":8,"covered":6,"skipped":0,"pct":75},"functions":{"total":2,"covered":0,"skipped":0,"pct":0},"statements":{"total":8,"covered":6,"skipped":0,"pct":75},"branches":{"total":4,"covered":3,"skipped":0,"pct":75}}
,"/home/user1/repo/securecloud-backendx/product/api/src/router/cloud/gcp/util/gcpValidateOrganizationBodyBase.ts": {"lines":{"total":8,"covered":6,"skipped":0,"pct":75},"functions":{"total":2,"covered":0,"skipped":0,"pct":0},"statements":{"total":8,"covered":6,"skipped":0,"pct":75},"branches":{"total":4,"covered":3,"skipped":0,"pct":75}}
,"/home/user1/repo/securecloud-backendx/product/api/src/router/cloud/gcp/util/typeGuard.ts": {"lines":{"total":21,"covered":18,"skipped":0,"pct":85.71},"functions":{"total":3,"covered":3,"skipped":0,"pct":100},"statements":{"total":21,"covered":18,"skipped":0,"pct":85.71},"branches":{"total":27,"covered":24,"skipped":0,"pct":88.88}}
,"/home/user1/repo/securecloud-backendx/product/api/src/router/cloud/gcp/util/validate-processor/gcpCloudValidateProcessor.ts": {"lines":{"total":28,"covered":27,"skipped":0,"pct":96.42},"functions":{"total":2,"covered":2,"skipped":0,"pct":100},"statements":{"total":30,"covered":29,"skipped":0,"pct":96.66},"branches":{"total":2,"covered":1,"skipped":0,"pct":50}}
,"/home/user1/repo/securecloud-backendx/product/api/src/router/cloud/gcp/util/validate-processor/gcpOrganizationValidateProcessor.ts": {"lines":{"total":86,"covered":73,"skipped":0,"pct":84.88},"functions":{"total":8,"covered":7,"skipped":0,"pct":87.5},"statements":{"total":89,"covered":76,"skipped":0,"pct":85.39},"branches":{"total":7,"covered":4,"skipped":0,"pct":57.14}}
,"/home/user1/repo/securecloud-backendx/product/api/src/router/cloud/gcp/util/validate-processor/gcpValidateProcessor.ts": {"lines":{"total":38,"covered":37,"skipped":0,"pct":97.36},"functions":{"total":3,"covered":3,"skipped":0,"pct":100},"statements":{"total":39,"covered":38,"skipped":0,"pct":97.43},"branches":{"total":17,"covered":14,"skipped":0,"pct":82.35}}
,"/home/user1/repo/securecloud-backendx/product/api/src/router/cloud/gcp/validate/validate.controller.ts": {"lines":{"total":17,"covered":12,"skipped":0,"pct":70.58},"functions":{"total":4,"covered":1,"skipped":0,"pct":25},"statements":{"total":18,"covered":13,"skipped":0,"pct":72.22},"branches":{"total":36,"covered":27,"skipped":0,"pct":75}}
,"/home/user1/repo/securecloud-backendx/product/api/src/router/cloud/gcp/validate/validate.service.ts": {"lines":{"total":33,"covered":33,"skipped":0,"pct":100},"functions":{"total":5,"covered":5,"skipped":0,"pct":100},"statements":{"total":34,"covered":34,"skipped":0,"pct":100},"branches":{"total":12,"covered":10,"skipped":0,"pct":83.33}}
,"/home/user1/repo/securecloud-backendx/product/api/src/router/cloud/gcp/validate/dto/index.ts": {"lines":{"total":3,"covered":3,"skipped":0,"pct":100},"functions":{"total":0,"covered":0,"skipped":0,"pct":100},"statements":{"total":3,"covered":3,"skipped":0,"pct":100},"branches":{"total":0,"covered":0,"skipped":0,"pct":100}}
,"/home/user1/repo/securecloud-backendx/product/api/src/router/cloud/gcp/validate/dto/patch.dto.ts": {"lines":{"total":10,"covered":8,"skipped":0,"pct":80},"functions":{"total":2,"covered":0,"skipped":0,"pct":0},"statements":{"total":10,"covered":8,"skipped":0,"pct":80},"branches":{"total":4,"covered":2,"skipped":0,"pct":50}}
,"/home/user1/repo/securecloud-backendx/product/api/src/router/cloud/gcp/validate/dto/post.dto.ts": {"lines":{"total":10,"covered":8,"skipped":0,"pct":80},"functions":{"total":2,"covered":0,"skipped":0,"pct":0},"statements":{"total":10,"covered":8,"skipped":0,"pct":80},"branches":{"total":4,"covered":2,"skipped":0,"pct":50}}
,"/home/user1/repo/securecloud-backendx/product/api/src/router/cloud/gcp/validate/dto/sse.dto.ts": {"lines":{"total":5,"covered":5,"skipped":0,"pct":100},"functions":{"total":0,"covered":0,"skipped":0,"pct":100},"statements":{"total":5,"covered":5,"skipped":0,"pct":100},"branches":{"total":0,"covered":0,"skipped":0,"pct":100}}
,"/home/user1/repo/securecloud-backendx/product/api/src/router/config/config.controller.ts": {"lines":{"total":9,"covered":9,"skipped":0,"pct":100},"functions":{"total":2,"covered":2,"skipped":0,"pct":100},"statements":{"total":10,"covered":10,"skipped":0,"pct":100},"branches":{"total":8,"covered":6,"skipped":0,"pct":75}}
,"/home/user1/repo/securecloud-backendx/product/api/src/router/config/config.service.ts": {"lines":{"total":4,"covered":4,"skipped":0,"pct":100},"functions":{"total":1,"covered":1,"skipped":0,"pct":100},"statements":{"total":6,"covered":6,"skipped":0,"pct":100},"branches":{"total":0,"covered":0,"skipped":0,"pct":100}}
,"/home/user1/repo/securecloud-backendx/product/api/src/router/logger/consumer.service.ts": {"lines":{"total":6,"covered":4,"skipped":0,"pct":66.66},"functions":{"total":2,"covered":0,"skipped":0,"pct":0},"statements":{"total":7,"covered":5,"skipped":0,"pct":71.42},"branches":{"total":0,"covered":0,"skipped":0,"pct":100}}
,"/home/user1/repo/securecloud-backendx/product/api/src/router/logger/logger.controller.ts": {"lines":{"total":15,"covered":15,"skipped":0,"pct":100},"functions":{"total":3,"covered":3,"skipped":0,"pct":100},"statements":{"total":17,"covered":17,"skipped":0,"pct":100},"branches":{"total":20,"covered":14,"skipped":0,"pct":70}}
,"/home/user1/repo/securecloud-backendx/product/api/src/router/logger/logger.service.ts": {"lines":{"total":12,"covered":11,"skipped":0,"pct":91.66},"functions":{"total":1,"covered":1,"skipped":0,"pct":100},"statements":{"total":14,"covered":13,"skipped":0,"pct":92.85},"branches":{"total":1,"covered":0,"skipped":0,"pct":0}}
,"/home/user1/repo/securecloud-backendx/product/api/src/router/logger/dto/create.dto.ts": {"lines":{"total":11,"covered":11,"skipped":0,"pct":100},"functions":{"total":0,"covered":0,"skipped":0,"pct":100},"statements":{"total":11,"covered":11,"skipped":0,"pct":100},"branches":{"total":8,"covered":4,"skipped":0,"pct":50}}
,"/home/user1/repo/securecloud-backendx/product/api/src/util/logCollectRequester.ts": {"lines":{"total":39,"covered":33,"skipped":0,"pct":84.61},"functions":{"total":6,"covered":5,"skipped":0,"pct":83.33},"statements":{"total":40,"covered":34,"skipped":0,"pct":85},"branches":{"total":9,"covered":7,"skipped":0,"pct":77.77}}
,"/home/user1/repo/securecloud-backendx/product/api/src/util/typeGuard.ts": {"lines":{"total":6,"covered":1,"skipped":0,"pct":16.66},"functions":{"total":1,"covered":0,"skipped":0,"pct":0},"statements":{"total":6,"covered":1,"skipped":0,"pct":16.66},"branches":{"total":9,"covered":0,"skipped":0,"pct":0}}
,"/home/user1/repo/securecloud-backendx/product/api/src/util/validateProcessor.ts": {"lines":{"total":32,"covered":30,"skipped":0,"pct":93.75},"functions":{"total":5,"covered":5,"skipped":0,"pct":100},"statements":{"total":32,"covered":30,"skipped":0,"pct":93.75},"branches":{"total":4,"covered":4,"skipped":0,"pct":100}}
,"/home/user1/repo/securecloud-backendx/product/api/src/util/validatePulsarConsumer.ts": {"lines":{"total":11,"covered":3,"skipped":0,"pct":27.27},"functions":{"total":2,"covered":0,"skipped":0,"pct":0},"statements":{"total":11,"covered":3,"skipped":0,"pct":27.27},"branches":{"total":1,"covered":0,"skipped":0,"pct":0}}
,"/home/user1/repo/securecloud-backendx/product/api/src/util/cloud/util.ts": {"lines":{"total":8,"covered":3,"skipped":0,"pct":37.5},"functions":{"total":1,"covered":0,"skipped":0,"pct":0},"statements":{"total":8,"covered":3,"skipped":0,"pct":37.5},"branches":{"total":1,"covered":0,"skipped":0,"pct":0}}
,"/home/user1/repo/securecloud-backendx/product/api/src/util/cloud/script-generator/awsScriptGenerator.ts": {"lines":{"total":24,"covered":24,"skipped":0,"pct":100},"functions":{"total":9,"covered":9,"skipped":0,"pct":100},"statements":{"total":24,"covered":24,"skipped":0,"pct":100},"branches":{"total":73,"covered":73,"skipped":0,"pct":100}}
,"/home/user1/repo/securecloud-backendx/product/api/src/util/cloud/script-generator/index.ts": {"lines":{"total":2,"covered":2,"skipped":0,"pct":100},"functions":{"total":0,"covered":0,"skipped":0,"pct":100},"statements":{"total":2,"covered":2,"skipped":0,"pct":100},"branches":{"total":0,"covered":0,"skipped":0,"pct":100}}
,"/home/user1/repo/securecloud-backendx/product/api/src/util/cloud/script-generator/scriptGenerator.ts": {"lines":{"total":7,"covered":7,"skipped":0,"pct":100},"functions":{"total":1,"covered":1,"skipped":0,"pct":100},"statements":{"total":7,"covered":7,"skipped":0,"pct":100},"branches":{"total":1,"covered":1,"skipped":0,"pct":100}}
}
