TN:
SF:product/api/src/init.ts
FN:4,initService
FNF:1
FNH:1
FNDA:1,initService
DA:1,1
DA:2,1
DA:4,1
DA:5,1
DA:6,1
DA:7,1
DA:8,1
LF:7
LH:7
BRF:0
BRH:0
end_of_record
TN:
SF:product/api/src/error/error.ts
FN:6,(anonymous_0)
FN:14,(anonymous_1)
FN:22,(anonymous_2)
FN:30,(anonymous_3)
FN:38,(anonymous_4)
FNF:5
FNH:5
FNDA:8,(anonymous_0)
FNDA:4,(anonymous_1)
FNDA:4,(anonymous_2)
FNDA:4,(anonymous_3)
FNDA:1,(anonymous_4)
DA:1,41
DA:3,41
DA:5,41
DA:7,8
DA:8,8
DA:9,8
DA:13,41
DA:15,4
DA:16,4
DA:17,4
DA:21,41
DA:23,4
DA:24,4
DA:25,4
DA:29,41
DA:31,4
DA:32,4
DA:33,4
DA:37,41
DA:39,1
DA:40,1
DA:41,1
LF:22
LH:22
BRF:0
BRH:0
end_of_record
TN:
SF:product/api/src/error/exception.ts
FN:5,(anonymous_0)
FN:11,(anonymous_1)
FN:17,(anonymous_2)
FN:23,(anonymous_3)
FN:29,(anonymous_4)
FN:35,(anonymous_5)
FN:41,(anonymous_6)
FNF:7
FNH:4
FNDA:0,(anonymous_0)
FNDA:24,(anonymous_1)
FNDA:24,(anonymous_2)
FNDA:2,(anonymous_3)
FNDA:2,(anonymous_4)
FNDA:0,(anonymous_5)
FNDA:0,(anonymous_6)
DA:2,16
DA:4,16
DA:6,0
DA:10,16
DA:12,24
DA:16,16
DA:18,24
DA:22,16
DA:24,2
DA:28,16
DA:30,2
DA:34,16
DA:36,0
DA:40,16
DA:42,0
LF:15
LH:12
BRF:0
BRH:0
end_of_record
TN:
SF:product/api/src/guard/jwt.guard.ts
FN:7,(anonymous_0)
FNF:1
FNH:0
FNDA:0,(anonymous_0)
DA:1,0
DA:2,0
DA:3,0
DA:6,0
DA:8,0
DA:10,0
DA:12,0
DA:13,0
DA:16,0
LF:9
LH:0
BRDA:12,0,0,0
BRF:1
BRH:0
end_of_record
TN:
SF:product/api/src/router/cloud/aws/aws.controller.ts
FN:15,(anonymous_0)
FN:18,(anonymous_1)
FN:27,(anonymous_2)
FN:33,(anonymous_3)
FN:39,(anonymous_4)
FN:45,(anonymous_5)
FNF:6
FNH:1
FNDA:1,(anonymous_0)
FNDA:0,(anonymous_1)
FNDA:0,(anonymous_2)
FNDA:0,(anonymous_3)
FNDA:0,(anonymous_4)
FNDA:0,(anonymous_5)
DA:1,1
DA:2,1
DA:4,1
DA:5,1
DA:6,1
DA:7,1
DA:8,1
DA:9,1
DA:10,1
DA:11,1
DA:13,1
DA:14,1
DA:15,1
DA:18,1
DA:22,0
DA:23,0
DA:27,1
DA:28,0
DA:29,0
DA:33,1
DA:34,0
DA:35,0
DA:39,1
DA:40,0
DA:41,0
DA:45,1
DA:49,0
DA:50,0
LF:28
LH:18
BRDA:19,0,0,1
BRDA:19,0,1,0
BRDA:19,1,0,1
BRDA:19,1,1,1
BRDA:21,2,0,1
BRDA:21,2,1,0
BRDA:21,3,0,1
BRDA:21,3,1,1
BRDA:27,4,0,1
BRDA:27,4,1,0
BRDA:27,5,0,1
BRDA:27,5,1,1
BRDA:27,6,0,1
BRDA:27,6,1,0
BRDA:27,7,0,1
BRDA:27,7,1,1
BRDA:27,8,0,1
BRDA:27,8,1,0
BRDA:27,9,0,1
BRDA:27,9,1,1
BRDA:33,10,0,1
BRDA:33,10,1,0
BRDA:33,11,0,1
BRDA:33,11,1,1
BRDA:33,12,0,1
BRDA:33,12,1,0
BRDA:33,13,0,1
BRDA:33,13,1,1
BRDA:33,14,0,1
BRDA:33,14,1,0
BRDA:33,15,0,1
BRDA:33,15,1,1
BRDA:39,16,0,1
BRDA:39,16,1,0
BRDA:39,17,0,1
BRDA:39,17,1,1
BRDA:39,18,0,1
BRDA:39,18,1,0
BRDA:39,19,0,1
BRDA:39,19,1,1
BRDA:39,20,0,1
BRDA:39,20,1,0
BRDA:39,21,0,1
BRDA:39,21,1,1
BRDA:46,22,0,1
BRDA:46,22,1,0
BRDA:46,23,0,1
BRDA:46,23,1,1
BRDA:46,24,0,1
BRDA:46,24,1,0
BRDA:46,25,0,1
BRDA:46,25,1,1
BRDA:48,26,0,1
BRDA:48,26,1,0
BRDA:48,27,0,1
BRDA:48,27,1,1
BRDA:15,28,0,1
BRDA:15,28,1,0
BRDA:15,29,0,1
BRDA:15,29,1,1
BRF:60
BRH:45
end_of_record
TN:
SF:product/api/src/router/cloud/aws/aws.service.ts
FN:22,(anonymous_0)
FN:30,(anonymous_1)
FN:43,(anonymous_2)
FN:52,(anonymous_3)
FN:78,(anonymous_4)
FN:85,(anonymous_5)
FN:114,(anonymous_6)
FN:121,(anonymous_7)
FN:148,(anonymous_8)
FN:155,(anonymous_9)
FN:175,(anonymous_10)
FNF:11
FNH:10
FNDA:14,(anonymous_0)
FNDA:3,(anonymous_1)
FNDA:1,(anonymous_2)
FNDA:7,(anonymous_3)
FNDA:0,(anonymous_4)
FNDA:5,(anonymous_5)
FNDA:1,(anonymous_6)
FNDA:2,(anonymous_7)
FNDA:1,(anonymous_8)
FNDA:2,(anonymous_9)
FNDA:1,(anonymous_10)
DA:1,2
DA:5,2
DA:6,2
DA:7,2
DA:8,2
DA:9,2
DA:10,2
DA:11,2
DA:12,2
DA:14,2
DA:18,2
DA:19,2
DA:23,14
DA:24,14
DA:26,14
DA:27,14
DA:31,3
DA:32,3
DA:34,3
DA:35,3
DA:37,3
DA:38,1
DA:41,2
DA:43,1
DA:44,1
DA:47,1
DA:56,7
DA:57,7
DA:59,7
DA:60,7
DA:68,7
DA:70,7
DA:75,7
DA:76,7
DA:78,0
DA:79,0
DA:81,0
DA:89,5
DA:90,5
DA:92,5
DA:93,5
DA:100,5
DA:101,1
DA:104,4
DA:106,4
DA:107,3
DA:111,3
DA:114,1
DA:115,1
DA:117,1
DA:125,2
DA:126,2
DA:128,2
DA:129,2
DA:136,2
DA:137,1
DA:140,1
DA:145,1
DA:146,1
DA:148,1
DA:149,1
DA:151,1
DA:156,2
DA:157,2
DA:158,2
DA:159,2
DA:160,1
DA:163,1
DA:164,1
DA:173,1
DA:175,1
DA:176,1
DA:178,1
LF:73
LH:70
BRDA:27,0,0,14
BRDA:27,0,1,0
BRDA:37,1,0,1
BRDA:37,2,0,3
BRDA:37,2,1,2
BRDA:90,3,0,3
BRDA:90,3,1,2
BRDA:100,4,0,1
BRDA:106,5,0,3
BRDA:106,6,0,4
BRDA:106,6,1,2
BRDA:136,7,0,1
BRDA:159,8,0,1
BRDA:23,9,0,2
BRDA:23,9,1,0
BRDA:23,10,0,2
BRDA:23,10,1,2
BRDA:23,11,0,2
BRDA:23,11,1,0
BRDA:23,12,0,2
BRDA:23,12,1,2
BRF:21
BRH:18
end_of_record
TN:
SF:product/api/src/router/cloud/aws/dto/delete.dto.ts
FNF:0
FNH:0
DA:1,1
DA:2,1
DA:4,1
DA:7,1
DA:10,1
LF:5
LH:5
BRF:0
BRH:0
end_of_record
TN:
SF:product/api/src/router/cloud/aws/dto/get.dto.ts
FNF:0
FNH:0
DA:1,0
DA:3,0
DA:5,0
DA:8,0
DA:11,0
LF:5
LH:0
BRF:0
BRH:0
end_of_record
TN:
SF:product/api/src/router/cloud/aws/dto/patch.dto.ts
FN:13,(anonymous_0)
FN:14,(anonymous_1)
FN:15,(anonymous_2)
FN:16,(anonymous_3)
FNF:4
FNH:0
FNDA:0,(anonymous_0)
FNDA:0,(anonymous_1)
FNDA:0,(anonymous_2)
FNDA:0,(anonymous_3)
DA:1,1
DA:2,1
DA:3,1
DA:4,1
DA:6,1
DA:8,1
DA:10,1
DA:13,0
DA:14,0
DA:16,0
DA:17,0
DA:19,1
DA:23,1
DA:26,1
LF:14
LH:10
BRDA:19,0,0,0
BRDA:19,0,1,1
BRDA:19,1,0,1
BRDA:19,1,1,0
BRDA:23,2,0,0
BRDA:23,2,1,1
BRDA:23,3,0,1
BRDA:23,3,1,0
BRF:8
BRH:4
end_of_record
TN:
SF:product/api/src/router/cloud/aws/dto/post.dto.ts
FN:11,(anonymous_0)
FN:12,(anonymous_1)
FN:13,(anonymous_2)
FN:14,(anonymous_3)
FNF:4
FNH:0
FNDA:0,(anonymous_0)
FNDA:0,(anonymous_1)
FNDA:0,(anonymous_2)
FNDA:0,(anonymous_3)
DA:1,1
DA:2,1
DA:3,1
DA:4,1
DA:5,1
DA:7,1
DA:9,1
DA:11,0
DA:12,0
DA:14,0
DA:15,0
DA:17,1
DA:20,1
DA:23,1
LF:14
LH:10
BRDA:17,0,0,0
BRDA:17,0,1,1
BRDA:17,1,0,1
BRDA:17,1,1,0
BRDA:20,2,0,0
BRDA:20,2,1,1
BRDA:20,3,0,1
BRDA:20,3,1,0
BRF:8
BRH:4
end_of_record
TN:
SF:product/api/src/router/cloud/aws/dto/put.dto.ts
FN:13,(anonymous_0)
FN:14,(anonymous_1)
FN:15,(anonymous_2)
FN:16,(anonymous_3)
FNF:4
FNH:0
FNDA:0,(anonymous_0)
FNDA:0,(anonymous_1)
FNDA:0,(anonymous_2)
FNDA:0,(anonymous_3)
DA:1,1
DA:2,1
DA:3,1
DA:4,1
DA:6,1
DA:8,1
DA:10,1
DA:13,0
DA:14,0
DA:16,0
DA:17,0
DA:19,1
DA:23,1
DA:26,1
LF:14
LH:10
BRDA:19,0,0,0
BRDA:19,0,1,1
BRDA:19,1,0,1
BRDA:19,1,1,0
BRDA:23,2,0,0
BRDA:23,2,1,1
BRDA:23,3,0,1
BRDA:23,3,1,0
BRF:8
BRH:4
end_of_record
TN:
SF:product/api/src/router/cloud/aws/error/error.ts
FN:5,(anonymous_0)
FN:13,(anonymous_1)
FN:21,(anonymous_2)
FN:29,(anonymous_3)
FN:36,(anonymous_4)
FN:44,(anonymous_5)
FN:53,(anonymous_6)
FNF:7
FNH:2
FNDA:0,(anonymous_0)
FNDA:3,(anonymous_1)
FNDA:0,(anonymous_2)
FNDA:1,(anonymous_3)
FNDA:0,(anonymous_4)
FNDA:0,(anonymous_5)
FNDA:0,(anonymous_6)
DA:1,11
DA:2,11
DA:4,11
DA:6,0
DA:7,0
DA:8,0
DA:12,11
DA:14,3
DA:15,3
DA:16,3
DA:20,11
DA:22,0
DA:23,0
DA:24,0
DA:28,11
DA:30,1
DA:31,1
DA:35,11
DA:37,0
DA:38,0
DA:39,0
DA:43,11
DA:45,0
DA:48,0
DA:52,11
DA:54,0
DA:55,0
LF:27
LH:14
BRF:0
BRH:0
end_of_record
TN:
SF:product/api/src/router/cloud/aws/organization/organization.controller.ts
FN:15,(anonymous_0)
FN:18,(anonymous_1)
FN:27,(anonymous_2)
FN:36,(anonymous_3)
FN:45,(anonymous_4)
FN:54,(anonymous_5)
FNF:6
FNH:1
FNDA:1,(anonymous_0)
FNDA:0,(anonymous_1)
FNDA:0,(anonymous_2)
FNDA:0,(anonymous_3)
FNDA:0,(anonymous_4)
FNDA:0,(anonymous_5)
DA:1,1
DA:2,1
DA:3,1
DA:4,1
DA:6,1
DA:7,1
DA:8,1
DA:9,1
DA:10,1
DA:11,1
DA:13,1
DA:14,1
DA:15,1
DA:18,1
DA:22,0
DA:23,0
DA:27,1
DA:31,0
DA:32,0
DA:36,1
DA:40,0
DA:41,0
DA:45,1
DA:49,0
DA:50,0
DA:54,1
DA:58,0
DA:59,0
LF:28
LH:18
BRDA:19,0,0,1
BRDA:19,0,1,0
BRDA:19,1,0,1
BRDA:19,1,1,1
BRDA:21,2,0,1
BRDA:21,2,1,0
BRDA:21,3,0,1
BRDA:21,3,1,1
BRDA:28,4,0,1
BRDA:28,4,1,0
BRDA:28,5,0,1
BRDA:28,5,1,1
BRDA:28,6,0,1
BRDA:28,6,1,0
BRDA:28,7,0,1
BRDA:28,7,1,1
BRDA:30,8,0,1
BRDA:30,8,1,0
BRDA:30,9,0,1
BRDA:30,9,1,1
BRDA:37,10,0,1
BRDA:37,10,1,0
BRDA:37,11,0,1
BRDA:37,11,1,1
BRDA:37,12,0,1
BRDA:37,12,1,0
BRDA:37,13,0,1
BRDA:37,13,1,1
BRDA:39,14,0,1
BRDA:39,14,1,0
BRDA:39,15,0,1
BRDA:39,15,1,1
BRDA:46,16,0,1
BRDA:46,16,1,0
BRDA:46,17,0,1
BRDA:46,17,1,1
BRDA:46,18,0,1
BRDA:46,18,1,0
BRDA:46,19,0,1
BRDA:46,19,1,1
BRDA:48,20,0,1
BRDA:48,20,1,0
BRDA:48,21,0,1
BRDA:48,21,1,1
BRDA:55,22,0,1
BRDA:55,22,1,0
BRDA:55,23,0,1
BRDA:55,23,1,1
BRDA:55,24,0,1
BRDA:55,24,1,0
BRDA:55,25,0,1
BRDA:55,25,1,1
BRDA:57,26,0,1
BRDA:57,26,1,0
BRDA:57,27,0,1
BRDA:57,27,1,1
BRDA:15,28,0,1
BRDA:15,28,1,0
BRDA:15,29,0,1
BRDA:15,29,1,1
BRF:60
BRH:45
end_of_record
TN:
SF:product/api/src/router/cloud/aws/organization/organization.service.ts
FN:28,(anonymous_0)
FN:36,(anonymous_1)
FN:52,(anonymous_2)
FN:61,(anonymous_3)
FN:63,(anonymous_4)
FN:75,(anonymous_5)
FN:82,(anonymous_6)
FN:88,(anonymous_7)
FN:116,(anonymous_8)
FN:120,(anonymous_9)
FN:149,(anonymous_10)
FN:190,(anonymous_11)
FNF:12
FNH:12
FNDA:14,(anonymous_0)
FNDA:3,(anonymous_1)
FNDA:1,(anonymous_2)
FNDA:1,(anonymous_3)
FNDA:1,(anonymous_4)
FNDA:1,(anonymous_5)
FNDA:1,(anonymous_6)
FNDA:1,(anonymous_7)
FNDA:2,(anonymous_8)
FNDA:2,(anonymous_9)
FNDA:5,(anonymous_10)
FNDA:2,(anonymous_11)
DA:1,2
DA:8,2
DA:9,2
DA:10,2
DA:11,2
DA:14,2
DA:19,2
DA:20,2
DA:21,2
DA:22,2
DA:24,2
DA:25,2
DA:29,14
DA:30,14
DA:32,14
DA:33,14
DA:40,3
DA:41,3
DA:44,3
DA:46,3
DA:47,2
DA:48,2
DA:49,1
DA:51,1
DA:52,1
DA:53,1
DA:54,1
DA:57,1
DA:58,1
DA:59,1
DA:60,1
DA:62,1
DA:63,1
DA:64,1
DA:65,1
DA:68,1
DA:69,1
DA:71,0
DA:72,0
DA:75,1
DA:76,1
DA:78,1
DA:86,1
DA:88,1
DA:89,1
DA:90,1
DA:94,1
DA:95,1
DA:105,1
DA:107,1
DA:112,1
DA:113,1
DA:120,2
DA:121,2
DA:122,2
DA:126,2
DA:128,2
DA:135,2
DA:136,1
DA:139,1
DA:140,1
DA:144,1
DA:145,1
DA:153,5
DA:155,5
DA:156,3
DA:157,1
DA:159,2
DA:163,2
DA:164,1
DA:166,1
DA:170,3
DA:172,3
DA:178,3
DA:179,1
DA:182,2
DA:186,2
DA:187,2
DA:191,2
DA:192,2
DA:194,2
DA:195,2
DA:196,2
DA:197,2
DA:198,2
DA:200,2
DA:201,1
DA:204,1
DA:205,1
DA:213,1
DA:214,1
DA:216,1
DA:217,1
DA:218,1
LF:94
LH:92
BRDA:33,0,0,14
BRDA:33,0,1,0
BRDA:46,1,0,2
BRDA:48,2,0,1
BRDA:89,3,0,1
BRDA:121,4,0,2
BRDA:135,5,0,1
BRDA:139,6,0,1
BRDA:139,7,0,1
BRDA:139,7,1,0
BRDA:155,8,0,3
BRDA:156,9,0,1
BRDA:163,10,0,1
BRDA:170,11,0,0
BRDA:170,11,1,3
BRDA:178,12,0,1
BRDA:200,13,0,1
BRDA:29,14,0,2
BRDA:29,14,1,0
BRDA:29,15,0,2
BRDA:29,15,1,2
BRDA:29,16,0,2
BRDA:29,16,1,0
BRDA:29,17,0,2
BRDA:29,17,1,2
BRF:25
BRH:20
end_of_record
TN:
SF:product/api/src/router/cloud/aws/organization/dto/delete.dto.ts
FNF:0
FNH:0
DA:1,1
DA:2,1
DA:4,1
DA:7,1
DA:10,1
LF:5
LH:5
BRF:0
BRH:0
end_of_record
TN:
SF:product/api/src/router/cloud/aws/organization/dto/get.dto.ts
FNF:0
FNH:0
DA:1,0
DA:2,0
DA:5,0
DA:8,0
DA:11,0
LF:5
LH:0
BRF:0
BRH:0
end_of_record
TN:
SF:product/api/src/router/cloud/aws/organization/dto/patch.dto.ts
FN:17,(anonymous_0)
FN:18,(anonymous_1)
FN:19,(anonymous_2)
FN:20,(anonymous_3)
FNF:4
FNH:0
FNDA:0,(anonymous_0)
FNDA:0,(anonymous_1)
FNDA:0,(anonymous_2)
FNDA:0,(anonymous_3)
DA:1,1
DA:2,1
DA:3,1
DA:4,1
DA:6,1
DA:8,1
DA:10,1
DA:14,1
DA:17,0
DA:18,0
DA:20,0
DA:21,0
DA:23,1
DA:26,1
LF:14
LH:10
BRDA:23,0,0,0
BRDA:23,0,1,1
BRDA:23,1,0,1
BRDA:23,1,1,0
BRF:4
BRH:2
end_of_record
TN:
SF:product/api/src/router/cloud/aws/organization/dto/post.dto.ts
FN:15,(anonymous_0)
FN:16,(anonymous_1)
FN:17,(anonymous_2)
FN:18,(anonymous_3)
FNF:4
FNH:0
FNDA:0,(anonymous_0)
FNDA:0,(anonymous_1)
FNDA:0,(anonymous_2)
FNDA:0,(anonymous_3)
DA:1,1
DA:2,1
DA:3,1
DA:4,1
DA:6,1
DA:7,1
DA:9,1
DA:12,1
DA:15,0
DA:16,0
DA:18,0
DA:19,0
DA:21,1
DA:24,1
DA:27,1
LF:15
LH:11
BRDA:21,0,0,0
BRDA:21,0,1,1
BRDA:21,1,0,1
BRDA:21,1,1,0
BRDA:24,2,0,0
BRDA:24,2,1,1
BRDA:24,3,0,1
BRDA:24,3,1,0
BRF:8
BRH:4
end_of_record
TN:
SF:product/api/src/router/cloud/aws/organization/dto/put.dto.ts
FNF:0
FNH:0
DA:1,1
DA:2,1
DA:3,1
DA:5,1
DA:7,1
DA:10,1
DA:13,1
LF:7
LH:7
BRF:0
BRH:0
end_of_record
TN:
SF:product/api/src/router/cloud/aws/organization/organization-validate/organizationValidate.controller.ts
FN:17,(anonymous_0)
FN:20,(anonymous_1)
FN:29,(anonymous_2)
FN:38,(anonymous_3)
FNF:4
FNH:1
FNDA:14,(anonymous_0)
FNDA:0,(anonymous_1)
FNDA:0,(anonymous_2)
FNDA:0,(anonymous_3)
DA:1,2
DA:2,2
DA:3,2
DA:4,2
DA:5,2
DA:13,2
DA:15,2
DA:16,2
DA:17,14
DA:20,2
DA:24,0
DA:25,0
DA:29,2
DA:33,0
DA:34,0
DA:38,2
DA:41,0
LF:17
LH:12
BRDA:21,0,0,2
BRDA:21,0,1,0
BRDA:21,1,0,2
BRDA:21,1,1,2
BRDA:21,2,0,2
BRDA:21,2,1,0
BRDA:21,3,0,2
BRDA:21,3,1,2
BRDA:23,4,0,2
BRDA:23,4,1,0
BRDA:23,5,0,2
BRDA:23,5,1,2
BRDA:30,6,0,2
BRDA:30,6,1,0
BRDA:30,7,0,2
BRDA:30,7,1,2
BRDA:30,8,0,2
BRDA:30,8,1,0
BRDA:30,9,0,2
BRDA:30,9,1,2
BRDA:32,10,0,2
BRDA:32,10,1,0
BRDA:32,11,0,2
BRDA:32,11,1,2
BRDA:39,12,0,2
BRDA:39,12,1,0
BRDA:39,13,0,2
BRDA:39,13,1,2
BRDA:40,14,0,2
BRDA:40,14,1,0
BRDA:40,15,0,2
BRDA:40,15,1,2
BRDA:17,16,0,2
BRDA:17,16,1,0
BRDA:17,17,0,2
BRDA:17,17,1,2
BRF:36
BRH:27
end_of_record
TN:
SF:product/api/src/router/cloud/aws/organization/organization-validate/organizationValidate.service.ts
FN:23,(anonymous_0)
FN:28,(anonymous_1)
FN:48,(anonymous_2)
FN:101,(anonymous_3)
FN:116,(anonymous_4)
FNF:5
FNH:5
FNDA:22,(anonymous_0)
FNDA:1,(anonymous_1)
FNDA:5,(anonymous_2)
FNDA:1,(anonymous_3)
FNDA:5,(anonymous_4)
DA:1,4
DA:2,4
DA:4,4
DA:5,4
DA:11,4
DA:12,4
DA:14,4
DA:15,4
DA:16,4
DA:17,4
DA:18,4
DA:19,4
DA:21,4
DA:22,4
DA:24,22
DA:25,22
DA:32,1
DA:33,1
DA:34,1
DA:45,1
DA:52,5
DA:53,1
DA:56,4
DA:57,4
DA:58,4
DA:59,2
DA:62,2
DA:63,2
DA:64,1
DA:66,1
DA:68,1
DA:77,1
DA:80,2
DA:81,1
DA:84,1
DA:85,1
DA:88,2
DA:98,2
DA:102,1
DA:103,1
DA:112,1
DA:113,1
DA:117,5
LF:43
LH:43
BRDA:52,0,0,1
BRDA:52,1,0,5
BRDA:52,1,1,3
BRDA:58,2,0,2
BRDA:63,3,0,1
BRDA:63,4,0,2
BRDA:63,4,1,1
BRDA:80,5,0,1
BRDA:24,6,0,4
BRDA:24,6,1,0
BRDA:24,7,0,4
BRDA:24,7,1,4
BRDA:24,8,0,4
BRDA:24,8,1,0
BRDA:24,9,0,4
BRDA:24,9,1,4
BRF:16
BRH:14
end_of_record
TN:
SF:product/api/src/router/cloud/aws/organization/organization-validate/dto/index.ts
FNF:0
FNH:0
DA:1,2
DA:2,2
DA:3,2
LF:3
LH:3
BRF:0
BRH:0
end_of_record
TN:
SF:product/api/src/router/cloud/aws/organization/organization-validate/dto/patch.dto.ts
FN:10,(anonymous_0)
FN:11,(anonymous_1)
FNF:2
FNH:0
FNDA:0,(anonymous_0)
FNDA:0,(anonymous_1)
DA:1,2
DA:2,2
DA:3,2
DA:4,2
DA:5,2
DA:6,2
DA:8,2
DA:10,0
DA:11,0
DA:12,2
DA:16,2
DA:19,2
LF:12
LH:10
BRDA:12,0,0,0
BRDA:12,0,1,2
BRDA:12,1,0,2
BRDA:12,1,1,0
BRDA:16,2,0,0
BRDA:16,2,1,2
BRDA:16,3,0,2
BRDA:16,3,1,0
BRF:8
BRH:4
end_of_record
TN:
SF:product/api/src/router/cloud/aws/organization/organization-validate/dto/post.dto.ts
FN:10,(anonymous_0)
FN:11,(anonymous_1)
FNF:2
FNH:0
FNDA:0,(anonymous_0)
FNDA:0,(anonymous_1)
DA:1,2
DA:2,2
DA:3,2
DA:4,2
DA:5,2
DA:6,2
DA:8,2
DA:10,0
DA:11,0
DA:12,2
DA:15,2
DA:18,2
LF:12
LH:10
BRDA:12,0,0,0
BRDA:12,0,1,2
BRDA:12,1,0,2
BRDA:12,1,1,0
BRDA:15,2,0,0
BRDA:15,2,1,2
BRDA:15,3,0,2
BRDA:15,3,1,0
BRF:8
BRH:4
end_of_record
TN:
SF:product/api/src/router/cloud/aws/organization/organization-validate/dto/sse.dto.ts
FNF:0
FNH:0
DA:1,2
DA:2,2
DA:5,2
DA:7,2
DA:10,2
LF:5
LH:5
BRF:0
BRH:0
end_of_record
TN:
SF:product/api/src/router/cloud/aws/script/script.controller.ts
FN:10,(anonymous_0)
FN:12,(anonymous_1)
FNF:2
FNH:1
FNDA:1,(anonymous_0)
FNDA:0,(anonymous_1)
DA:1,1
DA:2,1
DA:3,1
DA:4,1
DA:6,1
DA:8,1
DA:9,1
DA:10,1
DA:12,1
DA:13,0
LF:10
LH:9
BRDA:12,0,0,1
BRDA:12,0,1,0
BRDA:12,1,0,1
BRDA:12,1,1,1
BRDA:12,2,0,1
BRDA:12,2,1,0
BRDA:12,3,0,1
BRDA:12,3,1,1
BRDA:10,4,0,1
BRDA:10,4,1,0
BRDA:10,5,0,1
BRDA:10,5,1,1
BRF:12
BRH:9
end_of_record
TN:
SF:product/api/src/router/cloud/aws/script/script.service.ts
FN:10,(anonymous_0)
FN:12,(anonymous_1)
FN:27,(anonymous_2)
FNF:3
FNH:3
FNDA:3,(anonymous_0)
FNDA:2,(anonymous_1)
FNDA:2,(anonymous_2)
DA:2,2
DA:4,2
DA:5,2
DA:6,2
DA:8,2
DA:9,2
DA:10,3
DA:13,2
DA:14,2
DA:16,2
DA:18,2
DA:24,2
DA:28,2
DA:30,2
DA:37,0
LF:15
LH:14
BRDA:28,0,0,2
BRDA:28,0,1,0
BRDA:28,0,2,0
BRDA:28,0,3,0
BRDA:28,0,4,0
BRDA:28,0,5,0
BRDA:28,0,6,0
BRDA:10,1,0,2
BRDA:10,1,1,0
BRDA:10,2,0,2
BRDA:10,2,1,2
BRF:11
BRH:4
end_of_record
TN:
SF:product/api/src/router/cloud/aws/script/dto/post.dto.ts
FN:4,(anonymous_0)
FNF:1
FNH:0
FNDA:0,(anonymous_0)
DA:2,1
DA:4,1
DA:6,1
DA:9,1
DA:12,1
DA:16,1
DA:19,1
LF:7
LH:7
BRF:0
BRH:0
end_of_record
TN:
SF:product/api/src/router/cloud/aws/util/typeGuard.ts
FN:10,isAwsAnywhereJsonType
FN:22,isTrailInfoType
FN:32,isAccountInfoType
FN:41,isOrganizationInfoType
FN:51,isOrganizationMemberResponseListType
FNF:5
FNH:4
FNDA:0,isAwsAnywhereJsonType
FNDA:12,isTrailInfoType
FNDA:4,isAccountInfoType
FNDA:8,isOrganizationInfoType
FNDA:4,isOrganizationMemberResponseListType
DA:8,11
DA:10,11
DA:11,0
DA:12,0
DA:14,0
DA:15,0
DA:16,0
DA:17,0
DA:19,0
DA:22,11
DA:23,12
DA:24,1
DA:26,11
DA:27,11
DA:28,11
DA:29,11
DA:32,11
DA:33,4
DA:34,0
DA:36,4
DA:37,4
DA:38,4
DA:41,11
DA:42,8
DA:43,1
DA:45,7
DA:47,7
DA:48,7
DA:51,11
DA:52,4
DA:53,0
DA:55,4
DA:56,0
DA:58,4
DA:60,4
DA:63,4
DA:66,4
DA:68,4
LF:38
LH:28
BRDA:11,0,0,0
BRDA:11,1,0,0
BRDA:11,1,1,0
BRDA:14,2,0,0
BRDA:14,2,1,0
BRDA:15,3,0,0
BRDA:15,3,1,0
BRDA:16,4,0,0
BRDA:16,4,1,0
BRDA:17,5,0,0
BRDA:17,5,1,0
BRDA:19,6,0,0
BRDA:19,6,1,0
BRDA:19,6,2,0
BRDA:19,6,3,0
BRDA:23,7,0,1
BRDA:23,8,0,12
BRDA:23,8,1,12
BRDA:26,9,0,11
BRDA:26,9,1,10
BRDA:27,10,0,11
BRDA:27,10,1,10
BRDA:28,11,0,11
BRDA:28,11,1,10
BRDA:29,12,0,11
BRDA:29,12,1,10
BRDA:29,12,2,10
BRDA:33,13,0,0
BRDA:33,14,0,4
BRDA:33,14,1,4
BRDA:36,15,0,4
BRDA:36,15,1,4
BRDA:37,16,0,4
BRDA:37,16,1,4
BRDA:38,17,0,4
BRDA:38,17,1,4
BRDA:42,18,0,1
BRDA:42,19,0,8
BRDA:42,19,1,8
BRDA:45,20,0,7
BRDA:45,20,1,7
BRDA:47,21,0,7
BRDA:47,21,1,7
BRDA:48,22,0,7
BRDA:48,22,1,7
BRDA:52,23,0,0
BRDA:52,24,0,4
BRDA:52,24,1,4
BRDA:55,25,0,0
BRDA:60,26,0,4
BRDA:60,26,1,0
BRDA:60,26,2,0
BRDA:63,27,0,4
BRDA:63,27,1,0
BRDA:63,27,2,0
BRDA:66,28,0,4
BRDA:66,28,1,0
BRDA:66,28,2,0
BRDA:69,29,0,4
BRDA:69,29,1,4
BRDA:69,29,2,4
BRF:61
BRH:37
end_of_record
TN:
SF:product/api/src/router/cloud/aws/util/validateBodyBase.ts
FN:10,(anonymous_0)
FN:11,(anonymous_1)
FNF:2
FNH:0
FNDA:0,(anonymous_0)
FNDA:0,(anonymous_1)
DA:1,3
DA:2,3
DA:3,3
DA:5,3
DA:7,3
DA:10,0
DA:11,0
DA:12,3
LF:8
LH:6
BRDA:12,0,0,3
BRDA:12,0,1,0
BRDA:12,1,0,3
BRDA:12,1,1,3
BRF:4
BRH:3
end_of_record
TN:
SF:product/api/src/router/cloud/aws/util/validateOrganizationBodyBase.ts
FN:10,(anonymous_0)
FN:11,(anonymous_1)
FNF:2
FNH:0
FNDA:0,(anonymous_0)
FNDA:0,(anonymous_1)
DA:1,2
DA:2,2
DA:3,2
DA:5,2
DA:7,2
DA:10,0
DA:11,0
DA:12,2
LF:8
LH:6
BRDA:12,0,0,2
BRDA:12,0,1,0
BRDA:12,1,0,2
BRDA:12,1,1,2
BRF:4
BRH:3
end_of_record
TN:
SF:product/api/src/router/cloud/aws/util/validate-processor/awsCloudValidateProcessor.ts
FN:22,(anonymous_0)
FN:59,(anonymous_1)
FN:60,(anonymous_2)
FN:74,(anonymous_3)
FNF:4
FNH:4
FNDA:5,(anonymous_0)
FNDA:3,(anonymous_1)
FNDA:3,(anonymous_2)
FNDA:5,(anonymous_3)
DA:1,4
DA:2,4
DA:4,4
DA:5,4
DA:6,4
DA:7,4
DA:9,4
DA:11,4
DA:12,4
DA:13,4
DA:17,4
DA:18,4
DA:21,4
DA:30,5
DA:31,5
DA:32,5
DA:33,5
DA:39,4
DA:49,4
DA:50,3
DA:52,3
DA:54,5
DA:55,5
DA:60,3
DA:61,3
DA:62,3
DA:64,0
DA:67,3
DA:68,0
DA:69,0
DA:70,0
DA:71,0
DA:88,5
DA:89,5
DA:90,5
DA:96,4
DA:97,4
DA:98,0
DA:100,4
DA:102,4
DA:104,4
DA:106,1
DA:107,1
DA:108,1
LF:44
LH:38
BRDA:61,0,0,3
BRDA:97,1,0,0
BRDA:100,2,0,3
BRDA:100,2,1,1
BRF:4
BRH:3
end_of_record
TN:
SF:product/api/src/router/cloud/aws/util/validate-processor/awsOrganizationValidateProcessor.ts
FN:21,(anonymous_0)
FN:47,(anonymous_1)
FN:77,(anonymous_2)
FN:122,(anonymous_3)
FN:154,(anonymous_4)
FN:183,(anonymous_5)
FN:221,(anonymous_6)
FN:238,(anonymous_7)
FNF:8
FNH:7
FNDA:8,(anonymous_0)
FNDA:7,(anonymous_1)
FNDA:8,(anonymous_2)
FNDA:3,(anonymous_3)
FNDA:2,(anonymous_4)
FNDA:4,(anonymous_5)
FNDA:2,(anonymous_6)
FNDA:0,(anonymous_7)
DA:1,4
DA:6,4
DA:7,4
DA:8,4
DA:10,4
DA:11,4
DA:13,4
DA:15,4
DA:17,4
DA:20,4
DA:31,8
DA:32,8
DA:33,8
DA:34,8
DA:39,7
DA:46,7
DA:47,7
DA:48,7
DA:49,3
DA:51,4
DA:54,7
DA:64,7
DA:70,6
DA:72,2
DA:73,2
DA:89,8
DA:90,8
DA:91,8
DA:100,8
DA:101,8
DA:102,1
DA:104,7
DA:109,7
DA:111,1
DA:112,1
DA:118,1
DA:135,3
DA:136,3
DA:137,3
DA:146,2
DA:148,2
DA:149,0
DA:152,2
DA:154,2
DA:155,2
DA:157,2
DA:158,2
DA:160,2
DA:172,2
DA:174,2
DA:175,2
DA:177,1
DA:178,1
DA:179,1
DA:196,4
DA:197,4
DA:198,4
DA:207,2
DA:208,2
DA:209,0
DA:212,2
DA:213,2
DA:215,2
DA:216,2
DA:217,2
DA:230,2
DA:231,2
DA:233,2
DA:234,2
DA:238,2
DA:239,0
DA:240,0
DA:242,2
DA:244,2
DA:246,2
DA:247,2
DA:248,2
DA:249,0
DA:251,2
DA:254,2
DA:255,2
DA:257,2
DA:258,2
DA:270,2
DA:272,0
DA:276,0
DA:279,2
DA:281,2
DA:282,0
DA:283,0
DA:286,2
DA:288,0
DA:289,0
LF:93
LH:82
BRDA:48,0,0,3
BRDA:48,0,1,4
BRDA:101,1,0,1
BRDA:148,2,0,0
BRDA:157,3,0,0
BRDA:157,3,1,2
BRDA:158,4,0,2
BRDA:158,4,1,0
BRDA:208,5,0,0
BRDA:248,6,0,0
BRDA:254,7,0,0
BRDA:254,7,1,2
BRDA:255,8,0,2
BRDA:255,8,1,0
BRDA:257,9,0,2
BRDA:282,10,0,0
BRF:16
BRH:8
end_of_record
TN:
SF:product/api/src/router/cloud/aws/util/validate-processor/awsValidateProcessor.ts
FN:23,(anonymous_0)
FN:28,(anonymous_1)
FN:72,(anonymous_2)
FNF:3
FNH:3
FNDA:46,(anonymous_0)
FNDA:15,(anonymous_1)
FNDA:17,(anonymous_2)
DA:1,11
DA:6,11
DA:8,11
DA:9,11
DA:10,11
DA:12,11
DA:13,11
DA:15,11
DA:17,11
DA:19,11
DA:20,11
DA:24,46
DA:25,46
DA:41,15
DA:42,15
DA:49,9
DA:51,9
DA:52,9
DA:59,9
DA:60,3
DA:62,9
DA:64,6
DA:65,6
DA:66,2
DA:68,4
DA:78,17
DA:79,17
DA:84,12
DA:85,12
DA:86,2
DA:89,10
DA:90,10
DA:91,10
LF:33
LH:33
BRDA:25,0,0,46
BRDA:25,0,1,0
BRDA:49,1,0,5
BRDA:49,1,1,4
BRDA:59,2,0,3
BRDA:65,3,0,2
BRDA:85,4,0,2
BRDA:89,5,0,0
BRDA:89,5,1,10
BRDA:23,6,0,11
BRDA:23,6,1,0
BRDA:23,7,0,11
BRDA:23,7,1,11
BRDA:23,8,0,11
BRDA:23,8,1,0
BRDA:23,9,0,11
BRDA:23,9,1,11
BRF:17
BRH:13
end_of_record
TN:
SF:product/api/src/router/cloud/aws/util/validate-processor/index.ts
FNF:0
FNH:0
DA:1,3
DA:2,3
DA:3,3
LF:3
LH:3
BRF:0
BRH:0
end_of_record
TN:
SF:product/api/src/router/cloud/aws/validate/validate.controller.ts
FN:17,(anonymous_0)
FN:20,(anonymous_1)
FN:29,(anonymous_2)
FN:38,(anonymous_3)
FNF:4
FNH:1
FNDA:15,(anonymous_0)
FNDA:0,(anonymous_1)
FNDA:0,(anonymous_2)
FNDA:0,(anonymous_3)
DA:1,3
DA:2,3
DA:3,3
DA:11,3
DA:12,3
DA:13,3
DA:15,3
DA:16,3
DA:17,15
DA:20,3
DA:24,0
DA:25,0
DA:29,3
DA:33,0
DA:34,0
DA:38,3
DA:39,0
LF:17
LH:12
BRDA:21,0,0,3
BRDA:21,0,1,0
BRDA:21,1,0,3
BRDA:21,1,1,3
BRDA:21,2,0,3
BRDA:21,2,1,0
BRDA:21,3,0,3
BRDA:21,3,1,3
BRDA:23,4,0,3
BRDA:23,4,1,0
BRDA:23,5,0,3
BRDA:23,5,1,3
BRDA:30,6,0,3
BRDA:30,6,1,0
BRDA:30,7,0,3
BRDA:30,7,1,3
BRDA:30,8,0,3
BRDA:30,8,1,0
BRDA:30,9,0,3
BRDA:30,9,1,3
BRDA:32,10,0,3
BRDA:32,10,1,0
BRDA:32,11,0,3
BRDA:32,11,1,3
BRDA:38,12,0,3
BRDA:38,12,1,0
BRDA:38,13,0,3
BRDA:38,13,1,3
BRDA:38,14,0,3
BRDA:38,14,1,0
BRDA:38,15,0,3
BRDA:38,15,1,3
BRDA:17,16,0,3
BRDA:17,16,1,0
BRDA:17,17,0,3
BRDA:17,17,1,3
BRF:36
BRH:27
end_of_record
TN:
SF:product/api/src/router/cloud/aws/validate/validate.service.ts
FN:17,(anonymous_0)
FN:22,(anonymous_1)
FN:37,(anonymous_2)
FN:83,(anonymous_3)
FN:98,(anonymous_4)
FNF:5
FNH:5
FNDA:21,(anonymous_0)
FNDA:1,(anonymous_1)
FNDA:4,(anonymous_2)
FNDA:1,(anonymous_3)
FNDA:4,(anonymous_4)
DA:1,4
DA:4,4
DA:5,4
DA:7,4
DA:8,4
DA:9,4
DA:10,4
DA:11,4
DA:12,4
DA:13,4
DA:15,4
DA:16,4
DA:18,21
DA:19,21
DA:23,1
DA:25,1
DA:34,1
DA:38,4
DA:39,1
DA:42,3
DA:44,3
DA:45,2
DA:46,2
DA:47,2
DA:49,2
DA:50,1
DA:59,1
DA:69,2
DA:72,1
DA:80,1
DA:84,1
DA:85,1
DA:94,1
DA:95,1
DA:99,4
LF:35
LH:35
BRDA:38,0,0,1
BRDA:38,1,0,4
BRDA:38,1,1,3
BRDA:44,2,0,2
BRDA:49,3,0,1
BRDA:49,3,1,1
BRDA:18,4,0,4
BRDA:18,4,1,0
BRDA:18,5,0,4
BRDA:18,5,1,4
BRDA:18,6,0,4
BRDA:18,6,1,0
BRDA:18,7,0,4
BRDA:18,7,1,4
BRF:14
BRH:12
end_of_record
TN:
SF:product/api/src/router/cloud/aws/validate/dto/index.ts
FNF:0
FNH:0
DA:1,3
DA:2,3
DA:3,3
LF:3
LH:3
BRF:0
BRH:0
end_of_record
TN:
SF:product/api/src/router/cloud/aws/validate/dto/patch.dto.ts
FN:9,(anonymous_0)
FN:10,(anonymous_1)
FNF:2
FNH:0
FNDA:0,(anonymous_0)
FNDA:0,(anonymous_1)
DA:1,3
DA:2,3
DA:3,3
DA:4,3
DA:5,3
DA:7,3
DA:9,0
DA:10,0
DA:11,3
DA:14,3
LF:10
LH:8
BRDA:11,0,0,0
BRDA:11,0,1,3
BRDA:11,1,0,3
BRDA:11,1,1,0
BRF:4
BRH:2
end_of_record
TN:
SF:product/api/src/router/cloud/aws/validate/dto/post.dto.ts
FN:9,(anonymous_0)
FN:10,(anonymous_1)
FNF:2
FNH:0
FNDA:0,(anonymous_0)
FNDA:0,(anonymous_1)
DA:1,3
DA:2,3
DA:3,3
DA:4,3
DA:5,3
DA:7,3
DA:9,0
DA:10,0
DA:11,3
DA:14,3
LF:10
LH:8
BRDA:11,0,0,0
BRDA:11,0,1,3
BRDA:11,1,0,3
BRDA:11,1,1,0
BRF:4
BRH:2
end_of_record
TN:
SF:product/api/src/router/cloud/aws/validate/dto/sse.dto.ts
FNF:0
FNH:0
DA:1,3
DA:2,3
DA:5,3
DA:7,3
DA:10,3
LF:5
LH:5
BRF:0
BRH:0
end_of_record
TN:
SF:product/api/src/router/cloud/azure/cloud/cloud.controller.ts
FN:24,(anonymous_0)
FN:27,(anonymous_1)
FN:39,(anonymous_2)
FN:51,(anonymous_3)
FN:62,(anonymous_4)
FN:74,(anonymous_5)
FN:86,(anonymous_6)
FNF:7
FNH:1
FNDA:1,(anonymous_0)
FNDA:0,(anonymous_1)
FNDA:0,(anonymous_2)
FNDA:0,(anonymous_3)
FNDA:0,(anonymous_4)
FNDA:0,(anonymous_5)
FNDA:0,(anonymous_6)
DA:1,1
DA:2,1
DA:3,1
DA:4,1
DA:5,1
DA:6,1
DA:20,1
DA:22,1
DA:23,1
DA:24,1
DA:27,1
DA:31,0
DA:32,0
DA:39,1
DA:43,0
DA:44,0
DA:51,1
DA:55,0
DA:56,0
DA:62,1
DA:66,0
DA:67,0
DA:74,1
DA:78,0
DA:79,0
DA:86,1
DA:90,0
DA:91,0
LF:28
LH:16
BRDA:28,0,0,1
BRDA:28,0,1,0
BRDA:28,1,0,1
BRDA:28,1,1,1
BRDA:30,2,0,1
BRDA:30,2,1,0
BRDA:30,3,0,1
BRDA:30,3,1,1
BRDA:40,4,0,1
BRDA:40,4,1,0
BRDA:40,5,0,1
BRDA:40,5,1,1
BRDA:40,6,0,1
BRDA:40,6,1,0
BRDA:40,7,0,1
BRDA:40,7,1,1
BRDA:42,8,0,1
BRDA:42,8,1,0
BRDA:42,9,0,1
BRDA:42,9,1,1
BRDA:52,10,0,1
BRDA:52,10,1,0
BRDA:52,11,0,1
BRDA:52,11,1,1
BRDA:52,12,0,1
BRDA:52,12,1,0
BRDA:52,13,0,1
BRDA:52,13,1,1
BRDA:54,14,0,1
BRDA:54,14,1,0
BRDA:54,15,0,1
BRDA:54,15,1,1
BRDA:63,16,0,1
BRDA:63,16,1,0
BRDA:63,17,0,1
BRDA:63,17,1,1
BRDA:63,18,0,1
BRDA:63,18,1,0
BRDA:63,19,0,1
BRDA:63,19,1,1
BRDA:65,20,0,1
BRDA:65,20,1,0
BRDA:65,21,0,1
BRDA:65,21,1,1
BRDA:75,22,0,1
BRDA:75,22,1,0
BRDA:75,23,0,1
BRDA:75,23,1,1
BRDA:75,24,0,1
BRDA:75,24,1,0
BRDA:75,25,0,1
BRDA:75,25,1,1
BRDA:77,26,0,1
BRDA:77,26,1,0
BRDA:77,27,0,1
BRDA:77,27,1,1
BRDA:87,28,0,1
BRDA:87,28,1,0
BRDA:87,29,0,1
BRDA:87,29,1,1
BRDA:87,30,0,1
BRDA:87,30,1,0
BRDA:87,31,0,1
BRDA:87,31,1,1
BRDA:89,32,0,1
BRDA:89,32,1,0
BRDA:89,33,0,1
BRDA:89,33,1,1
BRDA:24,34,0,1
BRDA:24,34,1,0
BRDA:24,35,0,1
BRDA:24,35,1,1
BRF:72
BRH:54
end_of_record
TN:
SF:product/api/src/router/cloud/azure/cloud/cloud.service.ts
FN:26,(anonymous_0)
FN:33,(anonymous_1)
FN:49,(anonymous_2)
FN:87,(anonymous_3)
FN:110,(anonymous_4)
FN:141,(anonymous_5)
FN:170,(anonymous_6)
FNF:7
FNH:7
FNDA:12,(anonymous_0)
FNDA:2,(anonymous_1)
FNDA:1,(anonymous_2)
FNDA:2,(anonymous_3)
FNDA:2,(anonymous_4)
FNDA:2,(anonymous_5)
FNDA:2,(anonymous_6)
DA:2,2
DA:13,2
DA:14,2
DA:15,2
DA:16,2
DA:17,2
DA:18,2
DA:19,2
DA:20,2
DA:22,2
DA:23,2
DA:27,12
DA:28,12
DA:30,12
DA:31,12
DA:34,2
DA:35,2
DA:37,2
DA:39,2
DA:40,2
DA:42,2
DA:44,0
DA:45,0
DA:53,1
DA:54,1
DA:56,1
DA:58,1
DA:60,1
DA:70,1
DA:75,1
DA:80,1
DA:82,0
DA:83,0
DA:91,2
DA:92,2
DA:94,2
DA:96,2
DA:97,1
DA:100,1
DA:105,1
DA:106,1
DA:114,2
DA:115,2
DA:117,2
DA:119,2
DA:121,2
DA:122,1
DA:125,1
DA:130,1
DA:134,1
DA:136,1
DA:137,1
DA:145,2
DA:146,2
DA:148,2
DA:150,2
DA:151,1
DA:154,1
DA:159,1
DA:163,1
DA:165,1
DA:166,1
DA:171,2
DA:172,2
DA:174,2
DA:175,2
DA:176,3
DA:177,3
DA:178,1
DA:181,2
DA:189,1
DA:191,1
DA:196,1
DA:197,1
DA:198,1
LF:75
LH:71
BRDA:96,0,0,1
BRDA:121,1,0,1
BRDA:150,2,0,1
BRDA:177,3,0,1
BRDA:27,4,0,2
BRDA:27,4,1,0
BRDA:27,5,0,2
BRDA:27,5,1,2
BRDA:27,6,0,2
BRDA:27,6,1,0
BRDA:27,7,0,2
BRDA:27,7,1,2
BRF:12
BRH:10
end_of_record
TN:
SF:product/api/src/router/cloud/azure/cloud/dto/delete.dto.ts
FNF:0
FNH:0
DA:1,1
DA:2,1
DA:4,1
DA:7,1
DA:10,1
LF:5
LH:5
BRF:0
BRH:0
end_of_record
TN:
SF:product/api/src/router/cloud/azure/cloud/dto/get.dto.ts
FNF:0
FNH:0
DA:1,1
DA:2,1
DA:5,1
DA:8,1
DA:11,1
LF:5
LH:5
BRF:0
BRH:0
end_of_record
TN:
SF:product/api/src/router/cloud/azure/cloud/dto/index.ts
FNF:0
FNH:0
DA:1,1
DA:2,1
DA:3,1
DA:4,1
DA:5,1
DA:6,1
LF:6
LH:6
BRF:0
BRH:0
end_of_record
TN:
SF:product/api/src/router/cloud/azure/cloud/dto/patchKeyInfo.dto.ts
FN:12,(anonymous_0)
FN:13,(anonymous_1)
FNF:2
FNH:0
FNDA:0,(anonymous_0)
FNDA:0,(anonymous_1)
DA:2,1
DA:3,1
DA:4,1
DA:5,1
DA:7,1
DA:9,1
DA:12,0
DA:13,0
DA:14,1
DA:17,1
LF:10
LH:8
BRDA:14,0,0,0
BRDA:14,0,1,1
BRDA:14,1,0,1
BRDA:14,1,1,0
BRF:4
BRH:2
end_of_record
TN:
SF:product/api/src/router/cloud/azure/cloud/dto/patchLogCollectInfo.dto.ts
FN:12,(anonymous_0)
FN:13,(anonymous_1)
FNF:2
FNH:0
FNDA:0,(anonymous_0)
FNDA:0,(anonymous_1)
DA:2,1
DA:3,1
DA:4,1
DA:5,1
DA:7,1
DA:9,1
DA:12,0
DA:13,0
DA:14,1
DA:17,1
LF:10
LH:8
BRDA:14,0,0,1
BRDA:14,0,1,0
BRDA:14,1,0,1
BRDA:14,1,1,1
BRF:4
BRH:3
end_of_record
TN:
SF:product/api/src/router/cloud/azure/cloud/dto/patchSummary.dto.ts
FNF:0
FNH:0
DA:1,1
DA:2,1
DA:4,1
DA:6,1
DA:9,1
DA:13,1
DA:16,1
LF:7
LH:7
BRDA:13,0,0,0
BRDA:13,0,1,1
BRDA:13,1,0,1
BRDA:13,1,1,0
BRF:4
BRH:2
end_of_record
TN:
SF:product/api/src/router/cloud/azure/cloud/dto/post.dto.ts
FN:11,(anonymous_0)
FN:12,(anonymous_1)
FN:19,(anonymous_2)
FNF:3
FNH:0
FNDA:0,(anonymous_0)
FNDA:0,(anonymous_1)
FNDA:0,(anonymous_2)
DA:1,1
DA:2,1
DA:3,1
DA:4,1
DA:6,1
DA:7,1
DA:9,1
DA:11,0
DA:12,0
DA:13,1
DA:16,1
DA:19,0
DA:21,1
DA:24,1
LF:14
LH:11
BRDA:13,0,0,0
BRDA:13,0,1,1
BRDA:13,1,0,1
BRDA:13,1,1,0
BRDA:16,2,0,0
BRDA:16,2,1,1
BRDA:16,3,0,1
BRDA:16,3,1,0
BRDA:21,4,0,1
BRDA:21,4,1,0
BRDA:21,5,0,1
BRDA:21,5,1,1
BRF:12
BRH:7
end_of_record
TN:
SF:product/api/src/router/cloud/azure/cloud/validate/validate.controller.ts
FN:18,(anonymous_0)
FN:21,(anonymous_1)
FN:30,(anonymous_2)
FN:39,(anonymous_3)
FN:48,(anonymous_4)
FNF:5
FNH:1
FNDA:13,(anonymous_0)
FNDA:0,(anonymous_1)
FNDA:0,(anonymous_2)
FNDA:0,(anonymous_3)
FNDA:0,(anonymous_4)
DA:1,3
DA:2,3
DA:3,3
DA:4,3
DA:5,3
DA:14,3
DA:16,3
DA:17,3
DA:18,13
DA:21,3
DA:25,0
DA:26,0
DA:30,3
DA:34,0
DA:35,0
DA:39,3
DA:43,0
DA:44,0
DA:48,3
DA:49,0
LF:20
LH:13
BRDA:22,0,0,3
BRDA:22,0,1,0
BRDA:22,1,0,3
BRDA:22,1,1,3
BRDA:22,2,0,3
BRDA:22,2,1,0
BRDA:22,3,0,3
BRDA:22,3,1,3
BRDA:24,4,0,3
BRDA:24,4,1,0
BRDA:24,5,0,3
BRDA:24,5,1,3
BRDA:31,6,0,3
BRDA:31,6,1,0
BRDA:31,7,0,3
BRDA:31,7,1,3
BRDA:31,8,0,3
BRDA:31,8,1,0
BRDA:31,9,0,3
BRDA:31,9,1,3
BRDA:33,10,0,3
BRDA:33,10,1,0
BRDA:33,11,0,3
BRDA:33,11,1,3
BRDA:40,12,0,3
BRDA:40,12,1,0
BRDA:40,13,0,3
BRDA:40,13,1,3
BRDA:40,14,0,3
BRDA:40,14,1,0
BRDA:40,15,0,3
BRDA:40,15,1,3
BRDA:42,16,0,3
BRDA:42,16,1,0
BRDA:42,17,0,3
BRDA:42,17,1,3
BRDA:48,18,0,3
BRDA:48,18,1,0
BRDA:48,19,0,3
BRDA:48,19,1,3
BRDA:48,20,0,3
BRDA:48,20,1,0
BRDA:48,21,0,3
BRDA:48,21,1,3
BRDA:18,22,0,3
BRDA:18,22,1,0
BRDA:18,23,0,3
BRDA:18,23,1,3
BRF:48
BRH:36
end_of_record
TN:
SF:product/api/src/router/cloud/azure/cloud/validate/validate.service.ts
FN:23,(anonymous_0)
FN:28,(anonymous_1)
FN:45,(anonymous_2)
FN:61,(anonymous_3)
FN:81,(anonymous_4)
FN:96,(anonymous_5)
FNF:6
FNH:6
FNDA:17,(anonymous_0)
FNDA:1,(anonymous_1)
FNDA:1,(anonymous_2)
FNDA:1,(anonymous_3)
FNDA:1,(anonymous_4)
FNDA:3,(anonymous_5)
DA:1,4
DA:10,4
DA:11,4
DA:12,4
DA:13,4
DA:14,4
DA:15,4
DA:17,4
DA:18,4
DA:19,4
DA:21,4
DA:22,4
DA:24,17
DA:25,17
DA:32,1
DA:34,1
DA:43,1
DA:49,1
DA:51,1
DA:59,1
DA:65,1
DA:66,1
DA:67,1
DA:68,1
DA:70,1
DA:79,1
DA:82,1
DA:83,1
DA:92,1
DA:93,1
DA:97,3
LF:31
LH:31
BRDA:24,0,0,4
BRDA:24,0,1,0
BRDA:24,1,0,4
BRDA:24,1,1,4
BRDA:24,2,0,4
BRDA:24,2,1,0
BRDA:24,3,0,4
BRDA:24,3,1,4
BRF:8
BRH:6
end_of_record
TN:
SF:product/api/src/router/cloud/azure/cloud/validate/dto/index.ts
FNF:0
FNH:0
DA:1,3
DA:2,3
DA:3,3
DA:4,3
LF:4
LH:4
BRF:0
BRH:0
end_of_record
TN:
SF:product/api/src/router/cloud/azure/cloud/validate/dto/patchKeyInfo.dto.ts
FN:11,(anonymous_0)
FN:12,(anonymous_1)
FNF:2
FNH:0
FNDA:0,(anonymous_0)
FNDA:0,(anonymous_1)
DA:1,3
DA:2,3
DA:3,3
DA:4,3
DA:6,3
DA:8,3
DA:11,0
DA:12,0
DA:13,3
DA:16,3
LF:10
LH:8
BRDA:13,0,0,0
BRDA:13,0,1,3
BRDA:13,1,0,3
BRDA:13,1,1,0
BRF:4
BRH:2
end_of_record
TN:
SF:product/api/src/router/cloud/azure/cloud/validate/dto/patchLogCollectInfo.dto.ts
FN:10,(anonymous_0)
FNF:1
FNH:0
FNDA:0,(anonymous_0)
DA:1,3
DA:2,3
DA:3,3
DA:5,3
DA:7,3
DA:10,0
DA:12,3
LF:7
LH:6
BRDA:12,0,0,3
BRDA:12,0,1,0
BRDA:12,1,0,3
BRDA:12,1,1,3
BRF:4
BRH:3
end_of_record
TN:
SF:product/api/src/router/cloud/azure/cloud/validate/dto/post.dto.ts
FN:12,(anonymous_0)
FN:13,(anonymous_1)
FN:17,(anonymous_2)
FNF:3
FNH:0
FNDA:0,(anonymous_0)
FNDA:0,(anonymous_1)
FNDA:0,(anonymous_2)
DA:1,3
DA:2,3
DA:3,3
DA:4,3
DA:5,3
DA:7,3
DA:9,3
DA:12,0
DA:13,0
DA:14,3
DA:17,0
DA:19,3
DA:22,3
LF:13
LH:10
BRDA:14,0,0,0
BRDA:14,0,1,3
BRDA:14,1,0,3
BRDA:14,1,1,0
BRDA:19,2,0,3
BRDA:19,2,1,0
BRDA:19,3,0,3
BRDA:19,3,1,3
BRF:8
BRH:5
end_of_record
TN:
SF:product/api/src/router/cloud/azure/cloud/validate/dto/sse.dto.ts
FNF:0
FNH:0
DA:1,3
DA:2,3
DA:5,3
DA:7,3
DA:10,3
LF:5
LH:5
BRF:0
BRH:0
end_of_record
TN:
SF:product/api/src/router/cloud/azure/error/error.ts
FN:4,(anonymous_0)
FN:14,(anonymous_1)
FN:24,(anonymous_2)
FN:34,(anonymous_3)
FNF:4
FNH:2
FNDA:2,(anonymous_0)
FNDA:0,(anonymous_1)
FNDA:1,(anonymous_2)
FNDA:0,(anonymous_3)
DA:1,12
DA:3,12
DA:5,2
DA:6,2
DA:8,2
DA:9,2
DA:13,12
DA:15,0
DA:16,0
DA:18,0
DA:19,0
DA:23,12
DA:25,1
DA:26,0
DA:28,1
DA:29,1
DA:33,12
DA:35,0
DA:36,0
DA:38,0
DA:39,0
LF:21
LH:12
BRDA:5,0,0,2
BRDA:15,1,0,0
BRDA:25,2,0,0
BRDA:35,3,0,0
BRF:4
BRH:1
end_of_record
TN:
SF:product/api/src/router/cloud/azure/organization/organization.controller.ts
FN:21,(anonymous_0)
FN:24,(anonymous_1)
FN:33,(anonymous_2)
FN:42,(anonymous_3)
FN:51,(anonymous_4)
FN:63,(anonymous_5)
FNF:6
FNH:0
FNDA:0,(anonymous_0)
FNDA:0,(anonymous_1)
FNDA:0,(anonymous_2)
FNDA:0,(anonymous_3)
FNDA:0,(anonymous_4)
FNDA:0,(anonymous_5)
DA:1,1
DA:2,1
DA:3,1
DA:4,1
DA:5,1
DA:6,1
DA:7,1
DA:19,1
DA:20,1
DA:21,0
DA:24,1
DA:28,0
DA:29,0
DA:33,1
DA:37,0
DA:38,0
DA:42,1
DA:46,0
DA:47,0
DA:51,1
DA:55,0
DA:56,0
DA:63,1
DA:67,0
DA:68,0
LF:25
LH:14
BRDA:25,0,0,1
BRDA:25,0,1,0
BRDA:25,1,0,1
BRDA:25,1,1,1
BRDA:27,2,0,1
BRDA:27,2,1,0
BRDA:27,3,0,1
BRDA:27,3,1,1
BRDA:34,4,0,1
BRDA:34,4,1,0
BRDA:34,5,0,1
BRDA:34,5,1,1
BRDA:34,6,0,1
BRDA:34,6,1,0
BRDA:34,7,0,1
BRDA:34,7,1,1
BRDA:36,8,0,1
BRDA:36,8,1,0
BRDA:36,9,0,1
BRDA:36,9,1,1
BRDA:43,10,0,1
BRDA:43,10,1,0
BRDA:43,11,0,1
BRDA:43,11,1,1
BRDA:43,12,0,1
BRDA:43,12,1,0
BRDA:43,13,0,1
BRDA:43,13,1,1
BRDA:45,14,0,1
BRDA:45,14,1,0
BRDA:45,15,0,1
BRDA:45,15,1,1
BRDA:52,16,0,1
BRDA:52,16,1,0
BRDA:52,17,0,1
BRDA:52,17,1,1
BRDA:52,18,0,1
BRDA:52,18,1,0
BRDA:52,19,0,1
BRDA:52,19,1,1
BRDA:54,20,0,1
BRDA:54,20,1,0
BRDA:54,21,0,1
BRDA:54,21,1,1
BRDA:64,22,0,1
BRDA:64,22,1,0
BRDA:64,23,0,1
BRDA:64,23,1,1
BRDA:64,24,0,1
BRDA:64,24,1,0
BRDA:64,25,0,1
BRDA:64,25,1,1
BRDA:66,26,0,1
BRDA:66,26,1,0
BRDA:66,27,0,1
BRDA:66,27,1,1
BRDA:21,28,0,1
BRDA:21,28,1,0
BRDA:21,29,0,1
BRDA:21,29,1,1
BRF:60
BRH:45
end_of_record
TN:
SF:product/api/src/router/cloud/azure/organization/organization.service.ts
FN:24,(anonymous_0)
FN:32,(anonymous_1)
FN:54,(anonymous_2)
FN:62,(anonymous_3)
FN:64,(anonymous_4)
FN:80,(anonymous_5)
FN:117,(anonymous_6)
FN:151,(anonymous_7)
FN:183,(anonymous_8)
FNF:9
FNH:9
FNDA:10,(anonymous_0)
FNDA:3,(anonymous_1)
FNDA:1,(anonymous_2)
FNDA:1,(anonymous_3)
FNDA:1,(anonymous_4)
FNDA:1,(anonymous_5)
FNDA:2,(anonymous_6)
FNDA:2,(anonymous_7)
FNDA:2,(anonymous_8)
DA:2,2
DA:12,2
DA:13,2
DA:14,2
DA:15,2
DA:16,2
DA:17,2
DA:18,2
DA:20,2
DA:21,2
DA:25,10
DA:26,10
DA:28,10
DA:29,10
DA:36,3
DA:37,3
DA:40,3
DA:42,3
DA:44,3
DA:48,3
DA:49,1
DA:52,2
DA:53,1
DA:54,1
DA:55,1
DA:56,1
DA:59,1
DA:60,1
DA:61,1
DA:63,1
DA:64,1
DA:65,1
DA:66,1
DA:69,1
DA:70,1
DA:72,0
DA:73,0
DA:76,1
DA:77,1
DA:84,1
DA:86,1
DA:88,1
DA:91,1
DA:98,1
DA:100,1
DA:105,1
DA:109,1
DA:110,1
DA:112,0
DA:113,0
DA:121,2
DA:122,2
DA:124,2
DA:126,2
DA:128,2
DA:129,1
DA:132,1
DA:140,1
DA:144,1
DA:146,1
DA:147,1
DA:155,2
DA:156,2
DA:158,2
DA:160,2
DA:161,1
DA:164,1
DA:172,1
DA:176,1
DA:178,1
DA:179,1
DA:187,2
DA:188,2
DA:191,2
DA:193,2
DA:194,2
DA:195,2
DA:196,2
DA:197,2
DA:199,2
DA:200,1
DA:203,1
DA:204,1
DA:212,1
DA:213,1
DA:215,1
DA:223,1
DA:224,1
DA:225,1
DA:228,1
DA:229,1
LF:91
LH:87
BRDA:48,0,0,1
BRDA:48,1,0,3
BRDA:48,1,1,2
BRDA:52,2,0,1
BRDA:86,3,0,0
BRDA:86,3,1,1
BRDA:128,4,0,1
BRDA:160,5,0,1
BRDA:199,6,0,1
BRDA:25,7,0,2
BRDA:25,7,1,0
BRDA:25,8,0,2
BRDA:25,8,1,2
BRDA:25,9,0,2
BRDA:25,9,1,0
BRDA:25,10,0,2
BRDA:25,10,1,2
BRF:17
BRH:14
end_of_record
TN:
SF:product/api/src/router/cloud/azure/organization/dto/delete.dto.ts
FNF:0
FNH:0
DA:1,1
DA:2,1
DA:4,1
DA:7,1
DA:10,1
LF:5
LH:5
BRF:0
BRH:0
end_of_record
TN:
SF:product/api/src/router/cloud/azure/organization/dto/get.dto.ts
FNF:0
FNH:0
DA:2,1
DA:3,1
DA:5,1
DA:8,1
DA:11,1
LF:5
LH:5
BRF:0
BRH:0
end_of_record
TN:
SF:product/api/src/router/cloud/azure/organization/dto/index.ts
FNF:0
FNH:0
DA:1,1
DA:2,1
DA:3,1
DA:4,1
DA:5,1
LF:5
LH:5
BRF:0
BRH:0
end_of_record
TN:
SF:product/api/src/router/cloud/azure/organization/dto/patchKeyInfo.dto.ts
FN:12,(anonymous_0)
FN:13,(anonymous_1)
FNF:2
FNH:0
FNDA:0,(anonymous_0)
FNDA:0,(anonymous_1)
DA:2,1
DA:3,1
DA:4,1
DA:5,1
DA:7,1
DA:9,1
DA:12,0
DA:13,0
DA:14,1
DA:17,1
LF:10
LH:8
BRDA:14,0,0,0
BRDA:14,0,1,1
BRDA:14,1,0,1
BRDA:14,1,1,0
BRF:4
BRH:2
end_of_record
TN:
SF:product/api/src/router/cloud/azure/organization/dto/patchLogCollectInfo.dto.ts
FN:12,(anonymous_0)
FN:13,(anonymous_1)
FNF:2
FNH:0
FNDA:0,(anonymous_0)
FNDA:0,(anonymous_1)
DA:2,1
DA:3,1
DA:4,1
DA:5,1
DA:7,1
DA:9,1
DA:12,0
DA:13,0
DA:14,1
DA:17,1
LF:10
LH:8
BRDA:14,0,0,1
BRDA:14,0,1,0
BRDA:14,1,0,1
BRDA:14,1,1,1
BRF:4
BRH:3
end_of_record
TN:
SF:product/api/src/router/cloud/azure/organization/dto/post.dto.ts
FN:10,(anonymous_0)
FN:11,(anonymous_1)
FN:18,(anonymous_2)
FNF:3
FNH:0
FNDA:0,(anonymous_0)
FNDA:0,(anonymous_1)
FNDA:0,(anonymous_2)
DA:1,1
DA:2,1
DA:3,1
DA:4,1
DA:6,1
DA:8,1
DA:10,0
DA:11,0
DA:12,1
DA:15,1
DA:18,0
DA:20,1
DA:23,1
LF:13
LH:10
BRDA:12,0,0,0
BRDA:12,0,1,1
BRDA:12,1,0,1
BRDA:12,1,1,0
BRDA:15,2,0,0
BRDA:15,2,1,1
BRDA:15,3,0,1
BRDA:15,3,1,0
BRDA:20,4,0,1
BRDA:20,4,1,0
BRDA:20,5,0,1
BRDA:20,5,1,1
BRF:12
BRH:7
end_of_record
TN:
SF:product/api/src/router/cloud/azure/organization/validate/validate.controller.ts
FN:18,(anonymous_0)
FN:21,(anonymous_1)
FN:30,(anonymous_2)
FN:39,(anonymous_3)
FN:48,(anonymous_4)
FNF:5
FNH:0
FNDA:0,(anonymous_0)
FNDA:0,(anonymous_1)
FNDA:0,(anonymous_2)
FNDA:0,(anonymous_3)
FNDA:0,(anonymous_4)
DA:1,3
DA:2,3
DA:3,3
DA:4,3
DA:5,3
DA:6,3
DA:16,3
DA:17,3
DA:18,0
DA:21,3
DA:25,0
DA:26,0
DA:30,3
DA:34,0
DA:35,0
DA:39,3
DA:43,0
DA:44,0
DA:48,3
DA:51,0
LF:20
LH:12
BRDA:22,0,0,3
BRDA:22,0,1,0
BRDA:22,1,0,3
BRDA:22,1,1,3
BRDA:22,2,0,3
BRDA:22,2,1,0
BRDA:22,3,0,3
BRDA:22,3,1,3
BRDA:24,4,0,3
BRDA:24,4,1,0
BRDA:24,5,0,3
BRDA:24,5,1,3
BRDA:31,6,0,3
BRDA:31,6,1,0
BRDA:31,7,0,3
BRDA:31,7,1,3
BRDA:31,8,0,3
BRDA:31,8,1,0
BRDA:31,9,0,3
BRDA:31,9,1,3
BRDA:33,10,0,3
BRDA:33,10,1,0
BRDA:33,11,0,3
BRDA:33,11,1,3
BRDA:40,12,0,3
BRDA:40,12,1,0
BRDA:40,13,0,3
BRDA:40,13,1,3
BRDA:40,14,0,3
BRDA:40,14,1,0
BRDA:40,15,0,3
BRDA:40,15,1,3
BRDA:42,16,0,3
BRDA:42,16,1,0
BRDA:42,17,0,3
BRDA:42,17,1,3
BRDA:49,18,0,3
BRDA:49,18,1,0
BRDA:49,19,0,3
BRDA:49,19,1,3
BRDA:50,20,0,3
BRDA:50,20,1,0
BRDA:50,21,0,3
BRDA:50,21,1,3
BRDA:18,22,0,3
BRDA:18,22,1,0
BRDA:18,23,0,3
BRDA:18,23,1,3
BRF:48
BRH:36
end_of_record
TN:
SF:product/api/src/router/cloud/azure/organization/validate/validate.service.ts
FN:27,(anonymous_0)
FN:36,(anonymous_1)
FN:54,(anonymous_2)
FN:75,(anonymous_3)
FN:98,(anonymous_4)
FN:115,(anonymous_5)
FNF:6
FNH:6
FNDA:14,(anonymous_0)
FNDA:1,(anonymous_1)
FNDA:1,(anonymous_2)
FNDA:1,(anonymous_3)
FNDA:1,(anonymous_4)
FNDA:3,(anonymous_5)
DA:1,4
DA:10,4
DA:11,4
DA:12,4
DA:13,4
DA:15,4
DA:16,4
DA:17,4
DA:18,4
DA:19,4
DA:21,4
DA:22,4
DA:24,4
DA:25,4
DA:28,14
DA:29,14
DA:30,14
DA:32,14
DA:40,1
DA:41,1
DA:52,1
DA:58,1
DA:60,1
DA:61,1
DA:63,1
DA:73,1
DA:79,1
DA:81,1
DA:82,1
DA:83,0
DA:85,1
DA:87,1
DA:96,1
DA:101,1
DA:102,1
DA:111,1
DA:112,1
DA:116,3
LF:38
LH:37
BRDA:82,0,0,0
BRDA:28,1,0,4
BRDA:28,1,1,0
BRDA:28,2,0,4
BRDA:28,2,1,4
BRDA:28,3,0,4
BRDA:28,3,1,0
BRDA:28,4,0,4
BRDA:28,4,1,4
BRDA:29,5,0,4
BRDA:29,5,1,0
BRDA:29,6,0,4
BRDA:29,6,1,4
BRF:13
BRH:9
end_of_record
TN:
SF:product/api/src/router/cloud/azure/organization/validate/dto/index.ts
FNF:0
FNH:0
DA:1,3
DA:2,3
DA:3,3
DA:4,3
LF:4
LH:4
BRF:0
BRH:0
end_of_record
TN:
SF:product/api/src/router/cloud/azure/organization/validate/dto/patchKeyInfo.dto.ts
FN:11,(anonymous_0)
FN:12,(anonymous_1)
FNF:2
FNH:0
FNDA:0,(anonymous_0)
FNDA:0,(anonymous_1)
DA:1,3
DA:2,3
DA:3,3
DA:4,3
DA:6,3
DA:8,3
DA:11,0
DA:12,0
DA:13,3
DA:16,3
LF:10
LH:8
BRDA:13,0,0,0
BRDA:13,0,1,3
BRDA:13,1,0,3
BRDA:13,1,1,0
BRF:4
BRH:2
end_of_record
TN:
SF:product/api/src/router/cloud/azure/organization/validate/dto/patchLogCollectInfo.dto.ts
FN:10,(anonymous_0)
FNF:1
FNH:0
FNDA:0,(anonymous_0)
DA:1,3
DA:2,3
DA:3,3
DA:5,3
DA:7,3
DA:10,0
DA:12,3
LF:7
LH:6
BRDA:12,0,0,3
BRDA:12,0,1,0
BRDA:12,1,0,3
BRDA:12,1,1,3
BRF:4
BRH:3
end_of_record
TN:
SF:product/api/src/router/cloud/azure/organization/validate/dto/post.dto.ts
FN:12,(anonymous_0)
FN:13,(anonymous_1)
FN:20,(anonymous_2)
FNF:3
FNH:0
FNDA:0,(anonymous_0)
FNDA:0,(anonymous_1)
FNDA:0,(anonymous_2)
DA:1,3
DA:2,3
DA:3,3
DA:4,3
DA:5,3
DA:7,3
DA:9,3
DA:12,0
DA:13,0
DA:14,3
DA:17,3
DA:20,0
DA:22,3
DA:25,3
LF:14
LH:11
BRDA:14,0,0,0
BRDA:14,0,1,3
BRDA:14,1,0,3
BRDA:14,1,1,0
BRDA:17,2,0,0
BRDA:17,2,1,3
BRDA:17,3,0,3
BRDA:17,3,1,0
BRDA:22,4,0,3
BRDA:22,4,1,0
BRDA:22,5,0,3
BRDA:22,5,1,3
BRF:12
BRH:7
end_of_record
TN:
SF:product/api/src/router/cloud/azure/organization/validate/dto/sse.dto.ts
FNF:0
FNH:0
DA:1,3
DA:2,3
DA:5,3
DA:7,3
DA:10,3
LF:5
LH:5
BRF:0
BRH:0
end_of_record
TN:
SF:product/api/src/router/cloud/azure/util/typeGuard.ts
FN:8,isSubscriptionType
FN:29,isEventHubInfoType
FN:45,isAzureOrganizationInfoType
FN:53,isAzureOrganizationMemberInfoListType
FNF:4
FNH:4
FNDA:8,isSubscriptionType
FNDA:9,isEventHubInfoType
FNDA:7,isAzureOrganizationInfoType
FNDA:4,isAzureOrganizationMemberInfoListType
DA:8,12
DA:9,8
DA:10,0
DA:13,8
DA:14,0
DA:16,8
DA:17,0
DA:19,8
DA:20,0
DA:22,8
DA:23,0
DA:26,8
DA:29,12
DA:30,9
DA:31,0
DA:34,9
DA:35,0
DA:38,9
DA:40,9
DA:41,9
DA:42,9
DA:45,12
DA:46,7
DA:47,1
DA:50,6
DA:53,12
DA:54,4
DA:55,0
DA:58,4
DA:59,4
DA:60,0
DA:63,4
LF:32
LH:23
BRDA:9,0,0,0
BRDA:9,1,0,8
BRDA:9,1,1,8
BRDA:13,2,0,0
BRDA:13,3,0,8
BRDA:13,3,1,4
BRDA:16,4,0,0
BRDA:16,5,0,8
BRDA:16,5,1,8
BRDA:19,6,0,0
BRDA:19,7,0,8
BRDA:19,7,1,8
BRDA:22,8,0,0
BRDA:22,9,0,8
BRDA:22,9,1,4
BRDA:30,10,0,0
BRDA:30,11,0,9
BRDA:30,11,1,9
BRDA:34,12,0,0
BRDA:34,13,0,9
BRDA:34,13,1,0
BRDA:38,14,0,9
BRDA:38,14,1,8
BRDA:40,15,0,9
BRDA:40,15,1,8
BRDA:41,16,0,9
BRDA:41,16,1,8
BRDA:42,17,0,9
BRDA:42,17,1,8
BRDA:42,17,2,8
BRDA:46,18,0,1
BRDA:46,19,0,7
BRDA:46,19,1,7
BRDA:50,20,0,6
BRDA:50,20,1,6
BRDA:54,21,0,0
BRDA:54,22,0,4
BRDA:54,22,1,4
BRDA:59,23,0,0
BRDA:59,24,0,4
BRDA:59,24,1,4
BRF:41
BRH:31
end_of_record
TN:
SF:product/api/src/router/cloud/azure/util/validate-processor/azureCloudValidateProcessor.ts
FN:14,(anonymous_0)
FN:54,(anonymous_1)
FN:88,(anonymous_2)
FNF:3
FNH:3
FNDA:5,(anonymous_0)
FNDA:5,(anonymous_1)
FNDA:4,(anonymous_2)
DA:2,5
DA:3,5
DA:4,5
DA:5,5
DA:6,5
DA:9,5
DA:10,5
DA:13,5
DA:22,5
DA:23,5
DA:24,5
DA:25,5
DA:31,4
DA:41,4
DA:47,3
DA:49,2
DA:50,2
DA:68,5
DA:69,5
DA:75,4
DA:76,4
DA:77,0
DA:79,4
DA:80,4
DA:82,1
DA:83,1
DA:84,1
DA:92,4
DA:93,4
LF:29
LH:28
BRDA:76,0,0,0
BRDA:92,1,0,3
BRDA:92,1,1,1
BRF:3
BRH:2
end_of_record
TN:
SF:product/api/src/router/cloud/azure/util/validate-processor/azureOrganizationValidateProcessor.ts
FN:24,(anonymous_0)
FN:77,(anonymous_1)
FN:111,(anonymous_2)
FN:122,(anonymous_3)
FN:153,(anonymous_4)
FN:183,(anonymous_5)
FN:228,(anonymous_6)
FN:252,(anonymous_7)
FNF:8
FNH:8
FNDA:7,(anonymous_0)
FNDA:7,(anonymous_1)
FNDA:6,(anonymous_2)
FNDA:1,(anonymous_3)
FNDA:1,(anonymous_4)
FNDA:5,(anonymous_5)
FNDA:3,(anonymous_6)
FNDA:2,(anonymous_7)
DA:5,5
DA:6,5
DA:7,5
DA:8,5
DA:9,5
DA:11,5
DA:12,5
DA:18,5
DA:20,5
DA:23,5
DA:34,7
DA:35,7
DA:36,7
DA:37,7
DA:38,7
DA:44,6
DA:54,6
DA:64,6
DA:70,5
DA:72,2
DA:73,2
DA:81,7
DA:82,7
DA:91,7
DA:92,7
DA:93,1
DA:95,6
DA:97,6
DA:99,1
DA:100,1
DA:106,1
DA:107,1
DA:115,6
DA:116,1
DA:118,5
DA:135,1
DA:136,1
DA:145,1
DA:146,1
DA:147,0
DA:149,1
DA:151,1
DA:153,1
DA:154,1
DA:159,1
DA:170,1
DA:172,1
DA:173,1
DA:174,1
DA:176,0
DA:177,0
DA:178,0
DA:179,0
DA:196,5
DA:197,5
DA:206,3
DA:207,3
DA:208,0
DA:210,3
DA:212,3
DA:219,3
DA:221,2
DA:222,2
DA:223,2
DA:224,2
DA:244,3
DA:245,3
DA:247,3
DA:248,3
DA:252,3
DA:253,2
DA:254,2
DA:256,3
DA:258,3
DA:260,3
DA:261,3
DA:262,3
DA:267,3
DA:268,3
DA:278,3
DA:280,0
DA:284,0
DA:287,3
DA:289,3
DA:290,2
DA:291,2
DA:294,3
DA:295,3
DA:297,0
DA:298,0
DA:299,0
LF:91
LH:80
BRDA:92,0,0,1
BRDA:115,1,0,1
BRDA:115,1,1,5
BRDA:146,2,0,0
BRDA:207,3,0,0
BRDA:267,4,0,3
BRDA:290,5,0,2
BRF:7
BRH:5
end_of_record
TN:
SF:product/api/src/router/cloud/azure/util/validate-processor/azureValidateProcessor.ts
FN:22,(anonymous_0)
FN:27,(anonymous_1)
FN:75,(anonymous_2)
FNF:3
FNH:3
FNDA:30,(anonymous_0)
FNDA:12,(anonymous_1)
FNDA:12,(anonymous_2)
DA:6,12
DA:7,12
DA:9,12
DA:10,12
DA:12,12
DA:13,12
DA:14,12
DA:15,12
DA:16,12
DA:17,12
DA:19,12
DA:20,12
DA:23,30
DA:24,30
DA:39,12
DA:40,12
DA:46,8
DA:48,8
DA:49,8
DA:56,8
DA:57,8
DA:58,4
DA:59,4
DA:61,4
DA:62,4
DA:65,8
DA:67,4
DA:68,4
DA:69,1
DA:71,3
DA:80,12
DA:81,12
DA:94,9
DA:95,9
DA:96,1
DA:98,8
DA:104,8
DA:105,8
DA:107,4
DA:108,4
LF:40
LH:40
BRDA:46,0,0,4
BRDA:46,0,1,4
BRDA:57,1,0,4
BRDA:57,1,1,4
BRDA:68,2,0,1
BRDA:95,3,0,1
BRDA:22,4,0,12
BRDA:22,4,1,0
BRDA:22,5,0,12
BRDA:22,5,1,12
BRDA:22,6,0,12
BRDA:22,6,1,0
BRDA:22,7,0,12
BRDA:22,7,1,12
BRF:14
BRH:12
end_of_record
TN:
SF:product/api/src/router/cloud/gcp/gcp.controller.ts
FN:20,(anonymous_0)
FN:23,(anonymous_1)
FN:32,(anonymous_2)
FN:41,(anonymous_3)
FN:50,(anonymous_4)
FN:59,(anonymous_5)
FNF:6
FNH:1
FNDA:1,(anonymous_0)
FNDA:0,(anonymous_1)
FNDA:0,(anonymous_2)
FNDA:0,(anonymous_3)
FNDA:0,(anonymous_4)
FNDA:0,(anonymous_5)
DA:1,1
DA:2,1
DA:3,1
DA:4,1
DA:5,1
DA:16,1
DA:18,1
DA:19,1
DA:20,1
DA:23,1
DA:27,0
DA:28,0
DA:32,1
DA:36,0
DA:37,0
DA:41,1
DA:45,0
DA:46,0
DA:50,1
DA:54,0
DA:55,0
DA:59,1
DA:63,0
DA:64,0
LF:24
LH:14
BRDA:24,0,0,1
BRDA:24,0,1,0
BRDA:24,1,0,1
BRDA:24,1,1,1
BRDA:26,2,0,1
BRDA:26,2,1,0
BRDA:26,3,0,1
BRDA:26,3,1,1
BRDA:33,4,0,1
BRDA:33,4,1,0
BRDA:33,5,0,1
BRDA:33,5,1,1
BRDA:33,6,0,1
BRDA:33,6,1,0
BRDA:33,7,0,1
BRDA:33,7,1,1
BRDA:35,8,0,1
BRDA:35,8,1,0
BRDA:35,9,0,1
BRDA:35,9,1,1
BRDA:42,10,0,1
BRDA:42,10,1,0
BRDA:42,11,0,1
BRDA:42,11,1,1
BRDA:42,12,0,1
BRDA:42,12,1,0
BRDA:42,13,0,1
BRDA:42,13,1,1
BRDA:44,14,0,1
BRDA:44,14,1,0
BRDA:44,15,0,1
BRDA:44,15,1,1
BRDA:51,16,0,1
BRDA:51,16,1,0
BRDA:51,17,0,1
BRDA:51,17,1,1
BRDA:51,18,0,1
BRDA:51,18,1,0
BRDA:51,19,0,1
BRDA:51,19,1,1
BRDA:53,20,0,1
BRDA:53,20,1,0
BRDA:53,21,0,1
BRDA:53,21,1,1
BRDA:60,22,0,1
BRDA:60,22,1,0
BRDA:60,23,0,1
BRDA:60,23,1,1
BRDA:60,24,0,1
BRDA:60,24,1,0
BRDA:60,25,0,1
BRDA:60,25,1,1
BRDA:62,26,0,1
BRDA:62,26,1,0
BRDA:62,27,0,1
BRDA:62,27,1,1
BRDA:20,28,0,1
BRDA:20,28,1,0
BRDA:20,29,0,1
BRDA:20,29,1,1
BRF:60
BRH:45
end_of_record
TN:
SF:product/api/src/router/cloud/gcp/gcp.service.ts
FN:24,(anonymous_0)
FN:31,(anonymous_1)
FN:45,(anonymous_2)
FN:74,(anonymous_3)
FN:100,(anonymous_4)
FN:125,(anonymous_5)
FNF:6
FNH:6
FNDA:14,(anonymous_0)
FNDA:3,(anonymous_1)
FNDA:1,(anonymous_2)
FNDA:5,(anonymous_3)
FNDA:2,(anonymous_4)
FNDA:2,(anonymous_5)
DA:2,2
DA:10,2
DA:11,2
DA:12,2
DA:13,2
DA:15,2
DA:16,2
DA:17,2
DA:18,2
DA:20,2
DA:21,2
DA:25,14
DA:26,14
DA:28,14
DA:29,14
DA:32,3
DA:34,3
DA:36,3
DA:38,3
DA:39,1
DA:42,2
DA:49,1
DA:51,1
DA:53,1
DA:55,1
DA:64,1
DA:66,1
DA:71,1
DA:78,5
DA:80,5
DA:82,5
DA:87,5
DA:88,1
DA:91,4
DA:92,3
DA:96,3
DA:104,2
DA:106,2
DA:108,2
DA:113,2
DA:114,1
DA:117,1
DA:122,1
DA:126,2
DA:127,2
DA:129,2
DA:130,2
DA:131,2
DA:132,2
DA:133,1
DA:135,1
DA:143,1
DA:145,1
DA:146,1
LF:54
LH:54
BRDA:38,0,0,1
BRDA:38,1,0,3
BRDA:38,1,1,2
BRDA:78,2,0,3
BRDA:78,2,1,2
BRDA:87,3,0,1
BRDA:91,4,0,3
BRDA:91,5,0,4
BRDA:91,5,1,2
BRDA:113,6,0,1
BRDA:132,7,0,1
BRDA:25,8,0,2
BRDA:25,8,1,0
BRDA:25,9,0,2
BRDA:25,9,1,2
BRDA:25,10,0,2
BRDA:25,10,1,0
BRDA:25,11,0,2
BRDA:25,11,1,2
BRF:19
BRH:17
end_of_record
TN:
SF:product/api/src/router/cloud/gcp/dto/delete.dto.ts
FNF:0
FNH:0
DA:1,1
DA:2,1
DA:4,1
DA:7,1
DA:10,1
LF:5
LH:5
BRF:0
BRH:0
end_of_record
TN:
SF:product/api/src/router/cloud/gcp/dto/get.dto.ts
FNF:0
FNH:0
DA:1,1
DA:2,1
DA:5,1
DA:8,1
DA:11,1
LF:5
LH:5
BRF:0
BRH:0
end_of_record
TN:
SF:product/api/src/router/cloud/gcp/dto/index.ts
FNF:0
FNH:0
DA:1,1
DA:2,1
DA:3,1
DA:4,1
DA:5,1
LF:5
LH:5
BRF:0
BRH:0
end_of_record
TN:
SF:product/api/src/router/cloud/gcp/dto/patch.dto.ts
FN:10,(anonymous_0)
FN:11,(anonymous_1)
FNF:2
FNH:0
FNDA:0,(anonymous_0)
FNDA:0,(anonymous_1)
DA:1,1
DA:2,1
DA:3,1
DA:4,1
DA:6,1
DA:8,1
DA:10,0
DA:11,0
DA:12,1
DA:15,1
LF:10
LH:8
BRDA:12,0,0,0
BRDA:12,0,1,1
BRDA:12,1,0,1
BRDA:12,1,1,0
BRF:4
BRH:2
end_of_record
TN:
SF:product/api/src/router/cloud/gcp/dto/post.dto.ts
FN:10,(anonymous_0)
FN:11,(anonymous_1)
FN:18,(anonymous_2)
FNF:3
FNH:0
FNDA:0,(anonymous_0)
FNDA:0,(anonymous_1)
FNDA:0,(anonymous_2)
DA:1,1
DA:2,1
DA:3,1
DA:4,1
DA:6,1
DA:7,1
DA:9,1
DA:10,0
DA:11,0
DA:12,1
DA:15,1
DA:18,0
DA:20,1
DA:23,1
LF:14
LH:11
BRDA:12,0,0,0
BRDA:12,0,1,1
BRDA:12,1,0,1
BRDA:12,1,1,0
BRDA:15,2,0,0
BRDA:15,2,1,1
BRDA:15,3,0,1
BRDA:15,3,1,0
BRDA:20,4,0,1
BRDA:20,4,1,0
BRDA:20,5,0,1
BRDA:20,5,1,1
BRF:12
BRH:7
end_of_record
TN:
SF:product/api/src/router/cloud/gcp/dto/put.dto.ts
FN:9,(anonymous_0)
FN:10,(anonymous_1)
FNF:2
FNH:0
FNDA:0,(anonymous_0)
FNDA:0,(anonymous_1)
DA:1,1
DA:2,1
DA:3,1
DA:4,1
DA:6,1
DA:8,1
DA:9,0
DA:10,0
DA:11,1
DA:14,1
LF:10
LH:8
BRDA:11,0,0,0
BRDA:11,0,1,1
BRDA:11,1,0,1
BRDA:11,1,1,0
BRF:4
BRH:2
end_of_record
TN:
SF:product/api/src/router/cloud/gcp/error/error.ts
FN:4,(anonymous_0)
FN:14,(anonymous_1)
FN:24,(anonymous_2)
FN:31,(anonymous_3)
FN:41,(anonymous_4)
FNF:5
FNH:2
FNDA:2,(anonymous_0)
FNDA:0,(anonymous_1)
FNDA:0,(anonymous_2)
FNDA:1,(anonymous_3)
FNDA:0,(anonymous_4)
DA:1,11
DA:3,11
DA:5,2
DA:6,2
DA:8,2
DA:9,2
DA:13,11
DA:15,0
DA:16,0
DA:18,0
DA:19,0
DA:23,11
DA:25,0
DA:26,0
DA:30,11
DA:32,1
DA:33,0
DA:35,1
DA:36,1
DA:40,11
DA:42,0
DA:43,0
DA:45,0
DA:46,0
LF:24
LH:13
BRDA:5,0,0,2
BRDA:15,1,0,0
BRDA:32,2,0,0
BRDA:42,3,0,0
BRF:4
BRH:1
end_of_record
TN:
SF:product/api/src/router/cloud/gcp/organization/organization.controller.ts
FN:21,(anonymous_0)
FN:24,(anonymous_1)
FN:33,(anonymous_2)
FN:42,(anonymous_3)
FN:51,(anonymous_4)
FN:60,(anonymous_5)
FNF:6
FNH:1
FNDA:1,(anonymous_0)
FNDA:0,(anonymous_1)
FNDA:0,(anonymous_2)
FNDA:0,(anonymous_3)
FNDA:0,(anonymous_4)
FNDA:0,(anonymous_5)
DA:1,1
DA:2,1
DA:3,1
DA:4,1
DA:5,1
DA:6,1
DA:7,1
DA:19,1
DA:20,1
DA:21,1
DA:24,1
DA:28,0
DA:29,0
DA:33,1
DA:37,0
DA:38,0
DA:42,1
DA:46,0
DA:47,0
DA:51,1
DA:55,0
DA:56,0
DA:60,1
DA:64,0
DA:65,0
LF:25
LH:15
BRDA:25,0,0,1
BRDA:25,0,1,0
BRDA:25,1,0,1
BRDA:25,1,1,1
BRDA:27,2,0,1
BRDA:27,2,1,0
BRDA:27,3,0,1
BRDA:27,3,1,1
BRDA:34,4,0,1
BRDA:34,4,1,0
BRDA:34,5,0,1
BRDA:34,5,1,1
BRDA:34,6,0,1
BRDA:34,6,1,0
BRDA:34,7,0,1
BRDA:34,7,1,1
BRDA:36,8,0,1
BRDA:36,8,1,0
BRDA:36,9,0,1
BRDA:36,9,1,1
BRDA:43,10,0,1
BRDA:43,10,1,0
BRDA:43,11,0,1
BRDA:43,11,1,1
BRDA:43,12,0,1
BRDA:43,12,1,0
BRDA:43,13,0,1
BRDA:43,13,1,1
BRDA:45,14,0,1
BRDA:45,14,1,0
BRDA:45,15,0,1
BRDA:45,15,1,1
BRDA:52,16,0,1
BRDA:52,16,1,0
BRDA:52,17,0,1
BRDA:52,17,1,1
BRDA:52,18,0,1
BRDA:52,18,1,0
BRDA:52,19,0,1
BRDA:52,19,1,1
BRDA:54,20,0,1
BRDA:54,20,1,0
BRDA:54,21,0,1
BRDA:54,21,1,1
BRDA:61,22,0,1
BRDA:61,22,1,0
BRDA:61,23,0,1
BRDA:61,23,1,1
BRDA:61,24,0,1
BRDA:61,24,1,0
BRDA:61,25,0,1
BRDA:61,25,1,1
BRDA:63,26,0,1
BRDA:63,26,1,0
BRDA:63,27,0,1
BRDA:63,27,1,1
BRDA:21,28,0,1
BRDA:21,28,1,0
BRDA:21,29,0,1
BRDA:21,29,1,1
BRF:60
BRH:45
end_of_record
TN:
SF:product/api/src/router/cloud/gcp/organization/organization.service.ts
FN:25,(anonymous_0)
FN:32,(anonymous_1)
FN:47,(anonymous_2)
FN:55,(anonymous_3)
FN:57,(anonymous_4)
FN:69,(anonymous_5)
FN:75,(anonymous_6)
FN:99,(anonymous_7)
FN:103,(anonymous_8)
FN:132,(anonymous_9)
FN:158,(anonymous_10)
FNF:11
FNH:11
FNDA:11,(anonymous_0)
FNDA:3,(anonymous_1)
FNDA:1,(anonymous_2)
FNDA:1,(anonymous_3)
FNDA:1,(anonymous_4)
FNDA:1,(anonymous_5)
FNDA:1,(anonymous_6)
FNDA:2,(anonymous_7)
FNDA:2,(anonymous_8)
FNDA:2,(anonymous_9)
FNDA:2,(anonymous_10)
DA:2,2
DA:12,2
DA:14,2
DA:15,2
DA:16,2
DA:17,2
DA:18,2
DA:19,2
DA:21,2
DA:22,2
DA:26,11
DA:27,11
DA:29,11
DA:30,11
DA:36,3
DA:37,3
DA:39,3
DA:41,3
DA:42,1
DA:45,2
DA:46,1
DA:47,1
DA:48,1
DA:49,1
DA:52,1
DA:53,1
DA:54,1
DA:56,1
DA:57,1
DA:58,1
DA:59,1
DA:62,1
DA:63,1
DA:65,0
DA:66,0
DA:73,1
DA:75,1
DA:76,1
DA:77,1
DA:81,1
DA:82,1
DA:90,1
DA:92,1
DA:96,1
DA:97,1
DA:103,2
DA:104,2
DA:105,2
DA:109,2
DA:111,2
DA:120,2
DA:121,1
DA:124,1
DA:125,1
DA:129,1
DA:136,2
DA:139,2
DA:141,2
DA:146,2
DA:147,1
DA:150,1
DA:155,1
DA:156,1
DA:159,2
DA:160,2
DA:162,2
DA:163,2
DA:164,2
DA:165,2
DA:166,2
DA:168,2
DA:169,1
DA:172,1
DA:173,1
DA:181,1
DA:182,1
DA:184,1
DA:185,1
DA:186,1
LF:79
LH:77
BRDA:41,0,0,1
BRDA:41,1,0,3
BRDA:41,1,1,2
BRDA:45,2,0,1
BRDA:76,3,0,1
BRDA:104,4,0,2
BRDA:120,5,0,1
BRDA:124,6,0,1
BRDA:124,7,0,1
BRDA:124,7,1,0
BRDA:139,8,0,0
BRDA:139,8,1,2
BRDA:146,9,0,1
BRDA:168,10,0,1
BRDA:26,11,0,2
BRDA:26,11,1,0
BRDA:26,12,0,2
BRDA:26,12,1,2
BRDA:26,13,0,2
BRDA:26,13,1,0
BRDA:26,14,0,2
BRDA:26,14,1,2
BRF:22
BRH:18
end_of_record
TN:
SF:product/api/src/router/cloud/gcp/organization/dto/delete.dto.ts
FNF:0
FNH:0
DA:1,1
DA:2,1
DA:4,1
DA:7,1
DA:10,1
LF:5
LH:5
BRF:0
BRH:0
end_of_record
TN:
SF:product/api/src/router/cloud/gcp/organization/dto/get.dto.ts
FNF:0
FNH:0
DA:2,1
DA:3,1
DA:5,1
DA:8,1
DA:11,1
LF:5
LH:5
BRF:0
BRH:0
end_of_record
TN:
SF:product/api/src/router/cloud/gcp/organization/dto/index.ts
FNF:0
FNH:0
DA:1,1
DA:2,1
DA:3,1
DA:4,1
DA:5,1
LF:5
LH:5
BRF:0
BRH:0
end_of_record
TN:
SF:product/api/src/router/cloud/gcp/organization/dto/patch.dto.ts
FN:13,(anonymous_0)
FN:14,(anonymous_1)
FNF:2
FNH:0
FNDA:0,(anonymous_0)
FNDA:0,(anonymous_1)
DA:1,1
DA:2,1
DA:3,1
DA:5,1
DA:6,1
DA:8,1
DA:10,1
DA:13,0
DA:14,0
DA:15,1
DA:18,1
LF:11
LH:9
BRDA:15,0,0,0
BRDA:15,0,1,1
BRDA:15,1,0,1
BRDA:15,1,1,0
BRF:4
BRH:2
end_of_record
TN:
SF:product/api/src/router/cloud/gcp/organization/dto/post.dto.ts
FN:10,(anonymous_0)
FN:11,(anonymous_1)
FNF:2
FNH:0
FNDA:0,(anonymous_0)
FNDA:0,(anonymous_1)
DA:1,1
DA:2,1
DA:3,1
DA:4,1
DA:6,1
DA:7,1
DA:9,1
DA:10,0
DA:11,0
DA:12,1
DA:15,1
DA:18,1
LF:12
LH:10
BRDA:12,0,0,0
BRDA:12,0,1,1
BRDA:12,1,0,1
BRDA:12,1,1,0
BRDA:15,2,0,0
BRDA:15,2,1,1
BRDA:15,3,0,1
BRDA:15,3,1,0
BRF:8
BRH:4
end_of_record
TN:
SF:product/api/src/router/cloud/gcp/organization/dto/put.dto.ts
FNF:0
FNH:0
DA:1,1
DA:2,1
DA:3,1
DA:5,1
DA:7,1
DA:9,1
DA:12,1
LF:7
LH:7
BRF:0
BRH:0
end_of_record
TN:
SF:product/api/src/router/cloud/gcp/organization/validate/organizationValidate.controller.ts
FN:12,(anonymous_0)
FN:15,(anonymous_1)
FN:24,(anonymous_2)
FN:33,(anonymous_3)
FNF:4
FNH:1
FNDA:12,(anonymous_0)
FNDA:0,(anonymous_1)
FNDA:0,(anonymous_2)
FNDA:0,(anonymous_3)
DA:1,3
DA:2,3
DA:3,3
DA:4,3
DA:5,3
DA:6,3
DA:7,3
DA:8,3
DA:10,3
DA:11,3
DA:12,12
DA:15,3
DA:19,0
DA:20,0
DA:24,3
DA:28,0
DA:29,0
DA:33,3
DA:36,0
LF:19
LH:14
BRDA:16,0,0,3
BRDA:16,0,1,0
BRDA:16,1,0,3
BRDA:16,1,1,3
BRDA:16,2,0,3
BRDA:16,2,1,0
BRDA:16,3,0,3
BRDA:16,3,1,3
BRDA:18,4,0,3
BRDA:18,4,1,0
BRDA:18,5,0,3
BRDA:18,5,1,3
BRDA:25,6,0,3
BRDA:25,6,1,0
BRDA:25,7,0,3
BRDA:25,7,1,3
BRDA:25,8,0,3
BRDA:25,8,1,0
BRDA:25,9,0,3
BRDA:25,9,1,3
BRDA:27,10,0,3
BRDA:27,10,1,0
BRDA:27,11,0,3
BRDA:27,11,1,3
BRDA:34,12,0,3
BRDA:34,12,1,0
BRDA:34,13,0,3
BRDA:34,13,1,3
BRDA:35,14,0,3
BRDA:35,14,1,0
BRDA:35,15,0,3
BRDA:35,15,1,3
BRDA:12,16,0,3
BRDA:12,16,1,0
BRDA:12,17,0,3
BRDA:12,17,1,3
BRF:36
BRH:27
end_of_record
TN:
SF:product/api/src/router/cloud/gcp/organization/validate/organizationValidate.service.ts
FN:21,(anonymous_0)
FN:25,(anonymous_1)
FN:44,(anonymous_2)
FN:96,(anonymous_3)
FN:113,(anonymous_4)
FNF:5
FNH:5
FNDA:19,(anonymous_0)
FNDA:1,(anonymous_1)
FNDA:5,(anonymous_2)
FNDA:1,(anonymous_3)
FNDA:5,(anonymous_4)
DA:1,4
DA:6,4
DA:7,4
DA:8,4
DA:9,4
DA:10,4
DA:11,4
DA:12,4
DA:14,4
DA:16,4
DA:17,4
DA:19,4
DA:20,4
DA:22,19
DA:23,19
DA:29,1
DA:30,1
DA:31,1
DA:42,1
DA:48,5
DA:49,1
DA:52,4
DA:53,4
DA:54,4
DA:55,2
DA:58,2
DA:59,2
DA:60,1
DA:62,1
DA:64,1
DA:73,1
DA:75,2
DA:76,1
DA:79,1
DA:80,1
DA:83,2
DA:93,2
DA:99,1
DA:100,1
DA:109,1
DA:110,1
DA:114,5
LF:42
LH:42
BRDA:48,0,0,1
BRDA:48,1,0,5
BRDA:48,1,1,3
BRDA:54,2,0,2
BRDA:59,3,0,1
BRDA:75,4,0,1
BRDA:22,5,0,4
BRDA:22,5,1,0
BRDA:22,6,0,4
BRDA:22,6,1,4
BRDA:22,7,0,4
BRDA:22,7,1,0
BRDA:22,8,0,4
BRDA:22,8,1,4
BRF:14
BRH:12
end_of_record
TN:
SF:product/api/src/router/cloud/gcp/organization/validate/dto/index.ts
FNF:0
FNH:0
DA:1,0
DA:2,0
DA:3,0
LF:3
LH:0
BRF:0
BRH:0
end_of_record
TN:
SF:product/api/src/router/cloud/gcp/organization/validate/dto/patch.dto.ts
FN:10,(anonymous_0)
FN:11,(anonymous_1)
FNF:2
FNH:0
FNDA:0,(anonymous_0)
FNDA:0,(anonymous_1)
DA:1,3
DA:2,3
DA:3,3
DA:4,3
DA:5,3
DA:6,3
DA:8,3
DA:10,0
DA:11,0
DA:12,3
DA:16,3
DA:19,3
LF:12
LH:10
BRDA:12,0,0,0
BRDA:12,0,1,3
BRDA:12,1,0,3
BRDA:12,1,1,0
BRDA:16,2,0,0
BRDA:16,2,1,3
BRDA:16,3,0,3
BRDA:16,3,1,0
BRF:8
BRH:4
end_of_record
TN:
SF:product/api/src/router/cloud/gcp/organization/validate/dto/post.dto.ts
FN:10,(anonymous_0)
FN:11,(anonymous_1)
FNF:2
FNH:0
FNDA:0,(anonymous_0)
FNDA:0,(anonymous_1)
DA:1,3
DA:2,3
DA:3,3
DA:4,3
DA:5,3
DA:6,3
DA:9,3
DA:10,0
DA:11,0
DA:12,3
DA:15,3
DA:18,3
LF:12
LH:10
BRDA:12,0,0,0
BRDA:12,0,1,3
BRDA:12,1,0,3
BRDA:12,1,1,0
BRDA:15,2,0,0
BRDA:15,2,1,3
BRDA:15,3,0,3
BRDA:15,3,1,0
BRF:8
BRH:4
end_of_record
TN:
SF:product/api/src/router/cloud/gcp/organization/validate/dto/sse.dto.ts
FNF:0
FNH:0
DA:1,3
DA:2,3
DA:5,3
DA:7,3
DA:10,3
LF:5
LH:5
BRF:0
BRH:0
end_of_record
TN:
SF:product/api/src/router/cloud/gcp/util/gcpCloudBodyBase.ts
FN:15,(anonymous_0)
FNF:1
FNH:0
FNDA:0,(anonymous_0)
DA:1,1
DA:2,1
DA:3,1
DA:5,1
DA:7,1
DA:11,1
DA:15,0
DA:17,1
DA:21,1
LF:9
LH:8
BRDA:17,0,0,1
BRDA:17,0,1,0
BRDA:17,1,0,1
BRDA:17,1,1,1
BRDA:21,2,0,0
BRDA:21,2,1,1
BRDA:21,3,0,1
BRDA:21,3,1,0
BRF:8
BRH:5
end_of_record
TN:
SF:product/api/src/router/cloud/gcp/util/gcpOrganizationBodyBase.ts
FNF:0
FNH:0
DA:1,1
DA:2,1
DA:4,1
DA:7,1
DA:11,1
LF:5
LH:5
BRDA:11,0,0,1
BRDA:11,0,1,0
BRDA:11,1,0,1
BRDA:11,1,1,1
BRF:4
BRH:3
end_of_record
TN:
SF:product/api/src/router/cloud/gcp/util/gcpValidateBodyBase.ts
FN:10,(anonymous_0)
FN:11,(anonymous_1)
FNF:2
FNH:0
FNDA:0,(anonymous_0)
FNDA:0,(anonymous_1)
DA:1,3
DA:2,3
DA:3,3
DA:5,3
DA:7,3
DA:10,0
DA:11,0
DA:12,3
LF:8
LH:6
BRDA:12,0,0,3
BRDA:12,0,1,0
BRDA:12,1,0,3
BRDA:12,1,1,3
BRF:4
BRH:3
end_of_record
TN:
SF:product/api/src/router/cloud/gcp/util/gcpValidateOrganizationBodyBase.ts
FN:10,(anonymous_0)
FN:11,(anonymous_1)
FNF:2
FNH:0
FNDA:0,(anonymous_0)
FNDA:0,(anonymous_1)
DA:1,3
DA:2,3
DA:3,3
DA:5,3
DA:7,3
DA:10,0
DA:11,0
DA:12,3
LF:8
LH:6
BRDA:12,0,0,3
BRDA:12,0,1,0
BRDA:12,1,0,3
BRDA:12,1,1,3
BRF:4
BRH:3
end_of_record
TN:
SF:product/api/src/router/cloud/gcp/util/typeGuard.ts
FN:7,isGcpPubSubInfoType
FN:17,isGcpOrganizationInfoType
FN:27,isGcpOrganizationMemberInfoListType
FNF:3
FNH:3
FNDA:11,isGcpPubSubInfoType
FNDA:7,isGcpOrganizationInfoType
FNDA:4,isGcpOrganizationMemberInfoListType
DA:7,11
DA:8,11
DA:9,0
DA:12,11
DA:13,11
DA:14,11
DA:17,11
DA:18,7
DA:19,1
DA:22,6
DA:24,6
DA:27,11
DA:28,4
DA:29,0
DA:32,4
DA:33,4
DA:34,0
DA:37,4
DA:39,4
DA:41,4
DA:42,4
LF:21
LH:18
BRDA:8,0,0,0
BRDA:8,1,0,11
BRDA:8,1,1,11
BRDA:12,2,0,11
BRDA:12,2,1,10
BRDA:13,3,0,11
BRDA:13,3,1,10
BRDA:14,4,0,11
BRDA:14,4,1,10
BRDA:18,5,0,1
BRDA:18,6,0,7
BRDA:18,6,1,7
BRDA:22,7,0,6
BRDA:22,7,1,6
BRDA:28,8,0,0
BRDA:28,9,0,4
BRDA:28,9,1,4
BRDA:33,10,0,0
BRDA:37,11,0,4
BRDA:37,11,1,4
BRDA:39,12,0,4
BRDA:39,12,1,4
BRDA:41,13,0,4
BRDA:41,13,1,4
BRDA:43,14,0,4
BRDA:43,14,1,4
BRDA:43,14,2,4
BRF:27
BRH:24
end_of_record
TN:
SF:product/api/src/router/cloud/gcp/util/validate-processor/gcpCloudValidateProcessor.ts
FN:14,(anonymous_0)
FN:47,(anonymous_1)
FNF:2
FNH:2
FNDA:5,(anonymous_0)
FNDA:5,(anonymous_1)
DA:2,3
DA:3,3
DA:4,3
DA:5,3
DA:6,3
DA:7,3
DA:8,3
DA:9,3
DA:13,3
DA:22,5
DA:23,5
DA:24,5
DA:25,5
DA:26,5
DA:27,1
DA:29,4
DA:39,4
DA:40,3
DA:42,2
DA:44,2
DA:59,5
DA:60,5
DA:61,5
DA:66,4
DA:67,0
DA:69,4
DA:71,1
DA:77,1
LF:28
LH:27
BRDA:26,0,0,1
BRDA:66,1,0,0
BRF:2
BRH:1
end_of_record
TN:
SF:product/api/src/router/cloud/gcp/util/validate-processor/gcpOrganizationValidateProcessor.ts
FN:20,(anonymous_0)
FN:45,(anonymous_1)
FN:75,(anonymous_2)
FN:109,(anonymous_3)
FN:140,(anonymous_4)
FN:165,(anonymous_5)
FN:209,(anonymous_6)
FN:233,(anonymous_7)
FNF:8
FNH:7
FNDA:7,(anonymous_0)
FNDA:6,(anonymous_1)
FNDA:7,(anonymous_2)
FNDA:1,(anonymous_3)
FNDA:1,(anonymous_4)
FNDA:5,(anonymous_5)
FNDA:3,(anonymous_6)
FNDA:0,(anonymous_7)
DA:1,3
DA:2,3
DA:7,3
DA:8,3
DA:10,3
DA:11,3
DA:12,3
DA:13,3
DA:15,3
DA:19,3
DA:30,7
DA:31,7
DA:32,7
DA:33,7
DA:38,6
DA:45,6
DA:46,6
DA:47,1
DA:49,5
DA:52,6
DA:62,6
DA:68,5
DA:70,2
DA:71,2
DA:79,7
DA:80,7
DA:81,7
DA:90,7
DA:91,7
DA:92,1
DA:94,6
DA:96,6
DA:98,1
DA:99,1
DA:105,1
DA:122,1
DA:123,1
DA:124,1
DA:133,1
DA:134,1
DA:135,0
DA:138,1
DA:140,1
DA:141,1
DA:143,1
DA:154,1
DA:156,1
DA:157,1
DA:159,0
DA:160,0
DA:161,0
DA:178,5
DA:179,5
DA:180,5
DA:189,3
DA:190,3
DA:191,0
DA:194,3
DA:201,3
DA:203,2
DA:204,2
DA:205,2
DA:225,3
DA:226,3
DA:228,3
DA:229,3
DA:233,3
DA:234,0
DA:235,0
DA:237,3
DA:239,3
DA:241,3
DA:242,3
DA:243,3
DA:245,3
DA:246,3
DA:256,3
DA:258,0
DA:262,0
DA:265,3
DA:267,3
DA:268,0
DA:269,0
DA:272,3
DA:274,0
DA:275,0
LF:86
LH:73
BRDA:46,0,0,1
BRDA:46,0,1,5
BRDA:91,1,0,1
BRDA:134,2,0,0
BRDA:190,3,0,0
BRDA:245,4,0,3
BRDA:268,5,0,0
BRF:7
BRH:4
end_of_record
TN:
SF:product/api/src/router/cloud/gcp/util/validate-processor/gcpValidateProcessor.ts
FN:24,(anonymous_0)
FN:29,(anonymous_1)
FN:74,(anonymous_2)
FNF:3
FNH:3
FNDA:43,(anonymous_0)
FNDA:14,(anonymous_1)
FNDA:16,(anonymous_2)
DA:5,11
DA:6,11
DA:7,11
DA:8,11
DA:11,11
DA:12,11
DA:13,11
DA:15,11
DA:17,11
DA:18,11
DA:19,11
DA:21,11
DA:22,11
DA:25,43
DA:26,43
DA:41,14
DA:42,14
DA:48,9
DA:50,9
DA:51,9
DA:58,9
DA:59,5
DA:61,4
DA:64,9
DA:66,5
DA:67,5
DA:68,1
DA:70,4
DA:79,16
DA:80,16
DA:85,11
DA:86,11
DA:87,1
DA:89,10
DA:90,10
DA:91,0
DA:93,10
DA:97,10
LF:38
LH:37
BRDA:48,0,0,5
BRDA:48,0,1,4
BRDA:58,1,0,5
BRDA:58,1,1,4
BRDA:67,2,0,1
BRDA:86,3,0,1
BRDA:90,4,0,0
BRDA:90,5,0,10
BRDA:90,5,1,10
BRDA:24,6,0,11
BRDA:24,6,1,0
BRDA:24,7,0,11
BRDA:24,7,1,11
BRDA:24,8,0,11
BRDA:24,8,1,0
BRDA:24,9,0,11
BRDA:24,9,1,11
BRF:17
BRH:14
end_of_record
TN:
SF:product/api/src/router/cloud/gcp/validate/validate.controller.ts
FN:17,(anonymous_0)
FN:20,(anonymous_1)
FN:29,(anonymous_2)
FN:38,(anonymous_3)
FNF:4
FNH:1
FNDA:15,(anonymous_0)
FNDA:0,(anonymous_1)
FNDA:0,(anonymous_2)
FNDA:0,(anonymous_3)
DA:1,3
DA:2,3
DA:3,3
DA:4,3
DA:12,3
DA:13,3
DA:15,3
DA:16,3
DA:17,15
DA:20,3
DA:24,0
DA:25,0
DA:29,3
DA:33,0
DA:34,0
DA:38,3
DA:39,0
LF:17
LH:12
BRDA:21,0,0,3
BRDA:21,0,1,0
BRDA:21,1,0,3
BRDA:21,1,1,3
BRDA:21,2,0,3
BRDA:21,2,1,0
BRDA:21,3,0,3
BRDA:21,3,1,3
BRDA:23,4,0,3
BRDA:23,4,1,0
BRDA:23,5,0,3
BRDA:23,5,1,3
BRDA:30,6,0,3
BRDA:30,6,1,0
BRDA:30,7,0,3
BRDA:30,7,1,3
BRDA:30,8,0,3
BRDA:30,8,1,0
BRDA:30,9,0,3
BRDA:30,9,1,3
BRDA:32,10,0,3
BRDA:32,10,1,0
BRDA:32,11,0,3
BRDA:32,11,1,3
BRDA:38,12,0,3
BRDA:38,12,1,0
BRDA:38,13,0,3
BRDA:38,13,1,3
BRDA:38,14,0,3
BRDA:38,14,1,0
BRDA:38,15,0,3
BRDA:38,15,1,3
BRDA:17,16,0,3
BRDA:17,16,1,0
BRDA:17,17,0,3
BRDA:17,17,1,3
BRF:36
BRH:27
end_of_record
TN:
SF:product/api/src/router/cloud/gcp/validate/validate.service.ts
FN:17,(anonymous_0)
FN:21,(anonymous_1)
FN:36,(anonymous_2)
FN:71,(anonymous_3)
FN:86,(anonymous_4)
FNF:5
FNH:5
FNDA:20,(anonymous_0)
FNDA:1,(anonymous_1)
FNDA:3,(anonymous_2)
FNDA:1,(anonymous_3)
FNDA:3,(anonymous_4)
DA:2,4
DA:4,4
DA:6,4
DA:7,4
DA:8,4
DA:9,4
DA:10,4
DA:11,4
DA:12,4
DA:13,4
DA:15,4
DA:16,4
DA:18,20
DA:19,20
DA:22,1
DA:24,1
DA:33,1
DA:37,3
DA:38,1
DA:41,2
DA:43,2
DA:44,1
DA:45,1
DA:46,1
DA:48,1
DA:57,1
DA:60,1
DA:68,1
DA:72,1
DA:73,1
DA:82,1
DA:83,1
DA:87,3
LF:33
LH:33
BRDA:37,0,0,1
BRDA:37,1,0,3
BRDA:37,1,1,2
BRDA:43,2,0,1
BRDA:18,3,0,4
BRDA:18,3,1,0
BRDA:18,4,0,4
BRDA:18,4,1,4
BRDA:18,5,0,4
BRDA:18,5,1,0
BRDA:18,6,0,4
BRDA:18,6,1,4
BRF:12
BRH:10
end_of_record
TN:
SF:product/api/src/router/cloud/gcp/validate/dto/index.ts
FNF:0
FNH:0
DA:1,3
DA:2,3
DA:3,3
LF:3
LH:3
BRF:0
BRH:0
end_of_record
TN:
SF:product/api/src/router/cloud/gcp/validate/dto/patch.dto.ts
FN:9,(anonymous_0)
FN:10,(anonymous_1)
FNF:2
FNH:0
FNDA:0,(anonymous_0)
FNDA:0,(anonymous_1)
DA:1,3
DA:2,3
DA:3,3
DA:4,3
DA:5,3
DA:7,3
DA:9,0
DA:10,0
DA:11,3
DA:14,3
LF:10
LH:8
BRDA:11,0,0,0
BRDA:11,0,1,3
BRDA:11,1,0,3
BRDA:11,1,1,0
BRF:4
BRH:2
end_of_record
TN:
SF:product/api/src/router/cloud/gcp/validate/dto/post.dto.ts
FN:8,(anonymous_0)
FN:9,(anonymous_1)
FNF:2
FNH:0
FNDA:0,(anonymous_0)
FNDA:0,(anonymous_1)
DA:1,3
DA:2,3
DA:3,3
DA:4,3
DA:5,3
DA:7,3
DA:8,0
DA:9,0
DA:10,3
DA:13,3
LF:10
LH:8
BRDA:10,0,0,0
BRDA:10,0,1,3
BRDA:10,1,0,3
BRDA:10,1,1,0
BRF:4
BRH:2
end_of_record
TN:
SF:product/api/src/router/cloud/gcp/validate/dto/sse.dto.ts
FNF:0
FNH:0
DA:1,3
DA:2,3
DA:5,3
DA:7,3
DA:10,3
LF:5
LH:5
BRF:0
BRH:0
end_of_record
TN:
SF:product/api/src/router/config/config.controller.ts
FN:8,(anonymous_0)
FN:11,(anonymous_1)
FNF:2
FNH:2
FNDA:2,(anonymous_0)
FNDA:1,(anonymous_1)
DA:1,1
DA:2,1
DA:3,1
DA:6,1
DA:7,1
DA:8,2
DA:11,1
DA:12,1
DA:13,1
LF:9
LH:9
BRDA:11,0,0,1
BRDA:11,0,1,0
BRDA:11,1,0,1
BRDA:11,1,1,1
BRDA:8,2,0,1
BRDA:8,2,1,0
BRDA:8,3,0,1
BRDA:8,3,1,1
BRF:8
BRH:6
end_of_record
TN:
SF:product/api/src/router/config/config.service.ts
FN:7,(anonymous_0)
FNF:1
FNH:1
FNDA:2,(anonymous_0)
DA:1,2
DA:3,2
DA:6,2
DA:8,2
LF:4
LH:4
BRF:0
BRH:0
end_of_record
TN:
SF:product/api/src/router/logger/consumer.service.ts
FN:8,(anonymous_0)
FN:12,(anonymous_1)
FNF:2
FNH:0
FNDA:0,(anonymous_0)
FNDA:0,(anonymous_1)
DA:1,1
DA:2,1
DA:4,1
DA:5,1
DA:9,0
DA:13,0
LF:6
LH:4
BRF:0
BRH:0
end_of_record
TN:
SF:product/api/src/router/logger/logger.controller.ts
FN:13,(anonymous_0)
FN:15,(anonymous_1)
FN:20,(anonymous_2)
FNF:3
FNH:3
FNDA:3,(anonymous_0)
FNDA:1,(anonymous_1)
FNDA:1,(anonymous_2)
DA:1,1
DA:2,1
DA:3,1
DA:4,1
DA:5,1
DA:6,1
DA:7,1
DA:8,1
DA:10,1
DA:12,1
DA:13,3
DA:16,1
DA:20,1
DA:25,1
DA:26,1
LF:15
LH:15
BRDA:21,0,0,1
BRDA:21,0,1,0
BRDA:21,1,0,1
BRDA:21,1,1,1
BRDA:21,2,0,0
BRDA:21,2,1,1
BRDA:21,3,0,1
BRDA:21,3,1,0
BRDA:24,4,0,1
BRDA:24,4,1,0
BRDA:24,5,0,1
BRDA:24,5,1,1
BRDA:13,6,0,1
BRDA:13,6,1,0
BRDA:13,7,0,1
BRDA:13,7,1,1
BRDA:13,8,0,1
BRDA:13,8,1,0
BRDA:13,9,0,1
BRDA:13,9,1,1
BRF:20
BRH:14
end_of_record
TN:
SF:product/api/src/router/logger/logger.service.ts
FN:9,(anonymous_0)
FNF:1
FNH:1
FNDA:1,(anonymous_0)
DA:1,2
DA:3,2
DA:5,2
DA:8,2
DA:10,1
DA:11,1
DA:13,1
DA:14,0
DA:17,1
DA:19,1
DA:21,1
DA:22,1
LF:12
LH:11
BRDA:13,0,0,0
BRF:1
BRH:0
end_of_record
TN:
SF:product/api/src/router/logger/dto/create.dto.ts
FNF:0
FNH:0
DA:1,1
DA:2,1
DA:3,1
DA:5,1
DA:7,1
DA:11,1
DA:14,1
DA:17,1
DA:20,1
DA:23,1
DA:26,1
LF:11
LH:11
BRDA:7,0,0,0
BRDA:7,0,1,1
BRDA:7,1,0,1
BRDA:7,1,1,0
BRDA:17,2,0,0
BRDA:17,2,1,1
BRDA:17,3,0,1
BRDA:17,3,1,0
BRF:8
BRH:4
end_of_record
TN:
SF:product/api/src/util/logCollectRequester.ts
FN:14,(anonymous_0)
FN:18,(anonymous_1)
FN:22,(anonymous_2)
FN:50,(anonymous_3)
FN:78,(anonymous_4)
FN:106,(anonymous_5)
FNF:6
FNH:5
FNDA:102,(anonymous_0)
FNDA:0,(anonymous_1)
FNDA:9,(anonymous_2)
FNDA:11,(anonymous_3)
FNDA:2,(anonymous_4)
FNDA:20,(anonymous_5)
DA:2,36
DA:3,36
DA:4,36
DA:6,36
DA:8,36
DA:10,36
DA:11,36
DA:14,102
DA:15,102
DA:19,0
DA:26,9
DA:27,9
DA:28,9
DA:29,9
DA:36,9
DA:41,4
DA:42,4
DA:44,0
DA:46,9
DA:54,11
DA:55,11
DA:56,11
DA:57,11
DA:64,11
DA:69,4
DA:70,4
DA:72,0
DA:74,11
DA:88,2
DA:89,2
DA:90,2
DA:91,2
DA:92,2
DA:97,0
DA:98,0
DA:100,0
DA:102,2
DA:113,20
DA:114,20
LF:39
LH:33
BRDA:41,0,0,4
BRDA:69,1,0,4
BRDA:97,2,0,0
BRDA:113,3,0,3
BRDA:113,3,1,17
BRDA:14,4,0,36
BRDA:14,4,1,0
BRDA:14,5,0,36
BRDA:14,5,1,36
BRF:9
BRH:7
end_of_record
TN:
SF:product/api/src/util/typeGuard.ts
FN:3,isValidateResponseDataType
FNF:1
FNH:0
FNDA:0,isValidateResponseDataType
DA:3,24
DA:4,0
DA:5,0
DA:7,0
DA:8,0
DA:9,0
LF:6
LH:1
BRDA:4,0,0,0
BRDA:4,1,0,0
BRDA:4,1,1,0
BRDA:7,2,0,0
BRDA:7,2,1,0
BRDA:8,3,0,0
BRDA:8,3,1,0
BRDA:9,4,0,0
BRDA:9,4,1,0
BRF:9
BRH:0
end_of_record
TN:
SF:product/api/src/util/validateProcessor.ts
FN:22,(anonymous_0)
FN:31,(anonymous_1)
FN:40,(anonymous_2)
FN:68,(anonymous_3)
FN:80,(anonymous_4)
FNF:5
FNH:5
FNDA:124,(anonymous_0)
FNDA:2,(anonymous_1)
FNDA:2,(anonymous_2)
FNDA:41,(anonymous_3)
FNDA:42,(anonymous_4)
DA:1,35
DA:2,35
DA:15,35
DA:16,35
DA:17,35
DA:19,35
DA:23,124
DA:24,124
DA:26,124
DA:27,124
DA:28,124
DA:40,2
DA:41,2
DA:42,1
DA:44,1
DA:47,2
DA:49,2
DA:50,2
DA:60,2
DA:61,2
DA:63,0
DA:64,0
DA:72,41
DA:74,41
DA:75,41
DA:77,41
DA:81,42
DA:82,42
DA:83,42
DA:84,42
DA:85,36
DA:86,36
LF:32
LH:30
BRDA:41,0,0,1
BRDA:41,0,1,1
BRDA:72,1,0,24
BRDA:72,1,1,17
BRF:4
BRH:4
end_of_record
TN:
SF:product/api/src/util/validatePulsarConsumer.ts
FN:8,(anonymous_0)
FN:12,(anonymous_1)
FNF:2
FNH:0
FNDA:0,(anonymous_0)
FNDA:0,(anonymous_1)
DA:1,24
DA:5,24
DA:7,24
DA:8,0
DA:9,0
DA:13,0
DA:14,0
DA:15,0
DA:16,0
DA:19,0
DA:20,0
LF:11
LH:3
BRDA:14,0,0,0
BRF:1
BRH:0
end_of_record
TN:
SF:product/api/src/util/cloud/util.ts
FN:4,getUserIdByLoginId
FNF:1
FNH:0
FNDA:0,getUserIdByLoginId
DA:1,15
DA:2,15
DA:4,15
DA:5,0
DA:6,0
DA:8,0
DA:9,0
DA:12,0
LF:8
LH:3
BRDA:8,0,0,0
BRF:1
BRH:0
end_of_record
TN:
SF:product/api/src/util/cloud/script-generator/awsScriptGenerator.ts
FN:14,(anonymous_0)
FN:24,(anonymous_1)
FN:226,(anonymous_2)
FN:282,(anonymous_3)
FN:303,(anonymous_4)
FN:314,(anonymous_5)
FN:350,(anonymous_6)
FN:368,(anonymous_7)
FN:480,(anonymous_8)
FNF:9
FNH:9
FNDA:11,(anonymous_0)
FNDA:8,(anonymous_1)
FNDA:8,(anonymous_2)
FNDA:4,(anonymous_3)
FNDA:4,(anonymous_4)
FNDA:8,(anonymous_5)
FNDA:4,(anonymous_6)
FNDA:4,(anonymous_7)
FNDA:4,(anonymous_8)
DA:3,3
DA:5,3
DA:15,11
DA:16,11
DA:17,11
DA:18,11
DA:19,11
DA:20,11
DA:21,11
DA:30,8
DA:78,8
DA:79,4
DA:199,4
DA:206,8
DA:223,8
DA:235,8
DA:283,4
DA:304,4
DA:315,8
DA:351,4
DA:369,4
DA:481,4
DA:482,2
DA:484,4
LF:24
LH:24
BRDA:78,0,0,4
BRDA:78,0,1,4
BRDA:212,1,0,4
BRDA:212,1,1,4
BRDA:257,2,0,4
BRDA:257,2,1,4
BRDA:260,3,0,4
BRDA:260,3,1,4
BRDA:262,4,0,4
BRDA:262,4,1,4
BRDA:265,5,0,4
BRDA:265,5,1,4
BRDA:269,6,0,4
BRDA:269,6,1,4
BRDA:274,7,0,4
BRDA:274,7,1,4
BRDA:276,8,0,4
BRDA:276,8,1,4
BRDA:278,9,0,4
BRDA:278,9,1,4
BRDA:288,10,0,2
BRDA:288,10,1,2
BRDA:295,11,0,2
BRDA:295,11,1,2
BRDA:307,12,0,2
BRDA:307,12,1,2
BRDA:318,13,0,4
BRDA:318,13,1,4
BRDA:320,14,0,4
BRDA:320,14,1,4
BRDA:324,15,0,4
BRDA:324,15,1,4
BRDA:327,16,0,4
BRDA:327,16,1,4
BRDA:331,17,0,4
BRDA:331,17,1,4
BRDA:336,18,0,4
BRDA:336,18,1,4
BRDA:341,19,0,4
BRDA:341,19,1,4
BRDA:346,20,0,4
BRDA:346,20,1,4
BRDA:354,21,0,2
BRDA:354,21,1,2
BRDA:356,22,0,2
BRDA:356,22,1,2
BRDA:360,23,0,2
BRDA:360,23,1,2
BRDA:363,24,0,2
BRDA:363,24,1,2
BRDA:404,25,0,2
BRDA:404,25,1,2
BRDA:407,26,0,2
BRDA:407,26,1,2
BRDA:409,27,0,2
BRDA:409,27,1,2
BRDA:442,28,0,2
BRDA:442,28,1,2
BRDA:446,29,0,2
BRDA:446,29,1,2
BRDA:451,30,0,2
BRDA:451,30,1,2
BRDA:457,31,0,2
BRDA:457,31,1,2
BRDA:461,32,0,2
BRDA:461,32,1,2
BRDA:465,33,0,2
BRDA:465,33,1,2
BRDA:470,34,0,2
BRDA:470,34,1,2
BRDA:474,35,0,2
BRDA:474,35,1,2
BRDA:481,36,0,2
BRF:73
BRH:73
end_of_record
TN:
SF:product/api/src/util/cloud/script-generator/index.ts
FNF:0
FNH:0
DA:1,2
DA:2,2
LF:2
LH:2
BRF:0
BRH:0
end_of_record
TN:
SF:product/api/src/util/cloud/script-generator/scriptGenerator.ts
FN:5,(anonymous_0)
FNF:1
FNH:1
FNDA:2,(anonymous_0)
DA:4,4
DA:6,2
DA:7,2
DA:8,1
DA:9,1
DA:23,1
DA:24,1
LF:7
LH:7
BRDA:7,0,0,1
BRF:1
BRH:1
end_of_record
