{"total": {"lines":{"total":130,"covered":35,"skipped":0,"pct":26.92},"statements":{"total":130,"covered":35,"skipped":0,"pct":26.92},"functions":{"total":28,"covered":7,"skipped":0,"pct":25},"branches":{"total":20,"covered":1,"skipped":0,"pct":5},"branchesTrue":{"total":0,"covered":0,"skipped":0,"pct":100}}
,"/home/user1/repo/securecloud-backendx/module/pulsar/src/pulsarClient.ts": {"lines":{"total":40,"covered":9,"skipped":0,"pct":22.5},"functions":{"total":8,"covered":1,"skipped":0,"pct":12.5},"statements":{"total":40,"covered":9,"skipped":0,"pct":22.5},"branches":{"total":4,"covered":0,"skipped":0,"pct":0}}
,"/home/user1/repo/securecloud-backendx/module/pulsar/src/consumer/log.consumer.ts": {"lines":{"total":22,"covered":0,"skipped":0,"pct":0},"functions":{"total":4,"covered":0,"skipped":0,"pct":0},"statements":{"total":22,"covered":0,"skipped":0,"pct":0},"branches":{"total":10,"covered":0,"skipped":0,"pct":0}}
,"/home/user1/repo/securecloud-backendx/module/pulsar/src/module/cachedProducer.ts": {"lines":{"total":25,"covered":8,"skipped":0,"pct":32},"functions":{"total":4,"covered":2,"skipped":0,"pct":50},"statements":{"total":25,"covered":8,"skipped":0,"pct":32},"branches":{"total":2,"covered":0,"skipped":0,"pct":0}}
,"/home/user1/repo/securecloud-backendx/module/pulsar/src/module/consumer.ts": {"lines":{"total":11,"covered":0,"skipped":0,"pct":0},"functions":{"total":4,"covered":0,"skipped":0,"pct":0},"statements":{"total":11,"covered":0,"skipped":0,"pct":0},"branches":{"total":2,"covered":0,"skipped":0,"pct":0}}
,"/home/user1/repo/securecloud-backendx/module/pulsar/src/module/producer.ts": {"lines":{"total":16,"covered":4,"skipped":0,"pct":25},"functions":{"total":5,"covered":1,"skipped":0,"pct":20},"statements":{"total":16,"covered":4,"skipped":0,"pct":25},"branches":{"total":1,"covered":0,"skipped":0,"pct":0}}
,"/home/user1/repo/securecloud-backendx/module/pulsar/src/module/pulsarLogSender.ts": {"lines":{"total":12,"covered":12,"skipped":0,"pct":100},"functions":{"total":3,"covered":3,"skipped":0,"pct":100},"statements":{"total":12,"covered":12,"skipped":0,"pct":100},"branches":{"total":1,"covered":1,"skipped":0,"pct":100}}
,"/home/user1/repo/securecloud-backendx/module/pulsar/src/type/subscription.type.ts": {"lines":{"total":2,"covered":0,"skipped":0,"pct":0},"functions":{"total":0,"covered":0,"skipped":0,"pct":100},"statements":{"total":2,"covered":0,"skipped":0,"pct":0},"branches":{"total":0,"covered":0,"skipped":0,"pct":100}}
,"/home/user1/repo/securecloud-backendx/module/pulsar/src/type/topic.type.ts": {"lines":{"total":2,"covered":2,"skipped":0,"pct":100},"functions":{"total":0,"covered":0,"skipped":0,"pct":100},"statements":{"total":2,"covered":2,"skipped":0,"pct":100},"branches":{"total":0,"covered":0,"skipped":0,"pct":100}}
}
