TN:
SF:module/pg/src/connection/connection.ts
FN:12,(anonymous_0)
FN:18,(anonymous_1)
FN:30,(anonymous_2)
FN:34,(anonymous_3)
FNF:4
FNH:4
FNDA:9,(anonymous_0)
FNDA:2016,(anonymous_1)
FNDA:11,(anonymous_2)
FNDA:19,(anonymous_3)
DA:2,6
DA:3,6
DA:5,6
DA:6,9
DA:13,9
DA:14,9
DA:15,9
DA:19,2016
DA:20,2016
DA:21,2016
DA:23,0
DA:25,2016
DA:27,2016
DA:31,11
DA:35,19
DA:36,5
DA:39,19
LF:17
LH:16
BRDA:35,0,0,5
BRF:1
BRH:1
end_of_record
TN:
SF:module/pg/src/connection/dataSource.ts
FN:10,(anonymous_0)
FN:23,(anonymous_1)
FN:33,(anonymous_2)
FN:41,(anonymous_3)
FNF:4
FNH:3
FNDA:11,(anonymous_0)
FNDA:0,(anonymous_1)
FNDA:17,(anonymous_2)
FNDA:11,(anonymous_3)
DA:1,7
DA:2,7
DA:4,7
DA:5,7
DA:7,7
DA:11,11
DA:24,0
DA:30,0
DA:34,17
DA:35,4
DA:38,13
DA:42,11
LF:12
LH:10
BRDA:34,0,0,4
BRF:1
BRH:1
end_of_record
TN:
SF:module/pg/src/constant/typeLength.constant.ts
FNF:0
FNH:0
DA:1,7
LF:1
LH:1
BRF:0
BRH:0
end_of_record
TN:
SF:module/pg/src/entity/cloud/cloud.entity.ts
FN:11,(anonymous_0)
FNF:1
FNH:1
FNDA:14,(anonymous_0)
DA:6,7
DA:7,7
DA:8,7
DA:11,7
DA:13,14
DA:16,7
DA:19,7
DA:22,7
DA:25,7
DA:28,7
DA:31,7
DA:34,7
DA:37,7
DA:40,7
DA:43,7
DA:46,7
DA:49,7
DA:52,7
DA:55,7
DA:58,7
DA:61,7
DA:64,7
LF:22
LH:22
BRF:0
BRH:0
end_of_record
TN:
SF:module/pg/src/entity/cloud/cloudOrganization.entity.ts
FN:11,(anonymous_0)
FNF:1
FNH:1
FNDA:14,(anonymous_0)
DA:6,7
DA:7,7
DA:8,7
DA:11,7
DA:13,14
DA:16,7
DA:19,7
DA:22,7
DA:25,7
DA:28,7
DA:31,7
DA:34,7
DA:37,7
DA:40,7
DA:43,7
DA:46,7
DA:49,7
DA:52,7
LF:18
LH:18
BRF:0
BRH:0
end_of_record
TN:
SF:module/pg/src/entity/cloud/index.ts
FNF:0
FNH:0
DA:1,7
DA:2,7
DA:4,7
LF:3
LH:3
BRF:0
BRH:0
end_of_record
TN:
SF:module/pg/src/entity/log/index.ts
FNF:0
FNH:0
DA:1,7
DA:3,7
LF:2
LH:2
BRF:0
BRH:0
end_of_record
TN:
SF:module/pg/src/entity/log/log.entity.ts
FNF:0
FNH:0
DA:1,7
DA:4,7
DA:6,7
DA:9,7
DA:12,7
DA:15,7
DA:18,7
DA:21,7
DA:24,7
DA:27,7
DA:30,7
DA:33,7
LF:12
LH:12
BRF:0
BRH:0
end_of_record
TN:
SF:module/pg/src/entity/user/index.ts
FNF:0
FNH:0
DA:1,7
DA:3,7
LF:2
LH:2
BRF:0
BRH:0
end_of_record
TN:
SF:module/pg/src/entity/user/user.entity.ts
FN:7,(anonymous_0)
FN:8,(anonymous_1)
FN:8,(anonymous_2)
FNF:3
FNH:3
FNDA:11,(anonymous_0)
FNDA:11,(anonymous_1)
FNDA:11,(anonymous_2)
DA:1,7
DA:2,7
DA:3,7
DA:4,7
DA:7,7
DA:8,11
DA:10,11
DA:13,7
LF:8
LH:8
BRF:0
BRH:0
end_of_record
TN:
SF:module/pg/src/error/dataSource.error.ts
FN:4,(anonymous_0)
FNF:1
FNH:1
FNDA:1,(anonymous_0)
DA:1,5
DA:3,5
DA:5,1
DA:6,1
DA:7,1
LF:5
LH:5
BRF:0
BRH:0
end_of_record
TN:
SF:module/pg/src/error/schema.error.ts
FN:4,(anonymous_0)
FNF:1
FNH:1
FNDA:4,(anonymous_0)
DA:1,7
DA:3,7
DA:5,4
DA:6,4
DA:7,4
LF:5
LH:5
BRF:0
BRH:0
end_of_record
TN:
SF:module/pg/src/repository/abstract.repository.ts
FN:14,(anonymous_0)
FN:27,(anonymous_1)
FN:41,(anonymous_2)
FN:49,(anonymous_3)
FN:54,(anonymous_4)
FN:74,(anonymous_5)
FN:80,(anonymous_6)
FNF:7
FNH:3
FNDA:11,(anonymous_0)
FNDA:10,(anonymous_1)
FNDA:22,(anonymous_2)
FNDA:0,(anonymous_3)
FNDA:0,(anonymous_4)
FNDA:0,(anonymous_5)
FNDA:0,(anonymous_6)
DA:3,5
DA:4,5
DA:6,5
DA:15,11
DA:17,11
DA:18,1
DA:19,1
DA:21,10
DA:24,11
DA:28,10
DA:29,1
DA:32,9
DA:33,9
DA:35,0
DA:36,0
DA:38,9
DA:42,22
DA:43,1
DA:46,21
DA:50,0
DA:51,0
DA:55,0
DA:56,0
DA:59,0
DA:60,0
DA:63,0
DA:64,0
DA:65,0
DA:68,0
DA:69,0
DA:70,0
DA:75,0
DA:76,0
DA:77,0
DA:81,0
DA:82,0
DA:83,0
LF:37
LH:17
BRDA:17,0,0,1
BRDA:17,0,1,10
BRDA:19,1,0,1
BRDA:19,1,1,0
BRDA:28,2,0,1
BRDA:42,3,0,1
BRDA:55,4,0,0
BRDA:59,5,0,0
BRDA:64,6,0,0
BRF:9
BRH:5
end_of_record
TN:
SF:module/pg/src/repository/abstractEntity.repository.ts
FN:7,(anonymous_0)
FN:12,(anonymous_1)
FN:20,(anonymous_2)
FN:26,(anonymous_3)
FNF:4
FNH:4
FNDA:8,(anonymous_0)
FNDA:17,(anonymous_1)
FNDA:2,(anonymous_2)
FNDA:6,(anonymous_3)
DA:3,5
DA:4,5
DA:8,8
DA:9,8
DA:13,17
DA:14,0
DA:16,17
DA:17,17
DA:21,2
DA:22,2
DA:23,2
DA:27,6
DA:28,6
DA:29,6
LF:14
LH:13
BRDA:13,0,0,0
BRF:1
BRH:0
end_of_record
TN:
SF:module/pg/src/repository/abstractEntityCursorPagination.repository.ts
FN:11,(anonymous_0)
FN:18,(anonymous_1)
FNF:2
FNH:2
FNDA:3,(anonymous_0)
FNDA:7,(anonymous_1)
DA:3,3
DA:4,3
DA:6,3
DA:12,3
DA:13,3
DA:19,7
DA:20,7
DA:21,7
DA:33,7
DA:34,7
DA:39,7
LF:11
LH:11
BRDA:19,0,0,7
BRDA:19,0,1,7
BRDA:27,1,0,7
BRDA:27,1,1,5
BRDA:28,2,0,1
BRDA:28,2,1,6
BRDA:29,3,0,3
BRDA:29,3,1,4
BRDA:35,4,0,7
BRDA:35,4,1,0
BRDA:36,5,0,7
BRDA:36,5,1,4
BRF:12
BRH:11
end_of_record
TN:
SF:module/pg/src/repository/abstractEntityOffsetPagination.repository.ts
FN:8,(anonymous_0)
FNF:1
FNH:1
FNDA:2,(anonymous_0)
DA:2,5
DA:3,5
DA:5,5
DA:12,2
DA:13,2
DA:15,2
LF:6
LH:6
BRF:0
BRH:0
end_of_record
TN:
SF:module/pg/src/repository/abstractEntityPagination.repository.ts
FNF:0
FNH:0
DA:2,5
DA:4,5
LF:2
LH:2
BRF:0
BRH:0
end_of_record
TN:
SF:module/pg/src/repository/cloud/cloud.repository.ts
FN:7,(anonymous_0)
FN:11,(anonymous_1)
FN:16,(anonymous_2)
FN:21,(anonymous_3)
FN:26,(anonymous_4)
FNF:5
FNH:2
FNDA:2,(anonymous_0)
FNDA:0,(anonymous_1)
FNDA:0,(anonymous_2)
FNDA:0,(anonymous_3)
FNDA:2,(anonymous_4)
DA:2,1
DA:3,1
DA:6,1
DA:8,2
DA:12,0
DA:13,0
DA:17,0
DA:18,0
DA:22,0
DA:23,0
DA:27,2
LF:11
LH:5
BRF:0
BRH:0
end_of_record
TN:
SF:module/pg/src/repository/cloud/cloudOrganization.repository.ts
FN:7,(anonymous_0)
FN:11,(anonymous_1)
FN:16,(anonymous_2)
FN:24,(anonymous_3)
FN:29,(anonymous_4)
FNF:5
FNH:2
FNDA:2,(anonymous_0)
FNDA:0,(anonymous_1)
FNDA:0,(anonymous_2)
FNDA:0,(anonymous_3)
FNDA:2,(anonymous_4)
DA:2,1
DA:3,1
DA:6,1
DA:8,2
DA:12,0
DA:13,0
DA:20,0
DA:21,0
DA:25,0
DA:26,0
DA:30,2
LF:11
LH:5
BRF:0
BRH:0
end_of_record
TN:
SF:module/pg/src/repository/cloud/index.ts
FNF:0
FNH:0
DA:1,0
DA:2,0
LF:2
LH:0
BRF:0
BRH:0
end_of_record
TN:
SF:module/pg/src/repository/log/log.repository.ts
FN:6,(anonymous_0)
FN:10,(anonymous_1)
FNF:2
FNH:0
FNDA:0,(anonymous_0)
FNDA:0,(anonymous_1)
DA:2,0
DA:3,0
DA:5,0
DA:7,0
DA:11,0
LF:5
LH:0
BRF:0
BRH:0
end_of_record
TN:
SF:module/pg/src/repository/user/user.repository.ts
FN:7,(anonymous_0)
FN:11,(anonymous_1)
FN:16,(anonymous_2)
FNF:3
FNH:0
FNDA:0,(anonymous_0)
FNDA:0,(anonymous_1)
FNDA:0,(anonymous_2)
DA:2,0
DA:3,0
DA:6,0
DA:8,0
DA:12,0
DA:13,0
DA:17,0
LF:7
LH:0
BRF:0
BRH:0
end_of_record
TN:
SF:module/pg/src/type/deepPartial.type.ts
FNF:0
FNH:0
DA:12,0
DA:28,0
DA:32,0
DA:44,0
LF:4
LH:0
BRF:0
BRH:0
end_of_record
TN:
SF:module/pg/src/type/log.type.ts
FNF:0
FNH:0
DA:2,0
DA:4,0
DA:11,0
LF:3
LH:0
BRF:0
BRH:0
end_of_record
