TN:
SF:product/log-collector/src/exception.ts
FN:6,(anonymous_0)
FN:12,(anonymous_1)
FN:18,(anonymous_2)
FN:24,(anonymous_3)
FNF:4
FNH:4
FNDA:22,(anonymous_0)
FNDA:4,(anonymous_1)
FNDA:8,(anonymous_2)
FNDA:6,(anonymous_3)
DA:2,16
DA:3,16
DA:5,16
DA:7,22
DA:11,16
DA:13,4
DA:17,16
DA:19,8
DA:23,16
DA:25,6
LF:10
LH:10
BRF:0
BRH:0
end_of_record
TN:
SF:product/log-collector/src/init.ts
FN:3,initService
FNF:1
FNH:0
FNDA:0,initService
DA:1,0
DA:2,0
DA:3,0
DA:4,0
DA:5,0
DA:6,0
DA:7,0
LF:7
LH:0
BRF:0
BRH:0
end_of_record
TN:
SF:product/log-collector/src/collector/constant.ts
FNF:0
FNH:0
DA:1,5
DA:3,5
DA:7,5
DA:11,5
LF:4
LH:4
BRF:0
BRH:0
end_of_record
TN:
SF:product/log-collector/src/collector/exception.ts
FN:6,(anonymous_0)
FN:12,(anonymous_1)
FN:18,(anonymous_2)
FNF:3
FNH:3
FNDA:2,(anonymous_0)
FNDA:10,(anonymous_1)
FNDA:4,(anonymous_2)
DA:2,7
DA:3,7
DA:5,7
DA:7,2
DA:11,7
DA:13,10
DA:17,7
DA:19,4
LF:8
LH:8
BRF:0
BRH:0
end_of_record
TN:
SF:product/log-collector/src/collector/index.ts
FNF:0
FNH:0
DA:1,5
DA:2,5
DA:3,5
DA:4,5
DA:5,5
DA:6,5
LF:6
LH:6
BRF:0
BRH:0
end_of_record
TN:
SF:product/log-collector/src/collector/logCollector.ts
FNF:0
FNH:0
DA:4,7
LF:1
LH:1
BRF:0
BRH:0
end_of_record
TN:
SF:product/log-collector/src/collector/logstash/constant.ts
FN:3,(anonymous_0)
FN:9,(anonymous_1)
FN:11,(anonymous_2)
FN:14,(anonymous_3)
FN:16,(anonymous_4)
FNF:5
FNH:3
FNDA:8,(anonymous_0)
FNDA:0,(anonymous_1)
FNDA:0,(anonymous_2)
FNDA:3,(anonymous_3)
FNDA:5,(anonymous_4)
DA:1,10
DA:3,10
DA:5,10
DA:7,10
DA:9,10
DA:11,10
DA:12,0
DA:14,10
DA:16,10
LF:9
LH:8
BRDA:9,0,0,0
BRDA:9,0,1,0
BRDA:12,1,0,0
BRDA:12,1,1,0
BRDA:14,2,0,3
BRDA:14,2,1,0
BRDA:16,3,0,5
BRDA:16,3,1,0
BRF:8
BRH:2
end_of_record
TN:
SF:product/log-collector/src/collector/logstash/exception.ts
FN:5,(anonymous_0)
FN:11,(anonymous_1)
FN:20,(anonymous_2)
FNF:3
FNH:2
FNDA:6,(anonymous_0)
FNDA:2,(anonymous_1)
FNDA:0,(anonymous_2)
DA:1,9
DA:2,9
DA:4,9
DA:6,6
DA:10,9
DA:12,2
DA:19,9
DA:21,0
DA:22,0
LF:9
LH:7
BRF:0
BRH:0
end_of_record
TN:
SF:product/log-collector/src/collector/logstash/index.ts
FNF:0
FNH:0
DA:1,5
DA:2,5
DA:3,5
DA:4,5
DA:5,5
DA:6,5
LF:6
LH:6
BRF:0
BRH:0
end_of_record
TN:
SF:product/log-collector/src/collector/logstash/logstash.ts
FN:27,(anonymous_0)
FN:31,(anonymous_1)
FN:43,(anonymous_2)
FN:49,(anonymous_3)
FN:57,(anonymous_4)
FN:69,(anonymous_5)
FN:97,(anonymous_6)
FN:115,(anonymous_7)
FN:135,(anonymous_8)
FN:152,(anonymous_9)
FN:156,(anonymous_10)
FN:166,(anonymous_11)
FN:167,(anonymous_12)
FN:178,(anonymous_13)
FN:180,(anonymous_14)
FNF:15
FNH:15
FNDA:27,(anonymous_0)
FNDA:13,(anonymous_1)
FNDA:2,(anonymous_2)
FNDA:1,(anonymous_3)
FNDA:3,(anonymous_4)
FNDA:9,(anonymous_5)
FNDA:4,(anonymous_6)
FNDA:3,(anonymous_7)
FNDA:12,(anonymous_8)
FNDA:15,(anonymous_9)
FNDA:15,(anonymous_10)
FNDA:12,(anonymous_11)
FNDA:2,(anonymous_12)
FNDA:3,(anonymous_13)
FNDA:2,(anonymous_14)
DA:1,6
DA:2,6
DA:3,6
DA:4,6
DA:6,6
DA:8,6
DA:13,6
DA:14,6
DA:15,6
DA:16,6
DA:18,6
DA:19,27
DA:20,27
DA:21,27
DA:22,27
DA:24,27
DA:25,27
DA:27,27
DA:28,27
DA:32,13
DA:33,1
DA:35,12
DA:36,12
DA:38,12
DA:40,12
DA:44,2
DA:45,1
DA:47,1
DA:49,1
DA:50,1
DA:52,1
DA:54,1
DA:58,3
DA:59,1
DA:62,2
DA:63,1
DA:66,1
DA:70,9
DA:71,1
DA:74,8
DA:75,8
DA:76,8
DA:77,8
DA:79,8
DA:80,1
DA:83,7
DA:84,7
DA:86,7
DA:87,7
DA:89,7
DA:91,1
DA:93,8
DA:98,4
DA:99,1
DA:101,3
DA:102,3
DA:103,1
DA:105,2
DA:106,1
DA:109,1
DA:110,1
DA:112,1
DA:116,3
DA:117,1
DA:119,2
DA:120,1
DA:123,1
DA:124,1
DA:125,1
DA:127,0
DA:130,1
DA:132,1
DA:136,12
DA:137,1
DA:140,12
DA:141,12
DA:143,12
DA:144,1
DA:147,12
DA:148,1
DA:153,15
DA:157,15
DA:158,13
DA:163,15
DA:167,12
DA:168,2
DA:169,0
DA:171,2
DA:172,2
DA:174,2
DA:179,3
DA:181,2
DA:182,2
DA:188,3
LF:94
LH:92
BRDA:32,0,0,1
BRDA:44,1,0,1
BRDA:58,2,0,1
BRDA:62,3,0,1
BRDA:70,4,0,1
BRDA:79,5,0,1
BRDA:98,6,0,1
BRDA:102,7,0,1
BRDA:105,8,0,1
BRDA:116,9,0,1
BRDA:119,10,0,1
BRDA:136,11,0,1
BRDA:143,12,0,1
BRDA:147,13,0,1
BRDA:157,14,0,13
BRDA:168,15,0,0
BRF:16
BRH:15
end_of_record
TN:
SF:product/log-collector/src/collector/logstash/pipeline/index.ts
FNF:0
FNH:0
DA:1,6
DA:2,6
LF:2
LH:2
BRF:0
BRH:0
end_of_record
TN:
SF:product/log-collector/src/collector/logstash/pipeline/pipeline.factory.ts
FN:36,(anonymous_0)
FN:53,(anonymous_1)
FN:68,(anonymous_2)
FN:93,(anonymous_3)
FN:109,(anonymous_4)
FNF:5
FNH:5
FNDA:7,(anonymous_0)
FNDA:4,(anonymous_1)
FNDA:7,(anonymous_2)
FNDA:6,(anonymous_3)
FNDA:5,(anonymous_4)
DA:1,7
DA:16,7
DA:17,7
DA:31,7
DA:33,7
DA:34,7
DA:41,7
DA:42,7
DA:56,4
DA:58,2
DA:60,1
DA:62,1
DA:64,0
DA:72,7
DA:74,4
DA:75,1
DA:77,3
DA:79,3
DA:82,3
DA:85,1
DA:87,1
DA:89,1
DA:99,6
DA:101,1
DA:103,4
DA:105,1
DA:113,5
DA:115,4
DA:117,1
LF:29
LH:28
BRDA:56,0,0,2
BRDA:56,0,1,1
BRDA:56,0,2,1
BRDA:56,0,3,0
BRDA:72,1,0,4
BRDA:72,1,1,1
BRDA:72,1,2,1
BRDA:72,1,3,1
BRDA:74,2,0,1
BRDA:79,3,0,3
BRDA:79,3,1,0
BRDA:99,4,0,1
BRDA:99,4,1,4
BRDA:99,4,2,1
BRDA:113,5,0,4
BRDA:113,5,1,1
BRF:16
BRH:14
end_of_record
TN:
SF:product/log-collector/src/collector/logstash/pipeline/pipeline.ts
FN:21,(anonymous_0)
FN:49,(anonymous_1)
FN:56,(anonymous_2)
FN:61,(anonymous_3)
FN:69,(anonymous_4)
FN:73,(anonymous_5)
FN:77,(anonymous_6)
FN:81,(anonymous_7)
FN:85,(anonymous_8)
FN:91,(anonymous_9)
FN:95,(anonymous_10)
FN:97,(anonymous_11)
FNF:12
FNH:12
FNDA:13,(anonymous_0)
FNDA:4,(anonymous_1)
FNDA:1,(anonymous_2)
FNDA:2,(anonymous_3)
FNDA:1,(anonymous_4)
FNDA:1,(anonymous_5)
FNDA:1,(anonymous_6)
FNDA:1,(anonymous_7)
FNDA:4,(anonymous_8)
FNDA:5,(anonymous_9)
FNDA:5,(anonymous_10)
FNDA:15,(anonymous_11)
DA:1,8
DA:3,8
DA:4,8
DA:7,8
DA:19,13
DA:38,13
DA:39,13
DA:40,13
DA:41,13
DA:42,13
DA:43,13
DA:44,13
DA:45,13
DA:46,13
DA:50,4
DA:51,4
DA:53,4
DA:54,3
DA:56,1
DA:57,1
DA:62,2
DA:63,2
DA:64,1
DA:66,1
DA:70,1
DA:74,1
DA:78,1
DA:82,1
DA:86,4
DA:87,3
DA:92,5
DA:96,5
DA:97,5
DA:98,15
DA:100,5
DA:101,5
LF:36
LH:36
BRDA:28,0,0,8
BRDA:53,1,0,3
BRDA:63,2,0,1
BRDA:86,3,0,3
BRF:4
BRH:4
end_of_record
TN:
SF:product/log-collector/src/collector/logstash/plugin/index.ts
FNF:0
FNH:0
DA:1,8
DA:2,8
DA:3,8
DA:4,8
LF:4
LH:4
BRF:0
BRH:0
end_of_record
TN:
SF:product/log-collector/src/collector/logstash/plugin/plugin.ts
FN:2,(anonymous_0)
FNF:1
FNH:1
FNDA:36,(anonymous_0)
DA:1,13
DA:2,36
LF:2
LH:2
BRF:0
BRH:0
end_of_record
TN:
SF:product/log-collector/src/collector/logstash/plugin/filter-plugin/emptyFilterPlugin.ts
FN:4,(anonymous_0)
FNF:1
FNH:0
FNDA:0,(anonymous_0)
DA:1,8
DA:3,8
DA:5,0
LF:3
LH:2
BRF:0
BRH:0
end_of_record
TN:
SF:product/log-collector/src/collector/logstash/plugin/filter-plugin/filterPlugin.ts
FN:6,(anonymous_0)
FN:10,(anonymous_1)
FNF:2
FNH:2
FNDA:9,(anonymous_0)
FNDA:5,(anonymous_1)
DA:2,8
DA:4,8
DA:7,9
DA:8,9
DA:11,5
DA:14,5
LF:6
LH:6
BRF:0
BRH:0
end_of_record
TN:
SF:product/log-collector/src/collector/logstash/plugin/filter-plugin/index.ts
FNF:0
FNH:0
DA:1,8
DA:2,8
DA:3,8
LF:3
LH:3
BRF:0
BRH:0
end_of_record
TN:
SF:product/log-collector/src/collector/logstash/plugin/filter-plugin/mutateFilterPlugin.ts
FN:11,(anonymous_0)
FN:22,(anonymous_1)
FN:31,(anonymous_2)
FNF:3
FNH:0
FNDA:0,(anonymous_0)
FNDA:0,(anonymous_1)
FNDA:0,(anonymous_2)
DA:1,8
DA:3,8
DA:4,8
DA:6,8
DA:8,8
DA:17,0
DA:18,0
DA:19,0
DA:23,0
DA:28,0
DA:32,0
DA:34,0
DA:36,0
DA:38,0
DA:40,0
LF:15
LH:5
BRDA:32,0,0,0
BRDA:32,0,1,0
BRDA:32,0,2,0
BRDA:32,0,3,0
BRF:4
BRH:0
end_of_record
TN:
SF:product/log-collector/src/collector/logstash/plugin/input-plugin/azureInputPlugin.ts
FN:9,(anonymous_0)
FN:16,(anonymous_1)
FN:29,(anonymous_2)
FN:34,(anonymous_3)
FNF:4
FNH:4
FNDA:2,(anonymous_0)
FNDA:2,(anonymous_1)
FNDA:2,(anonymous_2)
FNDA:2,(anonymous_3)
DA:2,9
DA:3,9
DA:5,9
DA:10,2
DA:11,2
DA:12,2
DA:13,2
DA:17,2
DA:26,2
DA:30,2
DA:31,2
DA:35,2
DA:36,2
DA:37,1
DA:39,1
LF:15
LH:15
BRDA:36,0,0,1
BRF:1
BRH:1
end_of_record
TN:
SF:product/log-collector/src/collector/logstash/plugin/input-plugin/constant.ts
FNF:0
FNH:0
DA:3,11
DA:8,11
DA:11,11
DA:12,11
DA:14,11
LF:5
LH:5
BRF:0
BRH:0
end_of_record
TN:
SF:product/log-collector/src/collector/logstash/plugin/input-plugin/exception.ts
FN:5,(anonymous_0)
FN:11,(anonymous_1)
FN:20,(anonymous_2)
FNF:3
FNH:1
FNDA:0,(anonymous_0)
FNDA:0,(anonymous_1)
FNDA:2,(anonymous_2)
DA:1,9
DA:2,9
DA:4,9
DA:6,0
DA:10,9
DA:12,0
DA:19,9
DA:21,2
LF:8
LH:6
BRF:0
BRH:0
end_of_record
TN:
SF:product/log-collector/src/collector/logstash/plugin/input-plugin/gcpInputPlugin.ts
FN:13,(anonymous_0)
FN:20,(anonymous_1)
FN:35,(anonymous_2)
FNF:3
FNH:3
FNDA:3,(anonymous_0)
FNDA:3,(anonymous_1)
FNDA:3,(anonymous_2)
DA:1,9
DA:3,9
DA:4,9
DA:5,9
DA:6,9
DA:8,9
DA:14,3
DA:15,3
DA:16,3
DA:17,3
DA:21,3
DA:23,2
DA:24,2
DA:32,2
DA:36,3
DA:37,3
DA:38,2
DA:40,3
DA:42,1
LF:19
LH:19
BRDA:37,0,0,2
BRF:1
BRH:1
end_of_record
TN:
SF:product/log-collector/src/collector/logstash/plugin/input-plugin/index.ts
FNF:0
FNH:0
DA:1,8
DA:2,8
DA:3,8
DA:4,8
DA:5,8
DA:6,8
DA:7,8
LF:7
LH:7
BRF:0
BRH:0
end_of_record
TN:
SF:product/log-collector/src/collector/logstash/plugin/input-plugin/inputPlugin.ts
FN:9,(anonymous_0)
FN:13,(anonymous_1)
FNF:2
FNH:2
FNDA:17,(anonymous_0)
FNDA:5,(anonymous_1)
DA:3,12
DA:5,12
DA:10,17
DA:11,17
DA:14,5
DA:17,5
LF:6
LH:6
BRF:0
BRH:0
end_of_record
TN:
SF:product/log-collector/src/collector/logstash/plugin/input-plugin/localstackS3InputPlugin.ts
FN:4,(anonymous_0)
FN:8,(anonymous_1)
FNF:2
FNH:2
FNDA:1,(anonymous_0)
FNDA:1,(anonymous_1)
DA:1,9
DA:2,9
DA:4,9
DA:5,1
DA:6,1
DA:9,1
DA:10,1
DA:25,1
LF:8
LH:8
BRF:0
BRH:0
end_of_record
TN:
SF:product/log-collector/src/collector/logstash/plugin/input-plugin/s3InputPlugin.ts
FN:9,(anonymous_0)
FN:17,(anonymous_1)
FNF:2
FNH:2
FNDA:2,(anonymous_0)
FNDA:2,(anonymous_1)
DA:2,9
DA:3,9
DA:6,9
DA:7,2
DA:12,2
DA:14,2
DA:18,2
DA:19,2
DA:24,1
DA:36,1
LF:10
LH:10
BRF:0
BRH:0
end_of_record
TN:
SF:product/log-collector/src/collector/logstash/plugin/output-plugin/httpOutputPlugin.ts
FN:3,(anonymous_0)
FN:5,(anonymous_1)
FNF:2
FNH:2
FNDA:1,(anonymous_0)
FNDA:1,(anonymous_1)
DA:1,9
DA:3,9
DA:4,1
DA:6,1
DA:8,1
DA:12,1
LF:6
LH:6
BRF:0
BRH:0
end_of_record
TN:
SF:product/log-collector/src/collector/logstash/plugin/output-plugin/index.ts
FNF:0
FNH:0
DA:1,8
DA:2,8
LF:2
LH:2
BRF:0
BRH:0
end_of_record
TN:
SF:product/log-collector/src/collector/logstash/plugin/output-plugin/outputPlugin.ts
FN:6,(anonymous_0)
FN:10,(anonymous_1)
FNF:2
FNH:2
FNDA:10,(anonymous_0)
FNDA:5,(anonymous_1)
DA:2,9
DA:4,9
DA:7,10
DA:8,10
DA:11,5
DA:14,5
LF:6
LH:6
BRF:0
BRH:0
end_of_record
TN:
SF:product/log-collector/src/collector/manual/index.ts
FNF:0
FNH:0
DA:1,5
LF:1
LH:1
BRF:0
BRH:0
end_of_record
TN:
SF:product/log-collector/src/collector/manual/manual.ts
FN:10,(anonymous_0)
FN:14,(anonymous_1)
FN:18,(anonymous_2)
FN:19,(anonymous_3)
FN:23,(anonymous_4)
FN:31,(anonymous_5)
FN:35,(anonymous_6)
FN:59,(anonymous_7)
FN:74,(anonymous_8)
FNF:9
FNH:8
FNDA:17,(anonymous_0)
FNDA:0,(anonymous_1)
FNDA:1,(anonymous_2)
FNDA:2,(anonymous_3)
FNDA:6,(anonymous_4)
FNDA:21,(anonymous_5)
FNDA:8,(anonymous_6)
FNDA:2,(anonymous_7)
FNDA:5,(anonymous_8)
DA:1,6
DA:3,6
DA:5,6
DA:6,6
DA:7,6
DA:8,6
DA:10,6
DA:11,17
DA:12,17
DA:15,0
DA:19,1
DA:20,2
DA:24,6
DA:25,3
DA:28,3
DA:32,21
DA:39,8
DA:40,8
DA:41,8
DA:43,8
DA:44,1
DA:47,7
DA:48,7
DA:50,7
DA:52,7
DA:54,1
DA:56,8
DA:63,2
DA:65,2
DA:66,1
DA:69,1
DA:70,1
DA:72,1
DA:75,5
DA:76,1
DA:78,4
DA:79,4
DA:80,4
DA:82,0
DA:85,4
LF:40
LH:38
BRDA:24,0,0,3
BRDA:43,1,0,1
BRDA:65,2,0,1
BRDA:75,3,0,1
BRF:4
BRH:4
end_of_record
TN:
SF:product/log-collector/src/collector/manual/pipeline/exception.ts
FN:5,(anonymous_0)
FNF:1
FNH:0
FNDA:0,(anonymous_0)
DA:1,0
DA:2,0
DA:4,0
DA:6,0
DA:10,0
LF:5
LH:0
BRF:0
BRH:0
end_of_record
TN:
SF:product/log-collector/src/collector/manual/pipeline/pipeline.ts
FN:8,(anonymous_0)
FN:16,(anonymous_1)
FN:20,(anonymous_2)
FN:24,(anonymous_3)
FN:26,(anonymous_4)
FN:31,(anonymous_5)
FN:43,(anonymous_6)
FNF:7
FNH:7
FNDA:12,(anonymous_0)
FNDA:21,(anonymous_1)
FNDA:3,(anonymous_2)
FNDA:11,(anonymous_3)
FNDA:9,(anonymous_4)
FNDA:20,(anonymous_5)
FNDA:6,(anonymous_6)
DA:2,7
DA:4,7
DA:6,12
DA:9,12
DA:10,12
DA:11,12
DA:13,12
DA:17,21
DA:21,3
DA:25,11
DA:26,11
DA:27,9
DA:32,20
DA:33,20
DA:34,9
DA:38,11
DA:39,11
DA:44,6
DA:45,1
DA:47,5
LF:20
LH:20
BRDA:44,0,0,1
BRF:1
BRH:1
end_of_record
TN:
SF:product/log-collector/src/collector/manual/pipeline/strategy/cloudProviderStrategy.factory.ts
FN:10,(anonymous_0)
FNF:1
FNH:1
FNDA:14,(anonymous_0)
DA:1,8
DA:4,8
DA:6,8
DA:7,8
DA:9,8
DA:11,14
DA:12,14
DA:13,13
DA:15,1
LF:9
LH:9
BRDA:12,0,0,13
BRF:1
BRH:1
end_of_record
TN:
SF:product/log-collector/src/collector/manual/pipeline/strategy/cloudProviderStrategy.ts
FN:5,(anonymous_0)
FN:7,(anonymous_1)
FNF:2
FNH:2
FNDA:16,(anonymous_0)
FNDA:3,(anonymous_1)
DA:4,9
DA:5,16
DA:8,3
LF:3
LH:3
BRF:0
BRH:0
end_of_record
TN:
SF:product/log-collector/src/collector/manual/pipeline/strategy/exception.ts
FN:5,(anonymous_0)
FNF:1
FNH:1
FNDA:2,(anonymous_0)
DA:1,8
DA:2,8
DA:4,8
DA:6,2
DA:10,2
LF:5
LH:5
BRF:0
BRH:0
end_of_record
TN:
SF:product/log-collector/src/collector/manual/pipeline/strategy/index.ts
FNF:0
FNH:0
DA:1,7
DA:2,7
DA:3,7
LF:3
LH:3
BRF:0
BRH:0
end_of_record
TN:
SF:product/log-collector/src/collector/manual/pipeline/strategy/ncp/exeption.ts
FN:5,(anonymous_0)
FNF:1
FNH:1
FNDA:13,(anonymous_0)
DA:1,9
DA:2,9
DA:4,9
DA:6,13
DA:10,13
LF:5
LH:5
BRF:0
BRH:0
end_of_record
TN:
SF:product/log-collector/src/collector/manual/pipeline/strategy/ncp/index.ts
FNF:0
FNH:0
DA:1,8
DA:2,8
LF:2
LH:2
BRF:0
BRH:0
end_of_record
TN:
SF:product/log-collector/src/collector/manual/pipeline/strategy/ncp/ncpStrategy.ts
FN:21,(anonymous_0)
FN:30,(anonymous_1)
FN:45,(anonymous_2)
FN:47,(anonymous_3)
FN:56,(anonymous_4)
FN:64,(anonymous_5)
FNF:6
FNH:6
FNDA:16,(anonymous_0)
FNDA:23,(anonymous_1)
FNDA:11,(anonymous_2)
FNDA:6,(anonymous_3)
FNDA:25,(anonymous_4)
FNDA:25,(anonymous_5)
DA:1,9
DA:2,9
DA:4,9
DA:6,9
DA:9,9
DA:11,9
DA:14,9
DA:15,9
DA:22,16
DA:23,16
DA:26,16
DA:27,16
DA:31,23
DA:32,23
DA:33,23
DA:35,23
DA:36,25
DA:37,13
DA:38,13
DA:39,13
DA:42,11
DA:46,11
DA:47,11
DA:48,6
DA:53,11
DA:57,25
DA:58,25
DA:68,25
DA:69,25
DA:70,25
DA:89,25
DA:90,12
DA:92,13
LF:33
LH:33
BRDA:89,0,0,12
BRF:1
BRH:1
end_of_record
TN:
SF:product/log-collector/src/collector/pipeline-config/index.ts
FNF:0
FNH:0
DA:1,13
DA:2,13
DA:3,13
DA:4,13
LF:4
LH:4
BRF:0
BRH:0
end_of_record
TN:
SF:product/log-collector/src/collector/pipeline-config/pipelineConfig.ts
FN:7,(anonymous_0)
FNF:1
FNH:1
FNDA:40,(anonymous_0)
DA:4,13
DA:8,40
LF:2
LH:2
BRF:0
BRH:0
end_of_record
TN:
SF:product/log-collector/src/collector/pipeline-config/logstash/constant.ts
FNF:0
FNH:0
DA:4,14
DA:14,14
DA:18,14
LF:3
LH:3
BRF:0
BRH:0
end_of_record
TN:
SF:product/log-collector/src/collector/pipeline-config/logstash/index.ts
FNF:0
FNH:0
DA:1,13
DA:2,13
DA:3,13
DA:4,13
DA:5,13
DA:6,13
LF:6
LH:6
BRF:0
BRH:0
end_of_record
TN:
SF:product/log-collector/src/collector/pipeline-config/logstash/logstashPipelineConfig.ts
FN:6,(anonymous_0)
FN:10,(anonymous_1)
FNF:2
FNH:2
FNDA:20,(anonymous_0)
FNDA:18,(anonymous_1)
DA:2,13
DA:5,13
DA:7,20
DA:11,18
LF:4
LH:4
BRF:0
BRH:0
end_of_record
TN:
SF:product/log-collector/src/collector/pipeline-config/logstash/logstashPipelineConfigData.ts
FN:13,(anonymous_0)
FNF:1
FNH:1
FNDA:9,(anonymous_0)
DA:1,13
DA:2,13
DA:3,13
DA:5,13
DA:7,13
DA:8,13
DA:9,13
DA:10,13
DA:11,13
DA:13,13
DA:15,13
DA:19,13
DA:24,13
DA:29,13
DA:34,13
LF:15
LH:15
BRDA:24,0,0,0
BRDA:24,0,1,13
BRDA:24,1,0,13
BRDA:24,1,1,0
BRDA:29,2,0,0
BRDA:29,2,1,13
BRDA:29,3,0,13
BRDA:29,3,1,0
BRDA:34,4,0,0
BRDA:34,4,1,13
BRDA:34,5,0,13
BRDA:34,5,1,0
BRF:12
BRH:6
end_of_record
TN:
SF:product/log-collector/src/collector/pipeline-config/logstash/filter/emptyFilterConfigData.ts
FNF:0
FNH:0
DA:1,14
DA:3,14
DA:5,14
LF:3
LH:3
BRF:0
BRH:0
end_of_record
TN:
SF:product/log-collector/src/collector/pipeline-config/logstash/filter/index.ts
FNF:0
FNH:0
DA:1,14
DA:2,14
DA:3,14
LF:3
LH:3
BRF:0
BRH:0
end_of_record
TN:
SF:product/log-collector/src/collector/pipeline-config/logstash/filter/mutateFilterConfigData.ts
FNF:0
FNH:0
DA:1,14
DA:3,14
DA:5,14
LF:3
LH:3
BRF:0
BRH:0
end_of_record
TN:
SF:product/log-collector/src/collector/pipeline-config/logstash/input/azureInputConfigData.ts
FNF:0
FNH:0
DA:1,14
DA:2,14
DA:4,14
DA:6,14
DA:9,14
DA:12,14
DA:15,14
DA:19,14
LF:8
LH:8
BRF:0
BRH:0
end_of_record
TN:
SF:product/log-collector/src/collector/pipeline-config/logstash/input/gcpInputConfigData.ts
FNF:0
FNH:0
DA:1,14
DA:3,14
DA:5,14
DA:8,14
DA:11,14
DA:14,14
DA:17,14
LF:7
LH:7
BRF:0
BRH:0
end_of_record
TN:
SF:product/log-collector/src/collector/pipeline-config/logstash/input/index.ts
FNF:0
FNH:0
DA:1,14
DA:2,14
DA:3,14
DA:4,14
LF:4
LH:4
BRF:0
BRH:0
end_of_record
TN:
SF:product/log-collector/src/collector/pipeline-config/logstash/input/s3InputConfigData.ts
FNF:0
FNH:0
DA:1,14
DA:3,14
DA:5,14
DA:8,14
DA:11,14
DA:14,14
DA:17,14
DA:20,14
LF:8
LH:8
BRF:0
BRH:0
end_of_record
TN:
SF:product/log-collector/src/collector/pipeline-config/logstash/output/httpOutputConfigData.ts
FNF:0
FNH:0
DA:1,14
DA:3,14
DA:5,14
DA:8,14
LF:4
LH:4
BRF:0
BRH:0
end_of_record
TN:
SF:product/log-collector/src/collector/pipeline-config/logstash/output/index.ts
FNF:0
FNH:0
DA:1,14
DA:2,14
DA:3,14
LF:3
LH:3
BRF:0
BRH:0
end_of_record
TN:
SF:product/log-collector/src/collector/pipeline-config/logstash/output/pulsarOutputConfigData.ts
FNF:0
FNH:0
DA:1,14
DA:3,14
DA:5,14
LF:3
LH:3
BRF:0
BRH:0
end_of_record
TN:
SF:product/log-collector/src/collector/pipeline-config/logstash/util/filterTypeSelector.ts
FN:10,(anonymous_0)
FNF:1
FNH:1
FNDA:3,(anonymous_0)
DA:2,14
DA:4,14
DA:5,14
DA:9,14
DA:13,3
DA:17,3
DA:19,1
DA:21,1
DA:23,1
LF:9
LH:9
BRDA:17,0,0,1
BRDA:17,0,1,1
BRDA:17,0,2,1
BRF:3
BRH:3
end_of_record
TN:
SF:product/log-collector/src/collector/pipeline-config/logstash/util/inputTypeSelector.ts
FN:14,(anonymous_0)
FNF:1
FNH:1
FNDA:4,(anonymous_0)
DA:3,14
DA:4,14
DA:10,14
DA:13,14
DA:17,4
DA:21,4
DA:23,1
DA:25,1
DA:27,1
DA:29,1
LF:10
LH:10
BRDA:21,0,0,1
BRDA:21,0,1,1
BRDA:21,0,2,1
BRDA:21,0,3,1
BRF:4
BRH:4
end_of_record
TN:
SF:product/log-collector/src/collector/pipeline-config/logstash/util/outputTypeSelector.ts
FN:9,(anonymous_0)
FNF:1
FNH:1
FNDA:3,(anonymous_0)
DA:3,14
DA:4,14
DA:8,14
DA:12,3
DA:16,3
DA:18,1
DA:20,1
DA:22,1
LF:8
LH:8
BRDA:16,0,0,1
BRDA:16,0,1,1
BRDA:16,0,2,1
BRF:3
BRH:3
end_of_record
TN:
SF:product/log-collector/src/collector/pipeline-config/manual/index.ts
FNF:0
FNH:0
DA:1,13
DA:2,13
DA:3,13
LF:3
LH:3
BRF:0
BRH:0
end_of_record
TN:
SF:product/log-collector/src/collector/pipeline-config/manual/manualPipelineConfig.ts
FN:6,(anonymous_0)
FN:10,(anonymous_1)
FNF:2
FNH:2
FNDA:20,(anonymous_0)
FNDA:85,(anonymous_1)
DA:2,13
DA:5,13
DA:7,20
DA:11,85
LF:4
LH:4
BRF:0
BRH:0
end_of_record
TN:
SF:product/log-collector/src/collector/pipeline-config/manual/ncpPipelineConfigData.ts
FNF:0
FNH:0
DA:1,13
DA:2,13
DA:3,13
DA:5,13
DA:7,13
DA:10,13
DA:13,13
DA:16,13
DA:20,13
LF:9
LH:9
BRDA:16,0,0,0
BRDA:16,0,1,13
BRDA:16,1,0,13
BRDA:16,1,1,0
BRF:4
BRH:2
end_of_record
TN:
SF:product/log-collector/src/log-schema/awsLogSchema.ts
FN:190,(anonymous_0)
FNF:1
FNH:0
FNDA:0,(anonymous_0)
DA:1,0
DA:2,0
DA:7,0
DA:11,0
DA:17,0
DA:21,0
DA:25,0
DA:31,0
DA:35,0
DA:39,0
DA:45,0
DA:49,0
DA:55,0
DA:59,0
DA:63,0
DA:67,0
DA:71,0
DA:77,0
DA:81,0
DA:85,0
DA:89,0
DA:93,0
DA:98,0
DA:102,0
DA:106,0
DA:110,0
DA:114,0
DA:118,0
DA:122,0
DA:126,0
DA:129,0
DA:132,0
DA:136,0
DA:140,0
DA:144,0
DA:148,0
DA:152,0
DA:156,0
DA:160,0
DA:163,0
DA:166,0
DA:169,0
DA:172,0
DA:176,0
DA:179,0
DA:183,0
DA:187,0
DA:190,0
DA:192,0
DA:195,0
DA:198,0
DA:201,0
DA:204,0
DA:208,0
DA:212,0
DA:216,0
DA:220,0
DA:224,0
DA:228,0
DA:232,0
DA:236,0
DA:240,0
DA:244,0
LF:63
LH:0
BRF:0
BRH:0
end_of_record
TN:
SF:product/log-collector/src/log-schema/azureLogSchema.ts
FN:94,(anonymous_0)
FNF:1
FNH:0
FNDA:0,(anonymous_0)
DA:1,0
DA:2,0
DA:7,0
DA:11,0
DA:15,0
DA:19,0
DA:24,0
DA:27,0
DA:31,0
DA:34,0
DA:38,0
DA:41,0
DA:45,0
DA:49,0
DA:53,0
DA:57,0
DA:61,0
DA:65,0
DA:69,0
DA:74,0
DA:78,0
DA:82,0
DA:85,0
DA:87,0
DA:90,0
DA:94,0
DA:95,0
LF:27
LH:0
BRF:0
BRH:0
end_of_record
TN:
SF:product/log-collector/src/log-schema/gcp.type.ts
FNF:0
FNH:0
DA:1,0
DA:15,0
LF:2
LH:0
BRF:0
BRH:0
end_of_record
TN:
SF:product/log-collector/src/log-schema/gcpLogSchema.ts
FN:125,(anonymous_0)
FN:188,(anonymous_1)
FN:301,(anonymous_2)
FN:358,(anonymous_3)
FN:408,(anonymous_4)
FNF:5
FNH:0
FNDA:0,(anonymous_0)
FNDA:0,(anonymous_1)
FNDA:0,(anonymous_2)
FNDA:0,(anonymous_3)
FNDA:0,(anonymous_4)
DA:1,0
DA:2,0
DA:3,0
DA:4,0
DA:8,0
DA:12,0
DA:18,0
DA:22,0
DA:26,0
DA:30,0
DA:36,0
DA:40,0
DA:44,0
DA:48,0
DA:52,0
DA:56,0
DA:60,0
DA:64,0
DA:68,0
DA:72,0
DA:76,0
DA:80,0
DA:84,0
DA:88,0
DA:92,0
DA:98,0
DA:102,0
DA:106,0
DA:111,0
DA:117,0
DA:121,0
DA:125,0
DA:126,0
DA:132,0
DA:136,0
DA:142,0
DA:148,0
DA:152,0
DA:156,0
DA:162,0
DA:166,0
DA:172,0
DA:176,0
DA:180,0
DA:184,0
DA:188,0
DA:189,0
DA:193,0
DA:199,0
DA:203,0
DA:207,0
DA:212,0
DA:216,0
DA:221,0
DA:225,0
DA:229,0
DA:233,0
DA:237,0
DA:241,0
DA:245,0
DA:251,0
DA:255,0
DA:259,0
DA:263,0
DA:269,0
DA:273,0
DA:277,0
DA:281,0
DA:287,0
DA:291,0
DA:296,0
DA:301,0
DA:302,0
DA:308,0
DA:313,0
DA:316,0
DA:319,0
DA:322,0
DA:325,0
DA:331,0
DA:334,0
DA:337,0
DA:341,0
DA:345,0
DA:348,0
DA:351,0
DA:354,0
DA:358,0
DA:359,0
DA:363,0
DA:367,0
DA:371,0
DA:375,0
DA:379,0
DA:382,0
DA:387,0
DA:390,0
DA:393,0
DA:396,0
DA:398,0
DA:402,0
DA:405,0
DA:408,0
DA:409,0
DA:413,0
DA:417,0
DA:422,0
DA:426,0
DA:430,0
DA:434,0
DA:438,0
DA:442,0
DA:446,0
DA:450,0
DA:454,0
DA:457,0
DA:460,0
LF:117
LH:0
BRDA:12,0,0,0
BRDA:12,0,1,0
BRDA:12,1,0,0
BRDA:12,1,1,0
BRDA:212,2,0,0
BRDA:212,2,1,0
BRDA:212,3,0,0
BRDA:212,3,1,0
BRDA:221,4,0,0
BRDA:221,4,1,0
BRDA:221,5,0,0
BRDA:221,5,1,0
BRDA:281,6,0,0
BRDA:281,6,1,0
BRDA:281,7,0,0
BRDA:281,7,1,0
BRDA:296,8,0,0
BRDA:296,8,1,0
BRDA:296,9,0,0
BRDA:296,9,1,0
BRDA:402,10,0,0
BRDA:402,10,1,0
BRDA:402,11,0,0
BRDA:402,11,1,0
BRDA:422,12,0,0
BRDA:422,12,1,0
BRDA:422,13,0,0
BRDA:422,13,1,0
BRF:28
BRH:0
end_of_record
TN:
SF:product/log-collector/src/log-schema/index.ts
FNF:0
FNH:0
DA:1,0
DA:2,0
DA:3,0
DA:4,0
DA:6,0
DA:7,0
LF:6
LH:0
BRF:0
BRH:0
end_of_record
TN:
SF:product/log-collector/src/log-schema/isString.decorator.ts
FN:5,IsRecord
FN:6,(anonymous_1)
FN:14,(anonymous_2)
FN:17,(anonymous_3)
FNF:4
FNH:0
FNDA:0,IsRecord
FNDA:0,(anonymous_1)
FNDA:0,(anonymous_2)
FNDA:0,(anonymous_3)
DA:1,0
DA:5,0
DA:6,0
DA:7,0
DA:15,0
DA:17,0
LF:6
LH:0
BRDA:16,0,0,0
BRDA:16,0,1,0
BRDA:17,1,0,0
BRDA:17,1,1,0
BRF:4
BRH:0
end_of_record
TN:
SF:product/log-collector/src/log-schema/ncpLogSchema.ts
FNF:0
FNH:0
DA:1,0
DA:3,0
DA:5,0
DA:8,0
DA:11,0
DA:14,0
DA:17,0
DA:20,0
DA:23,0
DA:26,0
DA:29,0
DA:32,0
DA:36,0
DA:39,0
DA:42,0
DA:45,0
DA:49,0
DA:52,0
DA:55,0
DA:58,0
LF:20
LH:0
BRF:0
BRH:0
end_of_record
TN:
SF:product/log-collector/src/router/collector/collector.controller.ts
FN:21,(anonymous_0)
FN:24,(anonymous_1)
FN:31,(anonymous_2)
FN:41,(anonymous_3)
FN:50,(anonymous_4)
FNF:5
FNH:1
FNDA:1,(anonymous_0)
FNDA:0,(anonymous_1)
FNDA:0,(anonymous_2)
FNDA:0,(anonymous_3)
FNDA:0,(anonymous_4)
DA:1,1
DA:3,1
DA:13,1
DA:14,1
DA:15,1
DA:16,1
DA:17,1
DA:19,1
DA:20,1
DA:21,1
DA:24,1
DA:25,0
DA:26,0
DA:31,1
DA:35,0
DA:36,0
DA:41,1
DA:45,0
DA:46,0
DA:50,1
DA:51,0
DA:52,0
LF:22
LH:14
BRDA:24,0,0,1
BRDA:24,0,1,0
BRDA:24,1,0,1
BRDA:24,1,1,1
BRDA:24,2,0,1
BRDA:24,2,1,0
BRDA:24,3,0,1
BRDA:24,3,1,1
BRDA:32,4,0,1
BRDA:32,4,1,0
BRDA:32,5,0,1
BRDA:32,5,1,1
BRDA:32,6,0,1
BRDA:32,6,1,0
BRDA:32,7,0,1
BRDA:32,7,1,1
BRDA:34,8,0,1
BRDA:34,8,1,0
BRDA:34,9,0,1
BRDA:34,9,1,1
BRDA:42,10,0,1
BRDA:42,10,1,0
BRDA:42,11,0,1
BRDA:42,11,1,1
BRDA:42,12,0,1
BRDA:42,12,1,0
BRDA:42,13,0,1
BRDA:42,13,1,1
BRDA:44,14,0,1
BRDA:44,14,1,0
BRDA:44,15,0,1
BRDA:44,15,1,1
BRDA:50,16,0,1
BRDA:50,16,1,0
BRDA:50,17,0,1
BRDA:50,17,1,1
BRDA:50,18,0,1
BRDA:50,18,1,0
BRDA:50,19,0,1
BRDA:50,19,1,1
BRDA:21,20,0,1
BRDA:21,20,1,0
BRDA:21,21,0,1
BRDA:21,21,1,1
BRF:44
BRH:33
end_of_record
TN:
SF:product/log-collector/src/router/collector/collector.service.ts
FN:17,(anonymous_0)
FN:22,(anonymous_1)
FN:24,(anonymous_2)
FN:33,(anonymous_3)
FN:39,(anonymous_4)
FN:44,(anonymous_5)
FN:59,(anonymous_6)
FN:74,(anonymous_7)
FNF:8
FNH:8
FNDA:11,(anonymous_0)
FNDA:2,(anonymous_1)
FNDA:3,(anonymous_2)
FNDA:2,(anonymous_3)
FNDA:2,(anonymous_4)
FNDA:2,(anonymous_5)
FNDA:2,(anonymous_6)
FNDA:4,(anonymous_7)
DA:1,2
DA:2,2
DA:10,2
DA:11,2
DA:12,2
DA:13,2
DA:15,2
DA:16,2
DA:19,11
DA:23,2
DA:24,2
DA:25,3
DA:28,1
DA:29,1
DA:34,2
DA:35,1
DA:36,1
DA:40,2
DA:41,1
DA:45,2
DA:49,1
DA:50,1
DA:52,1
DA:53,0
DA:54,0
DA:56,1
DA:60,2
DA:64,1
DA:65,1
DA:67,1
DA:68,0
DA:69,0
DA:71,1
DA:75,4
DA:76,6
DA:77,6
DA:78,6
DA:79,2
DA:81,4
DA:84,2
LF:40
LH:36
BRDA:45,0,0,1
BRDA:46,1,0,2
BRDA:46,1,1,0
BRDA:46,1,2,0
BRDA:46,1,3,2
BRDA:52,2,0,0
BRDA:52,3,0,1
BRDA:52,3,1,0
BRDA:60,4,0,1
BRDA:61,5,0,2
BRDA:61,5,1,0
BRDA:61,5,2,0
BRDA:61,5,3,2
BRDA:67,6,0,0
BRDA:67,7,0,1
BRDA:67,7,1,0
BRDA:19,8,0,0
BRDA:19,8,1,2
BRDA:19,9,0,2
BRDA:19,9,1,0
BRF:20
BRH:10
end_of_record
TN:
SF:product/log-collector/src/router/collector/dto/create.dto.ts
FNF:0
FNH:0
DA:1,1
DA:2,1
DA:3,1
DA:4,1
DA:5,1
DA:6,1
DA:8,1
DA:10,1
DA:16,1
DA:19,1
LF:10
LH:10
BRDA:10,0,0,0
BRDA:10,0,1,1
BRDA:10,1,0,1
BRDA:10,1,1,0
BRDA:16,2,0,0
BRDA:16,2,1,1
BRDA:16,3,0,1
BRDA:16,3,1,0
BRF:8
BRH:4
end_of_record
TN:
SF:product/log-collector/src/router/collector/dto/delete.dto.ts
FNF:0
FNH:0
DA:1,1
DA:2,1
DA:4,1
DA:6,1
DA:9,1
LF:5
LH:5
BRF:0
BRH:0
end_of_record
TN:
SF:product/log-collector/src/router/collector/dto/get.dto.ts
FNF:0
FNH:0
DA:1,1
DA:10,1
DA:13,1
DA:15,1
DA:18,1
DA:22,1
DA:26,1
LF:7
LH:7
BRF:0
BRH:0
end_of_record
TN:
SF:product/log-collector/src/router/collector/dto/index.ts
FNF:0
FNH:0
DA:1,1
DA:2,1
DA:3,1
DA:4,1
LF:4
LH:4
BRF:0
BRH:0
end_of_record
TN:
SF:product/log-collector/src/router/collector/dto/update.dto.ts
FNF:0
FNH:0
DA:1,1
DA:2,1
DA:3,1
DA:5,1
DA:7,1
LF:5
LH:5
BRF:0
BRH:0
end_of_record
TN:
SF:product/log-collector/src/router/collector/dto/util/isProviderUsingLogstash.ts
FN:7,(anonymous_0)
FNF:1
FNH:1
FNDA:9,(anonymous_0)
DA:1,4
DA:7,4
DA:8,9
LF:3
LH:3
BRF:0
BRH:0
end_of_record
TN:
SF:product/log-collector/src/router/collector/dto/util/isProviderUsingManual.ts
FN:7,(anonymous_0)
FNF:1
FNH:1
FNDA:1,(anonymous_0)
DA:1,2
DA:7,2
DA:8,1
LF:3
LH:3
BRF:0
BRH:0
end_of_record
TN:
SF:product/log-collector/src/router/collector/dto/util/logstashPluginNameValidator.ts
FN:20,(anonymous_0)
FN:38,(anonymous_1)
FNF:2
FNH:2
FNDA:7,(anonymous_0)
FNDA:6,(anonymous_1)
DA:1,2
DA:2,2
DA:10,2
DA:15,2
DA:16,2
DA:19,2
DA:21,7
DA:23,7
DA:24,1
DA:29,6
DA:31,6
DA:32,3
DA:35,3
DA:42,6
DA:44,2
DA:46,2
DA:48,2
DA:50,0
LF:18
LH:17
BRDA:23,0,0,1
BRDA:31,1,0,3
BRDA:42,2,0,2
BRDA:42,2,1,2
BRDA:42,2,2,2
BRDA:42,2,3,0
BRF:6
BRH:5
end_of_record
TN:
SF:product/log-collector/src/router/collector/dto/util/pipelineConfigTypeSelector.ts
FN:10,(anonymous_0)
FNF:1
FNH:1
FNDA:4,(anonymous_0)
DA:2,2
DA:3,2
DA:5,2
DA:6,2
DA:7,2
DA:9,2
DA:11,4
DA:13,4
DA:14,3
DA:16,1
DA:17,0
DA:18,0
DA:22,1
LF:13
LH:11
BRDA:13,0,0,3
BRDA:16,1,0,0
BRDA:17,2,0,0
BRF:3
BRH:1
end_of_record
