{"total": {"lines":{"total":381,"covered":262,"skipped":0,"pct":68.76},"statements":{"total":398,"covered":279,"skipped":0,"pct":70.1},"functions":{"total":75,"covered":47,"skipped":0,"pct":62.66},"branches":{"total":139,"covered":76,"skipped":0,"pct":54.67},"branchesTrue":{"total":0,"covered":0,"skipped":0,"pct":100}}
,"/home/user1/repo/securecloud-backendx/product/data-processor/script/aws/awsDocCrawler.ts": {"lines":{"total":83,"covered":63,"skipped":0,"pct":75.9},"functions":{"total":9,"covered":9,"skipped":0,"pct":100},"statements":{"total":83,"covered":63,"skipped":0,"pct":75.9},"branches":{"total":30,"covered":9,"skipped":0,"pct":30}}
,"/home/user1/repo/securecloud-backendx/product/data-processor/script/constant/awsDocInfo.constant.ts": {"lines":{"total":1,"covered":0,"skipped":0,"pct":0},"functions":{"total":0,"covered":0,"skipped":0,"pct":100},"statements":{"total":1,"covered":0,"skipped":0,"pct":0},"branches":{"total":0,"covered":0,"skipped":0,"pct":100}}
,"/home/user1/repo/securecloud-backendx/product/data-processor/script/util/error.ts": {"lines":{"total":2,"covered":1,"skipped":0,"pct":50},"functions":{"total":1,"covered":0,"skipped":0,"pct":0},"statements":{"total":2,"covered":1,"skipped":0,"pct":50},"branches":{"total":0,"covered":0,"skipped":0,"pct":100}}
,"/home/user1/repo/securecloud-backendx/product/data-processor/script/util/util.ts": {"lines":{"total":24,"covered":21,"skipped":0,"pct":87.5},"functions":{"total":4,"covered":4,"skipped":0,"pct":100},"statements":{"total":24,"covered":21,"skipped":0,"pct":87.5},"branches":{"total":5,"covered":4,"skipped":0,"pct":80}}
,"/home/user1/repo/securecloud-backendx/product/data-processor/src/init.ts": {"lines":{"total":7,"covered":0,"skipped":0,"pct":0},"functions":{"total":1,"covered":0,"skipped":0,"pct":0},"statements":{"total":7,"covered":0,"skipped":0,"pct":0},"branches":{"total":0,"covered":0,"skipped":0,"pct":100}}
,"/home/user1/repo/securecloud-backendx/product/data-processor/src/cloud-log/analyzer/cloudLogAnalyzer.ts": {"lines":{"total":12,"covered":4,"skipped":0,"pct":33.33},"functions":{"total":3,"covered":1,"skipped":0,"pct":33.33},"statements":{"total":12,"covered":4,"skipped":0,"pct":33.33},"branches":{"total":12,"covered":3,"skipped":0,"pct":25}}
,"/home/user1/repo/securecloud-backendx/product/data-processor/src/cloud-log/analyzer/cloudLogMapper.ts": {"lines":{"total":11,"covered":10,"skipped":0,"pct":90.9},"functions":{"total":2,"covered":2,"skipped":0,"pct":100},"statements":{"total":13,"covered":12,"skipped":0,"pct":92.3},"branches":{"total":11,"covered":8,"skipped":0,"pct":72.72}}
,"/home/user1/repo/securecloud-backendx/product/data-processor/src/cloud-log/analyzer/aws/awsLogAnalyzer.ts": {"lines":{"total":15,"covered":14,"skipped":0,"pct":93.33},"functions":{"total":7,"covered":6,"skipped":0,"pct":85.71},"statements":{"total":17,"covered":16,"skipped":0,"pct":94.11},"branches":{"total":0,"covered":0,"skipped":0,"pct":100}}
,"/home/user1/repo/securecloud-backendx/product/data-processor/src/cloud-log/analyzer/gcp/gcpLogAnalyzer.ts": {"lines":{"total":24,"covered":13,"skipped":0,"pct":54.16},"functions":{"total":9,"covered":5,"skipped":0,"pct":55.55},"statements":{"total":26,"covered":15,"skipped":0,"pct":57.69},"branches":{"total":2,"covered":0,"skipped":0,"pct":0}}
,"/home/user1/repo/securecloud-backendx/product/data-processor/src/cloud-log/credential/credentialsMediator.service.ts": {"lines":{"total":14,"covered":13,"skipped":0,"pct":92.85},"functions":{"total":3,"covered":3,"skipped":0,"pct":100},"statements":{"total":15,"covered":14,"skipped":0,"pct":93.33},"branches":{"total":11,"covered":8,"skipped":0,"pct":72.72}}
,"/home/user1/repo/securecloud-backendx/product/data-processor/src/cloud-log/identifier/identifierMapper.ts": {"lines":{"total":1,"covered":1,"skipped":0,"pct":100},"functions":{"total":0,"covered":0,"skipped":0,"pct":100},"statements":{"total":1,"covered":1,"skipped":0,"pct":100},"branches":{"total":0,"covered":0,"skipped":0,"pct":100}}
,"/home/user1/repo/securecloud-backendx/product/data-processor/src/cloud-log/identifier/identifierMediator.ts": {"lines":{"total":12,"covered":11,"skipped":0,"pct":91.66},"functions":{"total":2,"covered":2,"skipped":0,"pct":100},"statements":{"total":13,"covered":12,"skipped":0,"pct":92.3},"branches":{"total":11,"covered":8,"skipped":0,"pct":72.72}}
,"/home/user1/repo/securecloud-backendx/product/data-processor/src/cloud-log/identifier/aws/awsIdentifierMapper.ts": {"lines":{"total":6,"covered":6,"skipped":0,"pct":100},"functions":{"total":2,"covered":2,"skipped":0,"pct":100},"statements":{"total":7,"covered":7,"skipped":0,"pct":100},"branches":{"total":0,"covered":0,"skipped":0,"pct":100}}
,"/home/user1/repo/securecloud-backendx/product/data-processor/src/cloud-log/identifier/gcp/gcpIdentifierMapper.ts": {"lines":{"total":6,"covered":5,"skipped":0,"pct":83.33},"functions":{"total":2,"covered":1,"skipped":0,"pct":50},"statements":{"total":7,"covered":6,"skipped":0,"pct":85.71},"branches":{"total":0,"covered":0,"skipped":0,"pct":100}}
,"/home/user1/repo/securecloud-backendx/product/data-processor/src/cloud-log/monitor/cloudLogMonitor.service.ts": {"lines":{"total":41,"covered":33,"skipped":0,"pct":80.48},"functions":{"total":6,"covered":5,"skipped":0,"pct":83.33},"statements":{"total":42,"covered":34,"skipped":0,"pct":80.95},"branches":{"total":24,"covered":16,"skipped":0,"pct":66.66}}
,"/home/user1/repo/securecloud-backendx/product/data-processor/src/cloud-log/pulsar-consumer/cloudLogPulsarConsumer.ts": {"lines":{"total":24,"covered":20,"skipped":0,"pct":83.33},"functions":{"total":5,"covered":3,"skipped":0,"pct":60},"statements":{"total":25,"covered":21,"skipped":0,"pct":84},"branches":{"total":10,"covered":6,"skipped":0,"pct":60}}
,"/home/user1/repo/securecloud-backendx/product/data-processor/src/constant/awsClassifiedEvent.constant.ts": {"lines":{"total":1,"covered":1,"skipped":0,"pct":100},"functions":{"total":0,"covered":0,"skipped":0,"pct":100},"statements":{"total":1,"covered":1,"skipped":0,"pct":100},"branches":{"total":0,"covered":0,"skipped":0,"pct":100}}
,"/home/user1/repo/securecloud-backendx/product/data-processor/src/constant/gcpClassifiedEvent.constant.ts": {"lines":{"total":1,"covered":1,"skipped":0,"pct":100},"functions":{"total":0,"covered":0,"skipped":0,"pct":100},"statements":{"total":1,"covered":1,"skipped":0,"pct":100},"branches":{"total":0,"covered":0,"skipped":0,"pct":100}}
,"/home/user1/repo/securecloud-backendx/product/data-processor/src/data-collector/dataCollector.controller.ts": {"lines":{"total":9,"covered":8,"skipped":0,"pct":88.88},"functions":{"total":2,"covered":1,"skipped":0,"pct":50},"statements":{"total":10,"covered":9,"skipped":0,"pct":90},"branches":{"total":8,"covered":5,"skipped":0,"pct":62.5}}
,"/home/user1/repo/securecloud-backendx/product/data-processor/src/data-collector/dataCollector.service.ts": {"lines":{"total":22,"covered":11,"skipped":0,"pct":50},"functions":{"total":7,"covered":1,"skipped":0,"pct":14.28},"statements":{"total":23,"covered":12,"skipped":0,"pct":52.17},"branches":{"total":4,"covered":3,"skipped":0,"pct":75}}
,"/home/user1/repo/securecloud-backendx/product/data-processor/src/data-parser/dataParser.service.ts": {"lines":{"total":56,"covered":20,"skipped":0,"pct":35.71},"functions":{"total":8,"covered":2,"skipped":0,"pct":25},"statements":{"total":57,"covered":21,"skipped":0,"pct":36.84},"branches":{"total":11,"covered":6,"skipped":0,"pct":54.54}}
,"/home/user1/repo/securecloud-backendx/product/data-processor/src/define/define.d.ts": {"lines":{"total":0,"covered":0,"skipped":0,"pct":100},"functions":{"total":0,"covered":0,"skipped":0,"pct":100},"statements":{"total":0,"covered":0,"skipped":0,"pct":100},"branches":{"total":0,"covered":0,"skipped":0,"pct":100}}
,"/home/user1/repo/securecloud-backendx/product/data-processor/src/diff-check/diffCheck.service.ts": {"lines":{"total":3,"covered":2,"skipped":0,"pct":66.66},"functions":{"total":2,"covered":0,"skipped":0,"pct":0},"statements":{"total":5,"covered":4,"skipped":0,"pct":80},"branches":{"total":0,"covered":0,"skipped":0,"pct":100}}
,"/home/user1/repo/securecloud-backendx/product/data-processor/src/type/analyzedLogResult.type.ts": {"lines":{"total":1,"covered":0,"skipped":0,"pct":0},"functions":{"total":0,"covered":0,"skipped":0,"pct":100},"statements":{"total":1,"covered":0,"skipped":0,"pct":0},"branches":{"total":0,"covered":0,"skipped":0,"pct":100}}
,"/home/user1/repo/securecloud-backendx/product/data-processor/src/type/aws.type.ts": {"lines":{"total":1,"covered":1,"skipped":0,"pct":100},"functions":{"total":0,"covered":0,"skipped":0,"pct":100},"statements":{"total":1,"covered":1,"skipped":0,"pct":100},"branches":{"total":0,"covered":0,"skipped":0,"pct":100}}
,"/home/user1/repo/securecloud-backendx/product/data-processor/src/type/azure.type.ts": {"lines":{"total":1,"covered":0,"skipped":0,"pct":0},"functions":{"total":0,"covered":0,"skipped":0,"pct":100},"statements":{"total":1,"covered":0,"skipped":0,"pct":0},"branches":{"total":0,"covered":0,"skipped":0,"pct":100}}
,"/home/user1/repo/securecloud-backendx/product/data-processor/src/type/eventInfo.type.ts": {"lines":{"total":1,"covered":1,"skipped":0,"pct":100},"functions":{"total":0,"covered":0,"skipped":0,"pct":100},"statements":{"total":1,"covered":1,"skipped":0,"pct":100},"branches":{"total":0,"covered":0,"skipped":0,"pct":100}}
,"/home/user1/repo/securecloud-backendx/product/data-processor/src/type/gcp.type.ts": {"lines":{"total":2,"covered":2,"skipped":0,"pct":100},"functions":{"total":0,"covered":0,"skipped":0,"pct":100},"statements":{"total":2,"covered":2,"skipped":0,"pct":100},"branches":{"total":0,"covered":0,"skipped":0,"pct":100}}
}
