TN:
SF:product/data-processor/script/aws/awsDocCrawler.ts
FN:11,(anonymous_0)
FN:15,(anonymous_1)
FN:32,(anonymous_2)
FN:60,(anonymous_3)
FN:107,(anonymous_4)
FN:113,(anonymous_5)
FN:123,(anonymous_6)
FN:132,(anonymous_7)
FN:150,(anonymous_8)
FNF:9
FNH:9
FNDA:1,(anonymous_0)
FNDA:1,(anonymous_1)
FNDA:1,(anonymous_2)
FNDA:1,(anonymous_3)
FNDA:1,(anonymous_4)
FNDA:1,(anonymous_5)
FNDA:1,(anonymous_6)
FNDA:1,(anonymous_7)
FNDA:1,(anonymous_8)
DA:1,1
DA:3,1
DA:4,1
DA:5,1
DA:6,1
DA:8,1
DA:12,1
DA:16,1
DA:17,1
DA:18,1
DA:19,1
DA:20,1
DA:21,1
DA:22,1
DA:23,1
DA:24,1
DA:26,0
DA:29,1
DA:36,1
DA:37,1
DA:39,1
DA:40,1
DA:41,1
DA:42,1
DA:43,1
DA:44,1
DA:45,0
DA:47,1
DA:48,1
DA:49,0
DA:52,0
DA:53,0
DA:54,0
DA:56,0
DA:58,1
DA:60,1
DA:61,1
DA:62,1
DA:63,0
DA:65,1
DA:66,1
DA:67,1
DA:69,1
DA:70,0
DA:73,1
DA:76,1
DA:77,1
DA:78,1
DA:79,1
DA:80,1
DA:81,1
DA:82,0
DA:84,1
DA:85,1
DA:86,0
DA:89,0
DA:90,0
DA:91,0
DA:93,0
DA:96,1
DA:106,1
DA:107,1
DA:108,1
DA:109,0
DA:111,1
DA:112,1
DA:113,1
DA:114,1
DA:115,1
DA:120,1
DA:131,1
DA:133,1
DA:134,0
DA:136,1
DA:137,0
DA:139,1
DA:140,1
DA:145,0
DA:147,1
DA:151,1
DA:152,0
DA:154,1
DA:160,1
LF:83
LH:63
BRDA:39,0,0,1
BRDA:39,0,1,0
BRDA:39,1,0,1
BRDA:39,1,1,0
BRDA:44,2,0,0
BRDA:48,3,0,0
BRDA:53,4,0,0
BRDA:62,5,0,0
BRDA:69,6,0,0
BRDA:69,7,0,1
BRDA:69,7,1,1
BRDA:76,8,0,1
BRDA:76,8,1,0
BRDA:76,9,0,1
BRDA:76,9,1,0
BRDA:81,10,0,0
BRDA:85,11,0,0
BRDA:90,12,0,0
BRDA:108,13,0,0
BRDA:112,14,0,1
BRDA:133,15,0,0
BRDA:136,16,0,0
BRDA:136,16,1,1
BRDA:140,17,0,0
BRDA:141,18,0,1
BRDA:141,18,1,0
BRDA:141,18,2,0
BRDA:145,19,0,0
BRDA:145,19,1,0
BRDA:151,20,0,0
BRF:30
BRH:9
end_of_record
TN:
SF:product/data-processor/script/constant/awsDocInfo.constant.ts
FNF:0
FNH:0
DA:3,0
LF:1
LH:0
BRF:0
BRH:0
end_of_record
TN:
SF:product/data-processor/script/util/error.ts
FN:2,(anonymous_0)
FNF:1
FNH:0
FNDA:0,(anonymous_0)
DA:1,1
DA:3,0
LF:2
LH:1
BRF:0
BRH:0
end_of_record
TN:
SF:product/data-processor/script/util/util.ts
FN:4,checkKeywords
FN:9,removeQuestionMark
FN:17,objToString
FN:30,saveObjectAsJSFile
FNF:4
FNH:4
FNDA:1,checkKeywords
FNDA:2,removeQuestionMark
FNDA:2,objToString
FNDA:1,saveObjectAsJSFile
DA:1,1
DA:2,1
DA:4,1
DA:5,1
DA:6,1
DA:9,1
DA:10,2
DA:11,0
DA:13,2
DA:17,1
DA:18,2
DA:19,2
DA:20,4
DA:21,1
DA:23,3
DA:26,2
DA:27,2
DA:30,1
DA:31,1
DA:32,1
DA:34,1
DA:35,1
DA:37,0
DA:38,0
LF:24
LH:21
BRDA:10,0,0,0
BRDA:10,0,1,2
BRDA:17,1,0,1
BRDA:20,2,0,1
BRDA:20,2,1,3
BRF:5
BRH:4
end_of_record
TN:
SF:product/data-processor/src/init.ts
FN:4,initService
FNF:1
FNH:0
FNDA:0,initService
DA:1,0
DA:2,0
DA:4,0
DA:5,0
DA:6,0
DA:7,0
DA:8,0
LF:7
LH:0
BRF:0
BRH:0
end_of_record
TN:
SF:product/data-processor/src/cloud-log/analyzer/cloudLogAnalyzer.ts
FN:6,(anonymous_0)
FN:16,(anonymous_1)
FN:23,(anonymous_2)
FNF:3
FNH:1
FNDA:1,(anonymous_0)
FNDA:0,(anonymous_1)
FNDA:0,(anonymous_2)
DA:5,5
DA:7,1
DA:8,0
DA:10,1
DA:11,0
DA:13,1
DA:17,0
DA:18,0
DA:20,0
DA:24,0
DA:25,0
DA:27,0
LF:12
LH:4
BRDA:7,0,0,0
BRDA:7,1,0,1
BRDA:7,1,1,1
BRDA:7,2,0,1
BRDA:7,2,1,0
BRDA:10,3,0,0
BRDA:17,4,0,0
BRDA:17,5,0,0
BRDA:17,5,1,0
BRDA:24,6,0,0
BRDA:24,7,0,0
BRDA:24,7,1,0
BRF:12
BRH:3
end_of_record
TN:
SF:product/data-processor/src/cloud-log/analyzer/cloudLogMapper.ts
FN:9,(anonymous_0)
FN:11,(anonymous_1)
FNF:2
FNH:2
FNDA:4,(anonymous_0)
FNDA:2,(anonymous_1)
DA:2,3
DA:3,3
DA:4,3
DA:5,3
DA:7,3
DA:8,3
DA:9,4
DA:12,2
DA:14,1
DA:17,1
DA:21,0
LF:11
LH:10
BRDA:12,0,0,1
BRDA:12,0,1,1
BRDA:12,0,2,0
BRDA:9,1,0,3
BRDA:9,1,1,0
BRDA:9,2,0,3
BRDA:9,2,1,3
BRDA:9,3,0,3
BRDA:9,3,1,0
BRDA:9,4,0,3
BRDA:9,4,1,3
BRF:11
BRH:8
end_of_record
TN:
SF:product/data-processor/src/cloud-log/analyzer/aws/awsLogAnalyzer.ts
FN:12,(anonymous_0)
FN:17,(anonymous_1)
FN:18,(anonymous_2)
FN:24,(anonymous_3)
FN:28,(anonymous_4)
FN:29,(anonymous_5)
FN:32,(anonymous_6)
FNF:7
FNH:6
FNDA:8,(anonymous_0)
FNDA:3,(anonymous_1)
FNDA:7,(anonymous_2)
FNDA:0,(anonymous_3)
FNDA:3,(anonymous_4)
FNDA:7,(anonymous_5)
FNDA:1,(anonymous_6)
DA:1,4
DA:2,4
DA:3,4
DA:4,4
DA:6,4
DA:8,4
DA:9,4
DA:13,8
DA:14,8
DA:18,3
DA:19,7
DA:20,7
DA:25,0
DA:29,7
DA:33,1
LF:15
LH:14
BRF:0
BRH:0
end_of_record
TN:
SF:product/data-processor/src/cloud-log/analyzer/gcp/gcpLogAnalyzer.ts
FN:12,(anonymous_0)
FN:17,(anonymous_1)
FN:18,(anonymous_2)
FN:24,(anonymous_3)
FN:28,(anonymous_4)
FN:29,(anonymous_5)
FN:32,(anonymous_6)
FN:42,(anonymous_7)
FN:43,(anonymous_8)
FNF:9
FNH:5
FNDA:8,(anonymous_0)
FNDA:2,(anonymous_1)
FNDA:45,(anonymous_2)
FNDA:0,(anonymous_3)
FNDA:2,(anonymous_4)
FNDA:5,(anonymous_5)
FNDA:0,(anonymous_6)
FNDA:0,(anonymous_7)
FNDA:0,(anonymous_8)
DA:1,4
DA:2,4
DA:3,4
DA:5,4
DA:6,4
DA:8,4
DA:9,4
DA:13,8
DA:14,8
DA:18,2
DA:19,45
DA:20,45
DA:25,0
DA:29,5
DA:33,0
DA:34,0
DA:35,0
DA:36,0
DA:37,0
DA:43,0
DA:44,0
DA:45,0
DA:46,0
DA:48,0
LF:24
LH:13
BRDA:36,0,0,0
BRDA:45,1,0,0
BRF:2
BRH:0
end_of_record
TN:
SF:product/data-processor/src/cloud-log/credential/credentialsMediator.service.ts
FN:10,(anonymous_0)
FN:15,(anonymous_1)
FN:19,(anonymous_2)
FNF:3
FNH:3
FNDA:4,(anonymous_0)
FNDA:2,(anonymous_1)
FNDA:2,(anonymous_2)
DA:1,3
DA:2,3
DA:3,3
DA:4,3
DA:8,3
DA:9,3
DA:11,4
DA:12,4
DA:19,2
DA:20,2
DA:22,1
DA:25,1
DA:28,0
DA:32,2
LF:14
LH:13
BRDA:20,0,0,1
BRDA:20,0,1,1
BRDA:20,0,2,0
BRDA:11,1,0,3
BRDA:11,1,1,0
BRDA:11,2,0,3
BRDA:11,2,1,3
BRDA:11,3,0,3
BRDA:11,3,1,0
BRDA:11,4,0,3
BRDA:11,4,1,3
BRF:11
BRH:8
end_of_record
TN:
SF:product/data-processor/src/cloud-log/identifier/identifierMapper.ts
FNF:0
FNH:0
DA:1,4
LF:1
LH:1
BRF:0
BRH:0
end_of_record
TN:
SF:product/data-processor/src/cloud-log/identifier/identifierMediator.ts
FN:9,(anonymous_0)
FN:14,(anonymous_1)
FNF:2
FNH:2
FNDA:4,(anonymous_0)
FNDA:3,(anonymous_1)
DA:1,3
DA:2,3
DA:3,3
DA:4,3
DA:7,3
DA:8,3
DA:10,4
DA:11,4
DA:15,3
DA:17,2
DA:20,1
DA:23,0
LF:12
LH:11
BRDA:15,0,0,2
BRDA:15,0,1,1
BRDA:15,0,2,0
BRDA:10,1,0,3
BRDA:10,1,1,0
BRDA:10,2,0,3
BRDA:10,2,1,3
BRDA:10,3,0,3
BRDA:10,3,1,0
BRDA:10,4,0,3
BRDA:10,4,1,3
BRF:11
BRH:8
end_of_record
TN:
SF:product/data-processor/src/cloud-log/identifier/aws/awsIdentifierMapper.ts
FN:6,(anonymous_0)
FN:10,(anonymous_1)
FNF:2
FNH:2
FNDA:5,(anonymous_0)
FNDA:2,(anonymous_1)
DA:1,4
DA:2,4
DA:4,4
DA:5,4
DA:7,5
DA:11,2
LF:6
LH:6
BRF:0
BRH:0
end_of_record
TN:
SF:product/data-processor/src/cloud-log/identifier/gcp/gcpIdentifierMapper.ts
FN:6,(anonymous_0)
FN:10,(anonymous_1)
FNF:2
FNH:1
FNDA:4,(anonymous_0)
FNDA:0,(anonymous_1)
DA:1,3
DA:2,3
DA:4,3
DA:5,3
DA:7,4
DA:11,0
LF:6
LH:5
BRF:0
BRH:0
end_of_record
TN:
SF:product/data-processor/src/cloud-log/monitor/cloudLogMonitor.service.ts
FN:15,(anonymous_0)
FN:23,(anonymous_1)
FN:33,(anonymous_2)
FN:53,(anonymous_3)
FN:76,(anonymous_4)
FN:80,(anonymous_5)
FNF:6
FNH:5
FNDA:2,(anonymous_0)
FNDA:1,(anonymous_1)
FNDA:1,(anonymous_2)
FNDA:1,(anonymous_3)
FNDA:0,(anonymous_4)
FNDA:1,(anonymous_5)
DA:1,2
DA:3,2
DA:4,2
DA:5,2
DA:7,2
DA:9,2
DA:10,2
DA:11,2
DA:13,2
DA:14,2
DA:16,2
DA:17,2
DA:18,2
DA:19,2
DA:20,2
DA:24,1
DA:25,1
DA:26,0
DA:28,1
DA:29,1
DA:34,1
DA:35,1
DA:36,1
DA:37,1
DA:39,1
DA:40,1
DA:43,0
DA:46,0
DA:47,0
DA:58,1
DA:59,1
DA:60,1
DA:61,1
DA:62,1
DA:63,0
DA:72,0
DA:77,0
DA:85,1
DA:86,1
DA:87,0
DA:89,1
LF:41
LH:33
BRDA:37,0,0,1
BRDA:37,0,1,0
BRDA:37,0,2,0
BRDA:86,1,0,0
BRDA:16,2,0,2
BRDA:16,2,1,0
BRDA:16,3,0,2
BRDA:16,3,1,2
BRDA:16,4,0,2
BRDA:16,4,1,0
BRDA:16,5,0,2
BRDA:16,5,1,2
BRDA:17,6,0,2
BRDA:17,6,1,0
BRDA:17,7,0,2
BRDA:17,7,1,2
BRDA:18,8,0,2
BRDA:18,8,1,0
BRDA:18,9,0,2
BRDA:18,9,1,2
BRDA:19,10,0,2
BRDA:19,10,1,0
BRDA:19,11,0,2
BRDA:19,11,1,2
BRF:24
BRH:16
end_of_record
TN:
SF:product/data-processor/src/cloud-log/pulsar-consumer/cloudLogPulsarConsumer.ts
FN:13,(anonymous_0)
FN:25,(anonymous_1)
FN:29,(anonymous_2)
FN:41,(anonymous_3)
FN:42,(anonymous_4)
FNF:5
FNH:3
FNDA:3,(anonymous_0)
FNDA:0,(anonymous_1)
FNDA:1,(anonymous_2)
FNDA:1,(anonymous_3)
FNDA:0,(anonymous_4)
DA:1,2
DA:2,2
DA:5,2
DA:6,2
DA:7,2
DA:8,2
DA:9,2
DA:11,2
DA:12,2
DA:14,3
DA:15,3
DA:17,3
DA:26,0
DA:30,1
DA:31,1
DA:32,1
DA:33,1
DA:34,1
DA:36,1
DA:37,1
DA:42,1
DA:43,0
DA:44,0
DA:46,0
LF:24
LH:20
BRDA:43,0,0,0
BRDA:43,0,1,0
BRDA:14,1,0,2
BRDA:14,1,1,0
BRDA:14,2,0,2
BRDA:14,2,1,2
BRDA:14,3,0,2
BRDA:14,3,1,0
BRDA:14,4,0,2
BRDA:14,4,1,2
BRF:10
BRH:6
end_of_record
TN:
SF:product/data-processor/src/constant/awsClassifiedEvent.constant.ts
FNF:0
FNH:0
DA:3,4
LF:1
LH:1
BRF:0
BRH:0
end_of_record
TN:
SF:product/data-processor/src/constant/gcpClassifiedEvent.constant.ts
FNF:0
FNH:0
DA:3,4
LF:1
LH:1
BRF:0
BRH:0
end_of_record
TN:
SF:product/data-processor/src/data-collector/dataCollector.controller.ts
FN:8,(anonymous_0)
FN:11,(anonymous_1)
FNF:2
FNH:1
FNDA:2,(anonymous_0)
FNDA:0,(anonymous_1)
DA:1,2
DA:2,2
DA:3,2
DA:4,2
DA:6,2
DA:7,2
DA:8,2
DA:11,2
DA:12,0
LF:9
LH:8
BRDA:11,0,0,0
BRDA:11,0,1,2
BRDA:11,1,0,2
BRDA:11,1,1,0
BRDA:8,2,0,2
BRDA:8,2,1,0
BRDA:8,3,0,2
BRDA:8,3,1,2
BRF:8
BRH:5
end_of_record
TN:
SF:product/data-processor/src/data-collector/dataCollector.service.ts
FN:14,(anonymous_0)
FN:19,(anonymous_1)
FN:24,(anonymous_2)
FN:30,(anonymous_3)
FN:40,(anonymous_4)
FN:44,(anonymous_5)
FN:49,(anonymous_6)
FNF:7
FNH:1
FNDA:2,(anonymous_0)
FNDA:0,(anonymous_1)
FNDA:0,(anonymous_2)
FNDA:0,(anonymous_3)
FNDA:0,(anonymous_4)
FNDA:0,(anonymous_5)
FNDA:0,(anonymous_6)
DA:1,2
DA:3,2
DA:4,2
DA:5,2
DA:6,2
DA:7,2
DA:9,2
DA:10,2
DA:14,2
DA:15,2
DA:16,2
DA:20,0
DA:21,0
DA:25,0
DA:27,0
DA:31,0
DA:32,0
DA:33,0
DA:34,0
DA:36,0
DA:41,0
DA:45,0
LF:22
LH:11
BRDA:14,0,0,2
BRDA:14,0,1,0
BRDA:14,1,0,2
BRDA:14,1,1,2
BRF:4
BRH:3
end_of_record
TN:
SF:product/data-processor/src/data-parser/dataParser.service.ts
FN:18,(anonymous_0)
FN:31,(anonymous_1)
FN:36,(anonymous_2)
FN:61,(anonymous_3)
FN:108,(anonymous_4)
FN:122,(anonymous_5)
FN:135,(anonymous_6)
FN:136,(anonymous_7)
FNF:8
FNH:2
FNDA:2,(anonymous_0)
FNDA:0,(anonymous_1)
FNDA:1,(anonymous_2)
FNDA:0,(anonymous_3)
FNDA:0,(anonymous_4)
FNDA:0,(anonymous_5)
FNDA:0,(anonymous_6)
FNDA:0,(anonymous_7)
DA:2,2
DA:3,2
DA:4,2
DA:6,2
DA:7,2
DA:8,2
DA:9,2
DA:11,2
DA:13,2
DA:14,2
DA:15,2
DA:16,2
DA:19,2
DA:20,2
DA:22,2
DA:28,2
DA:32,0
DA:45,1
DA:46,1
DA:47,0
DA:49,0
DA:50,0
DA:51,0
DA:52,0
DA:54,0
DA:56,1
DA:57,1
DA:70,0
DA:71,0
DA:74,0
DA:75,0
DA:77,0
DA:78,0
DA:79,0
DA:80,0
DA:81,0
DA:82,0
DA:87,0
DA:88,0
DA:91,0
DA:92,0
DA:99,0
DA:101,0
DA:103,0
DA:104,0
DA:119,0
DA:124,0
DA:125,0
DA:126,0
DA:128,0
DA:130,0
DA:131,0
DA:136,0
DA:137,0
DA:138,0
DA:140,0
LF:56
LH:20
BRDA:87,0,0,0
BRDA:137,1,0,0
BRDA:137,1,1,0
BRDA:19,2,0,2
BRDA:19,2,1,0
BRDA:19,3,0,2
BRDA:19,3,1,2
BRDA:19,4,0,2
BRDA:19,4,1,0
BRDA:19,5,0,2
BRDA:19,5,1,2
BRF:11
BRH:6
end_of_record
TN:
SF:product/data-processor/src/define/define.d.ts
FNF:0
FNH:0
LF:0
LH:0
BRF:0
BRH:0
end_of_record
TN:
SF:product/data-processor/src/diff-check/diffCheck.service.ts
FN:7,(anonymous_0)
FN:11,(anonymous_1)
FNF:2
FNH:0
FNDA:0,(anonymous_0)
FNDA:0,(anonymous_1)
DA:2,2
DA:5,2
DA:8,0
LF:3
LH:2
BRF:0
BRH:0
end_of_record
TN:
SF:product/data-processor/src/type/analyzedLogResult.type.ts
FNF:0
FNH:0
DA:1,0
LF:1
LH:0
BRF:0
BRH:0
end_of_record
TN:
SF:product/data-processor/src/type/aws.type.ts
FNF:0
FNH:0
DA:3,5
LF:1
LH:1
BRF:0
BRH:0
end_of_record
TN:
SF:product/data-processor/src/type/azure.type.ts
FNF:0
FNH:0
DA:1,0
LF:1
LH:0
BRF:0
BRH:0
end_of_record
TN:
SF:product/data-processor/src/type/eventInfo.type.ts
FNF:0
FNH:0
DA:13,5
LF:1
LH:1
BRF:0
BRH:0
end_of_record
TN:
SF:product/data-processor/src/type/gcp.type.ts
FNF:0
FNH:0
DA:3,4
DA:49,4
LF:2
LH:2
BRF:0
BRH:0
end_of_record
