{"total": {"lines":{"total":227,"covered":182,"skipped":0,"pct":80.17},"statements":{"total":235,"covered":188,"skipped":0,"pct":80},"functions":{"total":35,"covered":28,"skipped":0,"pct":80},"branches":{"total":61,"covered":42,"skipped":0,"pct":68.85},"branchesTrue":{"total":0,"covered":0,"skipped":0,"pct":100}}
,"/home/user1/repo/securecloud-backendx/module/credential/src/index.ts": {"lines":{"total":1,"covered":0,"skipped":0,"pct":0},"functions":{"total":0,"covered":0,"skipped":0,"pct":100},"statements":{"total":1,"covered":0,"skipped":0,"pct":0},"branches":{"total":0,"covered":0,"skipped":0,"pct":100}}
,"/home/user1/repo/securecloud-backendx/module/credential/src/credential-generator/credentialsGenerator.ts": {"lines":{"total":3,"covered":3,"skipped":0,"pct":100},"functions":{"total":1,"covered":1,"skipped":0,"pct":100},"statements":{"total":3,"covered":3,"skipped":0,"pct":100},"branches":{"total":0,"covered":0,"skipped":0,"pct":100}}
,"/home/user1/repo/securecloud-backendx/module/credential/src/credential-generator/error.ts": {"lines":{"total":21,"covered":9,"skipped":0,"pct":42.85},"functions":{"total":5,"covered":1,"skipped":0,"pct":20},"statements":{"total":21,"covered":9,"skipped":0,"pct":42.85},"branches":{"total":0,"covered":0,"skipped":0,"pct":100}}
,"/home/user1/repo/securecloud-backendx/module/credential/src/credential-generator/aws/awsCredentialsGenerator.ts": {"lines":{"total":19,"covered":19,"skipped":0,"pct":100},"functions":{"total":4,"covered":4,"skipped":0,"pct":100},"statements":{"total":20,"covered":20,"skipped":0,"pct":100},"branches":{"total":7,"covered":5,"skipped":0,"pct":71.42}}
,"/home/user1/repo/securecloud-backendx/module/credential/src/credential-generator/aws/awsCredentialsGeneratorOnPremise.ts": {"lines":{"total":32,"covered":31,"skipped":0,"pct":96.87},"functions":{"total":3,"covered":3,"skipped":0,"pct":100},"statements":{"total":32,"covered":31,"skipped":0,"pct":96.87},"branches":{"total":12,"covered":11,"skipped":0,"pct":91.66}}
,"/home/user1/repo/securecloud-backendx/module/credential/src/credential-generator/aws/awsCredentialsGeneratorOnSaas.ts": {"lines":{"total":20,"covered":20,"skipped":0,"pct":100},"functions":{"total":1,"covered":1,"skipped":0,"pct":100},"statements":{"total":20,"covered":20,"skipped":0,"pct":100},"branches":{"total":7,"covered":7,"skipped":0,"pct":100}}
,"/home/user1/repo/securecloud-backendx/module/credential/src/credential-generator/aws/index.ts": {"lines":{"total":3,"covered":0,"skipped":0,"pct":0},"functions":{"total":0,"covered":0,"skipped":0,"pct":100},"statements":{"total":3,"covered":0,"skipped":0,"pct":0},"branches":{"total":0,"covered":0,"skipped":0,"pct":100}}
,"/home/user1/repo/securecloud-backendx/module/credential/src/credential-generator/azure/azureCredentialsGenerator.ts": {"lines":{"total":52,"covered":41,"skipped":0,"pct":78.84},"functions":{"total":6,"covered":6,"skipped":0,"pct":100},"statements":{"total":57,"covered":44,"skipped":0,"pct":77.19},"branches":{"total":5,"covered":2,"skipped":0,"pct":40}}
,"/home/user1/repo/securecloud-backendx/module/credential/src/credential-generator/azure/index.ts": {"lines":{"total":1,"covered":0,"skipped":0,"pct":0},"functions":{"total":0,"covered":0,"skipped":0,"pct":100},"statements":{"total":1,"covered":0,"skipped":0,"pct":0},"branches":{"total":0,"covered":0,"skipped":0,"pct":100}}
,"/home/user1/repo/securecloud-backendx/module/credential/src/credential-generator/gcp/gcpCredentialsGenerator.ts": {"lines":{"total":18,"covered":18,"skipped":0,"pct":100},"functions":{"total":3,"covered":3,"skipped":0,"pct":100},"statements":{"total":19,"covered":19,"skipped":0,"pct":100},"branches":{"total":0,"covered":0,"skipped":0,"pct":100}}
,"/home/user1/repo/securecloud-backendx/module/credential/src/credential-generator/gcp/index.ts": {"lines":{"total":1,"covered":0,"skipped":0,"pct":0},"functions":{"total":0,"covered":0,"skipped":0,"pct":100},"statements":{"total":1,"covered":0,"skipped":0,"pct":0},"branches":{"total":0,"covered":0,"skipped":0,"pct":100}}
,"/home/user1/repo/securecloud-backendx/module/credential/src/credential-generator/ncp/index.ts": {"lines":{"total":1,"covered":0,"skipped":0,"pct":0},"functions":{"total":0,"covered":0,"skipped":0,"pct":100},"statements":{"total":1,"covered":0,"skipped":0,"pct":0},"branches":{"total":0,"covered":0,"skipped":0,"pct":100}}
,"/home/user1/repo/securecloud-backendx/module/credential/src/credential-generator/ncp/ncpCredentialsGenerator.ts": {"lines":{"total":14,"covered":14,"skipped":0,"pct":100},"functions":{"total":3,"covered":3,"skipped":0,"pct":100},"statements":{"total":15,"covered":15,"skipped":0,"pct":100},"branches":{"total":2,"covered":1,"skipped":0,"pct":50}}
,"/home/user1/repo/securecloud-backendx/module/credential/src/error/error.ts": {"lines":{"total":20,"covered":17,"skipped":0,"pct":85},"functions":{"total":5,"covered":4,"skipped":0,"pct":80},"statements":{"total":20,"covered":17,"skipped":0,"pct":85},"branches":{"total":2,"covered":2,"skipped":0,"pct":100}}
,"/home/user1/repo/securecloud-backendx/module/credential/src/lib/credential.ts": {"lines":{"total":2,"covered":2,"skipped":0,"pct":100},"functions":{"total":1,"covered":1,"skipped":0,"pct":100},"statements":{"total":2,"covered":2,"skipped":0,"pct":100},"branches":{"total":0,"covered":0,"skipped":0,"pct":100}}
,"/home/user1/repo/securecloud-backendx/module/credential/src/util/awsCredentialGeneratorMapper.ts": {"lines":{"total":5,"covered":0,"skipped":0,"pct":0},"functions":{"total":1,"covered":0,"skipped":0,"pct":0},"statements":{"total":5,"covered":0,"skipped":0,"pct":0},"branches":{"total":1,"covered":0,"skipped":0,"pct":0}}
,"/home/user1/repo/securecloud-backendx/module/credential/src/util/type-guard/awsTypeGuard.ts": {"lines":{"total":14,"covered":8,"skipped":0,"pct":57.14},"functions":{"total":2,"covered":1,"skipped":0,"pct":50},"statements":{"total":14,"covered":8,"skipped":0,"pct":57.14},"branches":{"total":25,"covered":14,"skipped":0,"pct":56}}
}
