TN:
SF:module/credential/src/index.ts
FNF:0
FNH:0
DA:1,0
LF:1
LH:0
BRF:0
BRH:0
end_of_record
TN:
SF:module/credential/src/credential-generator/credentialsGenerator.ts
FN:10,(anonymous_0)
FNF:1
FNH:1
FNDA:16,(anonymous_0)
DA:7,5
DA:11,16
DA:12,16
LF:3
LH:3
BRF:0
BRH:0
end_of_record
TN:
SF:module/credential/src/credential-generator/error.ts
FN:4,(anonymous_0)
FN:12,(anonymous_1)
FN:20,(anonymous_2)
FN:28,(anonymous_3)
FN:36,(anonymous_4)
FNF:5
FNH:1
FNDA:2,(anonymous_0)
FNDA:0,(anonymous_1)
FNDA:0,(anonymous_2)
FNDA:0,(anonymous_3)
FNDA:0,(anonymous_4)
DA:1,1
DA:3,1
DA:5,2
DA:6,2
DA:7,2
DA:11,1
DA:13,0
DA:14,0
DA:15,0
DA:19,1
DA:21,0
DA:22,0
DA:23,0
DA:27,1
DA:29,0
DA:30,0
DA:31,0
DA:35,1
DA:37,0
DA:38,0
DA:39,0
LF:21
LH:9
BRF:0
BRH:0
end_of_record
TN:
SF:module/credential/src/credential-generator/aws/awsCredentialsGenerator.ts
FN:9,(anonymous_0)
FN:13,(anonymous_1)
FN:24,(anonymous_2)
FN:30,(anonymous_3)
FNF:4
FNH:4
FNDA:11,(anonymous_0)
FNDA:11,(anonymous_1)
FNDA:8,(anonymous_2)
FNDA:19,(anonymous_3)
DA:1,2
DA:3,2
DA:4,2
DA:5,2
DA:7,2
DA:8,2
DA:10,11
DA:14,11
DA:15,11
DA:16,11
DA:17,2
DA:20,9
DA:21,6
DA:25,8
DA:26,8
DA:27,8
DA:31,19
DA:32,19
DA:33,19
LF:19
LH:19
BRDA:16,0,0,2
BRDA:16,1,0,11
BRDA:16,1,1,3
BRDA:9,2,0,0
BRDA:9,2,1,2
BRDA:9,3,0,2
BRDA:9,3,1,0
BRF:7
BRH:5
end_of_record
TN:
SF:module/credential/src/credential-generator/aws/awsCredentialsGeneratorOnPremise.ts
FN:15,(anonymous_0)
FN:20,(anonymous_1)
FN:66,(anonymous_2)
FNF:3
FNH:3
FNDA:7,(anonymous_0)
FNDA:5,(anonymous_1)
FNDA:7,(anonymous_2)
DA:2,1
DA:3,1
DA:4,1
DA:5,1
DA:7,1
DA:8,1
DA:9,1
DA:12,1
DA:16,7
DA:17,7
DA:21,5
DA:22,5
DA:23,0
DA:26,5
DA:27,5
DA:35,5
DA:41,5
DA:42,5
DA:44,5
DA:51,1
DA:53,4
DA:59,4
DA:61,1
DA:62,1
DA:67,7
DA:72,1
DA:74,6
DA:83,6
DA:85,6
DA:86,1
DA:89,5
DA:95,5
LF:32
LH:31
BRDA:22,0,0,0
BRDA:44,1,0,1
BRDA:45,2,0,5
BRDA:45,2,1,5
BRDA:45,2,2,4
BRDA:45,2,3,4
BRDA:45,2,4,4
BRDA:67,3,0,1
BRDA:68,4,0,7
BRDA:68,4,1,6
BRDA:68,4,2,6
BRDA:85,5,0,1
BRF:12
BRH:11
end_of_record
TN:
SF:module/credential/src/credential-generator/aws/awsCredentialsGeneratorOnSaas.ts
FN:10,(anonymous_0)
FNF:1
FNH:1
FNDA:4,(anonymous_0)
DA:2,1
DA:3,1
DA:4,1
DA:6,1
DA:7,1
DA:9,1
DA:11,4
DA:12,4
DA:13,1
DA:15,3
DA:16,3
DA:17,3
DA:23,3
DA:24,3
DA:26,3
DA:33,1
DA:35,2
DA:41,2
DA:43,2
DA:44,2
LF:20
LH:20
BRDA:12,0,0,1
BRDA:26,1,0,1
BRDA:27,2,0,3
BRDA:27,2,1,3
BRDA:27,2,2,2
BRDA:27,2,3,2
BRDA:27,2,4,2
BRF:7
BRH:7
end_of_record
TN:
SF:module/credential/src/credential-generator/aws/index.ts
FNF:0
FNH:0
DA:1,0
DA:2,0
DA:3,0
LF:3
LH:0
BRF:0
BRH:0
end_of_record
TN:
SF:module/credential/src/credential-generator/azure/azureCredentialsGenerator.ts
FN:26,(anonymous_0)
FN:51,(anonymous_1)
FN:67,(anonymous_2)
FN:77,(anonymous_3)
FN:89,(anonymous_4)
FN:99,(anonymous_5)
FNF:6
FNH:6
FNDA:2,(anonymous_0)
FNDA:2,(anonymous_1)
FNDA:1,(anonymous_2)
FNDA:1,(anonymous_3)
FNDA:1,(anonymous_4)
FNDA:1,(anonymous_5)
DA:1,1
DA:3,1
DA:5,1
DA:6,1
DA:7,1
DA:9,1
DA:22,1
DA:25,1
DA:27,2
DA:28,2
DA:29,1
DA:31,1
DA:32,1
DA:34,1
DA:35,1
DA:37,1
DA:44,1
DA:46,1
DA:47,1
DA:52,2
DA:53,2
DA:54,1
DA:56,1
DA:57,1
DA:58,1
DA:59,1
DA:60,0
DA:61,0
DA:63,0
DA:68,1
DA:69,1
DA:70,1
DA:72,0
DA:73,0
DA:78,1
DA:79,1
DA:82,1
DA:84,0
DA:85,0
DA:90,1
DA:91,1
DA:92,1
DA:94,0
DA:95,0
DA:100,1
DA:101,1
DA:102,1
DA:108,1
DA:109,1
DA:110,0
DA:111,0
DA:114,1
LF:52
LH:41
BRDA:57,0,0,1
BRDA:59,1,0,1
BRDA:60,2,0,0
BRDA:61,3,0,0
BRDA:110,4,0,0
BRF:5
BRH:2
end_of_record
TN:
SF:module/credential/src/credential-generator/azure/index.ts
FNF:0
FNH:0
DA:1,0
LF:1
LH:0
BRF:0
BRH:0
end_of_record
TN:
SF:module/credential/src/credential-generator/gcp/gcpCredentialsGenerator.ts
FN:12,(anonymous_0)
FN:15,(anonymous_1)
FN:31,(anonymous_2)
FNF:3
FNH:3
FNDA:2,(anonymous_0)
FNDA:2,(anonymous_1)
FNDA:2,(anonymous_2)
DA:1,1
DA:2,1
DA:3,1
DA:6,1
DA:7,1
DA:8,1
DA:10,1
DA:11,1
DA:13,2
DA:16,2
DA:17,2
DA:18,2
DA:19,2
DA:23,2
DA:25,1
DA:26,1
DA:28,2
DA:32,2
LF:18
LH:18
BRF:0
BRH:0
end_of_record
TN:
SF:module/credential/src/credential-generator/gcp/index.ts
FNF:0
FNH:0
DA:1,0
LF:1
LH:0
BRF:0
BRH:0
end_of_record
TN:
SF:module/credential/src/credential-generator/ncp/index.ts
FNF:0
FNH:0
DA:1,0
LF:1
LH:0
BRF:0
BRH:0
end_of_record
TN:
SF:module/credential/src/credential-generator/ncp/ncpCredentialsGenerator.ts
FN:14,(anonymous_0)
FN:18,(anonymous_1)
FN:33,(anonymous_2)
FNF:3
FNH:3
FNDA:1,(anonymous_0)
FNDA:1,(anonymous_1)
FNDA:1,(anonymous_2)
DA:4,1
DA:6,1
DA:8,1
DA:12,1
DA:13,1
DA:15,1
DA:22,1
DA:23,1
DA:24,1
DA:25,1
DA:34,1
DA:35,1
DA:36,1
DA:47,1
LF:14
LH:14
BRDA:23,0,0,1
BRDA:23,0,1,0
BRF:2
BRH:1
end_of_record
TN:
SF:module/credential/src/error/error.ts
FN:6,(anonymous_0)
FN:14,(anonymous_1)
FN:22,(anonymous_2)
FN:30,(anonymous_3)
FN:31,(anonymous_4)
FNF:5
FNH:4
FNDA:4,(anonymous_0)
FNDA:2,(anonymous_1)
FNDA:0,(anonymous_2)
FNDA:4,(anonymous_3)
FNDA:4,(anonymous_4)
DA:1,2
DA:5,2
DA:7,4
DA:8,4
DA:9,4
DA:13,2
DA:15,2
DA:16,2
DA:17,2
DA:21,2
DA:23,0
DA:24,0
DA:25,0
DA:29,2
DA:31,4
DA:32,4
DA:33,2
DA:35,2
DA:38,4
DA:39,4
LF:20
LH:17
BRDA:32,0,0,2
BRDA:32,0,1,2
BRF:2
BRH:2
end_of_record
TN:
SF:module/credential/src/lib/credential.ts
FN:1,credential
FNF:1
FNH:1
FNDA:1,credential
DA:1,1
DA:2,1
LF:2
LH:2
BRF:0
BRH:0
end_of_record
TN:
SF:module/credential/src/util/awsCredentialGeneratorMapper.ts
FN:8,createAwsCredentialGenerator
FNF:1
FNH:0
FNDA:0,createAwsCredentialGenerator
DA:2,0
DA:8,0
DA:11,0
DA:12,0
DA:14,0
LF:5
LH:0
BRDA:11,0,0,0
BRF:1
BRH:0
end_of_record
TN:
SF:module/credential/src/util/type-guard/awsTypeGuard.ts
FN:4,isAwsKeyType
FN:15,isAwsAnywhereJsonType
FNF:2
FNH:1
FNDA:0,isAwsKeyType
FNDA:6,isAwsAnywhereJsonType
DA:4,1
DA:5,0
DA:6,0
DA:9,0
DA:11,0
DA:12,0
DA:15,1
DA:16,6
DA:17,0
DA:20,6
DA:22,6
DA:23,6
DA:24,6
DA:26,6
LF:14
LH:8
BRDA:5,0,0,0
BRDA:5,1,0,0
BRDA:5,1,1,0
BRDA:9,2,0,0
BRDA:9,2,1,0
BRDA:11,3,0,0
BRDA:11,3,1,0
BRDA:11,3,2,0
BRDA:12,4,0,0
BRDA:12,4,1,0
BRDA:16,5,0,0
BRDA:16,6,0,6
BRDA:16,6,1,6
BRDA:20,7,0,6
BRDA:20,7,1,5
BRDA:22,8,0,6
BRDA:22,8,1,5
BRDA:23,9,0,6
BRDA:23,9,1,5
BRDA:24,10,0,6
BRDA:24,10,1,5
BRDA:27,11,0,6
BRDA:27,11,1,5
BRDA:27,11,2,5
BRDA:27,11,3,5
BRF:25
BRH:14
end_of_record
