{"total": {"lines":{"total":7842,"covered":6383,"skipped":0,"pct":81.39},"statements":{"total":7902,"covered":6435,"skipped":0,"pct":81.43},"functions":{"total":1222,"covered":1100,"skipped":0,"pct":90.01},"branches":{"total":2071,"covered":1076,"skipped":0,"pct":51.95},"branchesTrue":{"total":0,"covered":0,"skipped":0,"pct":100}}
,"/home/user1/repo/securecloud-backendx/product/data-collector/src/init.ts": {"lines":{"total":5,"covered":0,"skipped":0,"pct":0},"functions":{"total":1,"covered":0,"skipped":0,"pct":0},"statements":{"total":5,"covered":0,"skipped":0,"pct":0},"branches":{"total":0,"covered":0,"skipped":0,"pct":100}}
,"/home/user1/repo/securecloud-backendx/product/data-collector/src/collector/fullCollector.service.ts": {"lines":{"total":22,"covered":0,"skipped":0,"pct":0},"functions":{"total":4,"covered":0,"skipped":0,"pct":0},"statements":{"total":22,"covered":0,"skipped":0,"pct":0},"branches":{"total":0,"covered":0,"skipped":0,"pct":100}}
,"/home/user1/repo/securecloud-backendx/product/data-collector/src/collector/partialCollector.service.ts": {"lines":{"total":24,"covered":0,"skipped":0,"pct":0},"functions":{"total":3,"covered":0,"skipped":0,"pct":0},"statements":{"total":24,"covered":0,"skipped":0,"pct":0},"branches":{"total":1,"covered":0,"skipped":0,"pct":0}}
,"/home/user1/repo/securecloud-backendx/product/data-collector/src/constant/time.ts": {"lines":{"total":3,"covered":0,"skipped":0,"pct":0},"functions":{"total":0,"covered":0,"skipped":0,"pct":100},"statements":{"total":3,"covered":0,"skipped":0,"pct":0},"branches":{"total":0,"covered":0,"skipped":0,"pct":100}}
,"/home/user1/repo/securecloud-backendx/product/data-collector/src/data-requester/dataRequester.ts": {"lines":{"total":1,"covered":1,"skipped":0,"pct":100},"functions":{"total":0,"covered":0,"skipped":0,"pct":100},"statements":{"total":1,"covered":1,"skipped":0,"pct":100},"branches":{"total":0,"covered":0,"skipped":0,"pct":100}}
,"/home/user1/repo/securecloud-backendx/product/data-collector/src/data-requester/fullScanRequester.ts": {"lines":{"total":6,"covered":0,"skipped":0,"pct":0},"functions":{"total":1,"covered":0,"skipped":0,"pct":0},"statements":{"total":6,"covered":0,"skipped":0,"pct":0},"branches":{"total":0,"covered":0,"skipped":0,"pct":100}}
,"/home/user1/repo/securecloud-backendx/product/data-collector/src/data-requester/requesterFactory.ts": {"lines":{"total":14,"covered":11,"skipped":0,"pct":78.57},"functions":{"total":2,"covered":2,"skipped":0,"pct":100},"statements":{"total":14,"covered":11,"skipped":0,"pct":78.57},"branches":{"total":5,"covered":2,"skipped":0,"pct":40}}
,"/home/user1/repo/securecloud-backendx/product/data-collector/src/data-requester/aws/awsDataRequester.ts": {"lines":{"total":50,"covered":49,"skipped":0,"pct":98},"functions":{"total":10,"covered":10,"skipped":0,"pct":100},"statements":{"total":50,"covered":49,"skipped":0,"pct":98},"branches":{"total":9,"covered":6,"skipped":0,"pct":66.66}}
,"/home/user1/repo/securecloud-backendx/product/data-collector/src/data-requester/aws/awsFullScanRequester.ts": {"lines":{"total":242,"covered":0,"skipped":0,"pct":0},"functions":{"total":20,"covered":0,"skipped":0,"pct":0},"statements":{"total":245,"covered":0,"skipped":0,"pct":0},"branches":{"total":0,"covered":0,"skipped":0,"pct":100}}
,"/home/user1/repo/securecloud-backendx/product/data-collector/src/data-requester/aws/awsRequesterFactory.ts": {"lines":{"total":120,"covered":65,"skipped":0,"pct":54.16},"functions":{"total":2,"covered":2,"skipped":0,"pct":100},"statements":{"total":120,"covered":65,"skipped":0,"pct":54.16},"branches":{"total":59,"covered":4,"skipped":0,"pct":6.77}}
,"/home/user1/repo/securecloud-backendx/product/data-collector/src/data-requester/aws/analytics/elasticsearch/awsElasticSearchDataRequester.ts": {"lines":{"total":46,"covered":41,"skipped":0,"pct":89.13},"functions":{"total":6,"covered":6,"skipped":0,"pct":100},"statements":{"total":46,"covered":41,"skipped":0,"pct":89.13},"branches":{"total":9,"covered":3,"skipped":0,"pct":33.33}}
,"/home/user1/repo/securecloud-backendx/product/data-collector/src/data-requester/aws/analytics/emr/awsEmrDataRequester.ts": {"lines":{"total":26,"covered":25,"skipped":0,"pct":96.15},"functions":{"total":3,"covered":3,"skipped":0,"pct":100},"statements":{"total":26,"covered":25,"skipped":0,"pct":96.15},"branches":{"total":6,"covered":4,"skipped":0,"pct":66.66}}
,"/home/user1/repo/securecloud-backendx/product/data-collector/src/data-requester/aws/common/backup-plan/awsBackupPlanDataRequester.ts": {"lines":{"total":36,"covered":31,"skipped":0,"pct":86.11},"functions":{"total":5,"covered":5,"skipped":0,"pct":100},"statements":{"total":36,"covered":31,"skipped":0,"pct":86.11},"branches":{"total":10,"covered":4,"skipped":0,"pct":40}}
,"/home/user1/repo/securecloud-backendx/product/data-collector/src/data-requester/aws/common/backup-selection/awsBackupSelectionDataRequester.ts": {"lines":{"total":53,"covered":44,"skipped":0,"pct":83.01},"functions":{"total":6,"covered":6,"skipped":0,"pct":100},"statements":{"total":53,"covered":44,"skipped":0,"pct":83.01},"branches":{"total":15,"covered":7,"skipped":0,"pct":46.66}}
,"/home/user1/repo/securecloud-backendx/product/data-collector/src/data-requester/aws/compute/ami/awsAmiDataRequester.ts": {"lines":{"total":24,"covered":22,"skipped":0,"pct":91.66},"functions":{"total":4,"covered":4,"skipped":0,"pct":100},"statements":{"total":24,"covered":22,"skipped":0,"pct":91.66},"branches":{"total":8,"covered":4,"skipped":0,"pct":50}}
,"/home/user1/repo/securecloud-backendx/product/data-collector/src/data-requester/aws/compute/ec2/awsEc2DataRequester.ts": {"lines":{"total":72,"covered":64,"skipped":0,"pct":88.88},"functions":{"total":9,"covered":9,"skipped":0,"pct":100},"statements":{"total":72,"covered":64,"skipped":0,"pct":88.88},"branches":{"total":32,"covered":21,"skipped":0,"pct":65.62}}
,"/home/user1/repo/securecloud-backendx/product/data-collector/src/data-requester/aws/compute/lambda/awsLambdaDataRequester.ts": {"lines":{"total":43,"covered":38,"skipped":0,"pct":88.37},"functions":{"total":6,"covered":5,"skipped":0,"pct":83.33},"statements":{"total":43,"covered":38,"skipped":0,"pct":88.37},"branches":{"total":15,"covered":4,"skipped":0,"pct":26.66}}
,"/home/user1/repo/securecloud-backendx/product/data-collector/src/data-requester/aws/constant/hostzone.ts": {"lines":{"total":1,"covered":1,"skipped":0,"pct":100},"functions":{"total":0,"covered":0,"skipped":0,"pct":100},"statements":{"total":1,"covered":1,"skipped":0,"pct":100},"branches":{"total":0,"covered":0,"skipped":0,"pct":100}}
,"/home/user1/repo/securecloud-backendx/product/data-collector/src/data-requester/aws/database/dynamoDB/awsDynamoDBDataRequester.ts": {"lines":{"total":63,"covered":55,"skipped":0,"pct":87.3},"functions":{"total":9,"covered":9,"skipped":0,"pct":100},"statements":{"total":63,"covered":55,"skipped":0,"pct":87.3},"branches":{"total":15,"covered":7,"skipped":0,"pct":46.66}}
,"/home/user1/repo/securecloud-backendx/product/data-collector/src/data-requester/aws/database/elasticache/awsElastiCacheDataRequester.ts": {"lines":{"total":59,"covered":52,"skipped":0,"pct":88.13},"functions":{"total":8,"covered":8,"skipped":0,"pct":100},"statements":{"total":59,"covered":52,"skipped":0,"pct":88.13},"branches":{"total":13,"covered":5,"skipped":0,"pct":38.46}}
,"/home/user1/repo/securecloud-backendx/product/data-collector/src/data-requester/aws/database/rds-backup/awsRdsBackupDataRequester.ts": {"lines":{"total":25,"covered":23,"skipped":0,"pct":92},"functions":{"total":3,"covered":3,"skipped":0,"pct":100},"statements":{"total":25,"covered":23,"skipped":0,"pct":92},"branches":{"total":6,"covered":3,"skipped":0,"pct":50}}
,"/home/user1/repo/securecloud-backendx/product/data-collector/src/data-requester/aws/database/rds-instance/awsRdsInstanceDataRequester.ts": {"lines":{"total":25,"covered":23,"skipped":0,"pct":92},"functions":{"total":3,"covered":3,"skipped":0,"pct":100},"statements":{"total":25,"covered":23,"skipped":0,"pct":92},"branches":{"total":6,"covered":3,"skipped":0,"pct":50}}
,"/home/user1/repo/securecloud-backendx/product/data-collector/src/data-requester/aws/database/rds-snapshot/awsRdsSnapshotDataRequester.ts": {"lines":{"total":26,"covered":24,"skipped":0,"pct":92.3},"functions":{"total":3,"covered":3,"skipped":0,"pct":100},"statements":{"total":26,"covered":24,"skipped":0,"pct":92.3},"branches":{"total":6,"covered":3,"skipped":0,"pct":50}}
,"/home/user1/repo/securecloud-backendx/product/data-collector/src/data-requester/aws/database/redshift/awsRedshiftDataRequester.ts": {"lines":{"total":50,"covered":46,"skipped":0,"pct":92},"functions":{"total":6,"covered":6,"skipped":0,"pct":100},"statements":{"total":50,"covered":46,"skipped":0,"pct":92},"branches":{"total":19,"covered":13,"skipped":0,"pct":68.42}}
,"/home/user1/repo/securecloud-backendx/product/data-collector/src/data-requester/aws/eks/ecr/awsEcrDataRequester.ts": {"lines":{"total":45,"covered":39,"skipped":0,"pct":86.66},"functions":{"total":7,"covered":7,"skipped":0,"pct":100},"statements":{"total":45,"covered":39,"skipped":0,"pct":86.66},"branches":{"total":13,"covered":7,"skipped":0,"pct":53.84}}
,"/home/user1/repo/securecloud-backendx/product/data-collector/src/data-requester/aws/eks/eks/awsEksClusterDataRequester.ts": {"lines":{"total":33,"covered":32,"skipped":0,"pct":96.96},"functions":{"total":6,"covered":6,"skipped":0,"pct":100},"statements":{"total":33,"covered":32,"skipped":0,"pct":96.96},"branches":{"total":6,"covered":4,"skipped":0,"pct":66.66}}
,"/home/user1/repo/securecloud-backendx/product/data-collector/src/data-requester/aws/eks/eks-fargate/awsEksFargateDataRequester.ts": {"lines":{"total":37,"covered":34,"skipped":0,"pct":91.89},"functions":{"total":7,"covered":7,"skipped":0,"pct":100},"statements":{"total":38,"covered":35,"skipped":0,"pct":92.1},"branches":{"total":4,"covered":2,"skipped":0,"pct":50}}
,"/home/user1/repo/securecloud-backendx/product/data-collector/src/data-requester/aws/eks/eks-nodegroup/awsEksNodeGroupDataRequester.ts": {"lines":{"total":37,"covered":34,"skipped":0,"pct":91.89},"functions":{"total":6,"covered":6,"skipped":0,"pct":100},"statements":{"total":37,"covered":34,"skipped":0,"pct":91.89},"branches":{"total":4,"covered":2,"skipped":0,"pct":50}}
,"/home/user1/repo/securecloud-backendx/product/data-collector/src/data-requester/aws/identity/access-analyzer/awsAccessAnalyzerDataRequester.ts": {"lines":{"total":25,"covered":24,"skipped":0,"pct":96},"functions":{"total":3,"covered":3,"skipped":0,"pct":100},"statements":{"total":25,"covered":24,"skipped":0,"pct":96},"branches":{"total":4,"covered":2,"skipped":0,"pct":50}}
,"/home/user1/repo/securecloud-backendx/product/data-collector/src/data-requester/aws/identity/acm/awsAcmDataRequester.ts": {"lines":{"total":42,"covered":38,"skipped":0,"pct":90.47},"functions":{"total":6,"covered":6,"skipped":0,"pct":100},"statements":{"total":42,"covered":38,"skipped":0,"pct":90.47},"branches":{"total":7,"covered":3,"skipped":0,"pct":42.85}}
,"/home/user1/repo/securecloud-backendx/product/data-collector/src/data-requester/aws/identity/iam-access-key/awsIamAccessKeyDataRequester.ts": {"lines":{"total":45,"covered":40,"skipped":0,"pct":88.88},"functions":{"total":7,"covered":7,"skipped":0,"pct":100},"statements":{"total":46,"covered":41,"skipped":0,"pct":89.13},"branches":{"total":13,"covered":10,"skipped":0,"pct":76.92}}
,"/home/user1/repo/securecloud-backendx/product/data-collector/src/data-requester/aws/identity/iam-group/awsIamGroupDataRequester.ts": {"lines":{"total":55,"covered":49,"skipped":0,"pct":89.09},"functions":{"total":14,"covered":14,"skipped":0,"pct":100},"statements":{"total":59,"covered":53,"skipped":0,"pct":89.83},"branches":{"total":10,"covered":7,"skipped":0,"pct":70}}
,"/home/user1/repo/securecloud-backendx/product/data-collector/src/data-requester/aws/identity/iam-policy-version/awsIamPolicyVersionDataRequester.ts": {"lines":{"total":68,"covered":61,"skipped":0,"pct":89.7},"functions":{"total":13,"covered":13,"skipped":0,"pct":100},"statements":{"total":70,"covered":63,"skipped":0,"pct":90},"branches":{"total":20,"covered":17,"skipped":0,"pct":85}}
,"/home/user1/repo/securecloud-backendx/product/data-collector/src/data-requester/aws/identity/iam-role/awsIamRoleDataRequester.ts": {"lines":{"total":60,"covered":56,"skipped":0,"pct":93.33},"functions":{"total":9,"covered":9,"skipped":0,"pct":100},"statements":{"total":60,"covered":56,"skipped":0,"pct":93.33},"branches":{"total":10,"covered":6,"skipped":0,"pct":60}}
,"/home/user1/repo/securecloud-backendx/product/data-collector/src/data-requester/aws/identity/iam-root-account-summary/awsIamRootAccountSummaryDataRequester.ts": {"lines":{"total":22,"covered":20,"skipped":0,"pct":90.9},"functions":{"total":3,"covered":3,"skipped":0,"pct":100},"statements":{"total":22,"covered":20,"skipped":0,"pct":90.9},"branches":{"total":2,"covered":2,"skipped":0,"pct":100}}
,"/home/user1/repo/securecloud-backendx/product/data-collector/src/data-requester/aws/identity/iam-root-password-policy/awsIamRootPasswordPolicyDataRequester.ts": {"lines":{"total":22,"covered":20,"skipped":0,"pct":90.9},"functions":{"total":3,"covered":3,"skipped":0,"pct":100},"statements":{"total":22,"covered":20,"skipped":0,"pct":90.9},"branches":{"total":2,"covered":2,"skipped":0,"pct":100}}
,"/home/user1/repo/securecloud-backendx/product/data-collector/src/data-requester/aws/identity/iam-server-certificate/awsIamServerCertificateDataRequester.ts": {"lines":{"total":34,"covered":30,"skipped":0,"pct":88.23},"functions":{"total":5,"covered":5,"skipped":0,"pct":100},"statements":{"total":35,"covered":31,"skipped":0,"pct":88.57},"branches":{"total":5,"covered":2,"skipped":0,"pct":40}}
,"/home/user1/repo/securecloud-backendx/product/data-collector/src/data-requester/aws/identity/iam-user/awsIamUserDataRequester.ts": {"lines":{"total":59,"covered":51,"skipped":0,"pct":86.44},"functions":{"total":12,"covered":12,"skipped":0,"pct":100},"statements":{"total":62,"covered":54,"skipped":0,"pct":87.09},"branches":{"total":6,"covered":3,"skipped":0,"pct":50}}
,"/home/user1/repo/securecloud-backendx/product/data-collector/src/data-requester/aws/identity/kms/awsKmsDataRequester.ts": {"lines":{"total":55,"covered":50,"skipped":0,"pct":90.9},"functions":{"total":8,"covered":8,"skipped":0,"pct":100},"statements":{"total":55,"covered":50,"skipped":0,"pct":90.9},"branches":{"total":12,"covered":8,"skipped":0,"pct":66.66}}
,"/home/user1/repo/securecloud-backendx/product/data-collector/src/data-requester/aws/identity/secrets-manager/awsSecretsManagerDataRequester.ts": {"lines":{"total":26,"covered":25,"skipped":0,"pct":96.15},"functions":{"total":3,"covered":3,"skipped":0,"pct":100},"statements":{"total":26,"covered":25,"skipped":0,"pct":96.15},"branches":{"total":4,"covered":2,"skipped":0,"pct":50}}
,"/home/user1/repo/securecloud-backendx/product/data-collector/src/data-requester/aws/logging/cloudtrail/awsCloudTrailDataRequester.ts": {"lines":{"total":104,"covered":89,"skipped":0,"pct":85.57},"functions":{"total":16,"covered":15,"skipped":0,"pct":93.75},"statements":{"total":104,"covered":89,"skipped":0,"pct":85.57},"branches":{"total":31,"covered":15,"skipped":0,"pct":48.38}}
,"/home/user1/repo/securecloud-backendx/product/data-collector/src/data-requester/aws/logging/config/awsConfigDataRequester.ts": {"lines":{"total":26,"covered":25,"skipped":0,"pct":96.15},"functions":{"total":3,"covered":3,"skipped":0,"pct":100},"statements":{"total":26,"covered":25,"skipped":0,"pct":96.15},"branches":{"total":8,"covered":5,"skipped":0,"pct":62.5}}
,"/home/user1/repo/securecloud-backendx/product/data-collector/src/data-requester/aws/monitoring/cloud-watch-alarm/awsCloudWatchAlarmDataRequester.ts": {"lines":{"total":25,"covered":24,"skipped":0,"pct":96},"functions":{"total":3,"covered":3,"skipped":0,"pct":100},"statements":{"total":25,"covered":24,"skipped":0,"pct":96},"branches":{"total":6,"covered":4,"skipped":0,"pct":66.66}}
,"/home/user1/repo/securecloud-backendx/product/data-collector/src/data-requester/aws/monitoring/cloud-watch-log-group/awsCloudWatchLogGroupDataRequester.ts": {"lines":{"total":44,"covered":39,"skipped":0,"pct":88.63},"functions":{"total":7,"covered":6,"skipped":0,"pct":85.71},"statements":{"total":44,"covered":39,"skipped":0,"pct":88.63},"branches":{"total":11,"covered":7,"skipped":0,"pct":63.63}}
,"/home/user1/repo/securecloud-backendx/product/data-collector/src/data-requester/aws/monitoring/sns/awsSnsDataRequester.ts": {"lines":{"total":36,"covered":35,"skipped":0,"pct":97.22},"functions":{"total":4,"covered":4,"skipped":0,"pct":100},"statements":{"total":36,"covered":35,"skipped":0,"pct":97.22},"branches":{"total":5,"covered":3,"skipped":0,"pct":60}}
,"/home/user1/repo/securecloud-backendx/product/data-collector/src/data-requester/aws/networking/api-gateway/awsApiGatewayDataRequester.ts": {"lines":{"total":44,"covered":40,"skipped":0,"pct":90.9},"functions":{"total":6,"covered":6,"skipped":0,"pct":100},"statements":{"total":44,"covered":40,"skipped":0,"pct":90.9},"branches":{"total":13,"covered":8,"skipped":0,"pct":61.53}}
,"/home/user1/repo/securecloud-backendx/product/data-collector/src/data-requester/aws/networking/cloudfront/awsCloudfrontDataRequester.ts": {"lines":{"total":59,"covered":52,"skipped":0,"pct":88.13},"functions":{"total":10,"covered":10,"skipped":0,"pct":100},"statements":{"total":59,"covered":52,"skipped":0,"pct":88.13},"branches":{"total":12,"covered":7,"skipped":0,"pct":58.33}}
,"/home/user1/repo/securecloud-backendx/product/data-collector/src/data-requester/aws/networking/eip/awsEipDataRequester.ts": {"lines":{"total":22,"covered":22,"skipped":0,"pct":100},"functions":{"total":4,"covered":4,"skipped":0,"pct":100},"statements":{"total":23,"covered":23,"skipped":0,"pct":100},"branches":{"total":9,"covered":8,"skipped":0,"pct":88.88}}
,"/home/user1/repo/securecloud-backendx/product/data-collector/src/data-requester/aws/networking/elb/awsElbDataRequester.ts": {"lines":{"total":53,"covered":46,"skipped":0,"pct":86.79},"functions":{"total":8,"covered":8,"skipped":0,"pct":100},"statements":{"total":54,"covered":47,"skipped":0,"pct":87.03},"branches":{"total":17,"covered":11,"skipped":0,"pct":64.7}}
,"/home/user1/repo/securecloud-backendx/product/data-collector/src/data-requester/aws/networking/elb-v2/awsElbV2DataRequester.ts": {"lines":{"total":77,"covered":67,"skipped":0,"pct":87.01},"functions":{"total":11,"covered":11,"skipped":0,"pct":100},"statements":{"total":78,"covered":68,"skipped":0,"pct":87.17},"branches":{"total":21,"covered":13,"skipped":0,"pct":61.9}}
,"/home/user1/repo/securecloud-backendx/product/data-collector/src/data-requester/aws/networking/internet-gateway/awsInternetGatewayDataRequester.ts": {"lines":{"total":23,"covered":23,"skipped":0,"pct":100},"functions":{"total":4,"covered":4,"skipped":0,"pct":100},"statements":{"total":23,"covered":23,"skipped":0,"pct":100},"branches":{"total":5,"covered":4,"skipped":0,"pct":80}}
,"/home/user1/repo/securecloud-backendx/product/data-collector/src/data-requester/aws/networking/nat-gateway/awsNatGatewayDataRequester.ts": {"lines":{"total":22,"covered":22,"skipped":0,"pct":100},"functions":{"total":4,"covered":4,"skipped":0,"pct":100},"statements":{"total":23,"covered":23,"skipped":0,"pct":100},"branches":{"total":5,"covered":4,"skipped":0,"pct":80}}
,"/home/user1/repo/securecloud-backendx/product/data-collector/src/data-requester/aws/networking/network-acl/awsNetworkAclDataRequester.ts": {"lines":{"total":26,"covered":26,"skipped":0,"pct":100},"functions":{"total":7,"covered":7,"skipped":0,"pct":100},"statements":{"total":28,"covered":28,"skipped":0,"pct":100},"branches":{"total":11,"covered":8,"skipped":0,"pct":72.72}}
,"/home/user1/repo/securecloud-backendx/product/data-collector/src/data-requester/aws/networking/network-interface/awsNetworkInterfaceDataRequester.ts": {"lines":{"total":26,"covered":25,"skipped":0,"pct":96.15},"functions":{"total":3,"covered":3,"skipped":0,"pct":100},"statements":{"total":26,"covered":25,"skipped":0,"pct":96.15},"branches":{"total":6,"covered":4,"skipped":0,"pct":66.66}}
,"/home/user1/repo/securecloud-backendx/product/data-collector/src/data-requester/aws/networking/route-table/awsRouteTableDataRequester.ts": {"lines":{"total":22,"covered":22,"skipped":0,"pct":100},"functions":{"total":4,"covered":4,"skipped":0,"pct":100},"statements":{"total":23,"covered":23,"skipped":0,"pct":100},"branches":{"total":5,"covered":4,"skipped":0,"pct":80}}
,"/home/user1/repo/securecloud-backendx/product/data-collector/src/data-requester/aws/networking/route53/awsRoute53DataRequester.ts": {"lines":{"total":22,"covered":22,"skipped":0,"pct":100},"functions":{"total":4,"covered":4,"skipped":0,"pct":100},"statements":{"total":23,"covered":23,"skipped":0,"pct":100},"branches":{"total":7,"covered":5,"skipped":0,"pct":71.42}}
,"/home/user1/repo/securecloud-backendx/product/data-collector/src/data-requester/aws/networking/security-group/awsSecurityGroupDataRequester.ts": {"lines":{"total":43,"covered":42,"skipped":0,"pct":97.67},"functions":{"total":5,"covered":5,"skipped":0,"pct":100},"statements":{"total":43,"covered":42,"skipped":0,"pct":97.67},"branches":{"total":9,"covered":7,"skipped":0,"pct":77.77}}
,"/home/user1/repo/securecloud-backendx/product/data-collector/src/data-requester/aws/networking/subnet/awsSubnetDataRequester.ts": {"lines":{"total":22,"covered":22,"skipped":0,"pct":100},"functions":{"total":4,"covered":4,"skipped":0,"pct":100},"statements":{"total":23,"covered":23,"skipped":0,"pct":100},"branches":{"total":5,"covered":4,"skipped":0,"pct":80}}
,"/home/user1/repo/securecloud-backendx/product/data-collector/src/data-requester/aws/networking/vpc/awsVpcDataRequester.ts": {"lines":{"total":35,"covered":33,"skipped":0,"pct":94.28},"functions":{"total":4,"covered":4,"skipped":0,"pct":100},"statements":{"total":35,"covered":33,"skipped":0,"pct":94.28},"branches":{"total":9,"covered":6,"skipped":0,"pct":66.66}}
,"/home/user1/repo/securecloud-backendx/product/data-collector/src/data-requester/aws/networking/vpn-connection/awsVpnConnectionDataRequester.ts": {"lines":{"total":23,"covered":23,"skipped":0,"pct":100},"functions":{"total":4,"covered":4,"skipped":0,"pct":100},"statements":{"total":23,"covered":23,"skipped":0,"pct":100},"branches":{"total":7,"covered":5,"skipped":0,"pct":71.42}}
,"/home/user1/repo/securecloud-backendx/product/data-collector/src/data-requester/aws/security/guard-duty/awsGuardDutyDataRequester.ts": {"lines":{"total":26,"covered":24,"skipped":0,"pct":92.3},"functions":{"total":3,"covered":3,"skipped":0,"pct":100},"statements":{"total":26,"covered":24,"skipped":0,"pct":92.3},"branches":{"total":4,"covered":2,"skipped":0,"pct":50}}
,"/home/user1/repo/securecloud-backendx/product/data-collector/src/data-requester/aws/security/security-hub/awsSecurityHubDataRequester.ts": {"lines":{"total":15,"covered":15,"skipped":0,"pct":100},"functions":{"total":3,"covered":3,"skipped":0,"pct":100},"statements":{"total":15,"covered":15,"skipped":0,"pct":100},"branches":{"total":2,"covered":1,"skipped":0,"pct":50}}
,"/home/user1/repo/securecloud-backendx/product/data-collector/src/data-requester/aws/security/waf/awsWafDataRequester.ts": {"lines":{"total":63,"covered":57,"skipped":0,"pct":90.47},"functions":{"total":8,"covered":8,"skipped":0,"pct":100},"statements":{"total":63,"covered":57,"skipped":0,"pct":90.47},"branches":{"total":12,"covered":6,"skipped":0,"pct":50}}
,"/home/user1/repo/securecloud-backendx/product/data-collector/src/data-requester/aws/storage/efs/awsEfsDataRequester.ts": {"lines":{"total":43,"covered":39,"skipped":0,"pct":90.69},"functions":{"total":6,"covered":6,"skipped":0,"pct":100},"statements":{"total":43,"covered":39,"skipped":0,"pct":90.69},"branches":{"total":9,"covered":6,"skipped":0,"pct":66.66}}
,"/home/user1/repo/securecloud-backendx/product/data-collector/src/data-requester/aws/storage/macie/awsMacieDataRequester.ts": {"lines":{"total":25,"covered":24,"skipped":0,"pct":96},"functions":{"total":3,"covered":3,"skipped":0,"pct":100},"statements":{"total":25,"covered":24,"skipped":0,"pct":96},"branches":{"total":8,"covered":6,"skipped":0,"pct":75}}
,"/home/user1/repo/securecloud-backendx/product/data-collector/src/data-requester/aws/storage/s3/awsS3DataRequester.ts": {"lines":{"total":85,"covered":75,"skipped":0,"pct":88.23},"functions":{"total":14,"covered":14,"skipped":0,"pct":100},"statements":{"total":86,"covered":76,"skipped":0,"pct":88.37},"branches":{"total":13,"covered":9,"skipped":0,"pct":69.23}}
,"/home/user1/repo/securecloud-backendx/product/data-collector/src/data-requester/aws/storage/snapshot/awsEbsSnapshotDataRequester.ts": {"lines":{"total":28,"covered":26,"skipped":0,"pct":92.85},"functions":{"total":3,"covered":3,"skipped":0,"pct":100},"statements":{"total":28,"covered":26,"skipped":0,"pct":92.85},"branches":{"total":7,"covered":4,"skipped":0,"pct":57.14}}
,"/home/user1/repo/securecloud-backendx/product/data-collector/src/data-requester/aws/storage/volume/awsEbsVolumeDataRequester.ts": {"lines":{"total":26,"covered":25,"skipped":0,"pct":96.15},"functions":{"total":3,"covered":3,"skipped":0,"pct":100},"statements":{"total":26,"covered":25,"skipped":0,"pct":96.15},"branches":{"total":6,"covered":5,"skipped":0,"pct":83.33}}
,"/home/user1/repo/securecloud-backendx/product/data-collector/src/data-requester/aws/util/awsScaleRequester.ts": {"lines":{"total":29,"covered":27,"skipped":0,"pct":93.1},"functions":{"total":2,"covered":2,"skipped":0,"pct":100},"statements":{"total":29,"covered":27,"skipped":0,"pct":93.1},"branches":{"total":11,"covered":8,"skipped":0,"pct":72.72}}
,"/home/user1/repo/securecloud-backendx/product/data-collector/src/data-requester/aws/util/guard.ts": {"lines":{"total":2,"covered":0,"skipped":0,"pct":0},"functions":{"total":1,"covered":0,"skipped":0,"pct":0},"statements":{"total":2,"covered":0,"skipped":0,"pct":0},"branches":{"total":0,"covered":0,"skipped":0,"pct":100}}
,"/home/user1/repo/securecloud-backendx/product/data-collector/src/data-requester/aws/util/ruleParser.ts": {"lines":{"total":28,"covered":25,"skipped":0,"pct":89.28},"functions":{"total":5,"covered":5,"skipped":0,"pct":100},"statements":{"total":29,"covered":25,"skipped":0,"pct":86.2},"branches":{"total":101,"covered":61,"skipped":0,"pct":60.39}}
,"/home/user1/repo/securecloud-backendx/product/data-collector/src/data-requester/aws/util/tagUtils.ts": {"lines":{"total":29,"covered":18,"skipped":0,"pct":62.06},"functions":{"total":4,"covered":4,"skipped":0,"pct":100},"statements":{"total":30,"covered":19,"skipped":0,"pct":63.33},"branches":{"total":17,"covered":10,"skipped":0,"pct":58.82}}
,"/home/user1/repo/securecloud-backendx/product/data-collector/src/data-requester/azure/azureDataRequester.ts": {"lines":{"total":66,"covered":57,"skipped":0,"pct":86.36},"functions":{"total":12,"covered":12,"skipped":0,"pct":100},"statements":{"total":66,"covered":57,"skipped":0,"pct":86.36},"branches":{"total":13,"covered":7,"skipped":0,"pct":53.84}}
,"/home/user1/repo/securecloud-backendx/product/data-collector/src/data-requester/azure/azureRequesterFactory.ts": {"lines":{"total":82,"covered":39,"skipped":0,"pct":47.56},"functions":{"total":2,"covered":0,"skipped":0,"pct":0},"statements":{"total":82,"covered":39,"skipped":0,"pct":47.56},"branches":{"total":40,"covered":0,"skipped":0,"pct":0}}
,"/home/user1/repo/securecloud-backendx/product/data-collector/src/data-requester/azure/app/app-service/azureAppServiceDataRequester.ts": {"lines":{"total":50,"covered":43,"skipped":0,"pct":86},"functions":{"total":9,"covered":9,"skipped":0,"pct":100},"statements":{"total":50,"covered":43,"skipped":0,"pct":86},"branches":{"total":15,"covered":8,"skipped":0,"pct":53.33}}
,"/home/user1/repo/securecloud-backendx/product/data-collector/src/data-requester/azure/app/function-app/azureFunctionAppDataRequester.ts": {"lines":{"total":50,"covered":43,"skipped":0,"pct":86},"functions":{"total":9,"covered":9,"skipped":0,"pct":100},"statements":{"total":50,"covered":43,"skipped":0,"pct":86},"branches":{"total":15,"covered":8,"skipped":0,"pct":53.33}}
,"/home/user1/repo/securecloud-backendx/product/data-collector/src/data-requester/azure/authorization/classic-administrator/azureClassicAdministratorDataRequester.ts": {"lines":{"total":19,"covered":19,"skipped":0,"pct":100},"functions":{"total":7,"covered":7,"skipped":0,"pct":100},"statements":{"total":20,"covered":20,"skipped":0,"pct":100},"branches":{"total":4,"covered":2,"skipped":0,"pct":50}}
,"/home/user1/repo/securecloud-backendx/product/data-collector/src/data-requester/azure/authorization/role-assignment/azureRoleAssignmentDataRequester.ts": {"lines":{"total":17,"covered":16,"skipped":0,"pct":94.11},"functions":{"total":6,"covered":5,"skipped":0,"pct":83.33},"statements":{"total":18,"covered":17,"skipped":0,"pct":94.44},"branches":{"total":4,"covered":2,"skipped":0,"pct":50}}
,"/home/user1/repo/securecloud-backendx/product/data-collector/src/data-requester/azure/authorization/role-definition/azureRoleDefinitionDataRequester.ts": {"lines":{"total":19,"covered":18,"skipped":0,"pct":94.73},"functions":{"total":6,"covered":5,"skipped":0,"pct":83.33},"statements":{"total":20,"covered":19,"skipped":0,"pct":95},"branches":{"total":4,"covered":2,"skipped":0,"pct":50}}
,"/home/user1/repo/securecloud-backendx/product/data-collector/src/data-requester/azure/compute/managed-disk/azureManagedDiskDataRequester.ts": {"lines":{"total":25,"covered":22,"skipped":0,"pct":88},"functions":{"total":7,"covered":7,"skipped":0,"pct":100},"statements":{"total":25,"covered":22,"skipped":0,"pct":88},"branches":{"total":10,"covered":5,"skipped":0,"pct":50}}
,"/home/user1/repo/securecloud-backendx/product/data-collector/src/data-requester/azure/compute/virtual-machine/azureVirtualMachineDataRequester.ts": {"lines":{"total":18,"covered":18,"skipped":0,"pct":100},"functions":{"total":5,"covered":5,"skipped":0,"pct":100},"statements":{"total":18,"covered":18,"skipped":0,"pct":100},"branches":{"total":4,"covered":2,"skipped":0,"pct":50}}
,"/home/user1/repo/securecloud-backendx/product/data-collector/src/data-requester/azure/const/apiEndpoint.ts": {"lines":{"total":28,"covered":23,"skipped":0,"pct":82.14},"functions":{"total":26,"covered":21,"skipped":0,"pct":80.76},"statements":{"total":28,"covered":23,"skipped":0,"pct":82.14},"branches":{"total":0,"covered":0,"skipped":0,"pct":100}}
,"/home/user1/repo/securecloud-backendx/product/data-collector/src/data-requester/azure/const/watcher.ts": {"lines":{"total":1,"covered":1,"skipped":0,"pct":100},"functions":{"total":0,"covered":0,"skipped":0,"pct":100},"statements":{"total":1,"covered":1,"skipped":0,"pct":100},"branches":{"total":0,"covered":0,"skipped":0,"pct":100}}
,"/home/user1/repo/securecloud-backendx/product/data-collector/src/data-requester/azure/containerservice/kubernetes/azureKubernetesDataRequester.ts": {"lines":{"total":24,"covered":22,"skipped":0,"pct":91.66},"functions":{"total":6,"covered":6,"skipped":0,"pct":100},"statements":{"total":24,"covered":22,"skipped":0,"pct":91.66},"branches":{"total":10,"covered":5,"skipped":0,"pct":50}}
,"/home/user1/repo/securecloud-backendx/product/data-collector/src/data-requester/azure/cosmosdb/cosmosdb/azureCosmosDbDataRequester.ts": {"lines":{"total":18,"covered":18,"skipped":0,"pct":100},"functions":{"total":6,"covered":6,"skipped":0,"pct":100},"statements":{"total":19,"covered":19,"skipped":0,"pct":100},"branches":{"total":5,"covered":2,"skipped":0,"pct":40}}
,"/home/user1/repo/securecloud-backendx/product/data-collector/src/data-requester/azure/front-door/front-door/azureFrontDoorDataRequester.ts": {"lines":{"total":33,"covered":30,"skipped":0,"pct":90.9},"functions":{"total":6,"covered":6,"skipped":0,"pct":100},"statements":{"total":33,"covered":30,"skipped":0,"pct":90.9},"branches":{"total":8,"covered":4,"skipped":0,"pct":50}}
,"/home/user1/repo/securecloud-backendx/product/data-collector/src/data-requester/azure/graph/active-directory/azureActiveDirectoryDataRequester.ts": {"lines":{"total":59,"covered":44,"skipped":0,"pct":74.57},"functions":{"total":11,"covered":10,"skipped":0,"pct":90.9},"statements":{"total":59,"covered":44,"skipped":0,"pct":74.57},"branches":{"total":10,"covered":4,"skipped":0,"pct":40}}
,"/home/user1/repo/securecloud-backendx/product/data-collector/src/data-requester/azure/graph/application/azureApplicationDataRequester.ts": {"lines":{"total":37,"covered":32,"skipped":0,"pct":86.48},"functions":{"total":6,"covered":5,"skipped":0,"pct":83.33},"statements":{"total":37,"covered":32,"skipped":0,"pct":86.48},"branches":{"total":6,"covered":2,"skipped":0,"pct":33.33}}
,"/home/user1/repo/securecloud-backendx/product/data-collector/src/data-requester/azure/graph/group/azureGroupDataRequester.ts": {"lines":{"total":37,"covered":32,"skipped":0,"pct":86.48},"functions":{"total":6,"covered":5,"skipped":0,"pct":83.33},"statements":{"total":37,"covered":32,"skipped":0,"pct":86.48},"branches":{"total":6,"covered":2,"skipped":0,"pct":33.33}}
,"/home/user1/repo/securecloud-backendx/product/data-collector/src/data-requester/azure/graph/service-principal/azureServicePrincipalDataRequester.ts": {"lines":{"total":24,"covered":22,"skipped":0,"pct":91.66},"functions":{"total":5,"covered":4,"skipped":0,"pct":80},"statements":{"total":24,"covered":22,"skipped":0,"pct":91.66},"branches":{"total":5,"covered":2,"skipped":0,"pct":40}}
,"/home/user1/repo/securecloud-backendx/product/data-collector/src/data-requester/azure/graph/user/azureUserDataRequester.ts": {"lines":{"total":52,"covered":45,"skipped":0,"pct":86.53},"functions":{"total":9,"covered":8,"skipped":0,"pct":88.88},"statements":{"total":52,"covered":45,"skipped":0,"pct":86.53},"branches":{"total":8,"covered":2,"skipped":0,"pct":25}}
,"/home/user1/repo/securecloud-backendx/product/data-collector/src/data-requester/azure/keyvault/keyvault/azureKeyVaultDataRequester.ts": {"lines":{"total":80,"covered":68,"skipped":0,"pct":85},"functions":{"total":10,"covered":10,"skipped":0,"pct":100},"statements":{"total":80,"covered":68,"skipped":0,"pct":85},"branches":{"total":16,"covered":9,"skipped":0,"pct":56.25}}
,"/home/user1/repo/securecloud-backendx/product/data-collector/src/data-requester/azure/monitor/activity-log-alert/azureActivityLogAlertDataRequester.ts": {"lines":{"total":18,"covered":18,"skipped":0,"pct":100},"functions":{"total":6,"covered":6,"skipped":0,"pct":100},"statements":{"total":19,"covered":19,"skipped":0,"pct":100},"branches":{"total":4,"covered":2,"skipped":0,"pct":50}}
,"/home/user1/repo/securecloud-backendx/product/data-collector/src/data-requester/azure/monitor/diagnostic-settings/azureDiagnosticSettingsDataRequester.ts": {"lines":{"total":56,"covered":47,"skipped":0,"pct":83.92},"functions":{"total":8,"covered":8,"skipped":0,"pct":100},"statements":{"total":56,"covered":47,"skipped":0,"pct":83.92},"branches":{"total":10,"covered":3,"skipped":0,"pct":30}}
,"/home/user1/repo/securecloud-backendx/product/data-collector/src/data-requester/azure/monitor/log-profile/azureLogProfileDataRequester.ts": {"lines":{"total":18,"covered":18,"skipped":0,"pct":100},"functions":{"total":6,"covered":6,"skipped":0,"pct":100},"statements":{"total":19,"covered":19,"skipped":0,"pct":100},"branches":{"total":4,"covered":2,"skipped":0,"pct":50}}
,"/home/user1/repo/securecloud-backendx/product/data-collector/src/data-requester/azure/mysql/mysql/azureMySqlDataRequester.ts": {"lines":{"total":50,"covered":41,"skipped":0,"pct":82},"functions":{"total":9,"covered":9,"skipped":0,"pct":100},"statements":{"total":50,"covered":41,"skipped":0,"pct":82},"branches":{"total":8,"covered":4,"skipped":0,"pct":50}}
,"/home/user1/repo/securecloud-backendx/product/data-collector/src/data-requester/azure/mysql/mysql-flexible/azureMySqlFlexibleDataRequester.ts": {"lines":{"total":50,"covered":41,"skipped":0,"pct":82},"functions":{"total":9,"covered":9,"skipped":0,"pct":100},"statements":{"total":50,"covered":41,"skipped":0,"pct":82},"branches":{"total":8,"covered":4,"skipped":0,"pct":50}}
,"/home/user1/repo/securecloud-backendx/product/data-collector/src/data-requester/azure/network/application-gateway/azureApplicationGatewayDataRequester.ts": {"lines":{"total":29,"covered":25,"skipped":0,"pct":86.2},"functions":{"total":6,"covered":6,"skipped":0,"pct":100},"statements":{"total":29,"covered":25,"skipped":0,"pct":86.2},"branches":{"total":12,"covered":6,"skipped":0,"pct":50}}
,"/home/user1/repo/securecloud-backendx/product/data-collector/src/data-requester/azure/network/firewall/azureFirewallDataRequester.ts": {"lines":{"total":22,"covered":21,"skipped":0,"pct":95.45},"functions":{"total":6,"covered":6,"skipped":0,"pct":100},"statements":{"total":22,"covered":21,"skipped":0,"pct":95.45},"branches":{"total":9,"covered":5,"skipped":0,"pct":55.55}}
,"/home/user1/repo/securecloud-backendx/product/data-collector/src/data-requester/azure/network/firewall-policy/azureFirewallPolicyDataRequester.ts": {"lines":{"total":43,"covered":36,"skipped":0,"pct":83.72},"functions":{"total":7,"covered":7,"skipped":0,"pct":100},"statements":{"total":43,"covered":36,"skipped":0,"pct":83.72},"branches":{"total":12,"covered":6,"skipped":0,"pct":50}}
,"/home/user1/repo/securecloud-backendx/product/data-collector/src/data-requester/azure/network/network-interface/azureNetworkInterfaceDataRequester.ts": {"lines":{"total":22,"covered":21,"skipped":0,"pct":95.45},"functions":{"total":6,"covered":6,"skipped":0,"pct":100},"statements":{"total":22,"covered":21,"skipped":0,"pct":95.45},"branches":{"total":9,"covered":5,"skipped":0,"pct":55.55}}
,"/home/user1/repo/securecloud-backendx/product/data-collector/src/data-requester/azure/network/network-security-group/azureNetworkSecurityGroupDataRequester.ts": {"lines":{"total":54,"covered":47,"skipped":0,"pct":87.03},"functions":{"total":11,"covered":11,"skipped":0,"pct":100},"statements":{"total":57,"covered":49,"skipped":0,"pct":85.96},"branches":{"total":22,"covered":13,"skipped":0,"pct":59.09}}
,"/home/user1/repo/securecloud-backendx/product/data-collector/src/data-requester/azure/network/network-watcher/azureNetworkWatcherDataRequester.ts": {"lines":{"total":26,"covered":22,"skipped":0,"pct":84.61},"functions":{"total":5,"covered":4,"skipped":0,"pct":80},"statements":{"total":26,"covered":22,"skipped":0,"pct":84.61},"branches":{"total":5,"covered":2,"skipped":0,"pct":40}}
,"/home/user1/repo/securecloud-backendx/product/data-collector/src/data-requester/azure/network/public-ip-address/azurePublicIPAddressDataRequester.ts": {"lines":{"total":22,"covered":21,"skipped":0,"pct":95.45},"functions":{"total":6,"covered":6,"skipped":0,"pct":100},"statements":{"total":22,"covered":21,"skipped":0,"pct":95.45},"branches":{"total":9,"covered":5,"skipped":0,"pct":55.55}}
,"/home/user1/repo/securecloud-backendx/product/data-collector/src/data-requester/azure/network/subnet/azureSubnetDataRequester.ts": {"lines":{"total":57,"covered":47,"skipped":0,"pct":82.45},"functions":{"total":10,"covered":10,"skipped":0,"pct":100},"statements":{"total":57,"covered":47,"skipped":0,"pct":82.45},"branches":{"total":22,"covered":10,"skipped":0,"pct":45.45}}
,"/home/user1/repo/securecloud-backendx/product/data-collector/src/data-requester/azure/network/virtual-network/azureVirtualNetworkDataRequester.ts": {"lines":{"total":21,"covered":20,"skipped":0,"pct":95.23},"functions":{"total":5,"covered":5,"skipped":0,"pct":100},"statements":{"total":21,"covered":20,"skipped":0,"pct":95.23},"branches":{"total":5,"covered":2,"skipped":0,"pct":40}}
,"/home/user1/repo/securecloud-backendx/product/data-collector/src/data-requester/azure/policy/policy-assignment/azurePolicyAssignmentDataRequester.ts": {"lines":{"total":19,"covered":19,"skipped":0,"pct":100},"functions":{"total":6,"covered":6,"skipped":0,"pct":100},"statements":{"total":20,"covered":20,"skipped":0,"pct":100},"branches":{"total":4,"covered":2,"skipped":0,"pct":50}}
,"/home/user1/repo/securecloud-backendx/product/data-collector/src/data-requester/azure/postgresql/postgresql/azurePostgreSqlDataRequester.ts": {"lines":{"total":50,"covered":41,"skipped":0,"pct":82},"functions":{"total":9,"covered":9,"skipped":0,"pct":100},"statements":{"total":50,"covered":41,"skipped":0,"pct":82},"branches":{"total":8,"covered":4,"skipped":0,"pct":50}}
,"/home/user1/repo/securecloud-backendx/product/data-collector/src/data-requester/azure/postgresql/postgresql-flexible/azurePostgreSqlFlexibleDataRequester.ts": {"lines":{"total":50,"covered":41,"skipped":0,"pct":82},"functions":{"total":9,"covered":9,"skipped":0,"pct":100},"statements":{"total":50,"covered":41,"skipped":0,"pct":82},"branches":{"total":8,"covered":4,"skipped":0,"pct":50}}
,"/home/user1/repo/securecloud-backendx/product/data-collector/src/data-requester/azure/security/auto-provisioning/azureAutoProvisioningDataRequester.ts": {"lines":{"total":23,"covered":19,"skipped":0,"pct":82.6},"functions":{"total":5,"covered":4,"skipped":0,"pct":80},"statements":{"total":23,"covered":19,"skipped":0,"pct":82.6},"branches":{"total":5,"covered":2,"skipped":0,"pct":40}}
,"/home/user1/repo/securecloud-backendx/product/data-collector/src/data-requester/azure/security/contact/azureContactDataRequester.ts": {"lines":{"total":19,"covered":16,"skipped":0,"pct":84.21},"functions":{"total":6,"covered":5,"skipped":0,"pct":83.33},"statements":{"total":20,"covered":17,"skipped":0,"pct":85},"branches":{"total":4,"covered":2,"skipped":0,"pct":50}}
,"/home/user1/repo/securecloud-backendx/product/data-collector/src/data-requester/azure/security/pricing/azurePricingDataRequester.ts": {"lines":{"total":18,"covered":15,"skipped":0,"pct":83.33},"functions":{"total":5,"covered":4,"skipped":0,"pct":80},"statements":{"total":18,"covered":15,"skipped":0,"pct":83.33},"branches":{"total":4,"covered":2,"skipped":0,"pct":50}}
,"/home/user1/repo/securecloud-backendx/product/data-collector/src/data-requester/azure/security/setting/azureSettingDataRequester.ts": {"lines":{"total":19,"covered":16,"skipped":0,"pct":84.21},"functions":{"total":6,"covered":5,"skipped":0,"pct":83.33},"statements":{"total":20,"covered":17,"skipped":0,"pct":85},"branches":{"total":4,"covered":2,"skipped":0,"pct":50}}
,"/home/user1/repo/securecloud-backendx/product/data-collector/src/data-requester/azure/sql/sql-database/azureSqlDatabaseDataRequester.ts": {"lines":{"total":63,"covered":50,"skipped":0,"pct":79.36},"functions":{"total":8,"covered":8,"skipped":0,"pct":100},"statements":{"total":63,"covered":50,"skipped":0,"pct":79.36},"branches":{"total":20,"covered":10,"skipped":0,"pct":50}}
,"/home/user1/repo/securecloud-backendx/product/data-collector/src/data-requester/azure/sql/sql-server/azureSqlServerDataRequester.ts": {"lines":{"total":78,"covered":59,"skipped":0,"pct":75.64},"functions":{"total":13,"covered":13,"skipped":0,"pct":100},"statements":{"total":78,"covered":59,"skipped":0,"pct":75.64},"branches":{"total":11,"covered":5,"skipped":0,"pct":45.45}}
,"/home/user1/repo/securecloud-backendx/product/data-collector/src/data-requester/azure/storage/storage-account/azureStorageAccountDataRequester.ts": {"lines":{"total":102,"covered":83,"skipped":0,"pct":81.37},"functions":{"total":16,"covered":16,"skipped":0,"pct":100},"statements":{"total":102,"covered":83,"skipped":0,"pct":81.37},"branches":{"total":27,"covered":17,"skipped":0,"pct":62.96}}
,"/home/user1/repo/securecloud-backendx/product/data-collector/src/data-requester/azure/synapse/synapse/azureSynapseDataRequester.ts": {"lines":{"total":96,"covered":72,"skipped":0,"pct":75},"functions":{"total":15,"covered":15,"skipped":0,"pct":100},"statements":{"total":96,"covered":72,"skipped":0,"pct":75},"branches":{"total":13,"covered":6,"skipped":0,"pct":46.15}}
,"/home/user1/repo/securecloud-backendx/product/data-collector/src/data-requester/azure/util/ruleParser.ts": {"lines":{"total":7,"covered":5,"skipped":0,"pct":71.42},"functions":{"total":2,"covered":1,"skipped":0,"pct":50},"statements":{"total":8,"covered":5,"skipped":0,"pct":62.5},"branches":{"total":12,"covered":4,"skipped":0,"pct":33.33}}
,"/home/user1/repo/securecloud-backendx/product/data-collector/src/data-requester/error/error.ts": {"lines":{"total":35,"covered":18,"skipped":0,"pct":51.42},"functions":{"total":9,"covered":2,"skipped":0,"pct":22.22},"statements":{"total":35,"covered":18,"skipped":0,"pct":51.42},"branches":{"total":3,"covered":3,"skipped":0,"pct":100}}
,"/home/user1/repo/securecloud-backendx/product/data-collector/src/data-requester/gcp/gcpDataRequester.ts": {"lines":{"total":18,"covered":17,"skipped":0,"pct":94.44},"functions":{"total":5,"covered":5,"skipped":0,"pct":100},"statements":{"total":18,"covered":17,"skipped":0,"pct":94.44},"branches":{"total":1,"covered":0,"skipped":0,"pct":0}}
,"/home/user1/repo/securecloud-backendx/product/data-collector/src/data-requester/gcp/gcpNextPageTokenRequester.ts": {"lines":{"total":16,"covered":15,"skipped":0,"pct":93.75},"functions":{"total":2,"covered":2,"skipped":0,"pct":100},"statements":{"total":16,"covered":15,"skipped":0,"pct":93.75},"branches":{"total":8,"covered":6,"skipped":0,"pct":75}}
,"/home/user1/repo/securecloud-backendx/product/data-collector/src/data-requester/gcp/gcpRequesterFactory.ts": {"lines":{"total":85,"covered":41,"skipped":0,"pct":48.23},"functions":{"total":2,"covered":0,"skipped":0,"pct":0},"statements":{"total":85,"covered":41,"skipped":0,"pct":48.23},"branches":{"total":41,"covered":0,"skipped":0,"pct":0}}
,"/home/user1/repo/securecloud-backendx/product/data-collector/src/data-requester/gcp/big-query/big-query-dataset/bigQueryDatasetNextPageTokenRequester.ts": {"lines":{"total":10,"covered":10,"skipped":0,"pct":100},"functions":{"total":1,"covered":1,"skipped":0,"pct":100},"statements":{"total":10,"covered":10,"skipped":0,"pct":100},"branches":{"total":2,"covered":1,"skipped":0,"pct":50}}
,"/home/user1/repo/securecloud-backendx/product/data-collector/src/data-requester/gcp/big-query/big-query-dataset/gcpBigQueryDatasetDataRequester.ts": {"lines":{"total":30,"covered":28,"skipped":0,"pct":93.33},"functions":{"total":7,"covered":7,"skipped":0,"pct":100},"statements":{"total":30,"covered":28,"skipped":0,"pct":93.33},"branches":{"total":8,"covered":4,"skipped":0,"pct":50}}
,"/home/user1/repo/securecloud-backendx/product/data-collector/src/data-requester/gcp/big-query/big-query-table/bigQueryTableNextPageTokenRequester.ts": {"lines":{"total":10,"covered":10,"skipped":0,"pct":100},"functions":{"total":1,"covered":1,"skipped":0,"pct":100},"statements":{"total":10,"covered":10,"skipped":0,"pct":100},"branches":{"total":2,"covered":1,"skipped":0,"pct":50}}
,"/home/user1/repo/securecloud-backendx/product/data-collector/src/data-requester/gcp/big-query/big-query-table/gcpBigQueryTableDataRequester.ts": {"lines":{"total":39,"covered":34,"skipped":0,"pct":87.17},"functions":{"total":6,"covered":6,"skipped":0,"pct":100},"statements":{"total":39,"covered":34,"skipped":0,"pct":87.17},"branches":{"total":19,"covered":9,"skipped":0,"pct":47.36}}
,"/home/user1/repo/securecloud-backendx/product/data-collector/src/data-requester/gcp/compute/compute-disk/computeDiskNextPageTokenRequester.ts": {"lines":{"total":13,"covered":12,"skipped":0,"pct":92.3},"functions":{"total":2,"covered":2,"skipped":0,"pct":100},"statements":{"total":13,"covered":12,"skipped":0,"pct":92.3},"branches":{"total":3,"covered":1,"skipped":0,"pct":33.33}}
,"/home/user1/repo/securecloud-backendx/product/data-collector/src/data-requester/gcp/compute/compute-disk/gcpComputeDiskDataRequester.ts": {"lines":{"total":21,"covered":19,"skipped":0,"pct":90.47},"functions":{"total":3,"covered":3,"skipped":0,"pct":100},"statements":{"total":21,"covered":19,"skipped":0,"pct":90.47},"branches":{"total":6,"covered":4,"skipped":0,"pct":66.66}}
,"/home/user1/repo/securecloud-backendx/product/data-collector/src/data-requester/gcp/compute/compute-image/computeImageNextPageTokenRequester.ts": {"lines":{"total":10,"covered":10,"skipped":0,"pct":100},"functions":{"total":1,"covered":1,"skipped":0,"pct":100},"statements":{"total":10,"covered":10,"skipped":0,"pct":100},"branches":{"total":2,"covered":1,"skipped":0,"pct":50}}
,"/home/user1/repo/securecloud-backendx/product/data-collector/src/data-requester/gcp/compute/compute-image/gcpComputeImageDataRequester.ts": {"lines":{"total":21,"covered":19,"skipped":0,"pct":90.47},"functions":{"total":3,"covered":3,"skipped":0,"pct":100},"statements":{"total":21,"covered":19,"skipped":0,"pct":90.47},"branches":{"total":4,"covered":2,"skipped":0,"pct":50}}
,"/home/user1/repo/securecloud-backendx/product/data-collector/src/data-requester/gcp/compute/compute-instance/computeInstanceNextPageTokenRequester.ts": {"lines":{"total":14,"covered":13,"skipped":0,"pct":92.85},"functions":{"total":1,"covered":1,"skipped":0,"pct":100},"statements":{"total":14,"covered":13,"skipped":0,"pct":92.85},"branches":{"total":3,"covered":1,"skipped":0,"pct":33.33}}
,"/home/user1/repo/securecloud-backendx/product/data-collector/src/data-requester/gcp/compute/compute-instance/gcpComputeInstanceDataRequester.ts": {"lines":{"total":22,"covered":20,"skipped":0,"pct":90.9},"functions":{"total":4,"covered":4,"skipped":0,"pct":100},"statements":{"total":22,"covered":20,"skipped":0,"pct":90.9},"branches":{"total":12,"covered":8,"skipped":0,"pct":66.66}}
,"/home/user1/repo/securecloud-backendx/product/data-collector/src/data-requester/gcp/compute/compute-instance-template/computeInstanceTemplateNextPageTokenRequester.ts": {"lines":{"total":12,"covered":12,"skipped":0,"pct":100},"functions":{"total":3,"covered":3,"skipped":0,"pct":100},"statements":{"total":12,"covered":12,"skipped":0,"pct":100},"branches":{"total":2,"covered":1,"skipped":0,"pct":50}}
,"/home/user1/repo/securecloud-backendx/product/data-collector/src/data-requester/gcp/compute/compute-instance-template/gcpComputeInstanceTemplateDataRequester.ts": {"lines":{"total":21,"covered":19,"skipped":0,"pct":90.47},"functions":{"total":3,"covered":3,"skipped":0,"pct":100},"statements":{"total":21,"covered":19,"skipped":0,"pct":90.47},"branches":{"total":4,"covered":2,"skipped":0,"pct":50}}
,"/home/user1/repo/securecloud-backendx/product/data-collector/src/data-requester/gcp/compute/health-check/gcpHealthCheckDataRequester.ts": {"lines":{"total":21,"covered":19,"skipped":0,"pct":90.47},"functions":{"total":3,"covered":3,"skipped":0,"pct":100},"statements":{"total":21,"covered":19,"skipped":0,"pct":90.47},"branches":{"total":4,"covered":2,"skipped":0,"pct":50}}
,"/home/user1/repo/securecloud-backendx/product/data-collector/src/data-requester/gcp/compute/health-check/healthCheckNextPageTokenRequester.ts": {"lines":{"total":10,"covered":10,"skipped":0,"pct":100},"functions":{"total":1,"covered":1,"skipped":0,"pct":100},"statements":{"total":10,"covered":10,"skipped":0,"pct":100},"branches":{"total":2,"covered":1,"skipped":0,"pct":50}}
,"/home/user1/repo/securecloud-backendx/product/data-collector/src/data-requester/gcp/database/big-table-cluster/gcpBigTableClusterDataRequester.ts": {"lines":{"total":42,"covered":37,"skipped":0,"pct":88.09},"functions":{"total":6,"covered":6,"skipped":0,"pct":100},"statements":{"total":42,"covered":37,"skipped":0,"pct":88.09},"branches":{"total":15,"covered":8,"skipped":0,"pct":53.33}}
,"/home/user1/repo/securecloud-backendx/product/data-collector/src/data-requester/gcp/database/big-table-instance/gcpBigTableInstanceDataRequester.ts": {"lines":{"total":21,"covered":21,"skipped":0,"pct":100},"functions":{"total":3,"covered":3,"skipped":0,"pct":100},"statements":{"total":21,"covered":21,"skipped":0,"pct":100},"branches":{"total":8,"covered":4,"skipped":0,"pct":50}}
,"/home/user1/repo/securecloud-backendx/product/data-collector/src/data-requester/gcp/database/memory-store/gcpMemoryStoreDataRequester.ts": {"lines":{"total":37,"covered":30,"skipped":0,"pct":81.08},"functions":{"total":5,"covered":5,"skipped":0,"pct":100},"statements":{"total":37,"covered":30,"skipped":0,"pct":81.08},"branches":{"total":9,"covered":4,"skipped":0,"pct":44.44}}
,"/home/user1/repo/securecloud-backendx/product/data-collector/src/data-requester/gcp/database/memory-store/memoryStoreInstanceNextPageTokenRequester.ts": {"lines":{"total":10,"covered":10,"skipped":0,"pct":100},"functions":{"total":1,"covered":1,"skipped":0,"pct":100},"statements":{"total":10,"covered":10,"skipped":0,"pct":100},"branches":{"total":2,"covered":1,"skipped":0,"pct":50}}
,"/home/user1/repo/securecloud-backendx/product/data-collector/src/data-requester/gcp/database/memory-store/memoryStoreLocationNextPageTokenRequester.ts": {"lines":{"total":10,"covered":8,"skipped":0,"pct":80},"functions":{"total":1,"covered":1,"skipped":0,"pct":100},"statements":{"total":10,"covered":8,"skipped":0,"pct":80},"branches":{"total":2,"covered":1,"skipped":0,"pct":50}}
,"/home/user1/repo/securecloud-backendx/product/data-collector/src/data-requester/gcp/database/sql-instance/gcpSqlInstanceDataRequester.ts": {"lines":{"total":24,"covered":22,"skipped":0,"pct":91.66},"functions":{"total":5,"covered":3,"skipped":0,"pct":60},"statements":{"total":24,"covered":22,"skipped":0,"pct":91.66},"branches":{"total":15,"covered":11,"skipped":0,"pct":73.33}}
,"/home/user1/repo/securecloud-backendx/product/data-collector/src/data-requester/gcp/database/sql-instance/sqlInstanceNextPageTokenRequester.ts": {"lines":{"total":6,"covered":6,"skipped":0,"pct":100},"functions":{"total":1,"covered":1,"skipped":0,"pct":100},"statements":{"total":6,"covered":6,"skipped":0,"pct":100},"branches":{"total":2,"covered":1,"skipped":0,"pct":50}}
,"/home/user1/repo/securecloud-backendx/product/data-collector/src/data-requester/gcp/iam/essential-contacts/essentialContactsNextPageTokenRequester.ts": {"lines":{"total":10,"covered":10,"skipped":0,"pct":100},"functions":{"total":1,"covered":1,"skipped":0,"pct":100},"statements":{"total":10,"covered":10,"skipped":0,"pct":100},"branches":{"total":2,"covered":1,"skipped":0,"pct":50}}
,"/home/user1/repo/securecloud-backendx/product/data-collector/src/data-requester/gcp/iam/essential-contacts/gcpEssentialContactsDataRequester.ts": {"lines":{"total":21,"covered":19,"skipped":0,"pct":90.47},"functions":{"total":3,"covered":3,"skipped":0,"pct":100},"statements":{"total":21,"covered":19,"skipped":0,"pct":90.47},"branches":{"total":4,"covered":2,"skipped":0,"pct":50}}
,"/home/user1/repo/securecloud-backendx/product/data-collector/src/data-requester/gcp/iam/identity-platform/gcpIdentityPlatformDataRequester.ts": {"lines":{"total":20,"covered":18,"skipped":0,"pct":90},"functions":{"total":3,"covered":3,"skipped":0,"pct":100},"statements":{"total":20,"covered":18,"skipped":0,"pct":90},"branches":{"total":5,"covered":3,"skipped":0,"pct":60}}
,"/home/user1/repo/securecloud-backendx/product/data-collector/src/data-requester/gcp/iam/identity-platform/identityPlatformNextPageTokenRequester.ts": {"lines":{"total":10,"covered":10,"skipped":0,"pct":100},"functions":{"total":1,"covered":1,"skipped":0,"pct":100},"statements":{"total":10,"covered":10,"skipped":0,"pct":100},"branches":{"total":2,"covered":1,"skipped":0,"pct":50}}
,"/home/user1/repo/securecloud-backendx/product/data-collector/src/data-requester/gcp/iam/kms/cryptoKeyNextPageTokenRequester.ts": {"lines":{"total":10,"covered":8,"skipped":0,"pct":80},"functions":{"total":1,"covered":1,"skipped":0,"pct":100},"statements":{"total":10,"covered":8,"skipped":0,"pct":80},"branches":{"total":2,"covered":1,"skipped":0,"pct":50}}
,"/home/user1/repo/securecloud-backendx/product/data-collector/src/data-requester/gcp/iam/kms/gcpKmsDataRequester.ts": {"lines":{"total":55,"covered":44,"skipped":0,"pct":80},"functions":{"total":7,"covered":7,"skipped":0,"pct":100},"statements":{"total":55,"covered":44,"skipped":0,"pct":80},"branches":{"total":8,"covered":4,"skipped":0,"pct":50}}
,"/home/user1/repo/securecloud-backendx/product/data-collector/src/data-requester/gcp/iam/kms/keyRingNextPageTokenRequester.ts": {"lines":{"total":10,"covered":8,"skipped":0,"pct":80},"functions":{"total":1,"covered":1,"skipped":0,"pct":100},"statements":{"total":10,"covered":8,"skipped":0,"pct":80},"branches":{"total":2,"covered":1,"skipped":0,"pct":50}}
,"/home/user1/repo/securecloud-backendx/product/data-collector/src/data-requester/gcp/iam/kms/locationNextPageTokenRequester.ts": {"lines":{"total":10,"covered":10,"skipped":0,"pct":100},"functions":{"total":1,"covered":1,"skipped":0,"pct":100},"statements":{"total":10,"covered":10,"skipped":0,"pct":100},"branches":{"total":2,"covered":1,"skipped":0,"pct":50}}
,"/home/user1/repo/securecloud-backendx/product/data-collector/src/data-requester/gcp/iam/service-account/gcpServiceAccountDataRequester.ts": {"lines":{"total":21,"covered":19,"skipped":0,"pct":90.47},"functions":{"total":3,"covered":3,"skipped":0,"pct":100},"statements":{"total":21,"covered":19,"skipped":0,"pct":90.47},"branches":{"total":4,"covered":2,"skipped":0,"pct":50}}
,"/home/user1/repo/securecloud-backendx/product/data-collector/src/data-requester/gcp/iam/service-account/serviceAccountNextPageTokenRequester.ts": {"lines":{"total":10,"covered":10,"skipped":0,"pct":100},"functions":{"total":1,"covered":1,"skipped":0,"pct":100},"statements":{"total":10,"covered":10,"skipped":0,"pct":100},"branches":{"total":2,"covered":1,"skipped":0,"pct":50}}
,"/home/user1/repo/securecloud-backendx/product/data-collector/src/data-requester/gcp/iam/service-account-key/gcpServiceAccountKeyDataRequester.ts": {"lines":{"total":30,"covered":28,"skipped":0,"pct":93.33},"functions":{"total":5,"covered":5,"skipped":0,"pct":100},"statements":{"total":30,"covered":28,"skipped":0,"pct":93.33},"branches":{"total":8,"covered":4,"skipped":0,"pct":50}}
,"/home/user1/repo/securecloud-backendx/product/data-collector/src/data-requester/gcp/logging/iam-policy/gcpIamPolicyDataRequester.ts": {"lines":{"total":20,"covered":18,"skipped":0,"pct":90},"functions":{"total":3,"covered":3,"skipped":0,"pct":100},"statements":{"total":20,"covered":18,"skipped":0,"pct":90},"branches":{"total":4,"covered":2,"skipped":0,"pct":50}}
,"/home/user1/repo/securecloud-backendx/product/data-collector/src/data-requester/gcp/logging/metrics/gcpMetricsDataRequester.ts": {"lines":{"total":21,"covered":19,"skipped":0,"pct":90.47},"functions":{"total":3,"covered":3,"skipped":0,"pct":100},"statements":{"total":21,"covered":19,"skipped":0,"pct":90.47},"branches":{"total":4,"covered":2,"skipped":0,"pct":50}}
,"/home/user1/repo/securecloud-backendx/product/data-collector/src/data-requester/gcp/logging/metrics/metricsNextTokenPageRequester.ts": {"lines":{"total":10,"covered":10,"skipped":0,"pct":100},"functions":{"total":1,"covered":1,"skipped":0,"pct":100},"statements":{"total":10,"covered":10,"skipped":0,"pct":100},"branches":{"total":2,"covered":1,"skipped":0,"pct":50}}
,"/home/user1/repo/securecloud-backendx/product/data-collector/src/data-requester/gcp/logging/monitoring/gcpMonitoringAlertPolicyDataRequester.ts": {"lines":{"total":21,"covered":19,"skipped":0,"pct":90.47},"functions":{"total":3,"covered":3,"skipped":0,"pct":100},"statements":{"total":21,"covered":19,"skipped":0,"pct":90.47},"branches":{"total":6,"covered":4,"skipped":0,"pct":66.66}}
,"/home/user1/repo/securecloud-backendx/product/data-collector/src/data-requester/gcp/logging/monitoring/monitoringAlertPolicyNextPageTokenRequester.ts": {"lines":{"total":10,"covered":10,"skipped":0,"pct":100},"functions":{"total":1,"covered":1,"skipped":0,"pct":100},"statements":{"total":10,"covered":10,"skipped":0,"pct":100},"branches":{"total":2,"covered":1,"skipped":0,"pct":50}}
,"/home/user1/repo/securecloud-backendx/product/data-collector/src/data-requester/gcp/logging/sink/gcpSinkDataRequester.ts": {"lines":{"total":21,"covered":19,"skipped":0,"pct":90.47},"functions":{"total":3,"covered":3,"skipped":0,"pct":100},"statements":{"total":21,"covered":19,"skipped":0,"pct":90.47},"branches":{"total":4,"covered":2,"skipped":0,"pct":50}}
,"/home/user1/repo/securecloud-backendx/product/data-collector/src/data-requester/gcp/logging/sink/sinkNextPageTokenRequester.ts": {"lines":{"total":10,"covered":10,"skipped":0,"pct":100},"functions":{"total":1,"covered":1,"skipped":0,"pct":100},"statements":{"total":10,"covered":10,"skipped":0,"pct":100},"branches":{"total":2,"covered":1,"skipped":0,"pct":50}}
,"/home/user1/repo/securecloud-backendx/product/data-collector/src/data-requester/gcp/network/backend-service/backendServiceNextPageTokenRequester.ts": {"lines":{"total":12,"covered":12,"skipped":0,"pct":100},"functions":{"total":3,"covered":3,"skipped":0,"pct":100},"statements":{"total":12,"covered":12,"skipped":0,"pct":100},"branches":{"total":2,"covered":1,"skipped":0,"pct":50}}
,"/home/user1/repo/securecloud-backendx/product/data-collector/src/data-requester/gcp/network/backend-service/gcpBackendServiceDataRequester.ts": {"lines":{"total":21,"covered":19,"skipped":0,"pct":90.47},"functions":{"total":3,"covered":3,"skipped":0,"pct":100},"statements":{"total":21,"covered":19,"skipped":0,"pct":90.47},"branches":{"total":4,"covered":2,"skipped":0,"pct":50}}
,"/home/user1/repo/securecloud-backendx/product/data-collector/src/data-requester/gcp/network/dns-data/dnsNextPageTokenRequester.ts": {"lines":{"total":10,"covered":10,"skipped":0,"pct":100},"functions":{"total":1,"covered":1,"skipped":0,"pct":100},"statements":{"total":10,"covered":10,"skipped":0,"pct":100},"branches":{"total":2,"covered":1,"skipped":0,"pct":50}}
,"/home/user1/repo/securecloud-backendx/product/data-collector/src/data-requester/gcp/network/dns-data/gcpDnsDataRequester.ts": {"lines":{"total":21,"covered":19,"skipped":0,"pct":90.47},"functions":{"total":3,"covered":3,"skipped":0,"pct":100},"statements":{"total":21,"covered":19,"skipped":0,"pct":90.47},"branches":{"total":6,"covered":4,"skipped":0,"pct":66.66}}
,"/home/user1/repo/securecloud-backendx/product/data-collector/src/data-requester/gcp/network/dns-policy/dnsPolicyNextPageTokenRequester.ts": {"lines":{"total":10,"covered":10,"skipped":0,"pct":100},"functions":{"total":1,"covered":1,"skipped":0,"pct":100},"statements":{"total":10,"covered":10,"skipped":0,"pct":100},"branches":{"total":2,"covered":1,"skipped":0,"pct":50}}
,"/home/user1/repo/securecloud-backendx/product/data-collector/src/data-requester/gcp/network/dns-policy/gcpDnsPolicyDataRequester.ts": {"lines":{"total":21,"covered":19,"skipped":0,"pct":90.47},"functions":{"total":3,"covered":3,"skipped":0,"pct":100},"statements":{"total":21,"covered":19,"skipped":0,"pct":90.47},"branches":{"total":4,"covered":2,"skipped":0,"pct":50}}
,"/home/user1/repo/securecloud-backendx/product/data-collector/src/data-requester/gcp/network/firewall/firewallNextPageTokenRequester.ts": {"lines":{"total":10,"covered":10,"skipped":0,"pct":100},"functions":{"total":1,"covered":1,"skipped":0,"pct":100},"statements":{"total":10,"covered":10,"skipped":0,"pct":100},"branches":{"total":2,"covered":1,"skipped":0,"pct":50}}
,"/home/user1/repo/securecloud-backendx/product/data-collector/src/data-requester/gcp/network/firewall/gcpFirewallDataRequester.ts": {"lines":{"total":42,"covered":35,"skipped":0,"pct":83.33},"functions":{"total":10,"covered":9,"skipped":0,"pct":90},"statements":{"total":42,"covered":35,"skipped":0,"pct":83.33},"branches":{"total":40,"covered":20,"skipped":0,"pct":50}}
,"/home/user1/repo/securecloud-backendx/product/data-collector/src/data-requester/gcp/network/ssl-policy/gcpSslPolicyDataRequester.ts": {"lines":{"total":21,"covered":19,"skipped":0,"pct":90.47},"functions":{"total":3,"covered":3,"skipped":0,"pct":100},"statements":{"total":21,"covered":19,"skipped":0,"pct":90.47},"branches":{"total":4,"covered":2,"skipped":0,"pct":50}}
,"/home/user1/repo/securecloud-backendx/product/data-collector/src/data-requester/gcp/network/ssl-policy/sslPolicyNextPageTokenRequester.ts": {"lines":{"total":10,"covered":10,"skipped":0,"pct":100},"functions":{"total":1,"covered":1,"skipped":0,"pct":100},"statements":{"total":10,"covered":10,"skipped":0,"pct":100},"branches":{"total":2,"covered":1,"skipped":0,"pct":50}}
,"/home/user1/repo/securecloud-backendx/product/data-collector/src/data-requester/gcp/network/subnet/gcpSubnetDataRequester.ts": {"lines":{"total":21,"covered":19,"skipped":0,"pct":90.47},"functions":{"total":3,"covered":3,"skipped":0,"pct":100},"statements":{"total":21,"covered":19,"skipped":0,"pct":90.47},"branches":{"total":8,"covered":4,"skipped":0,"pct":50}}
,"/home/user1/repo/securecloud-backendx/product/data-collector/src/data-requester/gcp/network/subnet/subnetNextPageTokenRequester.ts": {"lines":{"total":12,"covered":12,"skipped":0,"pct":100},"functions":{"total":3,"covered":3,"skipped":0,"pct":100},"statements":{"total":12,"covered":12,"skipped":0,"pct":100},"branches":{"total":2,"covered":1,"skipped":0,"pct":50}}
,"/home/user1/repo/securecloud-backendx/product/data-collector/src/data-requester/gcp/network/vpc/gcpVpcDataRequester.ts": {"lines":{"total":21,"covered":19,"skipped":0,"pct":90.47},"functions":{"total":3,"covered":3,"skipped":0,"pct":100},"statements":{"total":21,"covered":19,"skipped":0,"pct":90.47},"branches":{"total":6,"covered":3,"skipped":0,"pct":50}}
,"/home/user1/repo/securecloud-backendx/product/data-collector/src/data-requester/gcp/network/vpc/vpcNextPageTokenRequester.ts": {"lines":{"total":10,"covered":10,"skipped":0,"pct":100},"functions":{"total":1,"covered":1,"skipped":0,"pct":100},"statements":{"total":10,"covered":10,"skipped":0,"pct":100},"branches":{"total":2,"covered":1,"skipped":0,"pct":50}}
,"/home/user1/repo/securecloud-backendx/product/data-collector/src/data-requester/gcp/network/vpn-gateway/gcpVpnGatewayDataRequester.ts": {"lines":{"total":27,"covered":25,"skipped":0,"pct":92.59},"functions":{"total":3,"covered":3,"skipped":0,"pct":100},"statements":{"total":27,"covered":25,"skipped":0,"pct":92.59},"branches":{"total":8,"covered":4,"skipped":0,"pct":50}}
,"/home/user1/repo/securecloud-backendx/product/data-collector/src/data-requester/gcp/network/vpn-gateway/regionNextPageTokenRequester.ts": {"lines":{"total":10,"covered":8,"skipped":0,"pct":80},"functions":{"total":1,"covered":1,"skipped":0,"pct":100},"statements":{"total":10,"covered":8,"skipped":0,"pct":80},"branches":{"total":2,"covered":1,"skipped":0,"pct":50}}
,"/home/user1/repo/securecloud-backendx/product/data-collector/src/data-requester/gcp/network/vpn-gateway/vpnGatewayNextPageTokenRequester.ts": {"lines":{"total":10,"covered":10,"skipped":0,"pct":100},"functions":{"total":1,"covered":1,"skipped":0,"pct":100},"statements":{"total":10,"covered":10,"skipped":0,"pct":100},"branches":{"total":2,"covered":1,"skipped":0,"pct":50}}
,"/home/user1/repo/securecloud-backendx/product/data-collector/src/data-requester/gcp/network/vpn-gateway-tunnel/gcpVpnGatewayTunnelDataRequester.ts": {"lines":{"total":27,"covered":25,"skipped":0,"pct":92.59},"functions":{"total":3,"covered":3,"skipped":0,"pct":100},"statements":{"total":27,"covered":25,"skipped":0,"pct":92.59},"branches":{"total":6,"covered":3,"skipped":0,"pct":50}}
,"/home/user1/repo/securecloud-backendx/product/data-collector/src/data-requester/gcp/network/vpn-gateway-tunnel/regionNextPageTokenRequester.ts": {"lines":{"total":10,"covered":8,"skipped":0,"pct":80},"functions":{"total":1,"covered":1,"skipped":0,"pct":100},"statements":{"total":10,"covered":8,"skipped":0,"pct":80},"branches":{"total":2,"covered":1,"skipped":0,"pct":50}}
,"/home/user1/repo/securecloud-backendx/product/data-collector/src/data-requester/gcp/network/vpn-gateway-tunnel/vpnGatewayTunnelNextPageTokenRequester.ts": {"lines":{"total":12,"covered":12,"skipped":0,"pct":100},"functions":{"total":3,"covered":3,"skipped":0,"pct":100},"statements":{"total":12,"covered":12,"skipped":0,"pct":100},"branches":{"total":2,"covered":1,"skipped":0,"pct":50}}
,"/home/user1/repo/securecloud-backendx/product/data-collector/src/data-requester/gcp/others/access-approval/gcpComputeAccessApprovalDataRequester.ts": {"lines":{"total":20,"covered":18,"skipped":0,"pct":90},"functions":{"total":3,"covered":3,"skipped":0,"pct":100},"statements":{"total":20,"covered":18,"skipped":0,"pct":90},"branches":{"total":4,"covered":2,"skipped":0,"pct":50}}
,"/home/user1/repo/securecloud-backendx/product/data-collector/src/data-requester/gcp/others/app-engine/gcpAppEngineDataRequester.ts": {"lines":{"total":26,"covered":22,"skipped":0,"pct":84.61},"functions":{"total":4,"covered":4,"skipped":0,"pct":100},"statements":{"total":26,"covered":22,"skipped":0,"pct":84.61},"branches":{"total":6,"covered":3,"skipped":0,"pct":50}}
,"/home/user1/repo/securecloud-backendx/product/data-collector/src/data-requester/gcp/others/cloud-asset/gcpCloudAssetDataRequester.ts": {"lines":{"total":20,"covered":18,"skipped":0,"pct":90},"functions":{"total":3,"covered":3,"skipped":0,"pct":100},"statements":{"total":20,"covered":18,"skipped":0,"pct":90},"branches":{"total":4,"covered":2,"skipped":0,"pct":50}}
,"/home/user1/repo/securecloud-backendx/product/data-collector/src/data-requester/gcp/others/cloud-function/cloudFunctionNextPageTokenRequester.ts": {"lines":{"total":10,"covered":10,"skipped":0,"pct":100},"functions":{"total":1,"covered":1,"skipped":0,"pct":100},"statements":{"total":10,"covered":10,"skipped":0,"pct":100},"branches":{"total":2,"covered":1,"skipped":0,"pct":50}}
,"/home/user1/repo/securecloud-backendx/product/data-collector/src/data-requester/gcp/others/cloud-function/gcpCloudFunctionDataRequester.ts": {"lines":{"total":27,"covered":23,"skipped":0,"pct":85.18},"functions":{"total":4,"covered":4,"skipped":0,"pct":100},"statements":{"total":27,"covered":23,"skipped":0,"pct":85.18},"branches":{"total":6,"covered":4,"skipped":0,"pct":66.66}}
,"/home/user1/repo/securecloud-backendx/product/data-collector/src/data-requester/gcp/others/dataproc-cluster/dataProcNextPageTokenRequester.ts": {"lines":{"total":10,"covered":10,"skipped":0,"pct":100},"functions":{"total":1,"covered":1,"skipped":0,"pct":100},"statements":{"total":10,"covered":10,"skipped":0,"pct":100},"branches":{"total":4,"covered":2,"skipped":0,"pct":50}}
,"/home/user1/repo/securecloud-backendx/product/data-collector/src/data-requester/gcp/others/dataproc-cluster/gcpDataProcDataRequester.ts": {"lines":{"total":39,"covered":32,"skipped":0,"pct":82.05},"functions":{"total":5,"covered":5,"skipped":0,"pct":100},"statements":{"total":39,"covered":32,"skipped":0,"pct":82.05},"branches":{"total":7,"covered":4,"skipped":0,"pct":57.14}}
,"/home/user1/repo/securecloud-backendx/product/data-collector/src/data-requester/gcp/others/dataproc-cluster/regionProcNextPageTokenRequester.ts": {"lines":{"total":10,"covered":8,"skipped":0,"pct":80},"functions":{"total":1,"covered":1,"skipped":0,"pct":100},"statements":{"total":10,"covered":8,"skipped":0,"pct":80},"branches":{"total":2,"covered":1,"skipped":0,"pct":50}}
,"/home/user1/repo/securecloud-backendx/product/data-collector/src/data-requester/gcp/others/project-data/gcpProjectDataRequester.ts": {"lines":{"total":20,"covered":18,"skipped":0,"pct":90},"functions":{"total":3,"covered":3,"skipped":0,"pct":100},"statements":{"total":20,"covered":18,"skipped":0,"pct":90},"branches":{"total":6,"covered":3,"skipped":0,"pct":50}}
,"/home/user1/repo/securecloud-backendx/product/data-collector/src/data-requester/gcp/others/secret-manager/gcpSecretManagerDataRequester.ts": {"lines":{"total":20,"covered":18,"skipped":0,"pct":90},"functions":{"total":3,"covered":3,"skipped":0,"pct":100},"statements":{"total":20,"covered":18,"skipped":0,"pct":90},"branches":{"total":4,"covered":2,"skipped":0,"pct":50}}
,"/home/user1/repo/securecloud-backendx/product/data-collector/src/data-requester/gcp/storage/filestore-backup/filestoreBackupNextPageTokenRequester.ts": {"lines":{"total":10,"covered":10,"skipped":0,"pct":100},"functions":{"total":1,"covered":1,"skipped":0,"pct":100},"statements":{"total":10,"covered":10,"skipped":0,"pct":100},"branches":{"total":2,"covered":1,"skipped":0,"pct":50}}
,"/home/user1/repo/securecloud-backendx/product/data-collector/src/data-requester/gcp/storage/filestore-backup/filestoreLocationNextPageTokenRequester.ts": {"lines":{"total":10,"covered":8,"skipped":0,"pct":80},"functions":{"total":1,"covered":1,"skipped":0,"pct":100},"statements":{"total":10,"covered":8,"skipped":0,"pct":80},"branches":{"total":2,"covered":1,"skipped":0,"pct":50}}
,"/home/user1/repo/securecloud-backendx/product/data-collector/src/data-requester/gcp/storage/filestore-backup/gcpFilestoreBackupDataRequester.ts": {"lines":{"total":38,"covered":31,"skipped":0,"pct":81.57},"functions":{"total":5,"covered":5,"skipped":0,"pct":100},"statements":{"total":38,"covered":31,"skipped":0,"pct":81.57},"branches":{"total":9,"covered":5,"skipped":0,"pct":55.55}}
,"/home/user1/repo/securecloud-backendx/product/data-collector/src/data-requester/gcp/storage/filestore-instance/filestoreInstanceNextPageTokenRequester.ts": {"lines":{"total":10,"covered":10,"skipped":0,"pct":100},"functions":{"total":1,"covered":1,"skipped":0,"pct":100},"statements":{"total":10,"covered":10,"skipped":0,"pct":100},"branches":{"total":2,"covered":1,"skipped":0,"pct":50}}
,"/home/user1/repo/securecloud-backendx/product/data-collector/src/data-requester/gcp/storage/filestore-instance/filestoreLocationNextPageTokenRequester.ts": {"lines":{"total":10,"covered":8,"skipped":0,"pct":80},"functions":{"total":1,"covered":1,"skipped":0,"pct":100},"statements":{"total":10,"covered":8,"skipped":0,"pct":80},"branches":{"total":2,"covered":1,"skipped":0,"pct":50}}
,"/home/user1/repo/securecloud-backendx/product/data-collector/src/data-requester/gcp/storage/filestore-instance/gcpFilestoreInstanceDataRequester.ts": {"lines":{"total":38,"covered":31,"skipped":0,"pct":81.57},"functions":{"total":5,"covered":5,"skipped":0,"pct":100},"statements":{"total":38,"covered":31,"skipped":0,"pct":81.57},"branches":{"total":9,"covered":5,"skipped":0,"pct":55.55}}
,"/home/user1/repo/securecloud-backendx/product/data-collector/src/data-requester/gcp/storage/storage-instance/gcpStorageInstanceDataRequester.ts": {"lines":{"total":35,"covered":31,"skipped":0,"pct":88.57},"functions":{"total":4,"covered":4,"skipped":0,"pct":100},"statements":{"total":35,"covered":31,"skipped":0,"pct":88.57},"branches":{"total":9,"covered":5,"skipped":0,"pct":55.55}}
,"/home/user1/repo/securecloud-backendx/product/data-collector/src/data-requester/gcp/storage/storage-instance/storageInstanceNextPageTokenRequester.ts": {"lines":{"total":10,"covered":10,"skipped":0,"pct":100},"functions":{"total":1,"covered":1,"skipped":0,"pct":100},"statements":{"total":10,"covered":10,"skipped":0,"pct":100},"branches":{"total":2,"covered":1,"skipped":0,"pct":50}}
,"/home/user1/repo/securecloud-backendx/product/data-collector/src/data-requester/ncp/error.ts": {"lines":{"total":5,"covered":2,"skipped":0,"pct":40},"functions":{"total":1,"covered":0,"skipped":0,"pct":0},"statements":{"total":5,"covered":2,"skipped":0,"pct":40},"branches":{"total":0,"covered":0,"skipped":0,"pct":100}}
,"/home/user1/repo/securecloud-backendx/product/data-collector/src/data-requester/ncp/ncpDataRequester.ts": {"lines":{"total":27,"covered":25,"skipped":0,"pct":92.59},"functions":{"total":6,"covered":6,"skipped":0,"pct":100},"statements":{"total":27,"covered":25,"skipped":0,"pct":92.59},"branches":{"total":2,"covered":0,"skipped":0,"pct":0}}
,"/home/user1/repo/securecloud-backendx/product/data-collector/src/data-requester/ncp/compute/server/acg/ncpClassicAccessControlDataRequester.ts": {"lines":{"total":41,"covered":33,"skipped":0,"pct":80.48},"functions":{"total":5,"covered":5,"skipped":0,"pct":100},"statements":{"total":41,"covered":33,"skipped":0,"pct":80.48},"branches":{"total":8,"covered":2,"skipped":0,"pct":25}}
,"/home/user1/repo/securecloud-backendx/product/data-collector/src/data-requester/ncp/compute/server/classic-auto-scaling/ncpClassicAutoScalingDataRequester.ts": {"lines":{"total":20,"covered":19,"skipped":0,"pct":95},"functions":{"total":4,"covered":4,"skipped":0,"pct":100},"statements":{"total":20,"covered":19,"skipped":0,"pct":95},"branches":{"total":3,"covered":1,"skipped":0,"pct":33.33}}
,"/home/user1/repo/securecloud-backendx/product/data-collector/src/data-requester/ncp/compute/server/classic-nas-volume/ncpClassicNasVolumeInstanceDataRequester.ts": {"lines":{"total":25,"covered":22,"skipped":0,"pct":88},"functions":{"total":5,"covered":5,"skipped":0,"pct":100},"statements":{"total":27,"covered":24,"skipped":0,"pct":88.88},"branches":{"total":5,"covered":1,"skipped":0,"pct":20}}
,"/home/user1/repo/securecloud-backendx/product/data-collector/src/data-requester/ncp/compute/server/classic-server/ncpClassicServerInstanceDataRequester.ts": {"lines":{"total":24,"covered":21,"skipped":0,"pct":87.5},"functions":{"total":4,"covered":4,"skipped":0,"pct":100},"statements":{"total":25,"covered":22,"skipped":0,"pct":88},"branches":{"total":9,"covered":4,"skipped":0,"pct":44.44}}
,"/home/user1/repo/securecloud-backendx/product/data-collector/src/data-requester/ncp/compute/server/classic-storage/ncpClassicBlockStorageInstanceDataRequester.ts": {"lines":{"total":19,"covered":18,"skipped":0,"pct":94.73},"functions":{"total":4,"covered":4,"skipped":0,"pct":100},"statements":{"total":20,"covered":19,"skipped":0,"pct":95},"branches":{"total":3,"covered":1,"skipped":0,"pct":33.33}}
,"/home/user1/repo/securecloud-backendx/product/data-collector/src/data-requester/ncp/compute/server/classic-storage-snapshot/ncpClassicBlockStorageSnapshotInstanceDataRequester.ts": {"lines":{"total":19,"covered":18,"skipped":0,"pct":94.73},"functions":{"total":4,"covered":4,"skipped":0,"pct":100},"statements":{"total":20,"covered":19,"skipped":0,"pct":95},"branches":{"total":3,"covered":1,"skipped":0,"pct":33.33}}
,"/home/user1/repo/securecloud-backendx/product/data-collector/src/data-requester/ncp/compute/vserver/acg/accessControlGroupDataRequester.ts": {"lines":{"total":56,"covered":34,"skipped":0,"pct":60.71},"functions":{"total":8,"covered":6,"skipped":0,"pct":75},"statements":{"total":56,"covered":34,"skipped":0,"pct":60.71},"branches":{"total":10,"covered":4,"skipped":0,"pct":40}}
,"/home/user1/repo/securecloud-backendx/product/data-collector/src/data-requester/ncp/compute/vserver/auto-scaling/ncpAutoScalingGroupDataRequester.ts": {"lines":{"total":20,"covered":19,"skipped":0,"pct":95},"functions":{"total":4,"covered":4,"skipped":0,"pct":100},"statements":{"total":20,"covered":19,"skipped":0,"pct":95},"branches":{"total":3,"covered":1,"skipped":0,"pct":33.33}}
,"/home/user1/repo/securecloud-backendx/product/data-collector/src/data-requester/ncp/compute/vserver/network-interface/ncpNetworkInterfaceDataRequester.ts": {"lines":{"total":25,"covered":23,"skipped":0,"pct":92},"functions":{"total":3,"covered":3,"skipped":0,"pct":100},"statements":{"total":25,"covered":23,"skipped":0,"pct":92},"branches":{"total":4,"covered":1,"skipped":0,"pct":25}}
,"/home/user1/repo/securecloud-backendx/product/data-collector/src/data-requester/ncp/compute/vserver/server/ncpServerInstanceDataRequester.ts": {"lines":{"total":45,"covered":38,"skipped":0,"pct":84.44},"functions":{"total":11,"covered":11,"skipped":0,"pct":100},"statements":{"total":47,"covered":40,"skipped":0,"pct":85.1},"branches":{"total":21,"covered":13,"skipped":0,"pct":61.9}}
,"/home/user1/repo/securecloud-backendx/product/data-collector/src/data-requester/ncp/compute/vserver/storage/ncpBlockStorageInstanceDataRequester.ts": {"lines":{"total":23,"covered":21,"skipped":0,"pct":91.3},"functions":{"total":3,"covered":3,"skipped":0,"pct":100},"statements":{"total":23,"covered":21,"skipped":0,"pct":91.3},"branches":{"total":8,"covered":5,"skipped":0,"pct":62.5}}
[...]
,"/home/user1/repo/securecloud-backendx/product/data-collector/src/router/aws/constant/requiredPolicy.constant.ts": {"lines":{"total":4,"covered":4,"skipped":0,"pct":100},"functions":{"total":0,"covered":0,"skipped":0,"pct":100},"statements":{"total":4,"covered":4,"skipped":0,"pct":100},"branches":{"total":0,"covered":0,"skipped":0,"pct":100}}
,"/home/user1/repo/securecloud-backendx/product/data-collector/src/router/aws/constant/role.constant.ts": {"lines":{"total":1,"covered":1,"skipped":0,"pct":100},"functions":{"total":0,"covered":0,"skipped":0,"pct":100},"statements":{"total":1,"covered":1,"skipped":0,"pct":100},"branches":{"total":0,"covered":0,"skipped":0,"pct":100}}
,"/home/user1/repo/securecloud-backendx/product/data-collector/src/router/aws/util/awsIamCommandProcessor.ts": {"lines":{"total":8,"covered":8,"skipped":0,"pct":100},"functions":{"total":5,"covered":5,"skipped":0,"pct":100},"statements":{"total":8,"covered":8,"skipped":0,"pct":100},"branches":{"total":0,"covered":0,"skipped":0,"pct":100}}
,"/home/user1/repo/securecloud-backendx/product/data-collector/src/router/aws/util/awsValidateQueryBase.ts": {"lines":{"total":8,"covered":6,"skipped":0,"pct":75},"functions":{"total":2,"covered":0,"skipped":0,"pct":0},"statements":{"total":8,"covered":6,"skipped":0,"pct":75},"branches":{"total":4,"covered":2,"skipped":0,"pct":50}}
,"/home/user1/repo/securecloud-backendx/product/data-collector/src/router/aws/util/typeGuard.ts": {"lines":{"total":19,"covered":1,"skipped":0,"pct":5.26},"functions":{"total":1,"covered":0,"skipped":0,"pct":0},"statements":{"total":19,"covered":1,"skipped":0,"pct":5.26},"branches":{"total":11,"covered":0,"skipped":0,"pct":0}}
,"/home/user1/repo/securecloud-backendx/product/data-collector/src/router/aws/util/role-auth-validator/awsAccountRoleAuthValidator.ts": {"lines":{"total":17,"covered":16,"skipped":0,"pct":94.11},"functions":{"total":4,"covered":4,"skipped":0,"pct":100},"statements":{"total":17,"covered":16,"skipped":0,"pct":94.11},"branches":{"total":3,"covered":1,"skipped":0,"pct":33.33}}
,"/home/user1/repo/securecloud-backendx/product/data-collector/src/router/aws/util/role-auth-validator/awsOrganizationRoleAuthValidator.ts": {"lines":{"total":18,"covered":17,"skipped":0,"pct":94.44},"functions":{"total":4,"covered":4,"skipped":0,"pct":100},"statements":{"total":19,"covered":18,"skipped":0,"pct":94.73},"branches":{"total":1,"covered":0,"skipped":0,"pct":0}}
,"/home/user1/repo/securecloud-backendx/product/data-collector/src/router/aws/util/role-auth-validator/awsRoleAuthValidator.ts": {"lines":{"total":57,"covered":49,"skipped":0,"pct":85.96},"functions":{"total":10,"covered":10,"skipped":0,"pct":100},"statements":{"total":58,"covered":50,"skipped":0,"pct":86.2},"branches":{"total":38,"covered":24,"skipped":0,"pct":63.15}}
,"/home/user1/repo/securecloud-backendx/product/data-collector/src/router/aws/util/role-auth-validator/index.ts": {"lines":{"total":3,"covered":3,"skipped":0,"pct":100},"functions":{"total":0,"covered":0,"skipped":0,"pct":100},"statements":{"total":3,"covered":3,"skipped":0,"pct":100},"branches":{"total":0,"covered":0,"skipped":0,"pct":100}}
,"/home/user1/repo/securecloud-backendx/product/data-collector/src/router/aws/validate/awsValidate.controller.ts": {"lines":{"total":20,"covered":12,"skipped":0,"pct":60},"functions":{"total":5,"covered":1,"skipped":0,"pct":20},"statements":{"total":21,"covered":13,"skipped":0,"pct":61.9},"branches":{"total":36,"covered":27,"skipped":0,"pct":75}}
,"/home/user1/repo/securecloud-backendx/product/data-collector/src/router/aws/validate/awsValidate.service.ts": {"lines":{"total":101,"covered":94,"skipped":0,"pct":93.06},"functions":{"total":17,"covered":17,"skipped":0,"pct":100},"statements":{"total":102,"covered":95,"skipped":0,"pct":93.13},"branches":{"total":28,"covered":22,"skipped":0,"pct":78.57}}
,"/home/user1/repo/securecloud-backendx/product/data-collector/src/router/aws/validate/dto/getAccountInfo.dto.ts": {"lines":{"total":4,"covered":4,"skipped":0,"pct":100},"functions":{"total":0,"covered":0,"skipped":0,"pct":100},"statements":{"total":4,"covered":4,"skipped":0,"pct":100},"branches":{"total":0,"covered":0,"skipped":0,"pct":100}}
,"/home/user1/repo/securecloud-backendx/product/data-collector/src/router/aws/validate/dto/getLogCollectInfo.dto.ts": {"lines":{"total":9,"covered":8,"skipped":0,"pct":88.88},"functions":{"total":1,"covered":0,"skipped":0,"pct":0},"statements":{"total":9,"covered":8,"skipped":0,"pct":88.88},"branches":{"total":0,"covered":0,"skipped":0,"pct":100}}
,"/home/user1/repo/securecloud-backendx/product/data-collector/src/router/aws/validate/dto/getOrganizationInfo.dto.ts": {"lines":{"total":4,"covered":4,"skipped":0,"pct":100},"functions":{"total":0,"covered":0,"skipped":0,"pct":100},"statements":{"total":4,"covered":4,"skipped":0,"pct":100},"branches":{"total":0,"covered":0,"skipped":0,"pct":100}}
,"/home/user1/repo/securecloud-backendx/product/data-collector/src/router/aws/validate/dto/getOrganizationMemberList.dto.ts": {"lines":{"total":4,"covered":4,"skipped":0,"pct":100},"functions":{"total":0,"covered":0,"skipped":0,"pct":100},"statements":{"total":4,"covered":4,"skipped":0,"pct":100},"branches":{"total":0,"covered":0,"skipped":0,"pct":100}}
,"/home/user1/repo/securecloud-backendx/product/data-collector/src/router/aws/validate/dto/index.ts": {"lines":{"total":3,"covered":3,"skipped":0,"pct":100},"functions":{"total":0,"covered":0,"skipped":0,"pct":100},"statements":{"total":3,"covered":3,"skipped":0,"pct":100},"branches":{"total":0,"covered":0,"skipped":0,"pct":100}}
,"/home/user1/repo/securecloud-backendx/product/data-collector/src/router/azure/util/azureValidateQueryBase.ts": {"lines":{"total":7,"covered":5,"skipped":0,"pct":71.42},"functions":{"total":2,"covered":0,"skipped":0,"pct":0},"statements":{"total":7,"covered":5,"skipped":0,"pct":71.42},"branches":{"total":4,"covered":2,"skipped":0,"pct":50}}
,"/home/user1/repo/securecloud-backendx/product/data-collector/src/router/azure/util/event-hub-info-collector/azureCloudEventHubInfoCollector.ts": {"lines":{"total":18,"covered":17,"skipped":0,"pct":94.44},"functions":{"total":2,"covered":1,"skipped":0,"pct":50},"statements":{"total":18,"covered":17,"skipped":0,"pct":94.44},"branches":{"total":4,"covered":3,"skipped":0,"pct":75}}
,"/home/user1/repo/securecloud-backendx/product/data-collector/src/router/azure/util/event-hub-info-collector/azureEventHubInfoCollector.ts": {"lines":{"total":68,"covered":59,"skipped":0,"pct":86.76},"functions":{"total":7,"covered":7,"skipped":0,"pct":100},"statements":{"total":68,"covered":59,"skipped":0,"pct":86.76},"branches":{"total":11,"covered":8,"skipped":0,"pct":72.72}}
,"/home/user1/repo/securecloud-backendx/product/data-collector/src/router/azure/util/event-hub-info-collector/azureOrganizationEventHubInfoCollector.ts": {"lines":{"total":36,"covered":29,"skipped":0,"pct":80.55},"functions":{"total":4,"covered":3,"skipped":0,"pct":75},"statements":{"total":36,"covered":29,"skipped":0,"pct":80.55},"branches":{"total":4,"covered":4,"skipped":0,"pct":100}}
,"/home/user1/repo/securecloud-backendx/product/data-collector/src/router/azure/validate/validate.controller.ts": {"lines":{"total":20,"covered":12,"skipped":0,"pct":60},"functions":{"total":5,"covered":1,"skipped":0,"pct":20},"statements":{"total":21,"covered":13,"skipped":0,"pct":61.9},"branches":{"total":36,"covered":27,"skipped":0,"pct":75}}
,"/home/user1/repo/securecloud-backendx/product/data-collector/src/router/azure/validate/validate.service.ts": {"lines":{"total":6,"covered":2,"skipped":0,"pct":33.33},"functions":{"total":4,"covered":0,"skipped":0,"pct":0},"statements":{"total":8,"covered":4,"skipped":0,"pct":50},"branches":{"total":0,"covered":0,"skipped":0,"pct":100}}
,"/home/user1/repo/securecloud-backendx/product/data-collector/src/router/azure/validate/dto/getAccountInfo.dto.ts": {"lines":{"total":4,"covered":4,"skipped":0,"pct":100},"functions":{"total":0,"covered":0,"skipped":0,"pct":100},"statements":{"total":4,"covered":4,"skipped":0,"pct":100},"branches":{"total":0,"covered":0,"skipped":0,"pct":100}}
,"/home/user1/repo/securecloud-backendx/product/data-collector/src/router/azure/validate/dto/getLogCollectInfo.dto.ts": {"lines":{"total":10,"covered":9,"skipped":0,"pct":90},"functions":{"total":1,"covered":0,"skipped":0,"pct":0},"statements":{"total":10,"covered":9,"skipped":0,"pct":90},"branches":{"total":0,"covered":0,"skipped":0,"pct":100}}
,"/home/user1/repo/securecloud-backendx/product/data-collector/src/router/azure/validate/dto/getOrganizationInfo.dto.ts": {"lines":{"total":4,"covered":4,"skipped":0,"pct":100},"functions":{"total":0,"covered":0,"skipped":0,"pct":100},"statements":{"total":4,"covered":4,"skipped":0,"pct":100},"branches":{"total":0,"covered":0,"skipped":0,"pct":100}}
,"/home/user1/repo/securecloud-backendx/product/data-collector/src/router/azure/validate/dto/getOrganizationMemberList.dto.ts": {"lines":{"total":4,"covered":4,"skipped":0,"pct":100},"functions":{"total":0,"covered":0,"skipped":0,"pct":100},"statements":{"total":4,"covered":4,"skipped":0,"pct":100},"branches":{"total":0,"covered":0,"skipped":0,"pct":100}}
,"/home/user1/repo/securecloud-backendx/product/data-collector/src/router/azure/validate/dto/index.ts": {"lines":{"total":4,"covered":4,"skipped":0,"pct":100},"functions":{"total":0,"covered":0,"skipped":0,"pct":100},"statements":{"total":4,"covered":4,"skipped":0,"pct":100},"branches":{"total":0,"covered":0,"skipped":0,"pct":100}}
,"/home/user1/repo/securecloud-backendx/product/data-collector/src/router/gcp/constant/pattern.constant.ts": {"lines":{"total":1,"covered":1,"skipped":0,"pct":100},"functions":{"total":0,"covered":0,"skipped":0,"pct":100},"statements":{"total":1,"covered":1,"skipped":0,"pct":100},"branches":{"total":0,"covered":0,"skipped":0,"pct":100}}
,"/home/user1/repo/securecloud-backendx/product/data-collector/src/router/gcp/constant/permission.constant.ts": {"lines":{"total":2,"covered":2,"skipped":0,"pct":100},"functions":{"total":0,"covered":0,"skipped":0,"pct":100},"statements":{"total":2,"covered":2,"skipped":0,"pct":100},"branches":{"total":0,"covered":0,"skipped":0,"pct":100}}
,"/home/user1/repo/securecloud-backendx/product/data-collector/src/router/gcp/error/error.ts": {"lines":{"total":8,"covered":8,"skipped":0,"pct":100},"functions":{"total":2,"covered":2,"skipped":0,"pct":100},"statements":{"total":8,"covered":8,"skipped":0,"pct":100},"branches":{"total":2,"covered":2,"skipped":0,"pct":100}}
,"/home/user1/repo/securecloud-backendx/product/data-collector/src/router/gcp/util/gcpPubsubInfoCollector.ts": {"lines":{"total":40,"covered":37,"skipped":0,"pct":92.5},"functions":{"total":6,"covered":6,"skipped":0,"pct":100},"statements":{"total":40,"covered":37,"skipped":0,"pct":92.5},"branches":{"total":12,"covered":9,"skipped":0,"pct":75}}
,"/home/user1/repo/securecloud-backendx/product/data-collector/src/router/gcp/util/gcpValidateQueryBase.ts": {"lines":{"total":7,"covered":5,"skipped":0,"pct":71.42},"functions":{"total":2,"covered":0,"skipped":0,"pct":0},"statements":{"total":7,"covered":5,"skipped":0,"pct":71.42},"branches":{"total":4,"covered":2,"skipped":0,"pct":50}}
,"/home/user1/repo/securecloud-backendx/product/data-collector/src/router/gcp/util/organizationSinkNextPageTokenRequester.ts": {"lines":{"total":10,"covered":8,"skipped":0,"pct":80},"functions":{"total":1,"covered":1,"skipped":0,"pct":100},"statements":{"total":10,"covered":8,"skipped":0,"pct":80},"branches":{"total":2,"covered":1,"skipped":0,"pct":50}}
,"/home/user1/repo/securecloud-backendx/product/data-collector/src/router/gcp/util/topicSubscriptionNextPageTokenRequester.ts": {"lines":{"total":10,"covered":8,"skipped":0,"pct":80},"functions":{"total":1,"covered":1,"skipped":0,"pct":100},"statements":{"total":10,"covered":8,"skipped":0,"pct":80},"branches":{"total":2,"covered":1,"skipped":0,"pct":50}}
,"/home/user1/repo/securecloud-backendx/product/data-collector/src/router/gcp/util/auth-validator/gcpAccountAuthValidator.ts": {"lines":{"total":7,"covered":7,"skipped":0,"pct":100},"functions":{"total":1,"covered":1,"skipped":0,"pct":100},"statements":{"total":7,"covered":7,"skipped":0,"pct":100},"branches":{"total":1,"covered":1,"skipped":0,"pct":100}}
,"/home/user1/repo/securecloud-backendx/product/data-collector/src/router/gcp/util/auth-validator/gcpAuthValidadtor.ts": {"lines":{"total":27,"covered":27,"skipped":0,"pct":100},"functions":{"total":7,"covered":7,"skipped":0,"pct":100},"statements":{"total":27,"covered":27,"skipped":0,"pct":100},"branches":{"total":6,"covered":3,"skipped":0,"pct":50}}
,"/home/user1/repo/securecloud-backendx/product/data-collector/src/router/gcp/util/auth-validator/gcpOrganizationAuthValidator.ts": {"lines":{"total":7,"covered":7,"skipped":0,"pct":100},"functions":{"total":1,"covered":1,"skipped":0,"pct":100},"statements":{"total":7,"covered":7,"skipped":0,"pct":100},"branches":{"total":1,"covered":1,"skipped":0,"pct":100}}
,"/home/user1/repo/securecloud-backendx/product/data-collector/src/router/gcp/validate/gcpValidate.controller.ts": {"lines":{"total":19,"covered":11,"skipped":0,"pct":57.89},"functions":{"total":5,"covered":1,"skipped":0,"pct":20},"statements":{"total":20,"covered":12,"skipped":0,"pct":60},"branches":{"total":36,"covered":27,"skipped":0,"pct":75}}
,"/home/user1/repo/securecloud-backendx/product/data-collector/src/router/gcp/validate/gcpValidate.service.ts": {"lines":{"total":47,"covered":45,"skipped":0,"pct":95.74},"functions":{"total":10,"covered":10,"skipped":0,"pct":100},"statements":{"total":49,"covered":47,"skipped":0,"pct":95.91},"branches":{"total":20,"covered":11,"skipped":0,"pct":55}}
,"/home/user1/repo/securecloud-backendx/product/data-collector/src/router/gcp/validate/dto/getAccountInfo.dto.ts": {"lines":{"total":4,"covered":4,"skipped":0,"pct":100},"functions":{"total":0,"covered":0,"skipped":0,"pct":100},"statements":{"total":4,"covered":4,"skipped":0,"pct":100},"branches":{"total":0,"covered":0,"skipped":0,"pct":100}}
,"/home/user1/repo/securecloud-backendx/product/data-collector/src/router/gcp/validate/dto/getLogCollectInfo.dto.ts": {"lines":{"total":9,"covered":8,"skipped":0,"pct":88.88},"functions":{"total":1,"covered":0,"skipped":0,"pct":0},"statements":{"total":9,"covered":8,"skipped":0,"pct":88.88},"branches":{"total":0,"covered":0,"skipped":0,"pct":100}}
,"/home/user1/repo/securecloud-backendx/product/data-collector/src/router/gcp/validate/dto/getOrganizationInfo.dto.ts": {"lines":{"total":4,"covered":4,"skipped":0,"pct":100},"functions":{"total":0,"covered":0,"skipped":0,"pct":100},"statements":{"total":4,"covered":4,"skipped":0,"pct":100},"branches":{"total":0,"covered":0,"skipped":0,"pct":100}}
,"/home/user1/repo/securecloud-backendx/product/data-collector/src/router/gcp/validate/dto/getOrganizationMemberList.dto.ts": {"lines":{"total":4,"covered":4,"skipped":0,"pct":100},"functions":{"total":0,"covered":0,"skipped":0,"pct":100},"statements":{"total":4,"covered":4,"skipped":0,"pct":100},"branches":{"total":0,"covered":0,"skipped":0,"pct":100}}
,"/home/user1/repo/securecloud-backendx/product/data-collector/src/router/gcp/validate/dto/index.ts": {"lines":{"total":4,"covered":4,"skipped":0,"pct":100},"functions":{"total":0,"covered":0,"skipped":0,"pct":100},"statements":{"total":4,"covered":4,"skipped":0,"pct":100},"branches":{"total":0,"covered":0,"skipped":0,"pct":100}}
,"/home/user1/repo/securecloud-backendx/product/data-collector/src/type/fullScan.type.ts": {"lines":{"total":2,"covered":0,"skipped":0,"pct":0},"functions":{"total":0,"covered":0,"skipped":0,"pct":100},"statements":{"total":2,"covered":0,"skipped":0,"pct":0},"branches":{"total":0,"covered":0,"skipped":0,"pct":100}}
,"/home/user1/repo/securecloud-backendx/product/data-collector/src/type/aws/awsClientMap.type.ts": {"lines":{"total":32,"covered":32,"skipped":0,"pct":100},"functions":{"total":0,"covered":0,"skipped":0,"pct":100},"statements":{"total":32,"covered":32,"skipped":0,"pct":100},"branches":{"total":0,"covered":0,"skipped":0,"pct":100}}
,"/home/user1/repo/securecloud-backendx/product/data-collector/src/type/aws/awsRequester.type.ts": {"lines":{"total":57,"covered":0,"skipped":0,"pct":0},"functions":{"total":0,"covered":0,"skipped":0,"pct":100},"statements":{"total":57,"covered":0,"skipped":0,"pct":0},"branches":{"total":0,"covered":0,"skipped":0,"pct":100}}
,"/home/user1/repo/securecloud-backendx/product/data-collector/src/type/azure/azureClientMap.type.ts": {"lines":{"total":19,"covered":19,"skipped":0,"pct":100},"functions":{"total":0,"covered":0,"skipped":0,"pct":100},"statements":{"total":19,"covered":19,"skipped":0,"pct":100},"branches":{"total":0,"covered":0,"skipped":0,"pct":100}}
,"/home/user1/repo/securecloud-backendx/product/data-collector/src/type/azure/azureRequester.type.ts": {"lines":{"total":38,"covered":0,"skipped":0,"pct":0},"functions":{"total":0,"covered":0,"skipped":0,"pct":100},"statements":{"total":38,"covered":0,"skipped":0,"pct":0},"branches":{"total":0,"covered":0,"skipped":0,"pct":100}}
,"/home/user1/repo/securecloud-backendx/product/data-collector/src/type/azure/azureResource.type.ts": {"lines":{"total":1,"covered":0,"skipped":0,"pct":0},"functions":{"total":0,"covered":0,"skipped":0,"pct":100},"statements":{"total":1,"covered":0,"skipped":0,"pct":0},"branches":{"total":0,"covered":0,"skipped":0,"pct":100}}
,"/home/user1/repo/securecloud-backendx/product/data-collector/src/type/common/requester.type.ts": {"lines":{"total":3,"covered":0,"skipped":0,"pct":0},"functions":{"total":0,"covered":0,"skipped":0,"pct":100},"statements":{"total":3,"covered":0,"skipped":0,"pct":0},"branches":{"total":0,"covered":0,"skipped":0,"pct":100}}
,"/home/user1/repo/securecloud-backendx/product/data-collector/src/type/communication/eventMediator.type.ts": {"lines":{"total":4,"covered":0,"skipped":0,"pct":0},"functions":{"total":0,"covered":0,"skipped":0,"pct":100},"statements":{"total":4,"covered":0,"skipped":0,"pct":0},"branches":{"total":0,"covered":0,"skipped":0,"pct":100}}
,"/home/user1/repo/securecloud-backendx/product/data-collector/src/type/communication/process.type.ts": {"lines":{"total":2,"covered":0,"skipped":0,"pct":0},"functions":{"total":0,"covered":0,"skipped":0,"pct":100},"statements":{"total":2,"covered":0,"skipped":0,"pct":0},"branches":{"total":0,"covered":0,"skipped":0,"pct":100}}
,"/home/user1/repo/securecloud-backendx/product/data-collector/src/type/communication/transport.type.ts": {"lines":{"total":1,"covered":0,"skipped":0,"pct":0},"functions":{"total":0,"covered":0,"skipped":0,"pct":100},"statements":{"total":1,"covered":0,"skipped":0,"pct":0},"branches":{"total":0,"covered":0,"skipped":0,"pct":100}}
,"/home/user1/repo/securecloud-backendx/product/data-collector/src/type/gcp/gcpRequester.tye.ts": {"lines":{"total":40,"covered":0,"skipped":0,"pct":0},"functions":{"total":0,"covered":0,"skipped":0,"pct":100},"statements":{"total":40,"covered":0,"skipped":0,"pct":0},"branches":{"total":0,"covered":0,"skipped":0,"pct":100}}
,"/home/user1/repo/securecloud-backendx/product/data-collector/src/type/ncp/ncpClientMap.type.ts": {"lines":{"total":15,"covered":15,"skipped":0,"pct":100},"functions":{"total":2,"covered":2,"skipped":0,"pct":100},"statements":{"total":16,"covered":16,"skipped":0,"pct":100},"branches":{"total":0,"covered":0,"skipped":0,"pct":100}}
,"/home/user1/repo/securecloud-backendx/product/data-collector/src/util/validator.ts": {"lines":{"total":5,"covered":0,"skipped":0,"pct":0},"functions":{"total":1,"covered":0,"skipped":0,"pct":0},"statements":{"total":5,"covered":0,"skipped":0,"pct":0},"branches":{"total":5,"covered":0,"skipped":0,"pct":0}}
}
