TN:
SF:product/data-collector/src/init.ts
FN:3,initService
FNF:1
FNH:0
FNDA:0,initService
DA:1,0
DA:3,0
DA:4,0
DA:5,0
DA:6,0
LF:5
LH:0
BRF:0
BRH:0
end_of_record
TN:
SF:product/data-collector/src/collector/fullCollector.service.ts
FN:10,(anonymous_0)
FN:19,(anonymous_1)
FN:23,(anonymous_2)
FN:38,(anonymous_3)
FNF:4
FNH:0
FNDA:0,(anonymous_0)
FNDA:0,(anonymous_1)
FNDA:0,(anonymous_2)
FNDA:0,(anonymous_3)
DA:1,0
DA:4,0
DA:5,0
DA:6,0
DA:7,0
DA:9,0
DA:11,0
DA:20,0
DA:24,0
DA:25,0
DA:26,0
DA:27,0
DA:28,0
DA:29,0
DA:30,0
DA:31,0
DA:33,0
DA:34,0
DA:39,0
DA:40,0
DA:41,0
DA:42,0
LF:22
LH:0
BRF:0
BRH:0
end_of_record
TN:
SF:product/data-collector/src/collector/partialCollector.service.ts
FN:13,(anonymous_0)
FN:24,(anonymous_1)
FN:29,(anonymous_2)
FNF:3
FNH:0
FNDA:0,(anonymous_0)
FNDA:0,(anonymous_1)
FNDA:0,(anonymous_2)
DA:2,0
DA:3,0
DA:6,0
DA:7,0
DA:8,0
DA:10,0
DA:14,0
DA:21,0
DA:25,0
DA:26,0
DA:30,0
DA:31,0
DA:33,0
DA:34,0
DA:35,0
DA:38,0
DA:45,0
DA:46,0
DA:47,0
DA:48,0
DA:57,0
DA:59,0
DA:61,0
DA:62,0
LF:24
LH:0
BRDA:33,0,0,0
BRF:1
BRH:0
end_of_record
TN:
SF:product/data-collector/src/constant/time.ts
FNF:0
FNH:0
DA:1,0
DA:2,0
DA:3,0
LF:3
LH:0
BRF:0
BRH:0
end_of_record
TN:
SF:product/data-collector/src/data-requester/dataRequester.ts
FNF:0
FNH:0
DA:1,178
LF:1
LH:1
BRF:0
BRH:0
end_of_record
TN:
SF:product/data-collector/src/data-requester/fullScanRequester.ts
FN:12,(anonymous_0)
FNF:1
FNH:0
FNDA:0,(anonymous_0)
DA:3,0
DA:4,0
DA:6,0
DA:13,0
DA:14,0
DA:15,0
LF:6
LH:0
BRF:0
BRH:0
end_of_record
TN:
SF:product/data-collector/src/data-requester/requesterFactory.ts
FN:11,(anonymous_0)
FN:28,(anonymous_1)
FNF:2
FNH:2
FNDA:3,(anonymous_0)
FNDA:1,(anonymous_1)
DA:1,1
DA:2,1
DA:3,1
DA:5,1
DA:6,1
DA:8,1
DA:12,3
DA:14,3
DA:17,0
DA:20,0
DA:23,0
DA:29,1
DA:30,1
DA:32,1
LF:14
LH:11
BRDA:12,0,0,3
BRDA:12,0,1,0
BRDA:12,0,2,0
BRDA:12,0,3,0
BRDA:29,1,0,1
BRF:5
BRH:2
end_of_record
TN:
SF:product/data-collector/src/data-requester/aws/awsDataRequester.ts
FN:39,(anonymous_0)
FN:49,(anonymous_1)
FN:54,(anonymous_2)
FN:60,(anonymous_3)
FN:68,(anonymous_4)
FN:77,(anonymous_5)
FN:86,(anonymous_6)
FN:97,(anonymous_7)
FN:102,(anonymous_8)
FN:111,(anonymous_9)
FNF:10
FNH:10
FNDA:378,(anonymous_0)
FNDA:1,(anonymous_1)
FNDA:1,(anonymous_2)
FNDA:2,(anonymous_3)
FNDA:2,(anonymous_4)
FNDA:3,(anonymous_5)
FNDA:3,(anonymous_6)
FNDA:3,(anonymous_7)
FNDA:2,(anonymous_8)
FNDA:2,(anonymous_9)
DA:1,69
DA:2,69
DA:3,69
DA:9,69
DA:10,69
DA:12,69
DA:13,69
DA:16,69
DA:18,69
DA:26,69
DA:40,378
DA:41,378
DA:42,378
DA:43,378
DA:44,378
DA:45,378
DA:46,378
DA:50,1
DA:51,1
DA:52,1
DA:55,1
DA:56,1
DA:57,1
DA:61,2
DA:65,2
DA:69,2
DA:70,2
DA:71,0
DA:73,2
DA:78,3
DA:79,3
DA:80,3
DA:81,1
DA:83,2
DA:87,3
DA:88,3
DA:89,3
DA:90,2
DA:92,1
DA:93,1
DA:98,3
DA:99,2
DA:103,2
DA:104,2
DA:105,2
DA:106,1
DA:108,1
DA:112,2
DA:113,2
DA:114,1
LF:50
LH:49
BRDA:42,0,0,0
BRDA:42,0,1,378
BRDA:70,1,0,0
BRDA:80,2,0,1
BRDA:90,3,0,2
BRDA:90,3,1,0
BRDA:105,4,0,1
BRDA:105,5,0,2
BRDA:105,5,1,1
BRF:9
BRH:6
end_of_record
TN:
SF:product/data-collector/src/data-requester/aws/awsFullScanRequester.ts
FN:70,(anonymous_0)
FN:76,(anonymous_1)
FN:80,(anonymous_2)
FN:89,(anonymous_3)
FN:112,(anonymous_4)
FN:126,(anonymous_5)
FN:136,(anonymous_6)
FN:149,(anonymous_7)
FN:161,(anonymous_8)
FN:176,(anonymous_9)
FN:197,(anonymous_10)
FN:205,(anonymous_11)
FN:205,(anonymous_12)
FN:218,(anonymous_13)
FN:224,(anonymous_14)
FN:279,(anonymous_15)
FN:291,(anonymous_16)
FN:305,(anonymous_17)
FN:342,(anonymous_18)
FN:358,(anonymous_19)
FNF:20
FNH:0
FNDA:0,(anonymous_0)
FNDA:0,(anonymous_1)
FNDA:0,(anonymous_2)
FNDA:0,(anonymous_3)
FNDA:0,(anonymous_4)
FNDA:0,(anonymous_5)
FNDA:0,(anonymous_6)
FNDA:0,(anonymous_7)
FNDA:0,(anonymous_8)
FNDA:0,(anonymous_9)
FNDA:0,(anonymous_10)
FNDA:0,(anonymous_11)
FNDA:0,(anonymous_12)
FNDA:0,(anonymous_13)
FNDA:0,(anonymous_14)
FNDA:0,(anonymous_15)
FNDA:0,(anonymous_16)
FNDA:0,(anonymous_17)
FNDA:0,(anonymous_18)
FNDA:0,(anonymous_19)
DA:1,0
DA:2,0
DA:7,0
DA:8,0
DA:10,0
DA:11,0
DA:12,0
DA:13,0
DA:14,0
DA:15,0
DA:16,0
DA:17,0
DA:18,0
DA:19,0
DA:20,0
DA:21,0
DA:22,0
DA:23,0
DA:24,0
DA:25,0
DA:26,0
DA:27,0
DA:28,0
DA:29,0
DA:30,0
DA:31,0
DA:32,0
DA:33,0
DA:34,0
DA:35,0
DA:36,0
DA:37,0
DA:38,0
DA:39,0
DA:40,0
DA:41,0
DA:42,0
DA:43,0
DA:44,0
DA:45,0
DA:46,0
DA:47,0
DA:48,0
DA:49,0
DA:50,0
DA:51,0
DA:52,0
DA:53,0
DA:54,0
DA:55,0
DA:56,0
DA:57,0
DA:58,0
DA:59,0
DA:60,0
DA:61,0
DA:62,0
DA:63,0
DA:64,0
DA:66,0
DA:71,0
DA:72,0
DA:73,0
DA:77,0
DA:79,0
DA:81,0
DA:85,0
DA:86,0
DA:90,0
DA:91,0
DA:104,0
DA:106,0
DA:108,0
DA:109,0
DA:113,0
DA:114,0
DA:122,0
DA:130,0
DA:131,0
DA:132,0
DA:133,0
DA:137,0
DA:138,0
DA:139,0
DA:140,0
DA:142,0
DA:143,0
DA:145,0
DA:146,0
DA:150,0
DA:151,0
DA:152,0
DA:153,0
DA:155,0
DA:156,0
DA:157,0
DA:158,0
DA:162,0
DA:163,0
DA:164,0
DA:165,0
DA:166,0
DA:168,0
DA:169,0
DA:170,0
DA:172,0
DA:173,0
DA:177,0
DA:178,0
DA:179,0
DA:180,0
DA:181,0
DA:182,0
DA:183,0
DA:184,0
DA:186,0
DA:187,0
DA:188,0
DA:189,0
DA:190,0
DA:191,0
DA:193,0
DA:194,0
DA:198,0
DA:199,0
DA:200,0
DA:201,0
DA:203,0
DA:204,0
DA:205,0
DA:206,0
DA:207,0
DA:209,0
DA:210,0
DA:211,0
DA:212,0
DA:214,0
DA:215,0
DA:219,0
DA:220,0
DA:221,0
DA:223,0
DA:224,0
DA:226,0
DA:231,0
DA:232,0
DA:233,0
DA:234,0
DA:235,0
DA:236,0
DA:241,0
DA:246,0
DA:251,0
DA:252,0
DA:258,0
DA:259,0
DA:260,0
DA:261,0
DA:262,0
DA:263,0
DA:264,0
DA:265,0
DA:266,0
DA:269,0
DA:272,0
DA:273,0
DA:275,0
DA:276,0
DA:280,0
DA:281,0
DA:282,0
DA:283,0
DA:284,0
DA:285,0
DA:287,0
DA:288,0
DA:292,0
DA:293,0
DA:294,0
DA:295,0
DA:296,0
DA:297,0
DA:298,0
DA:299,0
DA:301,0
DA:302,0
DA:306,0
DA:307,0
DA:308,0
DA:309,0
DA:310,0
DA:311,0
DA:312,0
DA:313,0
DA:314,0
DA:315,0
DA:316,0
DA:317,0
DA:318,0
DA:319,0
DA:320,0
DA:321,0
DA:323,0
DA:324,0
DA:325,0
DA:326,0
DA:327,0
DA:328,0
DA:329,0
DA:330,0
DA:331,0
DA:332,0
DA:333,0
DA:334,0
DA:335,0
DA:336,0
DA:338,0
DA:339,0
DA:343,0
DA:344,0
DA:346,0
DA:347,0
DA:348,0
DA:350,0
DA:351,0
DA:352,0
DA:354,0
DA:355,0
DA:359,0
DA:360,0
DA:361,0
DA:362,0
DA:363,0
DA:364,0
DA:365,0
DA:367,0
DA:368,0
DA:369,0
DA:370,0
DA:371,0
DA:373,0
DA:374,0
LF:242
LH:0
BRF:0
BRH:0
end_of_record
TN:
SF:product/data-collector/src/data-requester/aws/awsRequesterFactory.ts
FN:65,(anonymous_0)
FN:248,(anonymous_1)
FNF:2
FNH:2
FNDA:3,(anonymous_0)
FNDA:3,(anonymous_1)
DA:3,1
DA:4,1
DA:5,1
DA:6,1
DA:7,1
DA:8,1
DA:9,1
DA:10,1
DA:11,1
DA:12,1
DA:13,1
DA:14,1
DA:15,1
DA:16,1
DA:17,1
DA:18,1
DA:19,1
DA:20,1
DA:21,1
DA:22,1
DA:23,1
DA:24,1
DA:25,1
DA:26,1
DA:27,1
DA:28,1
DA:29,1
DA:30,1
DA:31,1
DA:32,1
DA:33,1
DA:34,1
DA:35,1
DA:36,1
DA:37,1
DA:38,1
DA:39,1
DA:40,1
DA:41,1
DA:42,1
DA:43,1
DA:44,1
DA:45,1
DA:46,1
DA:47,1
DA:48,1
DA:49,1
DA:50,1
DA:51,1
DA:52,1
DA:53,1
DA:54,1
DA:55,1
DA:56,1
DA:57,1
DA:58,1
DA:60,1
DA:62,1
DA:70,3
DA:72,0
DA:75,0
DA:78,1
DA:81,0
DA:84,0
DA:87,0
DA:90,0
DA:93,0
DA:96,0
DA:99,0
DA:102,0
DA:105,0
DA:108,0
DA:111,0
DA:114,0
DA:117,0
DA:120,0
DA:123,0
DA:126,0
DA:129,0
DA:132,0
DA:135,0
DA:138,0
DA:141,0
DA:144,0
DA:147,0
DA:150,0
DA:153,0
DA:156,0
DA:159,0
DA:162,0
DA:165,0
DA:168,0
DA:171,0
DA:174,0
DA:177,0
DA:180,1
DA:183,0
DA:186,0
DA:189,1
DA:192,0
DA:195,0
DA:198,0
DA:201,0
DA:204,0
DA:207,0
DA:210,0
DA:213,0
DA:216,0
DA:219,0
DA:222,0
DA:225,0
DA:228,0
DA:231,0
DA:234,0
DA:237,0
DA:240,0
DA:243,0
DA:249,3
DA:250,1
DA:252,3
LF:120
LH:65
BRDA:70,0,0,0
BRDA:70,0,1,0
BRDA:70,0,2,1
BRDA:70,0,3,0
BRDA:70,0,4,0
BRDA:70,0,5,0
BRDA:70,0,6,0
BRDA:70,0,7,0
BRDA:70,0,8,0
BRDA:70,0,9,0
BRDA:70,0,10,0
BRDA:70,0,11,0
BRDA:70,0,12,0
BRDA:70,0,13,0
BRDA:70,0,14,0
BRDA:70,0,15,0
BRDA:70,0,16,0
BRDA:70,0,17,0
BRDA:70,0,18,0
BRDA:70,0,19,0
BRDA:70,0,20,0
BRDA:70,0,21,0
BRDA:70,0,22,0
BRDA:70,0,23,0
BRDA:70,0,24,0
BRDA:70,0,25,0
BRDA:70,0,26,0
BRDA:70,0,27,0
BRDA:70,0,28,0
BRDA:70,0,29,0
BRDA:70,0,30,0
BRDA:70,0,31,0
BRDA:70,0,32,0
BRDA:70,0,33,0
BRDA:70,0,34,0
BRDA:70,0,35,0
BRDA:70,0,36,1
BRDA:70,0,37,0
BRDA:70,0,38,0
BRDA:70,0,39,1
BRDA:70,0,40,0
BRDA:70,0,41,0
BRDA:70,0,42,0
BRDA:70,0,43,0
BRDA:70,0,44,0
BRDA:70,0,45,0
BRDA:70,0,46,0
BRDA:70,0,47,0
BRDA:70,0,48,0
BRDA:70,0,49,0
BRDA:70,0,50,0
BRDA:70,0,51,0
BRDA:70,0,52,0
BRDA:70,0,53,0
BRDA:70,0,54,0
BRDA:70,0,55,0
BRDA:70,0,56,0
BRDA:70,0,57,0
BRDA:249,1,0,1
BRF:59
BRH:4
end_of_record
TN:
SF:product/data-collector/src/data-requester/aws/analytics/elasticsearch/awsElasticSearchDataRequester.ts
FN:23,(anonymous_0)
FN:28,(anonymous_1)
FN:47,(anonymous_2)
FN:77,(anonymous_3)
FN:80,(anonymous_4)
FN:99,(anonymous_5)
FNF:6
FNH:6
FNDA:6,(anonymous_0)
FNDA:2,(anonymous_1)
FNDA:4,(anonymous_2)
FNDA:1,(anonymous_3)
FNDA:1,(anonymous_4)
FNDA:2,(anonymous_5)
DA:1,2
DA:2,2
DA:3,2
DA:10,2
DA:15,2
DA:20,2
DA:24,6
DA:25,6
DA:29,2
DA:30,2
DA:31,1
DA:32,1
DA:33,1
DA:34,1
DA:35,1
DA:36,0
DA:38,1
DA:39,1
DA:41,1
DA:43,1
DA:44,1
DA:50,4
DA:51,4
DA:54,3
DA:55,3
DA:56,1
DA:58,2
DA:61,2
DA:63,2
DA:69,2
DA:71,2
DA:73,2
DA:74,2
DA:80,1
DA:81,1
DA:82,0
DA:84,1
DA:87,1
DA:100,2
DA:101,0
DA:103,2
DA:104,2
DA:105,2
DA:106,2
DA:107,0
DA:110,0
LF:46
LH:41
BRDA:31,0,0,1
BRDA:31,0,1,0
BRDA:35,1,0,0
BRDA:55,2,0,1
BRDA:81,3,0,0
BRDA:89,4,0,1
BRDA:89,4,1,0
BRDA:100,5,0,0
BRDA:106,6,0,0
BRF:9
BRH:3
end_of_record
TN:
SF:product/data-collector/src/data-requester/aws/analytics/emr/awsEmrDataRequester.ts
FN:10,(anonymous_0)
FN:31,(anonymous_1)
FN:46,(anonymous_2)
FNF:3
FNH:3
FNDA:2,(anonymous_0)
FNDA:3,(anonymous_1)
FNDA:1,(anonymous_2)
DA:2,2
DA:4,2
DA:5,2
DA:6,2
DA:7,2
DA:9,2
DA:11,2
DA:12,2
DA:13,2
DA:19,1
DA:20,1
DA:21,0
DA:23,1
DA:25,1
DA:27,1
DA:28,1
DA:32,3
DA:33,3
DA:34,2
DA:35,2
DA:36,1
DA:39,1
DA:40,1
DA:42,2
DA:43,2
DA:47,1
LF:26
LH:25
BRDA:20,0,0,0
BRDA:35,1,0,1
BRDA:35,2,0,2
BRDA:35,2,1,1
BRDA:49,3,0,1
BRDA:49,3,1,0
BRF:6
BRH:4
end_of_record
TN:
SF:product/data-collector/src/data-requester/aws/common/backup-plan/awsBackupPlanDataRequester.ts
FN:19,(anonymous_0)
FN:24,(anonymous_1)
FN:46,(anonymous_2)
FN:63,(anonymous_3)
FN:76,(anonymous_4)
FNF:5
FNH:5
FNDA:5,(anonymous_0)
FNDA:2,(anonymous_1)
FNDA:2,(anonymous_2)
FNDA:1,(anonymous_3)
FNDA:2,(anonymous_4)
DA:2,2
DA:3,2
DA:9,2
DA:10,2
DA:11,2
DA:16,2
DA:20,5
DA:21,5
DA:25,2
DA:26,2
DA:27,2
DA:33,1
DA:34,1
DA:35,0
DA:37,1
DA:38,1
DA:41,1
DA:43,2
DA:47,2
DA:48,2
DA:51,1
DA:52,1
DA:53,0
DA:55,1
DA:56,1
DA:58,1
DA:59,1
DA:64,1
DA:77,2
DA:78,0
DA:80,2
DA:81,2
DA:82,2
DA:83,2
DA:84,0
DA:87,0
LF:36
LH:31
BRDA:34,0,0,0
BRDA:34,1,0,1
BRDA:34,1,1,1
BRDA:52,2,0,0
BRDA:66,3,0,1
BRDA:66,3,1,0
BRDA:67,4,0,1
BRDA:67,4,1,0
BRDA:77,5,0,0
BRDA:83,6,0,0
BRF:10
BRH:4
end_of_record
TN:
SF:product/data-collector/src/data-requester/aws/common/backup-selection/awsBackupSelectionDataRequester.ts
FN:22,(anonymous_0)
FN:27,(anonymous_1)
FN:58,(anonymous_2)
FN:91,(anonymous_3)
FN:109,(anonymous_4)
FN:113,(anonymous_5)
FNF:6
FNH:6
FNDA:6,(anonymous_0)
FNDA:3,(anonymous_1)
FNDA:2,(anonymous_2)
FNDA:1,(anonymous_3)
FNDA:2,(anonymous_4)
FNDA:2,(anonymous_5)
DA:5,2
DA:7,2
DA:13,2
DA:14,2
DA:15,2
DA:19,2
DA:23,6
DA:24,6
DA:28,3
DA:29,3
DA:30,3
DA:36,1
DA:37,1
DA:38,0
DA:40,1
DA:41,1
DA:42,1
DA:43,0
DA:45,1
DA:46,1
DA:47,0
DA:49,1
DA:50,1
DA:53,2
DA:55,3
DA:61,2
DA:62,2
DA:65,1
DA:66,0
DA:68,1
DA:69,1
DA:70,0
DA:73,1
DA:74,1
DA:76,1
DA:77,0
DA:79,1
DA:80,1
DA:81,0
DA:83,1
DA:84,1
DA:86,1
DA:87,1
DA:92,1
DA:93,1
DA:97,1
DA:110,2
DA:114,2
DA:115,2
DA:118,2
DA:119,2
DA:121,0
DA:122,0
LF:53
LH:44
BRDA:37,0,0,0
BRDA:42,1,0,0
BRDA:46,2,0,0
BRDA:65,3,0,0
BRDA:69,4,0,0
BRDA:69,5,0,1
BRDA:69,5,1,1
BRDA:76,6,0,0
BRDA:80,7,0,0
BRDA:92,8,0,1
BRDA:92,8,1,1
BRDA:92,9,0,1
BRDA:92,9,1,1
BRDA:99,10,0,1
BRDA:99,10,1,0
BRF:15
BRH:7
end_of_record
TN:
SF:product/data-collector/src/data-requester/aws/compute/ami/awsAmiDataRequester.ts
FN:11,(anonymous_0)
FN:15,(anonymous_1)
FN:30,(anonymous_2)
FN:44,(anonymous_3)
FNF:4
FNH:4
FNDA:6,(anonymous_0)
FNDA:2,(anonymous_1)
FNDA:2,(anonymous_2)
FNDA:1,(anonymous_3)
DA:1,2
DA:2,2
DA:4,2
DA:5,2
DA:10,2
DA:12,6
DA:16,2
DA:17,2
DA:18,2
DA:19,1
DA:20,1
DA:21,0
DA:23,1
DA:25,1
DA:26,1
DA:31,2
DA:32,2
DA:33,1
DA:34,1
DA:35,0
DA:37,1
DA:39,1
DA:40,1
DA:45,1
LF:24
LH:22
BRDA:18,0,0,2
BRDA:18,0,1,0
BRDA:20,1,0,0
BRDA:34,2,0,0
BRDA:34,3,0,1
BRDA:34,3,1,1
BRDA:47,4,0,1
BRDA:47,4,1,0
BRF:8
BRH:4
end_of_record
TN:
SF:product/data-collector/src/data-requester/aws/compute/ec2/awsEc2DataRequester.ts
FN:28,(anonymous_0)
FN:34,(anonymous_1)
FN:45,(anonymous_2)
FN:65,(anonymous_3)
FN:96,(anonymous_4)
FN:116,(anonymous_5)
FN:130,(anonymous_6)
FN:154,(anonymous_7)
FN:173,(anonymous_8)
FNF:9
FNH:9
FNDA:8,(anonymous_0)
FNDA:2,(anonymous_1)
FNDA:1,(anonymous_2)
FNDA:4,(anonymous_3)
FNDA:1,(anonymous_4)
FNDA:2,(anonymous_5)
FNDA:2,(anonymous_6)
FNDA:2,(anonymous_7)
FNDA:2,(anonymous_8)
DA:6,2
DA:7,2
DA:14,2
DA:15,2
DA:16,2
DA:18,2
DA:19,2
DA:23,2
DA:29,8
DA:30,8
DA:31,8
DA:35,2
DA:36,2
DA:37,2
DA:45,1
DA:46,1
DA:49,1
DA:50,1
DA:51,0
DA:53,1
DA:54,1
DA:55,1
DA:58,1
DA:60,1
DA:61,1
DA:66,4
DA:67,4
DA:71,3
DA:73,3
DA:74,1
DA:76,2
DA:78,2
DA:79,1
DA:81,1
DA:83,1
DA:84,0
DA:87,1
DA:88,1
DA:89,1
DA:91,3
DA:92,3
DA:97,1
DA:100,1
DA:101,1
DA:103,1
DA:117,2
DA:118,0
DA:120,2
DA:121,2
DA:126,0
DA:131,2
DA:132,0
DA:134,2
DA:135,2
DA:136,2
DA:137,2
DA:138,2
DA:147,2
DA:149,2
DA:150,2
DA:151,2
DA:155,2
DA:156,0
DA:158,2
DA:159,2
DA:165,2
DA:166,2
DA:167,2
DA:169,0
DA:174,2
DA:175,0
DA:177,2
LF:72
LH:64
BRDA:46,0,0,1
BRDA:46,0,1,0
BRDA:50,1,0,0
BRDA:73,2,0,1
BRDA:73,3,0,3
BRDA:73,3,1,3
BRDA:78,4,0,1
BRDA:78,5,0,2
BRDA:78,5,1,2
BRDA:83,6,0,0
BRDA:100,7,0,1
BRDA:100,7,1,1
BRDA:100,8,0,1
BRDA:100,8,1,0
BRDA:101,9,0,1
BRDA:101,9,1,1
BRDA:101,10,0,1
BRDA:101,10,1,0
BRDA:105,11,0,1
BRDA:105,11,1,0
BRDA:109,12,0,1
BRDA:109,12,1,1
BRDA:109,13,0,1
BRDA:109,13,1,0
BRDA:117,14,0,0
BRDA:131,15,0,0
BRDA:137,16,0,2
BRDA:155,17,0,0
BRDA:174,18,0,0
BRDA:174,19,0,2
BRDA:174,19,1,2
BRDA:174,19,2,2
BRF:32
BRH:21
end_of_record
TN:
SF:product/data-collector/src/data-requester/aws/compute/lambda/awsLambdaDataRequester.ts
FN:20,(anonymous_0)
FN:26,(anonymous_1)
FN:51,(anonymous_2)
FN:70,(anonymous_3)
FN:83,(anonymous_4)
FN:97,(anonymous_5)
FNF:6
FNH:5
FNDA:6,(anonymous_0)
FNDA:3,(anonymous_1)
FNDA:2,(anonymous_2)
FNDA:0,(anonymous_3)
FNDA:4,(anonymous_4)
FNDA:4,(anonymous_5)
DA:1,2
DA:7,2
DA:8,2
DA:9,2
DA:12,2
DA:16,2
DA:21,6
DA:22,6
DA:23,6
DA:27,3
DA:28,3
DA:29,3
DA:37,3
DA:38,3
DA:39,0
DA:41,3
DA:42,3
DA:43,3
DA:46,0
DA:48,3
DA:52,2
DA:53,2
DA:58,2
DA:59,1
DA:61,1
DA:62,1
DA:63,1
DA:65,1
DA:66,1
DA:71,0
DA:84,4
DA:85,0
DA:87,4
DA:88,4
DA:91,3
DA:93,1
DA:98,4
DA:99,0
DA:101,4
DA:102,4
DA:103,3
DA:104,1
DA:107,1
LF:43
LH:38
BRDA:38,0,0,0
BRDA:58,1,0,1
BRDA:58,2,0,2
BRDA:58,2,1,1
BRDA:73,3,0,0
BRDA:73,3,1,0
BRDA:74,4,0,0
BRDA:74,4,1,0
BRDA:75,5,0,0
BRDA:75,5,1,0
BRDA:75,6,0,0
BRDA:75,6,1,0
BRDA:84,7,0,0
BRDA:98,8,0,0
BRDA:103,9,0,1
BRF:15
BRH:4
end_of_record
TN:
SF:product/data-collector/src/data-requester/aws/constant/hostzone.ts
FNF:0
FNH:0
DA:1,2
LF:1
LH:1
BRF:0
BRH:0
end_of_record
TN:
SF:product/data-collector/src/data-requester/aws/database/dynamoDB/awsDynamoDBDataRequester.ts
FN:22,(anonymous_0)
FN:28,(anonymous_1)
FN:48,(anonymous_2)
FN:63,(anonymous_3)
FN:64,(anonymous_4)
FN:71,(anonymous_5)
FN:93,(anonymous_6)
FN:108,(anonymous_7)
FN:123,(anonymous_8)
FNF:9
FNH:9
FNDA:5,(anonymous_0)
FNDA:2,(anonymous_1)
FNDA:2,(anonymous_2)
FNDA:1,(anonymous_3)
FNDA:1,(anonymous_4)
FNDA:1,(anonymous_5)
FNDA:2,(anonymous_6)
FNDA:2,(anonymous_7)
FNDA:3,(anonymous_8)
DA:2,2
DA:3,2
DA:11,2
DA:12,2
DA:14,2
DA:18,2
DA:23,5
DA:24,5
DA:25,5
DA:29,2
DA:30,2
DA:31,2
DA:32,1
DA:33,1
DA:34,1
DA:35,1
DA:36,0
DA:38,1
DA:39,1
DA:40,1
DA:43,1
DA:45,2
DA:49,2
DA:50,2
DA:51,2
DA:52,1
DA:54,1
DA:55,1
DA:56,1
DA:58,1
DA:59,1
DA:64,1
DA:65,1
DA:66,0
DA:68,1
DA:71,1
DA:72,1
DA:73,0
DA:75,1
DA:77,1
DA:78,1
DA:94,2
DA:95,0
DA:97,2
DA:98,2
DA:99,2
DA:100,2
DA:101,2
DA:104,0
DA:109,2
DA:110,0
DA:112,2
DA:113,2
DA:114,2
DA:115,0
DA:116,0
DA:119,2
DA:124,3
DA:125,3
DA:126,2
DA:127,2
DA:129,1
DA:130,1
LF:63
LH:55
BRDA:32,0,0,1
BRDA:32,0,1,0
BRDA:35,1,0,0
BRDA:51,2,0,1
BRDA:51,3,0,2
BRDA:51,3,1,1
BRDA:65,4,0,0
BRDA:65,4,1,1
BRDA:72,5,0,0
BRDA:79,6,0,1
BRDA:79,6,1,0
BRDA:94,7,0,0
BRDA:100,8,0,2
BRDA:109,9,0,0
BRDA:115,10,0,0
BRF:15
BRH:7
end_of_record
TN:
SF:product/data-collector/src/data-requester/aws/database/elasticache/awsElastiCacheDataRequester.ts
FN:27,(anonymous_0)
FN:33,(anonymous_1)
FN:58,(anonymous_2)
FN:81,(anonymous_3)
FN:84,(anonymous_4)
FN:90,(anonymous_5)
FN:114,(anonymous_6)
FN:131,(anonymous_7)
FNF:8
FNH:8
FNDA:7,(anonymous_0)
FNDA:4,(anonymous_1)
FNDA:2,(anonymous_2)
FNDA:1,(anonymous_3)
FNDA:1,(anonymous_4)
FNDA:1,(anonymous_5)
FNDA:4,(anonymous_6)
FNDA:4,(anonymous_7)
DA:1,2
DA:9,2
DA:15,2
DA:16,2
DA:17,2
DA:19,2
DA:23,2
DA:28,7
DA:29,7
DA:30,7
DA:34,4
DA:35,4
DA:36,4
DA:43,3
DA:44,3
DA:45,0
DA:47,3
DA:48,3
DA:49,3
DA:51,3
DA:53,1
DA:54,1
DA:61,2
DA:62,2
DA:67,1
DA:68,1
DA:69,0
DA:71,1
DA:72,1
DA:73,1
DA:74,1
DA:76,1
DA:77,1
DA:84,1
DA:85,1
DA:86,0
DA:88,1
DA:90,1
DA:91,1
DA:92,0
DA:94,1
DA:98,1
DA:99,1
DA:115,4
DA:116,0
DA:118,4
DA:119,4
DA:122,3
DA:123,3
DA:124,3
DA:127,1
DA:132,4
DA:133,0
DA:135,4
DA:136,4
DA:137,3
DA:138,2
DA:139,0
DA:142,2
LF:59
LH:52
BRDA:44,0,0,0
BRDA:68,1,0,0
BRDA:68,2,0,1
BRDA:68,2,1,1
BRDA:85,3,0,0
BRDA:91,4,0,0
BRDA:91,4,1,1
BRDA:101,5,0,1
BRDA:101,5,1,0
BRDA:115,6,0,0
BRDA:123,7,0,3
BRDA:132,8,0,0
BRDA:138,9,0,0
BRF:13
BRH:5
end_of_record
TN:
SF:product/data-collector/src/data-requester/aws/database/rds-backup/awsRdsBackupDataRequester.ts
FN:10,(anonymous_0)
FN:32,(anonymous_1)
FN:52,(anonymous_2)
FNF:3
FNH:3
FNDA:2,(anonymous_0)
FNDA:2,(anonymous_1)
FNDA:1,(anonymous_2)
DA:1,2
DA:2,2
DA:4,2
DA:5,2
DA:6,2
DA:9,2
DA:11,2
DA:12,2
DA:13,2
DA:19,1
DA:20,1
DA:21,0
DA:23,1
DA:25,1
DA:27,1
DA:28,1
DA:35,2
DA:36,2
DA:41,1
DA:42,1
DA:43,0
DA:45,1
DA:47,1
DA:48,1
DA:53,1
LF:25
LH:23
BRDA:20,0,0,0
BRDA:42,1,0,0
BRDA:42,2,0,1
BRDA:42,2,1,1
BRDA:55,3,0,1
BRDA:55,3,1,0
BRF:6
BRH:3
end_of_record
TN:
SF:product/data-collector/src/data-requester/aws/database/rds-instance/awsRdsInstanceDataRequester.ts
FN:10,(anonymous_0)
FN:26,(anonymous_1)
FN:42,(anonymous_2)
FNF:3
FNH:3
FNDA:2,(anonymous_0)
FNDA:2,(anonymous_1)
FNDA:1,(anonymous_2)
DA:1,2
DA:2,2
DA:4,2
DA:5,2
DA:6,2
DA:9,2
DA:11,2
DA:12,2
DA:13,2
DA:14,1
DA:15,1
DA:16,0
DA:18,1
DA:20,1
DA:22,1
DA:23,1
DA:27,2
DA:28,2
DA:31,1
DA:32,1
DA:33,0
DA:35,1
DA:37,1
DA:38,1
DA:43,1
LF:25
LH:23
BRDA:15,0,0,0
BRDA:32,1,0,0
BRDA:32,2,0,1
BRDA:32,2,1,1
BRDA:45,3,0,1
BRDA:45,3,1,0
BRF:6
BRH:3
end_of_record
TN:
SF:product/data-collector/src/data-requester/aws/database/rds-snapshot/awsRdsSnapshotDataRequester.ts
FN:11,(anonymous_0)
FN:27,(anonymous_1)
FN:46,(anonymous_2)
FNF:3
FNH:3
FNDA:2,(anonymous_0)
FNDA:2,(anonymous_1)
FNDA:1,(anonymous_2)
DA:1,2
DA:2,2
DA:4,2
DA:5,2
DA:6,2
DA:8,2
DA:10,2
DA:12,2
DA:13,2
DA:14,2
DA:15,1
DA:16,1
DA:17,0
DA:19,1
DA:21,1
DA:23,1
DA:24,1
DA:28,2
DA:29,2
DA:35,1
DA:36,1
DA:37,0
DA:39,1
DA:41,1
DA:42,1
DA:47,1
LF:26
LH:24
BRDA:16,0,0,0
BRDA:36,1,0,0
BRDA:36,2,0,1
BRDA:36,2,1,1
BRDA:49,3,0,1
BRDA:49,3,1,0
BRF:6
BRH:3
end_of_record
TN:
SF:product/data-collector/src/data-requester/aws/database/redshift/awsRedshiftDataRequester.ts
FN:18,(anonymous_0)
FN:23,(anonymous_1)
FN:50,(anonymous_2)
FN:71,(anonymous_3)
FN:95,(anonymous_4)
FN:114,(anonymous_5)
FNF:6
FNH:6
FNDA:8,(anonymous_0)
FNDA:4,(anonymous_1)
FNDA:3,(anonymous_2)
FNDA:1,(anonymous_3)
FNDA:4,(anonymous_4)
FNDA:4,(anonymous_5)
DA:2,2
DA:3,2
DA:4,2
DA:9,2
DA:10,2
DA:15,2
DA:19,8
DA:20,8
DA:24,4
DA:25,4
DA:32,3
DA:33,3
DA:34,3
DA:35,0
DA:37,3
DA:38,3
DA:40,3
DA:43,3
DA:45,1
DA:46,1
DA:51,3
DA:52,3
DA:57,2
DA:58,1
DA:60,1
DA:61,1
DA:62,1
DA:64,1
DA:66,2
DA:67,2
DA:73,1
DA:74,1
DA:76,1
DA:81,1
DA:96,4
DA:97,0
DA:99,4
DA:100,4
DA:101,4
DA:102,0
DA:104,4
DA:107,3
DA:110,1
DA:115,4
DA:116,0
DA:118,4
DA:119,4
DA:122,3
DA:123,3
DA:125,1
LF:50
LH:46
BRDA:34,0,0,0
BRDA:57,1,0,1
BRDA:57,2,0,2
BRDA:57,2,1,2
BRDA:57,2,2,1
BRDA:73,3,0,1
BRDA:78,4,0,1
BRDA:78,4,1,1
BRDA:83,5,0,1
BRDA:83,5,1,0
BRDA:96,6,0,0
BRDA:100,7,0,4
BRDA:100,7,1,0
BRDA:101,8,0,0
BRDA:107,9,0,3
BRDA:107,9,1,3
BRDA:115,10,0,0
BRDA:123,11,0,3
BRDA:123,11,1,3
BRF:19
BRH:13
end_of_record
TN:
SF:product/data-collector/src/data-requester/aws/eks/ecr/awsEcrDataRequester.ts
FN:14,(anonymous_0)
FN:19,(anonymous_1)
FN:41,(anonymous_2)
FN:60,(anonymous_3)
FN:61,(anonymous_4)
FN:79,(anonymous_5)
FN:87,(anonymous_6)
FNF:7
FNH:7
FNDA:5,(anonymous_0)
FNDA:2,(anonymous_1)
FNDA:2,(anonymous_2)
FNDA:1,(anonymous_3)
FNDA:1,(anonymous_4)
FNDA:1,(anonymous_5)
FNDA:2,(anonymous_6)
DA:1,2
DA:2,2
DA:4,2
DA:5,2
DA:6,2
DA:11,2
DA:15,5
DA:16,5
DA:20,2
DA:21,2
DA:26,1
DA:27,1
DA:28,1
DA:29,0
DA:31,1
DA:32,1
DA:34,1
DA:36,1
DA:37,1
DA:42,2
DA:43,2
DA:48,1
DA:49,0
DA:51,1
DA:52,1
DA:53,1
DA:55,1
DA:56,1
DA:61,1
DA:62,1
DA:63,0
DA:65,1
DA:67,1
DA:68,1
DA:80,1
DA:81,0
DA:84,1
DA:88,2
DA:89,0
DA:91,2
DA:92,2
DA:97,2
DA:98,2
DA:99,2
DA:102,0
LF:45
LH:39
BRDA:28,0,0,0
BRDA:48,1,0,0
BRDA:48,2,0,1
BRDA:48,2,1,1
BRDA:48,2,2,1
BRDA:62,3,0,0
BRDA:69,4,0,1
BRDA:69,4,1,0
BRDA:80,5,0,0
BRDA:80,6,0,1
BRDA:80,6,1,1
BRDA:88,7,0,0
BRDA:98,8,0,2
BRF:13
BRH:7
end_of_record
TN:
SF:product/data-collector/src/data-requester/aws/eks/eks/awsEksClusterDataRequester.ts
FN:12,(anonymous_0)
FN:16,(anonymous_1)
FN:41,(anonymous_2)
FN:53,(anonymous_3)
FN:67,(anonymous_4)
FN:77,(anonymous_5)
FNF:6
FNH:6
FNDA:5,(anonymous_0)
FNDA:2,(anonymous_1)
FNDA:2,(anonymous_2)
FNDA:1,(anonymous_3)
FNDA:3,(anonymous_4)
FNDA:3,(anonymous_5)
DA:1,2
DA:2,2
DA:4,2
DA:5,2
DA:6,2
DA:11,2
DA:13,5
DA:17,2
DA:18,2
DA:25,1
DA:26,1
DA:27,1
DA:29,1
DA:30,0
DA:32,1
DA:34,1
DA:36,1
DA:37,1
DA:42,2
DA:43,2
DA:44,2
DA:45,1
DA:47,1
DA:49,1
DA:50,1
DA:54,1
DA:56,1
DA:68,3
DA:69,3
DA:70,2
DA:72,1
DA:73,1
DA:78,3
LF:33
LH:32
BRDA:29,0,0,0
BRDA:44,1,0,1
BRDA:58,2,0,1
BRDA:58,2,1,0
BRDA:78,3,0,3
BRDA:78,3,1,2
BRF:6
BRH:4
end_of_record
TN:
SF:product/data-collector/src/data-requester/aws/eks/eks-fargate/awsEksFargateDataRequester.ts
FN:14,(anonymous_0)
FN:19,(anonymous_1)
FN:39,(anonymous_2)
FN:51,(anonymous_3)
FN:63,(anonymous_4)
FN:77,(anonymous_5)
FN:86,(anonymous_6)
FNF:7
FNH:7
FNDA:5,(anonymous_0)
FNDA:2,(anonymous_1)
FNDA:2,(anonymous_2)
FNDA:1,(anonymous_3)
FNDA:3,(anonymous_4)
FNDA:2,(anonymous_5)
FNDA:1,(anonymous_6)
DA:1,1
DA:2,1
DA:5,1
DA:6,1
DA:7,1
DA:11,1
DA:15,5
DA:16,5
DA:20,2
DA:21,2
DA:22,2
DA:23,2
DA:24,2
DA:25,1
DA:27,1
DA:28,0
DA:30,1
DA:33,2
DA:35,0
DA:36,0
DA:40,2
DA:41,2
DA:42,2
DA:43,1
DA:45,1
DA:47,1
DA:48,1
DA:52,1
DA:64,3
DA:65,3
DA:71,2
DA:73,1
DA:78,2
DA:79,2
DA:86,1
DA:88,1
DA:89,1
LF:37
LH:34
BRDA:27,0,0,0
BRDA:42,1,0,1
BRDA:54,2,0,1
BRDA:54,2,1,0
BRF:4
BRH:2
end_of_record
TN:
SF:product/data-collector/src/data-requester/aws/eks/eks-nodegroup/awsEksNodeGroupDataRequester.ts
FN:13,(anonymous_0)
FN:18,(anonymous_1)
FN:38,(anonymous_2)
FN:50,(anonymous_3)
FN:62,(anonymous_4)
FN:72,(anonymous_5)
FNF:6
FNH:6
FNDA:5,(anonymous_0)
FNDA:2,(anonymous_1)
FNDA:2,(anonymous_2)
FNDA:1,(anonymous_3)
FNDA:3,(anonymous_4)
FNDA:2,(anonymous_5)
DA:1,2
DA:2,2
DA:5,2
DA:6,2
DA:7,2
DA:11,2
DA:14,5
DA:15,5
DA:19,2
DA:20,2
DA:21,2
DA:22,2
DA:23,2
DA:24,1
DA:26,1
DA:27,0
DA:29,1
DA:32,2
DA:34,0
DA:35,0
DA:39,2
DA:40,2
DA:41,2
DA:42,1
DA:44,1
DA:46,1
DA:47,1
DA:51,1
DA:63,3
DA:64,3
DA:65,2
DA:66,2
DA:68,1
DA:73,2
DA:74,2
DA:84,1
DA:85,1
LF:37
LH:34
BRDA:26,0,0,0
BRDA:41,1,0,1
BRDA:53,2,0,1
BRDA:53,2,1,0
BRF:4
BRH:2
end_of_record
TN:
SF:product/data-collector/src/data-requester/aws/identity/access-analyzer/awsAccessAnalyzerDataRequester.ts
FN:10,(anonymous_0)
FN:33,(anonymous_1)
FN:47,(anonymous_2)
FNF:3
FNH:3
FNDA:2,(anonymous_0)
FNDA:3,(anonymous_1)
FNDA:1,(anonymous_2)
DA:1,2
DA:2,2
DA:5,2
DA:6,2
DA:7,2
DA:9,2
DA:11,2
DA:12,2
DA:13,2
DA:20,1
DA:21,1
DA:22,0
DA:24,1
DA:26,1
DA:28,1
DA:29,1
DA:34,3
DA:35,3
DA:36,2
DA:37,2
DA:38,1
DA:40,1
DA:42,2
DA:43,2
DA:48,1
LF:25
LH:24
BRDA:21,0,0,0
BRDA:37,1,0,1
BRDA:50,2,0,1
BRDA:50,2,1,0
BRF:4
BRH:2
end_of_record
TN:
SF:product/data-collector/src/data-requester/aws/identity/acm/awsAcmDataRequester.ts
FN:22,(anonymous_0)
FN:27,(anonymous_1)
FN:52,(anonymous_2)
FN:68,(anonymous_3)
FN:69,(anonymous_4)
FN:87,(anonymous_5)
FNF:6
FNH:6
FNDA:6,(anonymous_0)
FNDA:2,(anonymous_1)
FNDA:4,(anonymous_2)
FNDA:1,(anonymous_3)
FNDA:1,(anonymous_4)
FNDA:2,(anonymous_5)
DA:1,2
DA:9,2
DA:12,2
DA:13,2
DA:14,2
DA:17,2
DA:19,2
DA:23,6
DA:24,6
DA:28,2
DA:29,2
DA:30,2
DA:36,1
DA:37,1
DA:38,0
DA:40,1
DA:43,1
DA:46,1
DA:48,1
DA:49,1
DA:53,4
DA:54,4
DA:57,3
DA:58,3
DA:59,1
DA:61,2
DA:62,2
DA:64,2
DA:65,2
DA:69,1
DA:70,1
DA:71,0
DA:73,1
DA:75,1
DA:88,2
DA:89,0
DA:91,2
DA:92,2
DA:95,2
DA:96,2
DA:97,2
DA:100,0
LF:42
LH:38
BRDA:37,0,0,0
BRDA:58,1,0,1
BRDA:70,2,0,0
BRDA:77,3,0,1
BRDA:77,3,1,0
BRDA:88,4,0,0
BRDA:96,5,0,2
BRF:7
BRH:3
end_of_record
TN:
SF:product/data-collector/src/data-requester/aws/identity/iam-access-key/awsIamAccessKeyDataRequester.ts
FN:18,(anonymous_0)
FN:23,(anonymous_1)
FN:41,(anonymous_2)
FN:65,(anonymous_3)
FN:78,(anonymous_4)
FN:87,(anonymous_5)
FN:90,(anonymous_6)
FNF:7
FNH:7
FNDA:10,(anonymous_0)
FNDA:4,(anonymous_1)
FNDA:6,(anonymous_2)
FNDA:1,(anonymous_3)
FNDA:4,(anonymous_4)
FNDA:2,(anonymous_5)
FNDA:1,(anonymous_6)
DA:1,2
DA:2,2
DA:8,2
DA:10,2
DA:11,2
DA:12,2
DA:15,2
DA:19,10
DA:20,10
DA:24,4
DA:25,4
DA:27,4
DA:28,4
DA:29,3
DA:30,0
DA:32,3
DA:33,3
DA:35,4
DA:37,0
DA:38,0
DA:42,6
DA:43,6
DA:44,5
DA:45,5
DA:46,1
DA:48,4
DA:49,4
DA:50,4
DA:51,0
DA:53,4
DA:54,4
DA:55,4
DA:58,4
DA:60,2
DA:61,2
DA:66,1
DA:79,4
DA:80,4
DA:81,4
DA:83,0
DA:88,2
DA:89,2
DA:90,1
DA:92,1
DA:93,1
LF:45
LH:40
BRDA:20,0,0,10
BRDA:20,0,1,8
BRDA:27,1,0,2
BRDA:27,1,1,2
BRDA:29,2,0,0
BRDA:29,3,0,3
BRDA:29,3,1,3
BRDA:45,4,0,1
BRDA:45,5,0,5
BRDA:45,5,1,4
BRDA:50,6,0,0
BRDA:68,7,0,1
BRDA:68,7,1,0
BRF:13
BRH:10
end_of_record
TN:
SF:product/data-collector/src/data-requester/aws/identity/iam-group/awsIamGroupDataRequester.ts
FN:20,(anonymous_0)
FN:26,(anonymous_1)
FN:45,(anonymous_2)
FN:47,(anonymous_3)
FN:49,(anonymous_4)
FN:70,(anonymous_5)
FN:83,(anonymous_6)
FN:90,(anonymous_7)
FN:93,(anonymous_8)
FN:95,(anonymous_9)
FN:102,(anonymous_10)
FN:106,(anonymous_11)
FN:123,(anonymous_12)
FN:133,(anonymous_13)
FNF:14
FNH:14
FNDA:14,(anonymous_0)
FNDA:3,(anonymous_1)
FNDA:5,(anonymous_2)
FNDA:5,(anonymous_3)
FNDA:1,(anonymous_4)
FNDA:1,(anonymous_5)
FNDA:6,(anonymous_6)
FNDA:3,(anonymous_7)
FNDA:3,(anonymous_8)
FNDA:3,(anonymous_9)
FNDA:3,(anonymous_10)
FNDA:6,(anonymous_11)
FNDA:2,(anonymous_12)
FNDA:2,(anonymous_13)
DA:7,2
DA:9,2
DA:10,2
DA:11,2
DA:14,2
DA:16,2
DA:21,14
DA:22,14
DA:23,14
DA:27,3
DA:28,3
DA:29,3
DA:30,2
DA:31,2
DA:32,0
DA:34,2
DA:35,2
DA:36,2
DA:39,2
DA:41,1
DA:42,1
DA:46,5
DA:47,5
DA:48,5
DA:49,3
DA:51,2
DA:54,4
DA:55,1
DA:58,3
DA:59,3
DA:64,3
DA:66,2
DA:67,2
DA:71,1
DA:84,6
DA:90,4
DA:94,3
DA:95,3
DA:96,3
DA:97,2
DA:99,1
DA:102,3
DA:103,3
DA:104,0
DA:106,6
DA:107,3
DA:108,3
DA:115,3
DA:118,0
DA:119,0
DA:124,2
DA:125,2
DA:133,2
DA:135,0
DA:136,0
LF:55
LH:49
BRDA:23,0,0,14
BRDA:23,0,1,7
BRDA:31,1,0,0
BRDA:48,2,0,3
BRDA:54,3,0,1
BRDA:73,4,0,1
BRDA:73,4,1,0
BRDA:96,5,0,2
BRDA:103,6,0,0
BRDA:107,7,0,3
BRF:10
BRH:7
end_of_record
TN:
SF:product/data-collector/src/data-requester/aws/identity/iam-policy-version/awsIamPolicyVersionDataRequester.ts
FN:22,(anonymous_0)
FN:28,(anonymous_1)
FN:49,(anonymous_2)
FN:53,(anonymous_3)
FN:55,(anonymous_4)
FN:85,(anonymous_5)
FN:86,(anonymous_6)
FN:105,(anonymous_7)
FN:116,(anonymous_8)
FN:123,(anonymous_9)
FN:137,(anonymous_10)
FN:144,(anonymous_11)
FN:156,(anonymous_12)
FNF:13
FNH:13
FNDA:9,(anonymous_0)
FNDA:2,(anonymous_1)
FNDA:4,(anonymous_2)
FNDA:4,(anonymous_3)
FNDA:1,(anonymous_4)
FNDA:1,(anonymous_5)
FNDA:1,(anonymous_6)
FNDA:5,(anonymous_7)
FNDA:2,(anonymous_8)
FNDA:5,(anonymous_9)
FNDA:5,(anonymous_10)
FNDA:1,(anonymous_11)
FNDA:3,(anonymous_12)
DA:1,7
DA:8,7
DA:13,7
DA:14,7
DA:15,7
DA:17,7
DA:19,7
DA:23,9
DA:24,9
DA:25,9
DA:29,2
DA:30,2
DA:31,2
DA:32,2
DA:33,1
DA:34,0
DA:36,1
DA:37,1
DA:41,1
DA:43,2
DA:45,0
DA:46,0
DA:52,4
DA:53,4
DA:54,4
DA:55,3
DA:57,1
DA:60,4
DA:61,2
DA:63,2
DA:64,2
DA:66,2
DA:67,0
DA:70,2
DA:75,2
DA:76,2
DA:78,2
DA:80,2
DA:81,2
DA:86,1
DA:87,1
DA:88,0
DA:90,1
DA:93,1
DA:106,5
DA:107,5
DA:116,3
DA:118,2
DA:119,2
DA:124,5
DA:125,5
DA:126,1
DA:128,4
DA:131,3
DA:133,2
DA:138,5
DA:139,2
DA:141,3
DA:145,1
DA:146,1
DA:147,1
DA:149,0
DA:150,0
DA:152,1
DA:157,3
DA:158,1
DA:160,3
DA:161,3
LF:68
LH:61
BRDA:33,0,0,0
BRDA:33,1,0,1
BRDA:33,1,1,1
BRDA:54,2,0,3
BRDA:60,3,0,2
BRDA:66,4,0,0
BRDA:66,5,0,2
BRDA:66,5,1,2
BRDA:75,6,0,2
BRDA:87,7,0,0
BRDA:95,8,0,1
BRDA:95,8,1,1
BRDA:116,9,0,2
BRDA:116,9,1,2
BRDA:125,10,0,1
BRDA:125,11,0,5
BRDA:125,11,1,4
BRDA:138,12,0,2
BRDA:146,13,0,1
BRDA:157,14,0,1
BRF:20
BRH:17
end_of_record
TN:
SF:product/data-collector/src/data-requester/aws/identity/iam-role/awsIamRoleDataRequester.ts
FN:24,(anonymous_0)
FN:28,(anonymous_1)
FN:45,(anonymous_2)
FN:73,(anonymous_3)
FN:74,(anonymous_4)
FN:93,(anonymous_5)
FN:103,(anonymous_6)
FN:119,(anonymous_7)
FN:135,(anonymous_8)
FNF:9
FNH:9
FNDA:12,(anonymous_0)
FNDA:2,(anonymous_1)
FNDA:4,(anonymous_2)
FNDA:1,(anonymous_3)
FNDA:1,(anonymous_4)
FNDA:2,(anonymous_5)
FNDA:4,(anonymous_6)
FNDA:2,(anonymous_7)
FNDA:2,(anonymous_8)
DA:1,7
DA:12,7
DA:13,7
DA:15,7
DA:16,7
DA:17,7
DA:19,7
DA:21,7
DA:25,12
DA:26,12
DA:29,2
DA:30,2
DA:31,2
DA:32,2
DA:33,1
DA:34,0
DA:36,1
DA:37,1
DA:39,2
DA:41,0
DA:42,0
DA:46,4
DA:47,4
DA:48,3
DA:49,3
DA:50,1
DA:52,2
DA:53,2
DA:54,2
DA:55,2
DA:57,2
DA:58,2
DA:61,2
DA:67,2
DA:69,2
DA:70,2
DA:74,1
DA:75,1
DA:76,0
DA:78,1
DA:81,1
DA:94,2
DA:95,2
DA:96,1
DA:98,1
DA:99,1
DA:104,4
DA:105,4
DA:112,3
DA:114,1
DA:115,1
DA:120,2
DA:121,2
DA:128,1
DA:130,1
DA:131,1
DA:136,2
DA:137,2
DA:144,1
DA:146,1
LF:60
LH:56
BRDA:33,0,0,0
BRDA:33,1,0,1
BRDA:33,1,1,1
BRDA:49,2,0,1
BRDA:57,3,0,2
BRDA:63,4,0,2
BRDA:63,4,1,0
BRDA:75,5,0,0
BRDA:83,6,0,1
BRDA:83,6,1,0
BRF:10
BRH:6
end_of_record
TN:
SF:product/data-collector/src/data-requester/aws/identity/iam-root-account-summary/awsIamRootAccountSummaryDataRequester.ts
FN:10,(anonymous_0)
FN:22,(anonymous_1)
FN:37,(anonymous_2)
FNF:3
FNH:3
FNDA:2,(anonymous_0)
FNDA:5,(anonymous_1)
FNDA:1,(anonymous_2)
DA:1,2
DA:2,2
DA:3,2
DA:5,2
DA:6,2
DA:9,2
DA:11,2
DA:12,2
DA:13,2
DA:14,1
DA:16,1
DA:18,0
DA:19,0
DA:23,5
DA:24,5
DA:25,3
DA:26,3
DA:27,1
DA:30,2
DA:32,3
DA:33,3
DA:40,1
LF:22
LH:20
BRDA:13,0,0,1
BRDA:26,1,0,1
BRF:2
BRH:2
end_of_record
TN:
SF:product/data-collector/src/data-requester/aws/identity/iam-root-password-policy/awsIamRootPasswordPolicyDataRequester.ts
FN:9,(anonymous_0)
FN:21,(anonymous_1)
FN:34,(anonymous_2)
FNF:3
FNH:3
FNDA:2,(anonymous_0)
FNDA:5,(anonymous_1)
FNDA:1,(anonymous_2)
DA:1,2
DA:2,2
DA:3,2
DA:4,2
DA:5,2
DA:8,2
DA:10,2
DA:11,2
DA:12,2
DA:13,1
DA:15,1
DA:17,0
DA:18,0
DA:22,5
DA:23,5
DA:24,3
DA:25,3
DA:26,1
DA:28,2
DA:30,3
DA:31,3
DA:37,1
LF:22
LH:20
BRDA:12,0,0,1
BRDA:25,1,0,1
BRF:2
BRH:2
end_of_record
TN:
SF:product/data-collector/src/data-requester/aws/identity/iam-server-certificate/awsIamServerCertificateDataRequester.ts
FN:13,(anonymous_0)
FN:32,(anonymous_1)
FN:54,(anonymous_2)
FN:69,(anonymous_3)
FN:76,(anonymous_4)
FNF:5
FNH:5
FNDA:2,(anonymous_0)
FNDA:4,(anonymous_1)
FNDA:1,(anonymous_2)
FNDA:2,(anonymous_3)
FNDA:1,(anonymous_4)
DA:1,2
DA:2,2
DA:3,2
DA:4,2
DA:5,2
DA:12,2
DA:14,2
DA:15,2
DA:16,2
DA:17,2
DA:18,1
DA:19,0
DA:21,1
DA:24,1
DA:26,2
DA:28,0
DA:29,0
DA:35,4
DA:36,4
DA:40,3
DA:41,3
DA:42,1
DA:48,2
DA:50,2
DA:51,2
DA:57,1
DA:70,2
DA:71,2
DA:72,1
DA:73,1
DA:74,0
DA:76,1
DA:78,1
DA:79,1
LF:34
LH:30
BRDA:18,0,0,0
BRDA:41,1,0,1
BRDA:59,2,0,1
BRDA:59,2,1,0
BRDA:73,3,0,0
BRF:5
BRH:2
end_of_record
TN:
SF:product/data-collector/src/data-requester/aws/identity/iam-user/awsIamUserDataRequester.ts
FN:22,(anonymous_0)
FN:27,(anonymous_1)
FN:45,(anonymous_2)
FN:47,(anonymous_3)
FN:49,(anonymous_4)
FN:74,(anonymous_5)
FN:87,(anonymous_6)
FN:90,(anonymous_7)
FN:96,(anonymous_8)
FN:106,(anonymous_9)
FN:113,(anonymous_10)
FN:129,(anonymous_11)
FNF:12
FNH:12
FNDA:6,(anonymous_0)
FNDA:2,(anonymous_1)
FNDA:4,(anonymous_2)
FNDA:4,(anonymous_3)
FNDA:1,(anonymous_4)
FNDA:1,(anonymous_5)
FNDA:2,(anonymous_6)
FNDA:2,(anonymous_7)
FNDA:5,(anonymous_8)
FNDA:2,(anonymous_9)
FNDA:2,(anonymous_10)
FNDA:2,(anonymous_11)
DA:2,2
DA:3,2
DA:5,2
DA:6,2
DA:16,2
DA:17,2
DA:19,2
DA:23,6
DA:24,6
DA:28,2
DA:29,2
DA:30,2
DA:31,2
DA:32,1
DA:33,0
DA:35,1
DA:36,1
DA:37,1
DA:39,2
DA:41,0
DA:42,0
DA:46,4
DA:47,4
DA:48,4
DA:49,3
DA:51,1
DA:54,4
DA:55,2
DA:58,2
DA:59,2
DA:60,2
DA:61,2
DA:63,2
DA:64,2
DA:65,2
DA:67,2
DA:69,2
DA:70,2
DA:75,1
DA:88,2
DA:89,2
DA:90,2
DA:92,0
DA:97,5
DA:98,5
DA:106,3
DA:108,2
DA:109,2
DA:114,2
DA:115,2
DA:116,0
DA:118,2
DA:122,2
DA:124,0
DA:125,0
DA:130,2
DA:131,2
DA:132,2
DA:134,0
LF:59
LH:51
BRDA:32,0,0,0
BRDA:48,1,0,3
BRDA:54,2,0,2
BRDA:77,3,0,1
BRDA:77,3,1,0
BRDA:115,4,0,0
BRF:6
BRH:3
end_of_record
TN:
SF:product/data-collector/src/data-requester/aws/identity/kms/awsKmsDataRequester.ts
FN:25,(anonymous_0)
FN:31,(anonymous_1)
FN:49,(anonymous_2)
FN:76,(anonymous_3)
FN:77,(anonymous_4)
FN:83,(anonymous_5)
FN:102,(anonymous_6)
FN:113,(anonymous_7)
FNF:8
FNH:8
FNDA:6,(anonymous_0)
FNDA:2,(anonymous_1)
FNDA:4,(anonymous_2)
FNDA:1,(anonymous_3)
FNDA:1,(anonymous_4)
FNDA:1,(anonymous_5)
FNDA:2,(anonymous_6)
FNDA:2,(anonymous_7)
DA:2,2
DA:4,2
DA:5,2
DA:6,2
DA:18,2
DA:19,2
DA:21,2
DA:26,6
DA:27,6
DA:28,6
DA:32,2
DA:33,2
DA:34,2
DA:35,1
DA:36,1
DA:37,0
DA:40,1
DA:41,1
DA:43,1
DA:45,1
DA:46,1
DA:50,4
DA:52,4
DA:53,3
DA:54,3
DA:55,3
DA:57,3
DA:58,1
DA:61,2
DA:67,2
DA:68,2
DA:70,2
DA:72,2
DA:73,2
DA:77,1
DA:78,1
DA:79,0
DA:81,1
DA:83,1
DA:84,1
DA:85,0
DA:87,1
DA:90,1
DA:103,2
DA:104,2
DA:105,2
DA:106,2
DA:107,2
DA:110,0
DA:114,2
DA:115,2
DA:116,2
DA:117,2
DA:118,2
DA:121,0
LF:55
LH:50
BRDA:36,0,0,0
BRDA:36,1,0,1
BRDA:36,1,1,1
BRDA:57,2,0,1
BRDA:78,3,0,0
BRDA:84,4,0,0
BRDA:92,5,0,1
BRDA:92,5,1,1
BRDA:105,6,0,2
BRDA:105,6,1,0
BRDA:106,7,0,2
BRDA:117,8,0,2
BRF:12
BRH:8
end_of_record
TN:
SF:product/data-collector/src/data-requester/aws/identity/secrets-manager/awsSecretsManagerDataRequester.ts
FN:14,(anonymous_0)
FN:35,(anonymous_1)
FN:53,(anonymous_2)
FNF:3
FNH:3
FNDA:2,(anonymous_0)
FNDA:3,(anonymous_1)
FNDA:1,(anonymous_2)
DA:5,2
DA:7,2
DA:8,2
DA:9,2
DA:10,2
DA:11,2
DA:13,2
DA:15,2
DA:16,2
DA:17,2
DA:23,1
DA:24,1
DA:25,0
DA:27,1
DA:29,1
DA:31,1
DA:32,1
DA:38,3
DA:39,3
DA:40,2
DA:41,1
DA:45,1
DA:46,1
DA:48,2
DA:49,2
DA:56,1
LF:26
LH:25
BRDA:24,0,0,0
BRDA:40,1,0,1
BRDA:58,2,0,1
BRDA:58,2,1,0
BRF:4
BRH:2
end_of_record
TN:
SF:product/data-collector/src/data-requester/aws/logging/cloudtrail/awsCloudTrailDataRequester.ts
FN:25,(anonymous_0)
FN:31,(anonymous_1)
FN:40,(anonymous_2)
FN:65,(anonymous_3)
FN:84,(anonymous_4)
FN:85,(anonymous_5)
FN:91,(anonymous_6)
FN:115,(anonymous_7)
FN:116,(anonymous_8)
FN:125,(anonymous_9)
FN:139,(anonymous_10)
FN:143,(anonymous_11)
FN:153,(anonymous_12)
FN:169,(anonymous_13)
FN:186,(anonymous_14)
FN:210,(anonymous_15)
FNF:16
FNH:15
FNDA:17,(anonymous_0)
FNDA:4,(anonymous_1)
FNDA:3,(anonymous_2)
FNDA:3,(anonymous_3)
FNDA:1,(anonymous_4)
FNDA:1,(anonymous_5)
FNDA:1,(anonymous_6)
FNDA:3,(anonymous_7)
FNDA:3,(anonymous_8)
FNDA:10,(anonymous_9)
FNDA:4,(anonymous_10)
FNDA:0,(anonymous_11)
FNDA:3,(anonymous_12)
FNDA:3,(anonymous_13)
FNDA:2,(anonymous_14)
FNDA:2,(anonymous_15)
DA:2,4
DA:12,4
DA:13,4
DA:16,4
DA:17,4
DA:19,4
DA:21,4
DA:26,17
DA:27,17
DA:28,17
DA:32,4
DA:33,4
DA:39,3
DA:40,3
DA:43,3
DA:44,3
DA:45,3
DA:50,0
DA:52,3
DA:53,3
DA:54,1
DA:56,2
DA:57,2
DA:59,3
DA:61,1
DA:62,1
DA:66,3
DA:67,3
DA:69,3
DA:70,2
DA:73,1
DA:74,1
DA:76,1
DA:77,1
DA:79,2
DA:80,2
DA:85,1
DA:86,1
DA:87,0
DA:89,1
DA:91,1
DA:92,1
DA:93,0
DA:95,1
DA:98,1
DA:103,1
DA:116,3
DA:117,3
DA:118,0
DA:120,3
DA:126,10
DA:127,0
DA:129,10
DA:130,10
DA:131,7
DA:132,7
DA:134,3
DA:135,3
DA:140,4
DA:141,4
DA:142,3
DA:143,3
DA:144,0
DA:145,0
DA:149,1
DA:154,3
DA:155,0
DA:157,3
DA:158,3
DA:159,3
DA:160,3
DA:161,0
DA:163,3
DA:165,0
DA:170,3
DA:171,0
DA:173,3
DA:174,3
DA:175,2
DA:176,2
DA:177,1
DA:179,1
DA:181,2
DA:182,2
DA:187,2
DA:188,2
DA:195,1
DA:196,1
DA:197,0
DA:199,1
DA:200,1
DA:201,0
DA:203,1
DA:206,1
DA:211,2
DA:212,2
DA:219,1
DA:220,1
DA:221,0
DA:223,1
DA:224,1
DA:225,0
DA:227,1
DA:230,1
LF:104
LH:89
BRDA:45,0,0,0
BRDA:46,1,0,3
BRDA:46,1,1,3
BRDA:46,1,2,3
BRDA:53,2,0,1
BRDA:69,3,0,2
BRDA:73,4,0,1
BRDA:86,5,0,0
BRDA:92,6,0,0
BRDA:105,7,0,1
BRDA:105,7,1,0
BRDA:117,8,0,0
BRDA:117,8,1,3
BRDA:126,9,0,0
BRDA:144,10,0,0
BRDA:144,11,0,0
BRDA:144,11,1,0
BRDA:154,12,0,0
BRDA:160,13,0,0
BRDA:170,14,0,0
BRDA:176,15,0,1
BRDA:196,16,0,0
BRDA:196,17,0,1
BRDA:196,17,1,1
BRDA:200,18,0,0
BRDA:220,19,0,0
BRDA:220,20,0,1
BRDA:220,20,1,1
BRDA:224,21,0,0
BRDA:224,22,0,1
BRDA:224,22,1,1
BRF:31
BRH:15
end_of_record
TN:
SF:product/data-collector/src/data-requester/aws/logging/config/awsConfigDataRequester.ts
FN:9,(anonymous_0)
FN:27,(anonymous_1)
FN:42,(anonymous_2)
FNF:3
FNH:3
FNDA:2,(anonymous_0)
FNDA:3,(anonymous_1)
FNDA:1,(anonymous_2)
DA:1,2
DA:2,2
DA:4,2
DA:5,2
DA:8,2
DA:10,2
DA:11,2
DA:12,1
DA:13,1
DA:15,1
DA:16,1
DA:17,0
DA:19,1
DA:21,1
DA:23,1
DA:24,1
DA:28,3
DA:29,3
DA:32,2
DA:33,2
DA:34,1
DA:36,1
DA:38,2
DA:39,2
DA:45,1
DA:46,1
LF:26
LH:25
BRDA:13,0,0,1
BRDA:13,0,1,0
BRDA:16,1,0,0
BRDA:33,2,0,1
BRDA:33,3,0,2
BRDA:33,3,1,1
BRDA:48,4,0,1
BRDA:48,4,1,0
BRF:8
BRH:5
end_of_record
TN:
SF:product/data-collector/src/data-requester/aws/monitoring/cloud-watch-alarm/awsCloudWatchAlarmDataRequester.ts
FN:13,(anonymous_0)
FN:34,(anonymous_1)
FN:50,(anonymous_2)
FNF:3
FNH:3
FNDA:2,(anonymous_0)
FNDA:3,(anonymous_1)
FNDA:1,(anonymous_2)
DA:1,2
DA:2,2
DA:8,2
DA:9,2
DA:10,2
DA:12,2
DA:14,2
DA:15,2
DA:21,1
DA:22,1
DA:23,1
DA:24,0
DA:26,1
DA:28,1
DA:30,1
DA:31,1
DA:37,3
DA:38,3
DA:39,2
DA:40,2
DA:41,1
DA:43,1
DA:45,2
DA:46,2
DA:51,1
LF:25
LH:24
BRDA:23,0,0,0
BRDA:40,1,0,1
BRDA:40,2,0,2
BRDA:40,2,1,1
BRDA:53,3,0,1
BRDA:53,3,1,0
BRF:6
BRH:4
end_of_record
TN:
SF:product/data-collector/src/data-requester/aws/monitoring/cloud-watch-log-group/awsCloudWatchLogGroupDataRequester.ts
FN:24,(anonymous_0)
FN:30,(anonymous_1)
FN:53,(anonymous_2)
FN:74,(anonymous_3)
FN:75,(anonymous_4)
FN:95,(anonymous_5)
FN:100,(anonymous_6)
FNF:7
FNH:6
FNDA:6,(anonymous_0)
FNDA:2,(anonymous_1)
FNDA:3,(anonymous_2)
FNDA:1,(anonymous_3)
FNDA:1,(anonymous_4)
FNDA:0,(anonymous_5)
FNDA:2,(anonymous_6)
DA:5,2
DA:7,2
DA:8,2
DA:9,2
DA:18,2
DA:20,2
DA:25,6
DA:26,6
DA:27,6
DA:31,2
DA:32,2
DA:39,1
DA:40,1
DA:41,1
DA:42,0
DA:44,1
DA:45,1
DA:47,1
DA:49,1
DA:50,1
DA:56,3
DA:57,3
DA:62,2
DA:63,2
DA:64,1
DA:66,1
DA:67,1
DA:68,1
DA:70,2
DA:71,2
DA:75,1
DA:76,1
DA:77,0
DA:79,1
DA:82,1
DA:84,1
DA:97,0
DA:101,2
DA:102,0
DA:104,2
DA:105,2
DA:112,2
DA:113,2
DA:116,0
LF:44
LH:39
BRDA:41,0,0,0
BRDA:41,1,0,1
BRDA:41,1,1,1
BRDA:63,2,0,1
BRDA:63,3,0,2
BRDA:63,3,1,1
BRDA:76,4,0,0
BRDA:86,5,0,1
BRDA:86,5,1,0
BRDA:101,6,0,0
BRDA:112,7,0,2
BRF:11
BRH:7
end_of_record
TN:
SF:product/data-collector/src/data-requester/aws/monitoring/sns/awsSnsDataRequester.ts
FN:10,(anonymous_0)
FN:27,(anonymous_1)
FN:40,(anonymous_2)
FN:52,(anonymous_3)
FNF:4
FNH:4
FNDA:2,(anonymous_0)
FNDA:4,(anonymous_1)
FNDA:1,(anonymous_2)
FNDA:4,(anonymous_3)
DA:2,2
DA:4,2
DA:5,2
DA:6,2
DA:7,2
DA:9,2
DA:11,2
DA:12,2
DA:13,1
DA:14,1
DA:15,1
DA:16,0
DA:18,1
DA:19,1
DA:21,1
DA:23,1
DA:24,1
DA:28,4
DA:29,4
DA:30,4
DA:31,2
DA:33,2
DA:34,2
DA:36,2
DA:37,2
DA:41,1
DA:53,4
DA:54,4
DA:55,3
DA:56,3
DA:57,1
DA:59,2
DA:60,2
DA:62,2
DA:65,1
DA:66,1
LF:36
LH:35
BRDA:15,0,0,0
BRDA:30,1,0,2
BRDA:43,2,0,1
BRDA:43,2,1,0
BRDA:56,3,0,1
BRF:5
BRH:3
end_of_record
TN:
SF:product/data-collector/src/data-requester/aws/networking/api-gateway/awsApiGatewayDataRequester.ts
FN:16,(anonymous_0)
FN:21,(anonymous_1)
FN:39,(anonymous_2)
FN:57,(anonymous_3)
FN:58,(anonymous_4)
FN:77,(anonymous_5)
FNF:6
FNH:6
FNDA:6,(anonymous_0)
FNDA:2,(anonymous_1)
FNDA:3,(anonymous_2)
FNDA:1,(anonymous_3)
FNDA:1,(anonymous_4)
FNDA:2,(anonymous_5)
DA:5,2
DA:7,2
DA:8,2
DA:9,2
DA:13,2
DA:17,6
DA:18,6
DA:22,2
DA:23,2
DA:24,1
DA:25,1
DA:26,1
DA:27,1
DA:28,0
DA:30,1
DA:31,1
DA:33,1
DA:35,1
DA:36,1
DA:42,3
DA:43,3
DA:44,2
DA:45,2
DA:46,1
DA:48,1
DA:49,1
DA:51,1
DA:53,2
DA:54,2
DA:58,1
DA:59,1
DA:60,0
DA:62,1
DA:65,1
DA:66,1
DA:78,2
DA:79,0
DA:81,2
DA:82,2
DA:83,2
DA:84,2
DA:85,2
DA:87,2
DA:89,0
LF:44
LH:40
BRDA:24,0,0,1
BRDA:24,0,1,0
BRDA:27,1,0,0
BRDA:45,2,0,1
BRDA:45,3,0,2
BRDA:45,3,1,1
BRDA:59,4,0,0
BRDA:65,5,0,1
BRDA:65,5,1,1
BRDA:68,6,0,1
BRDA:68,6,1,0
BRDA:78,7,0,0
BRDA:84,8,0,2
BRF:13
BRH:8
end_of_record
TN:
SF:product/data-collector/src/data-requester/aws/networking/cloudfront/awsCloudfrontDataRequester.ts
FN:20,(anonymous_0)
FN:25,(anonymous_1)
FN:46,(anonymous_2)
FN:51,(anonymous_3)
FN:66,(anonymous_4)
FN:67,(anonymous_5)
FN:86,(anonymous_6)
FN:101,(anonymous_7)
FN:111,(anonymous_8)
FN:115,(anonymous_9)
FNF:10
FNH:10
FNDA:6,(anonymous_0)
FNDA:2,(anonymous_1)
FNDA:4,(anonymous_2)
FNDA:2,(anonymous_3)
FNDA:1,(anonymous_4)
FNDA:1,(anonymous_5)
FNDA:3,(anonymous_6)
FNDA:4,(anonymous_7)
FNDA:6,(anonymous_8)
FNDA:3,(anonymous_9)
DA:1,2
DA:8,2
DA:11,2
DA:12,2
DA:15,2
DA:17,2
DA:21,6
DA:22,6
DA:26,2
DA:27,2
DA:28,2
DA:29,2
DA:30,1
DA:31,0
DA:33,1
DA:36,1
DA:37,1
DA:40,2
DA:42,0
DA:43,0
DA:47,4
DA:48,4
DA:49,4
DA:51,4
DA:52,2
DA:54,4
DA:55,2
DA:57,2
DA:58,2
DA:60,2
DA:62,2
DA:63,2
DA:67,1
DA:68,1
DA:69,0
DA:71,1
DA:74,1
DA:87,3
DA:88,0
DA:90,3
DA:91,3
DA:92,3
DA:93,3
DA:94,3
DA:97,0
DA:102,4
DA:103,4
DA:104,3
DA:105,3
DA:107,1
DA:112,6
DA:113,6
DA:114,4
DA:115,4
DA:116,3
DA:117,0
DA:119,3
DA:122,2
DA:123,2
LF:59
LH:52
BRDA:30,0,0,0
BRDA:54,1,0,2
BRDA:54,2,0,4
BRDA:54,2,1,2
BRDA:68,3,0,0
BRDA:76,4,0,1
BRDA:76,4,1,0
BRDA:87,5,0,0
BRDA:93,6,0,3
BRDA:114,7,0,4
BRDA:114,7,1,1
BRDA:116,8,0,0
BRF:12
BRH:7
end_of_record
TN:
SF:product/data-collector/src/data-requester/aws/networking/eip/awsEipDataRequester.ts
FN:10,(anonymous_0)
FN:15,(anonymous_1)
FN:23,(anonymous_2)
FN:46,(anonymous_3)
FNF:4
FNH:4
FNDA:2,(anonymous_0)
FNDA:1,(anonymous_1)
FNDA:3,(anonymous_2)
FNDA:1,(anonymous_3)
DA:1,2
DA:2,2
DA:4,2
DA:6,2
DA:7,2
DA:9,2
DA:11,2
DA:12,2
DA:13,1
DA:15,1
DA:17,1
DA:19,1
DA:20,1
DA:24,3
DA:25,3
DA:35,2
DA:36,2
DA:37,1
DA:40,1
DA:42,2
DA:43,2
DA:47,1
LF:22
LH:22
BRDA:13,0,0,1
BRDA:13,0,1,0
BRDA:35,1,0,2
BRDA:35,1,1,1
BRDA:36,2,0,1
BRDA:36,3,0,2
BRDA:36,3,1,2
BRDA:49,4,0,1
BRDA:49,4,1,1
BRF:9
BRH:8
end_of_record
TN:
SF:product/data-collector/src/data-requester/aws/networking/elb/awsElbDataRequester.ts
FN:25,(anonymous_0)
FN:31,(anonymous_1)
FN:40,(anonymous_2)
FN:58,(anonymous_3)
FN:85,(anonymous_4)
FN:86,(anonymous_5)
FN:105,(anonymous_6)
FN:117,(anonymous_7)
FNF:8
FNH:8
FNDA:6,(anonymous_0)
FNDA:2,(anonymous_1)
FNDA:1,(anonymous_2)
FNDA:4,(anonymous_3)
FNDA:1,(anonymous_4)
FNDA:1,(anonymous_5)
FNDA:2,(anonymous_6)
FNDA:2,(anonymous_7)
DA:5,2
DA:7,2
DA:8,2
DA:15,2
DA:16,2
DA:19,2
DA:21,2
DA:26,6
DA:27,6
DA:28,6
DA:32,2
DA:33,2
DA:39,1
DA:40,1
DA:42,1
DA:43,1
DA:44,0
DA:46,1
DA:49,1
DA:52,1
DA:54,1
DA:55,1
DA:61,4
DA:62,4
DA:65,3
DA:66,3
DA:67,1
DA:69,2
DA:71,2
DA:72,1
DA:75,2
DA:79,2
DA:81,2
DA:82,2
DA:86,1
DA:87,1
DA:88,0
DA:90,1
DA:93,1
DA:106,2
DA:107,2
DA:110,2
DA:111,2
DA:113,0
DA:118,2
DA:119,2
DA:122,2
DA:123,2
DA:124,0
DA:125,0
DA:127,0
DA:129,2
DA:131,0
LF:53
LH:46
BRDA:43,0,0,0
BRDA:43,1,0,1
BRDA:43,1,1,1
BRDA:66,2,0,1
BRDA:66,3,0,3
BRDA:66,3,1,2
BRDA:71,4,0,1
BRDA:71,5,0,2
BRDA:71,5,1,1
BRDA:87,6,0,0
BRDA:95,7,0,1
BRDA:95,7,1,0
BRDA:122,8,0,2
BRDA:122,8,1,2
BRDA:124,9,0,0
BRDA:124,10,0,0
BRDA:124,10,1,0
BRF:17
BRH:11
end_of_record
TN:
SF:product/data-collector/src/data-requester/aws/networking/elb-v2/awsElbV2DataRequester.ts
FN:30,(anonymous_0)
FN:36,(anonymous_1)
FN:44,(anonymous_2)
FN:63,(anonymous_3)
FN:96,(anonymous_4)
FN:97,(anonymous_5)
FN:116,(anonymous_6)
FN:128,(anonymous_7)
FN:138,(anonymous_8)
FN:158,(anonymous_9)
FN:172,(anonymous_10)
FNF:11
FNH:11
FNDA:6,(anonymous_0)
FNDA:2,(anonymous_1)
FNDA:1,(anonymous_2)
FNDA:4,(anonymous_3)
FNDA:1,(anonymous_4)
FNDA:1,(anonymous_5)
FNDA:2,(anonymous_6)
FNDA:2,(anonymous_7)
FNDA:2,(anonymous_8)
FNDA:2,(anonymous_9)
FNDA:2,(anonymous_10)
DA:6,2
DA:8,2
DA:18,2
DA:21,2
DA:22,2
DA:23,2
DA:24,2
DA:26,2
DA:31,6
DA:32,6
DA:33,6
DA:37,2
DA:38,2
DA:44,1
DA:46,1
DA:47,1
DA:48,1
DA:49,0
DA:51,1
DA:54,1
DA:57,1
DA:59,1
DA:60,1
DA:66,4
DA:67,4
DA:70,3
DA:71,3
DA:72,1
DA:74,2
DA:75,2
DA:76,2
DA:77,2
DA:79,2
DA:80,1
DA:83,2
DA:90,2
DA:92,2
DA:93,2
DA:97,1
DA:98,1
DA:99,0
DA:101,1
DA:104,1
DA:117,2
DA:118,2
DA:121,2
DA:122,2
DA:124,0
DA:129,2
DA:130,2
DA:131,2
DA:132,2
DA:134,0
DA:139,2
DA:140,2
DA:141,2
DA:147,2
DA:148,2
DA:149,2
DA:150,2
DA:153,0
DA:155,2
DA:159,2
DA:160,2
DA:161,2
DA:164,2
DA:167,0
DA:169,2
DA:173,2
DA:174,2
DA:175,2
DA:176,2
DA:177,0
DA:178,0
DA:180,0
DA:182,2
DA:184,0
LF:77
LH:67
BRDA:48,0,0,0
BRDA:48,1,0,1
BRDA:48,1,1,1
BRDA:71,2,0,1
BRDA:71,3,0,3
BRDA:71,3,1,2
BRDA:79,4,0,1
BRDA:79,5,0,2
BRDA:79,5,1,1
BRDA:98,6,0,0
BRDA:106,7,0,1
BRDA:106,7,1,0
BRDA:160,8,0,2
BRDA:160,8,1,0
BRDA:162,9,0,2
BRDA:162,9,1,0
BRDA:175,10,0,2
BRDA:175,10,1,2
BRDA:177,11,0,0
BRDA:177,12,0,0
BRDA:177,12,1,0
BRF:21
BRH:13
end_of_record
TN:
SF:product/data-collector/src/data-requester/aws/networking/internet-gateway/awsInternetGatewayDataRequester.ts
FN:11,(anonymous_0)
FN:20,(anonymous_1)
FN:28,(anonymous_2)
FN:48,(anonymous_3)
FNF:4
FNH:4
FNDA:2,(anonymous_0)
FNDA:1,(anonymous_1)
FNDA:3,(anonymous_2)
FNDA:1,(anonymous_3)
DA:1,2
DA:2,2
DA:4,2
DA:5,2
DA:6,2
DA:8,2
DA:10,2
DA:12,2
DA:13,2
DA:19,1
DA:20,1
DA:22,1
DA:24,1
DA:25,1
DA:31,3
DA:32,3
DA:37,2
DA:38,2
DA:39,1
DA:42,1
DA:44,2
DA:45,2
DA:49,1
LF:23
LH:23
BRDA:38,0,0,1
BRDA:38,1,0,2
BRDA:38,1,1,1
BRDA:51,2,0,1
BRDA:51,2,1,0
BRF:5
BRH:4
end_of_record
TN:
SF:product/data-collector/src/data-requester/aws/networking/nat-gateway/awsNatGatewayDataRequester.ts
FN:11,(anonymous_0)
FN:19,(anonymous_1)
FN:26,(anonymous_2)
FN:42,(anonymous_3)
FNF:4
FNH:4
FNDA:2,(anonymous_0)
FNDA:1,(anonymous_1)
FNDA:3,(anonymous_2)
FNDA:1,(anonymous_3)
DA:1,2
DA:2,2
DA:4,2
DA:5,2
DA:6,2
DA:8,2
DA:10,2
DA:12,2
DA:13,2
DA:19,1
DA:20,1
DA:22,1
DA:23,1
DA:27,3
DA:28,3
DA:31,2
DA:32,2
DA:33,1
DA:36,1
DA:38,2
DA:39,2
DA:43,1
LF:22
LH:22
BRDA:32,0,0,1
BRDA:32,1,0,2
BRDA:32,1,1,1
BRDA:45,2,0,1
BRDA:45,2,1,0
BRF:5
BRH:4
end_of_record
TN:
SF:product/data-collector/src/data-requester/aws/networking/network-acl/awsNetworkAclDataRequester.ts
FN:12,(anonymous_0)
FN:19,(anonymous_1)
FN:27,(anonymous_2)
FN:42,(anonymous_3)
FN:43,(anonymous_4)
FN:52,(anonymous_5)
FN:53,(anonymous_6)
FNF:7
FNH:7
FNDA:2,(anonymous_0)
FNDA:1,(anonymous_1)
FNDA:3,(anonymous_2)
FNDA:1,(anonymous_3)
FNDA:1,(anonymous_4)
FNDA:2,(anonymous_5)
FNDA:2,(anonymous_6)
DA:1,2
DA:4,2
DA:5,2
DA:6,2
DA:7,2
DA:8,2
DA:9,2
DA:11,2
DA:13,2
DA:14,2
DA:19,1
DA:21,1
DA:23,1
DA:24,1
DA:28,3
DA:29,3
DA:32,2
DA:33,2
DA:34,1
DA:36,1
DA:38,2
DA:39,2
DA:43,1
DA:45,1
DA:52,2
DA:53,2
LF:26
LH:26
BRDA:33,0,0,1
BRDA:33,1,0,2
BRDA:33,1,1,1
BRDA:43,2,0,1
BRDA:43,2,1,0
BRDA:43,3,0,1
BRDA:43,3,1,0
BRDA:43,4,0,1
BRDA:43,4,1,0
BRDA:47,5,0,1
BRDA:47,5,1,1
BRF:11
BRH:8
end_of_record
TN:
SF:product/data-collector/src/data-requester/aws/networking/network-interface/awsNetworkInterfaceDataRequester.ts
FN:11,(anonymous_0)
FN:33,(anonymous_1)
FN:56,(anonymous_2)
FNF:3
FNH:3
FNDA:2,(anonymous_0)
FNDA:3,(anonymous_1)
FNDA:1,(anonymous_2)
DA:1,2
DA:2,2
DA:4,2
DA:5,2
DA:6,2
DA:8,2
DA:10,2
DA:12,2
DA:13,2
DA:20,1
DA:21,1
DA:22,1
DA:23,0
DA:25,1
DA:27,1
DA:29,1
DA:30,1
DA:36,3
DA:37,3
DA:46,2
DA:47,2
DA:48,1
DA:50,1
DA:52,2
DA:53,2
DA:59,1
LF:26
LH:25
BRDA:22,0,0,0
BRDA:47,1,0,1
BRDA:47,2,0,2
BRDA:47,2,1,1
BRDA:61,3,0,1
BRDA:61,3,1,0
BRF:6
BRH:4
end_of_record
TN:
SF:product/data-collector/src/data-requester/aws/networking/route-table/awsRouteTableDataRequester.ts
FN:10,(anonymous_0)
FN:18,(anonymous_1)
FN:25,(anonymous_2)
FN:43,(anonymous_3)
FNF:4
FNH:4
FNDA:2,(anonymous_0)
FNDA:1,(anonymous_1)
FNDA:3,(anonymous_2)
FNDA:1,(anonymous_3)
DA:1,2
DA:2,2
DA:3,2
DA:4,2
DA:5,2
DA:7,2
DA:9,2
DA:11,2
DA:12,2
DA:18,1
DA:19,1
DA:21,1
DA:22,1
DA:26,3
DA:27,3
DA:32,2
DA:33,2
DA:34,1
DA:37,1
DA:39,2
DA:40,2
DA:44,1
LF:22
LH:22
BRDA:33,0,0,1
BRDA:33,1,0,2
BRDA:33,1,1,1
BRDA:46,2,0,1
BRDA:46,2,1,0
BRF:5
BRH:4
end_of_record
TN:
SF:product/data-collector/src/data-requester/aws/networking/route53/awsRoute53DataRequester.ts
FN:10,(anonymous_0)
FN:15,(anonymous_1)
FN:23,(anonymous_2)
FN:48,(anonymous_3)
FNF:4
FNH:4
FNDA:2,(anonymous_0)
FNDA:1,(anonymous_1)
FNDA:3,(anonymous_2)
FNDA:1,(anonymous_3)
DA:1,2
DA:2,2
DA:3,2
DA:5,2
DA:6,2
DA:9,2
DA:11,2
DA:12,2
DA:13,1
DA:15,1
DA:17,1
DA:19,1
DA:20,1
DA:24,3
DA:25,3
DA:37,2
DA:38,2
DA:39,1
DA:42,1
DA:44,2
DA:45,2
DA:49,1
LF:22
LH:22
BRDA:13,0,0,1
BRDA:13,0,1,0
BRDA:38,1,0,1
BRDA:38,2,0,2
BRDA:38,2,1,1
BRDA:51,3,0,1
BRDA:51,3,1,0
BRF:7
BRH:5
end_of_record
TN:
SF:product/data-collector/src/data-requester/aws/networking/security-group/awsSecurityGroupDataRequester.ts
FN:13,(anonymous_0)
FN:34,(anonymous_1)
FN:59,(anonymous_2)
FN:75,(anonymous_3)
FN:93,(anonymous_4)
FNF:5
FNH:5
FNDA:2,(anonymous_0)
FNDA:4,(anonymous_1)
FNDA:1,(anonymous_2)
FNDA:4,(anonymous_3)
FNDA:4,(anonymous_4)
DA:1,2
DA:2,2
DA:5,2
DA:6,2
DA:7,2
DA:8,2
DA:10,2
DA:12,2
DA:14,2
DA:15,2
DA:20,1
DA:21,1
DA:22,1
DA:23,0
DA:25,1
DA:26,1
DA:28,1
DA:30,1
DA:31,1
DA:37,4
DA:38,4
DA:43,4
DA:44,2
DA:46,2
DA:48,2
DA:53,2
DA:55,2
DA:56,2
DA:60,1
DA:76,4
DA:77,4
DA:82,3
DA:83,3
DA:84,1
DA:86,2
DA:88,2
DA:89,2
DA:94,4
DA:95,4
DA:100,3
DA:102,3
DA:104,1
DA:105,1
LF:43
LH:42
BRDA:22,0,0,0
BRDA:43,1,0,2
BRDA:43,2,0,4
BRDA:43,2,1,2
BRDA:62,3,0,1
BRDA:62,3,1,0
BRDA:83,4,0,1
BRDA:83,5,0,3
BRDA:83,5,1,2
BRF:9
BRH:7
end_of_record
TN:
SF:product/data-collector/src/data-requester/aws/networking/subnet/awsSubnetDataRequester.ts
FN:11,(anonymous_0)
FN:15,(anonymous_1)
FN:22,(anonymous_2)
FN:38,(anonymous_3)
FNF:4
FNH:4
FNDA:2,(anonymous_0)
FNDA:1,(anonymous_1)
FNDA:3,(anonymous_2)
FNDA:1,(anonymous_3)
DA:1,2
DA:2,2
DA:4,2
DA:5,2
DA:6,2
DA:8,2
DA:10,2
DA:12,2
DA:13,2
DA:15,1
DA:16,1
DA:18,1
DA:19,1
DA:23,3
DA:24,3
DA:27,2
DA:28,2
DA:29,1
DA:32,1
DA:34,2
DA:35,2
DA:39,1
LF:22
LH:22
BRDA:28,0,0,1
BRDA:28,1,0,2
BRDA:28,1,1,1
BRDA:41,2,0,1
BRDA:41,2,1,0
BRF:5
BRH:4
end_of_record
TN:
SF:product/data-collector/src/data-requester/aws/networking/vpc/awsVpcDataRequester.ts
FN:11,(anonymous_0)
FN:29,(anonymous_1)
FN:45,(anonymous_2)
FN:63,(anonymous_3)
FNF:4
FNH:4
FNDA:2,(anonymous_0)
FNDA:4,(anonymous_1)
FNDA:2,(anonymous_2)
FNDA:1,(anonymous_3)
DA:1,2
DA:2,2
DA:4,2
DA:5,2
DA:6,2
DA:8,2
DA:10,2
DA:12,2
DA:13,2
DA:14,1
DA:15,1
DA:16,1
DA:17,0
DA:20,1
DA:21,1
DA:23,1
DA:25,1
DA:26,1
DA:30,4
DA:31,4
DA:34,3
DA:38,3
DA:39,3
DA:41,3
DA:42,1
DA:44,2
DA:45,2
DA:46,2
DA:47,0
DA:49,2
DA:52,2
DA:57,2
DA:59,2
DA:60,2
DA:64,1
LF:35
LH:33
BRDA:16,0,0,0
BRDA:41,1,0,1
BRDA:41,2,0,3
BRDA:41,2,1,2
BRDA:46,3,0,0
BRDA:46,4,0,2
BRDA:46,4,1,2
BRDA:66,5,0,1
BRDA:66,5,1,0
BRF:9
BRH:6
end_of_record
TN:
SF:product/data-collector/src/data-requester/aws/networking/vpn-connection/awsVpnConnectionDataRequester.ts
FN:10,(anonymous_0)
FN:15,(anonymous_1)
FN:24,(anonymous_2)
FN:44,(anonymous_3)
FNF:4
FNH:4
FNDA:2,(anonymous_0)
FNDA:1,(anonymous_1)
FNDA:3,(anonymous_2)
FNDA:1,(anonymous_3)
DA:1,2
DA:2,2
DA:4,2
DA:5,2
DA:7,2
DA:9,2
DA:11,2
DA:12,2
DA:13,1
DA:14,1
DA:15,1
DA:18,1
DA:20,1
DA:21,1
DA:25,3
DA:26,3
DA:31,2
DA:33,2
DA:34,1
DA:37,1
DA:39,2
DA:40,2
DA:45,1
LF:23
LH:23
BRDA:13,0,0,1
BRDA:13,0,1,0
BRDA:33,1,0,1
BRDA:33,2,0,2
BRDA:33,2,1,1
BRDA:47,3,0,1
BRDA:47,3,1,0
BRF:7
BRH:5
end_of_record
TN:
SF:product/data-collector/src/data-requester/aws/security/guard-duty/awsGuardDutyDataRequester.ts
FN:9,(anonymous_0)
FN:27,(anonymous_1)
FN:40,(anonymous_2)
FNF:3
FNH:3
FNDA:2,(anonymous_0)
FNDA:3,(anonymous_1)
FNDA:1,(anonymous_2)
DA:2,2
DA:4,2
DA:5,2
DA:6,2
DA:8,2
DA:10,2
DA:11,2
DA:12,1
DA:13,0
DA:15,1
DA:16,1
DA:17,1
DA:18,1
DA:19,1
DA:21,1
DA:23,1
DA:24,1
DA:28,3
DA:29,3
DA:30,2
DA:31,0
DA:33,2
DA:34,2
DA:36,1
DA:37,1
DA:41,1
LF:26
LH:24
BRDA:12,0,0,0
BRDA:12,1,0,1
BRDA:12,1,1,1
BRDA:30,2,0,0
BRF:4
BRH:2
end_of_record
TN:
SF:product/data-collector/src/data-requester/aws/security/security-hub/awsSecurityHubDataRequester.ts
FN:8,(anonymous_0)
FN:17,(anonymous_1)
FN:30,(anonymous_2)
FNF:3
FNH:3
FNDA:2,(anonymous_0)
FNDA:2,(anonymous_1)
FNDA:1,(anonymous_2)
DA:1,2
DA:2,2
DA:4,2
DA:7,2
DA:9,2
DA:10,2
DA:11,1
DA:13,1
DA:14,1
DA:18,2
DA:19,2
DA:24,1
DA:26,1
DA:27,1
DA:31,1
LF:15
LH:15
BRDA:33,0,0,1
BRDA:33,0,1,0
BRF:2
BRH:1
end_of_record
TN:
SF:product/data-collector/src/data-requester/aws/security/waf/awsWafDataRequester.ts
FN:24,(anonymous_0)
FN:30,(anonymous_1)
FN:59,(anonymous_2)
FN:76,(anonymous_3)
FN:77,(anonymous_4)
FN:97,(anonymous_5)
FN:110,(anonymous_6)
FN:125,(anonymous_7)
FNF:8
FNH:8
FNDA:7,(anonymous_0)
FNDA:4,(anonymous_1)
FNDA:2,(anonymous_2)
FNDA:1,(anonymous_3)
FNDA:1,(anonymous_4)
FNDA:3,(anonymous_5)
FNDA:3,(anonymous_6)
FNDA:3,(anonymous_7)
DA:1,2
DA:10,2
DA:12,2
DA:13,2
DA:15,2
DA:16,2
DA:20,2
DA:25,7
DA:26,7
DA:27,7
DA:31,4
DA:32,4
DA:40,3
DA:41,3
DA:42,3
DA:43,0
DA:45,3
DA:46,3
DA:47,1
DA:49,2
DA:50,2
DA:51,2
DA:53,3
DA:55,1
DA:56,1
DA:60,2
DA:61,2
DA:64,1
DA:65,1
DA:66,0
DA:68,1
DA:69,1
DA:70,1
DA:72,1
DA:73,1
DA:77,1
DA:78,1
DA:79,0
DA:81,1
DA:84,1
DA:85,1
DA:98,3
DA:99,3
DA:102,2
DA:103,2
DA:105,1
DA:106,1
DA:111,3
DA:112,0
DA:114,3
DA:115,3
DA:116,2
DA:117,2
DA:118,2
DA:121,1
DA:126,3
DA:127,0
DA:129,3
DA:130,3
DA:131,3
DA:132,3
DA:133,3
DA:136,0
LF:63
LH:57
BRDA:42,0,0,0
BRDA:42,1,0,3
BRDA:42,1,1,3
BRDA:46,2,0,1
BRDA:65,3,0,0
BRDA:78,4,0,0
BRDA:87,5,0,1
BRDA:87,5,1,0
BRDA:111,6,0,0
BRDA:117,7,0,2
BRDA:126,8,0,0
BRDA:132,9,0,3
BRF:12
BRH:6
end_of_record
TN:
SF:product/data-collector/src/data-requester/aws/storage/efs/awsEfsDataRequester.ts
FN:20,(anonymous_0)
FN:25,(anonymous_1)
FN:47,(anonymous_2)
FN:64,(anonymous_3)
FN:65,(anonymous_4)
FN:83,(anonymous_5)
FNF:6
FNH:6
FNDA:6,(anonymous_0)
FNDA:2,(anonymous_1)
FNDA:3,(anonymous_2)
FNDA:1,(anonymous_3)
FNDA:1,(anonymous_4)
FNDA:2,(anonymous_5)
DA:2,2
DA:5,2
DA:11,2
DA:12,2
DA:15,2
DA:17,2
DA:21,6
DA:22,6
DA:26,2
DA:27,2
DA:33,1
DA:34,1
DA:35,1
DA:36,0
DA:38,1
DA:39,1
DA:41,1
DA:43,1
DA:44,1
DA:48,3
DA:49,3
DA:52,2
DA:53,2
DA:54,1
DA:56,1
DA:57,1
DA:58,1
DA:60,2
DA:61,2
DA:65,1
DA:66,1
DA:67,0
DA:69,1
DA:71,1
DA:72,1
DA:84,2
DA:85,0
DA:87,2
DA:88,2
DA:89,2
DA:90,2
DA:91,2
DA:94,0
LF:43
LH:39
BRDA:35,0,0,0
BRDA:53,1,0,1
BRDA:53,2,0,2
BRDA:53,2,1,1
BRDA:66,3,0,0
BRDA:74,4,0,1
BRDA:74,4,1,1
BRDA:84,5,0,0
BRDA:90,6,0,2
BRF:9
BRH:6
end_of_record
TN:
SF:product/data-collector/src/data-requester/aws/storage/macie/awsMacieDataRequester.ts
FN:10,(anonymous_0)
FN:32,(anonymous_1)
FN:53,(anonymous_2)
FNF:3
FNH:3
FNDA:2,(anonymous_0)
FNDA:3,(anonymous_1)
FNDA:1,(anonymous_2)
DA:1,2
DA:2,2
DA:5,2
DA:6,2
DA:7,2
DA:9,2
DA:11,2
DA:12,2
DA:19,1
DA:20,1
DA:21,1
DA:22,0
DA:24,1
DA:26,1
DA:28,1
DA:29,1
DA:33,3
DA:34,3
DA:43,2
DA:44,2
DA:45,1
DA:47,1
DA:49,2
DA:50,2
DA:54,1
LF:25
LH:24
BRDA:21,0,0,0
BRDA:21,1,0,1
BRDA:21,1,1,1
BRDA:44,2,0,1
BRDA:44,3,0,2
BRDA:44,3,1,1
BRDA:56,4,0,1
BRDA:56,4,1,0
BRF:8
BRH:6
end_of_record
TN:
SF:product/data-collector/src/data-requester/aws/storage/s3/awsS3DataRequester.ts
FN:25,(anonymous_0)
FN:29,(anonymous_1)
FN:47,(anonymous_2)
FN:51,(anonymous_3)
FN:86,(anonymous_4)
FN:98,(anonymous_5)
FN:108,(anonymous_6)
FN:118,(anonymous_7)
FN:126,(anonymous_8)
FN:135,(anonymous_9)
FN:144,(anonymous_10)
FN:154,(anonymous_11)
FN:163,(anonymous_12)
FN:172,(anonymous_13)
FNF:14
FNH:14
FNDA:6,(anonymous_0)
FNDA:2,(anonymous_1)
FNDA:4,(anonymous_2)
FNDA:2,(anonymous_3)
FNDA:1,(anonymous_4)
FNDA:2,(anonymous_5)
FNDA:2,(anonymous_6)
FNDA:2,(anonymous_7)
FNDA:2,(anonymous_8)
FNDA:2,(anonymous_9)
FNDA:2,(anonymous_10)
FNDA:2,(anonymous_11)
FNDA:2,(anonymous_12)
FNDA:2,(anonymous_13)
DA:2,2
DA:5,2
DA:6,2
DA:20,2
DA:21,2
DA:22,2
DA:24,2
DA:26,6
DA:30,2
DA:31,2
DA:32,1
DA:33,1
DA:34,1
DA:35,1
DA:36,0
DA:38,1
DA:39,1
DA:41,1
DA:43,1
DA:44,1
DA:48,4
DA:49,4
DA:51,3
DA:53,3
DA:54,1
DA:57,2
DA:58,2
DA:59,2
DA:60,2
DA:61,2
DA:62,2
DA:63,2
DA:64,2
DA:65,2
DA:67,2
DA:80,2
DA:82,2
DA:83,2
DA:87,1
DA:99,2
DA:100,2
DA:101,2
DA:102,2
DA:103,2
DA:105,0
DA:109,2
DA:110,2
DA:111,2
DA:112,2
DA:115,0
DA:119,2
DA:120,2
DA:121,2
DA:123,0
DA:127,2
DA:128,2
DA:129,2
DA:130,2
DA:132,0
DA:136,2
DA:137,2
DA:138,2
DA:139,2
DA:141,0
DA:145,2
DA:146,2
DA:147,2
DA:148,2
DA:149,2
DA:151,0
DA:155,2
DA:156,2
DA:157,2
DA:158,2
DA:160,0
DA:164,2
DA:165,2
DA:166,2
DA:167,2
DA:169,0
DA:173,2
DA:174,2
DA:175,2
DA:176,2
DA:178,0
LF:85
LH:75
BRDA:32,0,0,1
BRDA:32,0,1,0
BRDA:35,1,0,0
BRDA:53,2,0,1
BRDA:53,3,0,3
BRDA:53,3,1,2
BRDA:89,4,0,1
BRDA:89,4,1,0
BRDA:111,5,0,2
BRDA:111,6,0,2
BRDA:111,6,1,2
BRDA:129,7,0,2
BRDA:129,7,1,0
BRF:13
BRH:9
end_of_record
TN:
SF:product/data-collector/src/data-requester/aws/storage/snapshot/awsEbsSnapshotDataRequester.ts
FN:13,(anonymous_0)
FN:39,(anonymous_1)
FN:57,(anonymous_2)
FNF:3
FNH:3
FNDA:2,(anonymous_0)
FNDA:3,(anonymous_1)
FNDA:1,(anonymous_2)
DA:1,2
DA:2,2
DA:8,2
DA:9,2
DA:10,2
DA:12,2
DA:14,2
DA:15,2
DA:16,2
DA:17,0
DA:19,2
DA:25,1
DA:26,1
DA:27,1
DA:28,0
DA:30,1
DA:32,1
DA:34,1
DA:35,1
DA:42,3
DA:43,3
DA:46,2
DA:47,2
DA:48,1
DA:50,1
DA:52,2
DA:53,2
DA:58,1
LF:28
LH:26
BRDA:16,0,0,0
BRDA:27,1,0,0
BRDA:47,2,0,1
BRDA:47,3,0,2
BRDA:47,3,1,1
BRDA:60,4,0,1
BRDA:60,4,1,0
BRF:7
BRH:4
end_of_record
TN:
SF:product/data-collector/src/data-requester/aws/storage/volume/awsEbsVolumeDataRequester.ts
FN:11,(anonymous_0)
FN:27,(anonymous_1)
FN:42,(anonymous_2)
FNF:3
FNH:3
FNDA:2,(anonymous_0)
FNDA:3,(anonymous_1)
FNDA:1,(anonymous_2)
DA:1,2
DA:3,2
DA:5,2
DA:6,2
DA:7,2
DA:8,2
DA:10,2
DA:12,2
DA:13,2
DA:14,1
DA:15,1
DA:16,1
DA:17,0
DA:19,1
DA:21,1
DA:23,1
DA:24,1
DA:28,3
DA:29,3
DA:32,2
DA:33,2
DA:34,1
DA:36,1
DA:38,2
DA:39,2
DA:43,1
LF:26
LH:25
BRDA:16,0,0,0
BRDA:33,1,0,1
BRDA:33,2,0,2
BRDA:33,2,1,1
BRDA:45,3,0,1
BRDA:45,3,1,1
BRF:6
BRH:5
end_of_record
TN:
SF:product/data-collector/src/data-requester/aws/util/awsScaleRequester.ts
FN:10,getMarkerFullData
FN:32,getNextTokenFullData
FNF:2
FNH:2
FNDA:69,getMarkerFullData
FNDA:59,getNextTokenFullData
DA:1,69
DA:10,69
DA:11,69
DA:12,69
DA:13,69
DA:14,69
DA:15,69
DA:16,69
DA:17,47
DA:18,47
DA:19,47
DA:20,0
DA:21,47
DA:22,0
DA:24,47
DA:25,44
DA:27,47
DA:29,47
DA:32,69
DA:40,59
DA:41,59
DA:42,59
DA:43,59
DA:44,31
DA:45,31
DA:46,31
DA:47,31
DA:49,31
DA:52,31
LF:29
LH:27
BRDA:10,0,0,64
BRDA:28,1,0,47
BRDA:28,1,1,0
BRDA:19,2,0,0
BRDA:19,2,1,47
BRDA:21,3,0,0
BRDA:24,4,0,44
BRDA:36,5,0,20
BRDA:37,6,0,43
BRDA:38,7,0,59
BRDA:46,8,0,31
BRF:11
BRH:8
end_of_record
TN:
SF:product/data-collector/src/data-requester/aws/util/guard.ts
FN:1,isConstructor
FNF:1
FNH:0
FNDA:0,isConstructor
DA:1,0
DA:2,0
LF:2
LH:0
BRF:0
BRH:0
end_of_record
TN:
SF:product/data-collector/src/data-requester/aws/util/ruleParser.ts
FN:16,sortAwsNaclRule
FN:23,parseAwsNacl
FN:54,hashObject
FN:58,sortAwsSecurityGroupRule
FN:64,parseAwsSecurityGroup
FNF:5
FNH:5
FNDA:1,sortAwsNaclRule
FNDA:2,parseAwsNacl
FNDA:2,hashObject
FNDA:1,sortAwsSecurityGroupRule
FNDA:2,parseAwsSecurityGroup
DA:2,3
DA:17,1
DA:18,1
DA:19,1
DA:20,1
DA:23,3
DA:24,2
DA:26,2
DA:27,2
DA:40,2
DA:55,2
DA:59,1
DA:60,1
DA:61,1
DA:64,3
DA:65,2
DA:67,2
DA:68,2
DA:69,1
DA:78,2
DA:79,0
DA:88,2
DA:89,0
DA:99,2
DA:100,1
DA:110,2
DA:116,0
DA:127,2
LF:28
LH:25
BRDA:17,0,0,1
BRDA:17,0,1,1
BRDA:18,1,0,1
BRDA:18,1,1,1
BRDA:19,2,0,0
BRDA:19,2,1,1
BRDA:19,3,0,1
BRDA:19,3,1,1
BRDA:26,4,0,2
BRDA:26,4,1,0
BRDA:28,5,0,2
BRDA:28,5,1,0
BRDA:29,6,0,2
BRDA:29,6,1,0
BRDA:30,7,0,2
BRDA:30,7,1,0
BRDA:31,8,0,2
BRDA:31,8,1,0
BRDA:32,9,0,2
BRDA:32,9,1,0
BRDA:34,10,0,2
BRDA:34,10,1,2
BRDA:35,11,0,2
BRDA:35,11,1,2
BRDA:67,12,0,2
BRDA:67,12,1,1
BRDA:68,13,0,2
BRDA:68,13,1,2
BRDA:68,13,2,0
BRDA:70,14,0,1
BRDA:70,14,1,1
BRDA:70,14,2,0
BRDA:71,15,0,1
BRDA:71,15,1,1
BRDA:71,15,2,0
BRDA:72,16,0,1
BRDA:72,16,1,1
BRDA:73,17,0,1
BRDA:73,17,1,1
BRDA:74,18,0,1
BRDA:74,18,1,1
BRDA:78,19,0,2
BRDA:78,19,1,2
BRDA:78,19,2,0
BRDA:80,20,0,0
BRDA:80,20,1,0
BRDA:80,20,2,0
BRDA:81,21,0,0
BRDA:81,21,1,0
BRDA:81,21,2,0
BRDA:82,22,0,0
BRDA:82,22,1,0
BRDA:83,23,0,0
BRDA:83,23,1,0
BRDA:84,24,0,0
BRDA:84,24,1,0
BRDA:88,25,0,2
BRDA:88,25,1,2
BRDA:88,25,2,0
BRDA:90,26,0,0
BRDA:90,26,1,0
BRDA:90,26,2,0
BRDA:91,27,0,0
BRDA:91,27,1,0
BRDA:91,27,2,0
BRDA:92,28,0,0
BRDA:92,28,1,0
BRDA:93,29,0,0
BRDA:93,29,1,0
BRDA:94,30,0,0
BRDA:94,30,1,0
BRDA:99,31,0,2
BRDA:99,31,1,2
BRDA:99,31,2,0
BRDA:101,32,0,1
BRDA:101,32,1,1
BRDA:101,32,2,1
BRDA:102,33,0,1
BRDA:102,33,1,1
BRDA:102,33,2,1
BRDA:103,34,0,1
BRDA:103,34,1,1
BRDA:104,35,0,1
BRDA:104,35,1,1
BRDA:105,36,0,1
BRDA:105,36,1,1
BRDA:110,37,0,0
BRDA:111,38,0,2
BRDA:111,38,1,1
BRDA:111,38,2,1
BRDA:111,38,3,1
BRDA:111,39,0,2
BRDA:111,39,1,2
BRDA:112,40,0,1
BRDA:112,40,1,1
BRDA:113,41,0,1
BRDA:113,41,1,1
BRDA:114,42,0,1
BRDA:114,42,1,1
BRDA:117,43,0,0
BRDA:117,43,1,0
BRF:101
BRH:61
end_of_record
TN:
SF:product/data-collector/src/data-requester/aws/util/tagUtils.ts
FN:8,getTagName
FN:9,(anonymous_1)
FN:13,convertAwsTag
FN:31,(anonymous_3)
FNF:4
FNH:4
FNDA:12,getTagName
FNDA:13,(anonymous_1)
FNDA:24,convertAwsTag
FNDA:11,(anonymous_3)
DA:8,34
DA:9,13
DA:10,12
DA:13,34
DA:14,24
DA:15,14
DA:18,10
DA:20,10
DA:21,10
DA:22,0
DA:25,10
DA:26,11
DA:28,11
DA:29,0
DA:31,11
DA:32,11
DA:33,11
DA:36,0
DA:37,0
DA:40,0
DA:41,0
DA:44,0
DA:47,11
DA:48,0
DA:51,11
DA:55,0
DA:56,0
DA:59,0
DA:62,10
LF:29
LH:18
BRDA:9,0,0,13
BRDA:9,0,1,4
BRDA:10,1,0,12
BRDA:10,1,1,3
BRDA:14,2,0,14
BRDA:20,3,0,10
BRDA:20,3,1,0
BRDA:21,4,0,0
BRDA:28,5,0,0
BRDA:28,5,1,11
BRDA:32,6,0,11
BRDA:36,7,0,0
BRDA:40,8,0,0
BRDA:47,9,0,0
BRDA:47,10,0,11
BRDA:47,10,1,11
BRDA:55,11,0,0
BRF:17
BRH:10
end_of_record
TN:
SF:product/data-collector/src/data-requester/azure/azureDataRequester.ts
FN:36,(anonymous_0)
FN:52,(anonymous_1)
FN:57,(anonymous_2)
FN:63,(anonymous_3)
FN:72,(anonymous_4)
FN:80,(anonymous_5)
FN:88,(anonymous_6)
FN:98,(anonymous_7)
FN:121,(anonymous_8)
FN:133,(anonymous_9)
FN:138,(anonymous_10)
FN:143,(anonymous_11)
FNF:12
FNH:12
FNDA:214,(anonymous_0)
FNDA:1,(anonymous_1)
FNDA:1,(anonymous_2)
FNDA:2,(anonymous_3)
FNDA:2,(anonymous_4)
FNDA:24,(anonymous_5)
FNDA:104,(anonymous_6)
FNDA:20,(anonymous_7)
FNDA:52,(anonymous_8)
FNDA:77,(anonymous_9)
FNDA:93,(anonymous_10)
FNDA:75,(anonymous_11)
DA:9,44
DA:12,44
DA:14,44
DA:15,44
DA:21,44
DA:24,44
DA:37,214
DA:38,214
DA:39,214
DA:40,214
DA:41,214
DA:42,0
DA:44,214
DA:45,30
DA:47,184
DA:49,184
DA:53,1
DA:54,1
DA:55,1
DA:58,1
DA:59,1
DA:60,1
DA:64,2
DA:65,2
DA:66,0
DA:68,2
DA:73,2
DA:77,2
DA:81,24
DA:82,0
DA:84,24
DA:85,24
DA:89,104
DA:90,104
DA:91,104
DA:92,120
DA:93,120
DA:95,104
DA:99,20
DA:100,20
DA:101,15
DA:102,15
DA:103,15
DA:105,15
DA:106,0
DA:107,0
DA:109,15
DA:110,0
DA:111,0
DA:112,0
DA:115,15
DA:122,52
DA:128,52
DA:129,52
DA:130,38
DA:134,77
DA:135,77
DA:139,93
DA:140,93
DA:144,75
DA:145,75
DA:146,75
DA:147,1
DA:149,74
DA:150,0
DA:153,74
LF:66
LH:57
BRDA:41,0,0,0
BRDA:44,1,0,30
BRDA:65,2,0,0
BRDA:81,3,0,0
BRDA:102,4,0,15
BRDA:105,5,0,0
BRDA:111,6,0,0
BRDA:135,7,0,76
BRDA:135,7,1,1
BRDA:140,8,0,92
BRDA:140,8,1,1
BRDA:146,9,0,1
BRDA:149,10,0,0
BRF:13
BRH:7
end_of_record
TN:
SF:product/data-collector/src/data-requester/azure/azureRequesterFactory.ts
FN:45,(anonymous_0)
FN:170,(anonymous_1)
FNF:2
FNH:0
FNDA:0,(anonymous_0)
FNDA:0,(anonymous_1)
DA:3,1
DA:4,1
DA:5,1
DA:6,1
DA:7,1
DA:8,1
DA:9,1
DA:10,1
DA:11,1
DA:12,1
DA:13,1
DA:14,1
DA:15,1
DA:16,1
DA:17,1
DA:18,1
DA:19,1
DA:20,1
DA:21,1
DA:22,1
DA:23,1
DA:24,1
DA:25,1
DA:26,1
DA:27,1
DA:28,1
DA:29,1
DA:30,1
DA:31,1
DA:32,1
DA:33,1
DA:34,1
DA:35,1
DA:36,1
DA:37,1
DA:38,1
DA:39,1
DA:40,1
DA:42,1
DA:49,0
DA:51,0
DA:54,0
DA:57,0
DA:60,0
DA:63,0
DA:66,0
DA:69,0
DA:72,0
DA:75,0
DA:78,0
DA:81,0
DA:84,0
DA:87,0
DA:90,0
DA:93,0
DA:96,0
DA:99,0
DA:102,0
DA:105,0
DA:108,0
DA:111,0
DA:114,0
DA:117,0
DA:120,0
DA:123,0
DA:126,0
DA:129,0
DA:132,0
DA:135,0
DA:138,0
DA:141,0
DA:144,0
DA:147,0
DA:150,0
DA:153,0
DA:156,0
DA:159,0
DA:162,0
DA:165,0
DA:171,0
DA:172,0
DA:174,0
LF:82
LH:39
BRDA:49,0,0,0
BRDA:49,0,1,0
BRDA:49,0,2,0
BRDA:49,0,3,0
BRDA:49,0,4,0
BRDA:49,0,5,0
BRDA:49,0,6,0
BRDA:49,0,7,0
BRDA:49,0,8,0
BRDA:49,0,9,0
BRDA:49,0,10,0
BRDA:49,0,11,0
BRDA:49,0,12,0
BRDA:49,0,13,0
BRDA:49,0,14,0
BRDA:49,0,15,0
BRDA:49,0,16,0
BRDA:49,0,17,0
BRDA:49,0,18,0
BRDA:49,0,19,0
BRDA:49,0,20,0
BRDA:49,0,21,0
BRDA:49,0,22,0
BRDA:49,0,23,0
BRDA:49,0,24,0
BRDA:49,0,25,0
BRDA:49,0,26,0
BRDA:49,0,27,0
BRDA:49,0,28,0
BRDA:49,0,29,0
BRDA:49,0,30,0
BRDA:49,0,31,0
BRDA:49,0,32,0
BRDA:49,0,33,0
BRDA:49,0,34,0
BRDA:49,0,35,0
BRDA:49,0,36,0
BRDA:49,0,37,0
BRDA:49,0,38,0
BRDA:171,1,0,0
BRF:40
BRH:0
end_of_record
TN:
SF:product/data-collector/src/data-requester/azure/app/app-service/azureAppServiceDataRequester.ts
FN:12,(anonymous_0)
FN:15,(anonymous_1)
FN:35,(anonymous_2)
FN:51,(anonymous_3)
FN:64,(anonymous_4)
FN:74,(anonymous_5)
FN:83,(anonymous_6)
FN:92,(anonymous_7)
FN:96,(anonymous_8)
FNF:9
FNH:9
FNDA:5,(anonymous_0)
FNDA:2,(anonymous_1)
FNDA:2,(anonymous_2)
FNDA:1,(anonymous_3)
FNDA:2,(anonymous_4)
FNDA:2,(anonymous_5)
FNDA:2,(anonymous_6)
FNDA:3,(anonymous_7)
FNDA:2,(anonymous_8)
DA:5,2
DA:6,2
DA:7,2
DA:8,2
DA:9,2
DA:11,2
DA:13,5
DA:16,2
DA:17,2
DA:19,1
DA:20,1
DA:21,0
DA:23,1
DA:24,0
DA:26,1
DA:27,1
DA:29,1
DA:31,1
DA:32,1
DA:36,2
DA:37,2
DA:39,2
DA:40,1
DA:41,0
DA:43,1
DA:45,1
DA:47,1
DA:48,1
DA:52,1
DA:65,2
DA:66,0
DA:69,2
DA:70,2
DA:71,2
DA:75,2
DA:76,2
DA:77,2
DA:79,0
DA:84,2
DA:85,2
DA:86,2
DA:88,0
DA:93,3
DA:97,2
DA:98,2
DA:99,2
DA:100,2
DA:101,2
DA:105,2
DA:107,0
LF:50
LH:43
BRDA:20,0,0,0
BRDA:20,1,0,1
BRDA:20,1,1,1
BRDA:23,2,0,0
BRDA:40,3,0,0
BRDA:53,4,0,1
BRDA:53,4,1,0
BRDA:54,5,0,1
BRDA:54,5,1,0
BRDA:65,6,0,0
BRDA:65,7,0,2
BRDA:65,7,1,2
BRDA:65,7,2,2
BRDA:105,8,0,2
BRDA:105,8,1,0
BRF:15
BRH:8
end_of_record
TN:
SF:product/data-collector/src/data-requester/azure/app/function-app/azureFunctionAppDataRequester.ts
FN:12,(anonymous_0)
FN:15,(anonymous_1)
FN:35,(anonymous_2)
FN:51,(anonymous_3)
FN:64,(anonymous_4)
FN:74,(anonymous_5)
FN:83,(anonymous_6)
FN:92,(anonymous_7)
FN:96,(anonymous_8)
FNF:9
FNH:9
FNDA:5,(anonymous_0)
FNDA:2,(anonymous_1)
FNDA:2,(anonymous_2)
FNDA:1,(anonymous_3)
FNDA:2,(anonymous_4)
FNDA:2,(anonymous_5)
FNDA:2,(anonymous_6)
FNDA:3,(anonymous_7)
FNDA:2,(anonymous_8)
DA:5,2
DA:6,2
DA:7,2
DA:8,2
DA:9,2
DA:11,2
DA:13,5
DA:16,2
DA:17,2
DA:19,1
DA:20,1
DA:21,0
DA:23,1
DA:24,0
DA:26,1
DA:27,1
DA:29,1
DA:31,1
DA:32,1
DA:36,2
DA:37,2
DA:39,2
DA:40,1
DA:41,0
DA:43,1
DA:45,1
DA:47,1
DA:48,1
DA:52,1
DA:65,2
DA:66,0
DA:69,2
DA:70,2
DA:71,2
DA:75,2
DA:76,2
DA:77,2
DA:79,0
DA:84,2
DA:85,2
DA:86,2
DA:88,0
DA:93,3
DA:97,2
DA:98,2
DA:99,2
DA:100,2
DA:101,2
DA:105,2
DA:107,0
LF:50
LH:43
BRDA:20,0,0,0
BRDA:20,1,0,1
BRDA:20,1,1,1
BRDA:23,2,0,0
BRDA:40,3,0,0
BRDA:53,4,0,1
BRDA:53,4,1,0
BRDA:54,5,0,1
BRDA:54,5,1,0
BRDA:65,6,0,0
BRDA:65,7,0,2
BRDA:65,7,1,2
BRDA:65,7,2,2
BRDA:105,8,0,2
BRDA:105,8,1,0
BRF:15
BRH:8
end_of_record
TN:
SF:product/data-collector/src/data-requester/azure/authorization/classic-administrator/azureClassicAdministratorDataRequester.ts
FN:11,(anonymous_0)
FN:14,(anonymous_1)
FN:17,(anonymous_2)
FN:23,(anonymous_3)
FN:30,(anonymous_4)
FN:38,(anonymous_5)
FN:42,(anonymous_6)
FNF:7
FNH:7
FNDA:5,(anonymous_0)
FNDA:2,(anonymous_1)
FNDA:1,(anonymous_2)
FNDA:2,(anonymous_3)
FNDA:1,(anonymous_4)
FNDA:2,(anonymous_5)
FNDA:1,(anonymous_6)
DA:5,2
DA:6,2
DA:8,2
DA:10,2
DA:12,5
DA:15,2
DA:16,2
DA:17,1
DA:19,1
DA:20,1
DA:26,2
DA:27,2
DA:28,2
DA:29,1
DA:30,1
DA:33,1
DA:34,1
DA:39,2
DA:45,1
LF:19
LH:19
BRDA:46,0,0,1
BRDA:46,0,1,0
BRDA:47,1,0,1
BRDA:47,1,1,0
BRF:4
BRH:2
end_of_record
TN:
SF:product/data-collector/src/data-requester/azure/authorization/role-assignment/azureRoleAssignmentDataRequester.ts
FN:11,(anonymous_0)
FN:14,(anonymous_1)
FN:17,(anonymous_2)
FN:23,(anonymous_3)
FN:35,(anonymous_4)
FN:39,(anonymous_5)
FNF:6
FNH:5
FNDA:5,(anonymous_0)
FNDA:2,(anonymous_1)
FNDA:1,(anonymous_2)
FNDA:2,(anonymous_3)
FNDA:0,(anonymous_4)
FNDA:1,(anonymous_5)
DA:5,2
DA:6,2
DA:8,2
DA:10,2
DA:12,5
DA:15,2
DA:16,2
DA:17,1
DA:19,1
DA:20,1
DA:26,2
DA:27,2
DA:28,1
DA:30,1
DA:31,1
DA:36,0
DA:42,1
LF:17
LH:16
BRDA:43,0,0,1
BRDA:43,0,1,0
BRDA:44,1,0,1
BRDA:44,1,1,0
BRF:4
BRH:2
end_of_record
TN:
SF:product/data-collector/src/data-requester/azure/authorization/role-definition/azureRoleDefinitionDataRequester.ts
FN:11,(anonymous_0)
FN:14,(anonymous_1)
FN:18,(anonymous_2)
FN:24,(anonymous_3)
FN:37,(anonymous_4)
FN:41,(anonymous_5)
FNF:6
FNH:5
FNDA:5,(anonymous_0)
FNDA:2,(anonymous_1)
FNDA:1,(anonymous_2)
FNDA:2,(anonymous_3)
FNDA:0,(anonymous_4)
FNDA:1,(anonymous_5)
DA:5,2
DA:6,2
DA:8,2
DA:10,2
DA:12,5
DA:15,2
DA:16,2
DA:17,2
DA:18,1
DA:20,1
DA:21,1
DA:27,2
DA:28,2
DA:29,1
DA:31,1
DA:32,1
DA:33,1
DA:38,0
DA:44,1
LF:19
LH:18
BRDA:45,0,0,1
BRDA:45,0,1,0
BRDA:46,1,0,1
BRDA:46,1,1,0
BRF:4
BRH:2
end_of_record
TN:
SF:product/data-collector/src/data-requester/azure/compute/managed-disk/azureManagedDiskDataRequester.ts
FN:10,(anonymous_0)
FN:13,(anonymous_1)
FN:17,(anonymous_2)
FN:18,(anonymous_3)
FN:33,(anonymous_4)
FN:49,(anonymous_5)
FN:53,(anonymous_6)
FNF:7
FNH:7
FNDA:5,(anonymous_0)
FNDA:2,(anonymous_1)
FNDA:1,(anonymous_2)
FNDA:1,(anonymous_3)
FNDA:2,(anonymous_4)
FNDA:2,(anonymous_5)
FNDA:1,(anonymous_6)
DA:4,2
DA:5,2
DA:7,2
DA:9,2
DA:11,5
DA:14,2
DA:15,2
DA:16,1
DA:17,1
DA:19,1
DA:20,0
DA:21,0
DA:26,1
DA:29,1
DA:30,1
DA:36,2
DA:37,2
DA:39,2
DA:40,1
DA:41,0
DA:43,1
DA:45,1
DA:46,1
DA:50,2
DA:54,1
LF:25
LH:22
BRDA:17,0,0,1
BRDA:17,0,1,1
BRDA:19,1,0,0
BRDA:19,2,0,1
BRDA:19,2,1,0
BRDA:40,3,0,0
BRDA:55,4,0,1
BRDA:55,4,1,0
BRDA:56,5,0,1
BRDA:56,5,1,0
BRF:10
BRH:5
end_of_record
TN:
SF:product/data-collector/src/data-requester/azure/compute/virtual-machine/azureVirtualMachineDataRequester.ts
FN:12,(anonymous_0)
FN:15,(anonymous_1)
FN:24,(anonymous_2)
FN:36,(anonymous_3)
FN:40,(anonymous_4)
FNF:5
FNH:5
FNDA:5,(anonymous_0)
FNDA:2,(anonymous_1)
FNDA:2,(anonymous_2)
FNDA:2,(anonymous_3)
FNDA:1,(anonymous_4)
DA:7,2
DA:8,2
DA:9,2
DA:11,2
DA:13,5
DA:16,2
DA:17,2
DA:18,1
DA:20,1
DA:21,1
DA:27,2
DA:28,2
DA:29,2
DA:30,1
DA:32,1
DA:33,1
DA:37,2
DA:41,1
LF:18
LH:18
BRDA:42,0,0,1
BRDA:42,0,1,0
BRDA:43,1,0,1
BRDA:43,1,1,0
BRF:4
BRH:2
end_of_record
TN:
SF:product/data-collector/src/data-requester/azure/const/apiEndpoint.ts
FN:32,(anonymous_0)
FN:33,(anonymous_1)
FN:35,(anonymous_2)
FN:37,(anonymous_3)
FN:39,(anonymous_4)
FN:40,(anonymous_5)
FN:41,(anonymous_6)
FN:42,(anonymous_7)
FN:44,(anonymous_8)
FN:47,(anonymous_9)
FN:51,(anonymous_10)
FN:52,(anonymous_11)
FN:53,(anonymous_12)
FN:54,(anonymous_13)
FN:55,(anonymous_14)
FN:57,(anonymous_15)
FN:59,(anonymous_16)
FN:61,(anonymous_17)
FN:62,(anonymous_18)
FN:63,(anonymous_19)
FN:64,(anonymous_20)
FN:66,(anonymous_21)
FN:68,(anonymous_22)
FN:73,(anonymous_23)
FN:74,(anonymous_24)
FN:75,(anonymous_25)
FNF:26
FNH:21
FNDA:0,(anonymous_0)
FNDA:0,(anonymous_1)
FNDA:0,(anonymous_2)
FNDA:0,(anonymous_3)
FNDA:12,(anonymous_4)
FNDA:6,(anonymous_5)
FNDA:10,(anonymous_6)
FNDA:6,(anonymous_7)
FNDA:5,(anonymous_8)
FNDA:2,(anonymous_9)
FNDA:6,(anonymous_10)
FNDA:5,(anonymous_11)
FNDA:4,(anonymous_12)
FNDA:4,(anonymous_13)
FNDA:3,(anonymous_14)
FNDA:14,(anonymous_15)
FNDA:12,(anonymous_16)
FNDA:10,(anonymous_17)
FNDA:8,(anonymous_18)
FNDA:6,(anonymous_19)
FNDA:0,(anonymous_20)
FNDA:7,(anonymous_21)
FNDA:1,(anonymous_22)
FNDA:4,(anonymous_23)
FNDA:6,(anonymous_24)
FNDA:6,(anonymous_25)
DA:1,11
DA:31,11
DA:32,0
DA:34,0
DA:36,0
DA:38,0
DA:39,12
DA:40,6
DA:41,10
DA:43,6
DA:45,5
DA:48,2
DA:51,6
DA:52,5
DA:53,4
DA:54,4
DA:56,3
DA:58,14
DA:60,12
DA:61,10
DA:62,8
DA:63,6
DA:65,0
DA:67,7
DA:71,1
DA:73,4
DA:74,6
DA:76,6
LF:28
LH:23
BRF:0
BRH:0
end_of_record
TN:
SF:product/data-collector/src/data-requester/azure/const/watcher.ts
FNF:0
FNH:0
DA:1,2
LF:1
LH:1
BRF:0
BRH:0
end_of_record
TN:
SF:product/data-collector/src/data-requester/azure/containerservice/kubernetes/azureKubernetesDataRequester.ts
FN:12,(anonymous_0)
FN:15,(anonymous_1)
FN:18,(anonymous_2)
FN:30,(anonymous_3)
FN:46,(anonymous_4)
FN:50,(anonymous_5)
FNF:6
FNH:6
FNDA:5,(anonymous_0)
FNDA:2,(anonymous_1)
FNDA:1,(anonymous_2)
FNDA:2,(anonymous_3)
FNDA:2,(anonymous_4)
FNDA:1,(anonymous_5)
DA:7,2
DA:8,2
DA:9,2
DA:11,2
DA:13,5
DA:16,2
DA:17,2
DA:18,1
DA:19,1
DA:20,1
DA:21,0
DA:23,1
DA:26,1
DA:27,1
DA:33,2
DA:34,2
DA:36,2
DA:37,1
DA:38,0
DA:40,1
DA:42,1
DA:43,1
DA:47,2
DA:53,1
LF:24
LH:22
BRDA:19,0,0,1
BRDA:19,0,1,0
BRDA:20,1,0,0
BRDA:20,2,0,1
BRDA:20,2,1,1
BRDA:37,3,0,0
BRDA:54,4,0,1
BRDA:54,4,1,0
BRDA:55,5,0,1
BRDA:55,5,1,0
BRF:10
BRH:5
end_of_record
TN:
SF:product/data-collector/src/data-requester/azure/cosmosdb/cosmosdb/azureCosmosDbDataRequester.ts
FN:9,(anonymous_0)
FN:12,(anonymous_1)
FN:15,(anonymous_2)
FN:21,(anonymous_3)
FN:33,(anonymous_4)
FN:37,(anonymous_5)
FNF:6
FNH:6
FNDA:5,(anonymous_0)
FNDA:2,(anonymous_1)
FNDA:1,(anonymous_2)
FNDA:2,(anonymous_3)
FNDA:2,(anonymous_4)
FNDA:1,(anonymous_5)
DA:4,2
DA:5,2
DA:6,2
DA:8,2
DA:10,5
DA:13,2
DA:14,2
DA:15,1
DA:17,1
DA:18,1
DA:22,2
DA:23,2
DA:25,2
DA:27,1
DA:29,1
DA:30,1
DA:34,2
DA:38,1
LF:18
LH:18
BRDA:39,0,0,1
BRDA:39,0,1,0
BRDA:40,1,0,1
BRDA:40,1,1,0
BRDA:40,1,2,0
BRF:5
BRH:2
end_of_record
TN:
SF:product/data-collector/src/data-requester/azure/front-door/front-door/azureFrontDoorDataRequester.ts
FN:10,(anonymous_0)
FN:13,(anonymous_1)
FN:31,(anonymous_2)
FN:49,(anonymous_3)
FN:62,(anonymous_4)
FN:66,(anonymous_5)
FNF:6
FNH:6
FNDA:5,(anonymous_0)
FNDA:2,(anonymous_1)
FNDA:2,(anonymous_2)
FNDA:2,(anonymous_3)
FNDA:4,(anonymous_4)
FNDA:1,(anonymous_5)
DA:4,2
DA:5,2
DA:7,2
DA:9,2
DA:11,5
DA:14,2
DA:15,2
DA:16,2
DA:17,1
DA:18,1
DA:19,0
DA:21,1
DA:22,1
DA:23,1
DA:25,1
DA:27,1
DA:28,1
DA:32,2
DA:33,2
DA:35,2
DA:36,1
DA:38,1
DA:42,1
DA:44,1
DA:45,1
DA:50,2
DA:51,2
DA:53,2
DA:56,2
DA:58,0
DA:59,0
DA:63,4
DA:67,1
LF:33
LH:30
BRDA:18,0,0,0
BRDA:18,1,0,1
BRDA:18,1,1,1
BRDA:68,2,0,1
BRDA:68,2,1,0
BRDA:69,3,0,1
BRDA:69,3,1,0
BRDA:69,3,2,0
BRF:8
BRH:4
end_of_record
TN:
SF:product/data-collector/src/data-requester/azure/graph/active-directory/azureActiveDirectoryDataRequester.ts
FN:12,(anonymous_0)
FN:15,(anonymous_1)
FN:24,(anonymous_2)
FN:45,(anonymous_3)
FN:58,(anonymous_4)
FN:74,(anonymous_5)
FN:84,(anonymous_6)
FN:94,(anonymous_7)
FN:104,(anonymous_8)
FN:113,(anonymous_9)
FN:117,(anonymous_10)
FNF:11
FNH:10
FNDA:5,(anonymous_0)
FNDA:2,(anonymous_1)
FNDA:4,(anonymous_2)
FNDA:2,(anonymous_3)
FNDA:2,(anonymous_4)
FNDA:2,(anonymous_5)
FNDA:2,(anonymous_6)
FNDA:2,(anonymous_7)
FNDA:4,(anonymous_8)
FNDA:0,(anonymous_9)
FNDA:1,(anonymous_10)
DA:7,2
DA:8,2
DA:9,2
DA:10,2
DA:11,2
DA:13,5
DA:16,2
DA:17,2
DA:18,2
DA:20,0
DA:21,0
DA:27,4
DA:28,4
DA:29,4
DA:30,2
DA:31,2
DA:32,2
DA:33,2
DA:34,2
DA:35,2
DA:38,2
DA:40,2
DA:41,2
DA:46,2
DA:47,2
DA:48,2
DA:49,0
DA:51,2
DA:53,0
DA:54,0
DA:59,2
DA:60,2
DA:64,2
DA:65,0
DA:67,2
DA:69,0
DA:70,0
DA:75,2
DA:76,2
DA:77,2
DA:79,0
DA:80,0
DA:85,2
DA:86,2
DA:87,2
DA:89,0
DA:90,0
DA:95,2
DA:96,2
DA:97,2
DA:99,0
DA:100,0
DA:105,4
DA:106,4
DA:107,2
DA:109,2
DA:110,2
DA:114,0
DA:120,1
LF:59
LH:44
BRDA:48,0,0,0
BRDA:64,1,0,0
BRDA:87,2,0,2
BRDA:87,2,1,0
BRDA:97,3,0,2
BRDA:97,3,1,0
BRDA:121,4,0,1
BRDA:121,4,1,0
BRDA:122,5,0,1
BRDA:122,5,1,0
BRF:10
BRH:4
end_of_record
TN:
SF:product/data-collector/src/data-requester/azure/graph/application/azureApplicationDataRequester.ts
FN:12,(anonymous_0)
FN:15,(anonymous_1)
FN:40,(anonymous_2)
FN:65,(anonymous_3)
FN:78,(anonymous_4)
FN:82,(anonymous_5)
FNF:6
FNH:5
FNDA:5,(anonymous_0)
FNDA:2,(anonymous_1)
FNDA:2,(anonymous_2)
FNDA:2,(anonymous_3)
FNDA:0,(anonymous_4)
FNDA:1,(anonymous_5)
DA:7,2
DA:8,2
DA:9,2
DA:10,2
DA:11,2
DA:13,5
DA:16,2
DA:17,2
DA:18,2
DA:19,2
DA:23,1
DA:24,1
DA:25,0
DA:27,1
DA:28,1
DA:34,1
DA:36,1
DA:37,1
DA:43,2
DA:44,2
DA:45,2
DA:47,2
DA:48,0
DA:50,2
DA:51,1
DA:52,1
DA:54,1
DA:58,1
DA:60,1
DA:61,1
DA:66,2
DA:67,2
DA:71,2
DA:73,0
DA:74,0
DA:79,0
DA:83,1
LF:37
LH:32
BRDA:24,0,0,0
BRDA:47,1,0,0
BRDA:84,2,0,1
BRDA:84,2,1,0
BRDA:85,3,0,1
BRDA:85,3,1,0
BRF:6
BRH:2
end_of_record
TN:
SF:product/data-collector/src/data-requester/azure/graph/group/azureGroupDataRequester.ts
FN:9,(anonymous_0)
FN:12,(anonymous_1)
FN:31,(anonymous_2)
FN:53,(anonymous_3)
FN:68,(anonymous_4)
FN:72,(anonymous_5)
FNF:6
FNH:5
FNDA:10,(anonymous_0)
FNDA:4,(anonymous_1)
FNDA:4,(anonymous_2)
FNDA:4,(anonymous_3)
FNDA:0,(anonymous_4)
FNDA:2,(anonymous_5)
DA:4,3
DA:5,3
DA:6,3
DA:7,3
DA:8,3
DA:10,10
DA:13,4
DA:14,4
DA:15,4
DA:16,2
DA:17,2
DA:18,2
DA:19,2
DA:23,2
DA:25,2
DA:27,2
DA:28,2
DA:32,4
DA:33,4
DA:34,4
DA:36,4
DA:37,0
DA:39,4
DA:40,2
DA:42,2
DA:46,2
DA:48,2
DA:49,2
DA:54,4
DA:55,4
DA:56,0
DA:58,4
DA:62,4
DA:64,0
DA:65,0
DA:69,0
DA:73,2
LF:37
LH:32
BRDA:36,0,0,0
BRDA:55,1,0,0
BRDA:74,2,0,2
BRDA:74,2,1,0
BRDA:75,3,0,2
BRDA:75,3,1,0
BRF:6
BRH:2
end_of_record
TN:
SF:product/data-collector/src/data-requester/azure/graph/service-principal/azureServicePrincipalDataRequester.ts
FN:12,(anonymous_0)
FN:15,(anonymous_1)
FN:28,(anonymous_2)
FN:50,(anonymous_3)
FN:53,(anonymous_4)
FNF:5
FNH:4
FNDA:5,(anonymous_0)
FNDA:2,(anonymous_1)
FNDA:2,(anonymous_2)
FNDA:0,(anonymous_3)
FNDA:1,(anonymous_4)
DA:7,2
DA:8,2
DA:9,2
DA:10,2
DA:11,2
DA:13,5
DA:16,2
DA:17,2
DA:18,2
DA:22,1
DA:24,1
DA:25,1
DA:31,2
DA:32,2
DA:33,2
DA:35,2
DA:36,0
DA:38,2
DA:42,1
DA:44,1
DA:46,1
DA:47,1
DA:51,0
DA:56,1
LF:24
LH:22
BRDA:35,0,0,0
BRDA:57,1,0,1
BRDA:57,1,1,0
BRDA:58,2,0,1
BRDA:58,2,1,0
BRF:5
BRH:2
end_of_record
TN:
SF:product/data-collector/src/data-requester/azure/graph/user/azureUserDataRequester.ts
FN:11,(anonymous_0)
FN:16,(anonymous_1)
FN:35,(anonymous_2)
FN:55,(anonymous_3)
FN:61,(anonymous_4)
FN:73,(anonymous_5)
FN:88,(anonymous_6)
FN:98,(anonymous_7)
FN:102,(anonymous_8)
FNF:9
FNH:8
FNDA:5,(anonymous_0)
FNDA:2,(anonymous_1)
FNDA:2,(anonymous_2)
FNDA:2,(anonymous_3)
FNDA:2,(anonymous_4)
FNDA:2,(anonymous_5)
FNDA:2,(anonymous_6)
FNDA:0,(anonymous_7)
FNDA:1,(anonymous_8)
DA:4,2
DA:5,2
DA:6,2
DA:7,2
DA:8,2
DA:12,5
DA:13,5
DA:14,5
DA:17,2
DA:18,2
DA:19,2
DA:20,1
DA:21,1
DA:22,1
DA:23,1
DA:24,0
DA:26,1
DA:27,1
DA:29,1
DA:31,1
DA:32,1
DA:36,2
DA:37,2
DA:38,2
DA:40,2
DA:41,0
DA:43,2
DA:44,1
DA:46,1
DA:47,1
DA:48,1
DA:50,1
DA:51,1
DA:56,2
DA:57,2
DA:61,2
DA:62,2
DA:63,0
DA:65,2
DA:67,2
DA:69,0
DA:74,2
DA:75,0
DA:77,2
DA:78,2
DA:79,2
DA:85,2
DA:89,2
DA:90,2
DA:92,0
DA:99,0
DA:103,1
LF:52
LH:45
BRDA:23,0,0,0
BRDA:40,1,0,0
BRDA:62,2,0,0
BRDA:74,3,0,0
BRDA:104,4,0,1
BRDA:104,4,1,0
BRDA:105,5,0,1
BRDA:105,5,1,0
BRF:8
BRH:2
end_of_record
TN:
SF:product/data-collector/src/data-requester/azure/keyvault/keyvault/azureKeyVaultDataRequester.ts
FN:16,(anonymous_0)
FN:19,(anonymous_1)
FN:43,(anonymous_2)
FN:60,(anonymous_3)
FN:74,(anonymous_4)
FN:84,(anonymous_5)
FN:103,(anonymous_6)
FN:120,(anonymous_7)
FN:136,(anonymous_8)
FN:139,(anonymous_9)
FNF:10
FNH:10
FNDA:5,(anonymous_0)
FNDA:2,(anonymous_1)
FNDA:2,(anonymous_2)
FNDA:2,(anonymous_3)
FNDA:3,(anonymous_4)
FNDA:2,(anonymous_5)
FNDA:2,(anonymous_6)
FNDA:2,(anonymous_7)
FNDA:3,(anonymous_8)
FNDA:1,(anonymous_9)
DA:8,2
DA:9,2
DA:10,2
DA:11,2
DA:12,2
DA:13,2
DA:15,2
DA:17,5
DA:20,2
DA:21,2
DA:22,2
DA:23,1
DA:24,1
DA:25,0
DA:27,1
DA:28,1
DA:29,1
DA:30,1
DA:31,0
DA:33,1
DA:34,1
DA:37,1
DA:39,1
DA:40,1
DA:44,2
DA:45,2
DA:46,2
DA:48,2
DA:49,2
DA:50,1
DA:52,1
DA:53,1
DA:55,1
DA:56,1
DA:61,2
DA:62,2
DA:63,2
DA:64,2
DA:66,2
DA:67,2
DA:68,2
DA:70,0
DA:75,3
DA:76,3
DA:77,2
DA:79,1
DA:80,1
DA:85,2
DA:86,2
DA:87,0
DA:89,2
DA:90,2
DA:91,2
DA:92,2
DA:93,2
DA:96,2
DA:98,0
DA:99,0
DA:104,2
DA:105,2
DA:106,0
DA:108,2
DA:109,2
DA:110,2
DA:111,2
DA:113,2
DA:115,0
DA:116,0
DA:121,2
DA:122,2
DA:123,0
DA:125,2
DA:126,2
DA:127,2
DA:128,2
DA:130,2
DA:132,0
DA:133,0
DA:137,3
DA:140,1
LF:80
LH:68
BRDA:24,0,0,0
BRDA:24,1,0,1
BRDA:24,1,1,1
BRDA:30,2,0,0
BRDA:30,3,0,1
BRDA:30,3,1,1
BRDA:49,4,0,1
BRDA:49,5,0,2
BRDA:49,5,1,1
BRDA:86,6,0,0
BRDA:105,7,0,0
BRDA:122,8,0,0
BRDA:141,9,0,1
BRDA:141,9,1,0
BRDA:142,10,0,1
BRDA:142,10,1,0
BRF:16
BRH:9
end_of_record
TN:
SF:product/data-collector/src/data-requester/azure/monitor/activity-log-alert/azureActivityLogAlertDataRequester.ts
FN:12,(anonymous_0)
FN:15,(anonymous_1)
FN:20,(anonymous_2)
FN:26,(anonymous_3)
FN:39,(anonymous_4)
FN:42,(anonymous_5)
FNF:6
FNH:6
FNDA:5,(anonymous_0)
FNDA:2,(anonymous_1)
FNDA:1,(anonymous_2)
FNDA:2,(anonymous_3)
FNDA:2,(anonymous_4)
FNDA:1,(anonymous_5)
DA:7,2
DA:8,2
DA:9,2
DA:11,2
DA:13,5
DA:16,2
DA:17,2
DA:20,1
DA:22,1
DA:23,1
DA:29,2
DA:30,2
DA:31,2
DA:33,1
DA:35,1
DA:36,1
DA:40,2
DA:45,1
LF:18
LH:18
BRDA:46,0,0,1
BRDA:46,0,1,0
BRDA:47,1,0,1
BRDA:47,1,1,0
BRF:4
BRH:2
end_of_record
TN:
SF:product/data-collector/src/data-requester/azure/monitor/diagnostic-settings/azureDiagnosticSettingsDataRequester.ts
FN:16,(anonymous_0)
FN:20,(anonymous_1)
FN:37,(anonymous_2)
FN:55,(anonymous_3)
FN:73,(anonymous_4)
FN:77,(anonymous_5)
FN:99,(anonymous_6)
FN:106,(anonymous_7)
FNF:8
FNH:8
FNDA:5,(anonymous_0)
FNDA:2,(anonymous_1)
[...]
DA:15,10
DA:16,10
DA:20,5
DA:22,5
DA:23,5
DA:33,6
DA:34,6
DA:35,6
DA:36,3
DA:41,6
DA:42,0
DA:43,6
DA:44,2
DA:47,4
DA:49,4
DA:50,3
DA:51,3
DA:52,3
DA:53,3
DA:55,3
DA:57,3
DA:59,4
DA:60,0
DA:62,4
DA:63,4
DA:64,1
DA:66,3
DA:73,3
DA:79,0
DA:81,3
DA:82,3
DA:83,3
DA:84,3
DA:85,3
DA:89,3
DA:91,0
DA:95,6
DA:96,0
DA:97,6
DA:98,0
DA:100,6
DA:101,0
DA:103,6
DA:104,6
DA:105,6
DA:106,6
DA:107,24
DA:108,0
DA:111,6
DA:115,3
DA:125,3
LF:57
LH:49
BRDA:35,0,0,3
BRDA:41,1,0,0
BRDA:41,1,1,6
BRDA:41,2,0,6
BRDA:41,2,1,2
BRDA:43,3,0,2
BRDA:43,4,0,6
BRDA:43,4,1,4
BRDA:52,5,0,3
BRDA:59,6,0,0
BRDA:63,7,0,1
BRDA:73,8,0,0
BRDA:74,9,0,3
BRDA:74,9,1,0
BRDA:74,9,2,0
BRDA:74,9,3,0
BRDA:81,10,0,0
BRDA:81,10,1,3
BRDA:82,11,0,0
BRDA:82,11,1,3
BRDA:83,12,0,2
BRDA:83,12,1,1
BRDA:84,13,0,0
BRDA:84,13,1,3
BRDA:85,14,0,3
BRDA:86,15,0,3
BRDA:86,15,1,3
BRDA:95,16,0,0
BRDA:95,16,1,6
BRDA:95,17,0,6
BRDA:95,17,1,0
BRDA:97,18,0,0
BRDA:97,19,0,6
BRDA:97,19,1,6
BRDA:100,20,0,0
BRDA:107,21,0,0
BRDA:107,22,0,24
BRDA:107,22,1,24
BRF:38
BRH:24
end_of_record
TN:
SF:product/data-collector/src/router/aws/util/role-auth-validator/index.ts
FNF:0
FNH:0
DA:1,2
DA:2,2
DA:3,2
LF:3
LH:3
BRF:0
BRH:0
end_of_record
TN:
SF:product/data-collector/src/router/aws/validate/awsValidate.controller.ts
FN:19,(anonymous_0)
FN:22,(anonymous_1)
FN:30,(anonymous_2)
FN:38,(anonymous_3)
FN:46,(anonymous_4)
FNF:5
FNH:1
FNDA:1,(anonymous_0)
FNDA:0,(anonymous_1)
FNDA:0,(anonymous_2)
FNDA:0,(anonymous_3)
FNDA:0,(anonymous_4)
DA:1,1
DA:2,1
DA:10,1
DA:11,1
DA:12,1
DA:17,1
DA:18,1
DA:19,1
DA:22,1
DA:25,0
DA:26,0
DA:30,1
DA:33,0
DA:34,0
DA:38,1
DA:41,0
DA:42,0
DA:46,1
DA:49,0
DA:50,0
LF:20
LH:12
BRDA:23,0,0,1
BRDA:23,0,1,0
BRDA:23,1,0,1
BRDA:23,1,1,1
BRDA:24,2,0,1
BRDA:24,2,1,0
BRDA:24,3,0,1
BRDA:24,3,1,1
BRDA:31,4,0,1
BRDA:31,4,1,0
BRDA:31,5,0,1
BRDA:31,5,1,1
BRDA:32,6,0,1
BRDA:32,6,1,0
BRDA:32,7,0,1
BRDA:32,7,1,1
BRDA:39,8,0,1
BRDA:39,8,1,0
BRDA:39,9,0,1
BRDA:39,9,1,1
BRDA:40,10,0,1
BRDA:40,10,1,0
BRDA:40,11,0,1
BRDA:40,11,1,1
BRDA:47,12,0,1
BRDA:47,12,1,0
BRDA:47,13,0,1
BRDA:47,13,1,1
BRDA:48,14,0,1
BRDA:48,14,1,0
BRDA:48,15,0,1
BRDA:48,15,1,1
BRDA:19,16,0,1
BRDA:19,16,1,0
BRDA:19,17,0,1
BRDA:19,17,1,1
BRF:36
BRH:27
end_of_record
TN:
SF:product/data-collector/src/router/aws/validate/awsValidate.service.ts
FN:37,(anonymous_0)
FN:39,(anonymous_1)
FN:52,(anonymous_2)
FN:65,(anonymous_3)
FN:73,(anonymous_4)
FN:91,(anonymous_5)
FN:98,(anonymous_6)
FN:109,(anonymous_7)
FN:116,(anonymous_8)
FN:129,(anonymous_9)
FN:145,(anonymous_10)
FN:157,(anonymous_11)
FN:172,(anonymous_12)
FN:204,(anonymous_13)
FN:231,(anonymous_14)
FN:241,(anonymous_15)
FN:251,(anonymous_16)
FNF:17
FNH:17
FNDA:10,(anonymous_0)
FNDA:1,(anonymous_1)
FNDA:1,(anonymous_2)
FNDA:5,(anonymous_3)
FNDA:5,(anonymous_4)
FNDA:2,(anonymous_5)
FNDA:4,(anonymous_6)
FNDA:4,(anonymous_7)
FNDA:4,(anonymous_8)
FNDA:4,(anonymous_9)
FNDA:2,(anonymous_10)
FNDA:4,(anonymous_11)
FNDA:4,(anonymous_12)
FNDA:2,(anonymous_13)
FNDA:10,(anonymous_14)
FNDA:2,(anonymous_15)
FNDA:2,(anonymous_16)
DA:7,2
DA:8,2
DA:10,2
DA:12,2
DA:14,2
DA:15,2
DA:16,2
DA:17,2
DA:18,2
DA:21,2
DA:27,2
DA:28,2
DA:29,2
DA:31,2
DA:32,2
DA:33,2
DA:35,2
DA:36,2
DA:37,10
DA:40,1
DA:41,1
DA:42,1
DA:44,1
DA:45,0
DA:48,1
DA:49,1
DA:53,1
DA:54,1
DA:55,1
DA:57,1
DA:58,0
DA:61,1
DA:62,1
DA:70,5
DA:71,5
DA:73,5
DA:74,5
DA:75,1
DA:76,4
DA:77,1
DA:78,3
DA:79,1
DA:81,2
DA:85,5
DA:86,1
DA:88,4
DA:92,2
DA:93,2
DA:94,2
DA:95,2
DA:97,2
DA:98,4
DA:100,2
DA:102,2
DA:108,2
DA:109,4
DA:111,2
DA:113,2
DA:120,4
DA:121,4
DA:122,4
DA:130,4
DA:142,4
DA:154,2
DA:155,2
DA:156,2
DA:158,4
DA:163,4
DA:166,4
DA:169,2
DA:176,4
DA:177,4
DA:178,2
DA:179,2
DA:181,2
DA:183,2
DA:185,0
DA:186,0
DA:187,0
DA:188,0
DA:191,2
DA:197,2
DA:198,2
DA:200,2
DA:213,2
DA:214,2
DA:215,2
DA:220,2
DA:221,0
DA:224,2
DA:229,2
DA:230,2
DA:232,10
DA:238,2
DA:242,2
DA:252,2
DA:253,2
DA:254,2
DA:255,2
DA:257,2
DA:274,2
LF:101
LH:94
BRDA:44,0,0,0
BRDA:57,1,0,0
BRDA:74,2,0,1
BRDA:74,2,1,4
BRDA:74,3,0,5
BRDA:74,3,1,2
BRDA:76,4,0,1
BRDA:76,4,1,3
BRDA:76,5,0,4
BRDA:76,5,1,1
BRDA:78,6,0,1
BRDA:78,6,1,2
BRDA:78,7,0,3
BRDA:78,7,1,3
BRDA:85,8,0,1
BRDA:163,9,0,2
BRDA:163,9,1,2
BRDA:183,10,0,0
BRDA:183,11,0,2
BRDA:183,11,1,0
BRDA:220,12,0,0
BRDA:220,13,0,2
BRDA:220,13,1,2
BRDA:254,14,0,2
BRDA:37,15,0,2
BRDA:37,15,1,0
BRDA:37,16,0,2
BRDA:37,16,1,2
BRF:28
BRH:22
end_of_record
TN:
SF:product/data-collector/src/router/aws/validate/dto/getAccountInfo.dto.ts
FNF:0
FNH:0
DA:1,1
DA:2,1
DA:5,1
DA:7,1
LF:4
LH:4
BRF:0
BRH:0
end_of_record
TN:
SF:product/data-collector/src/router/aws/validate/dto/getLogCollectInfo.dto.ts
FN:12,(anonymous_0)
FNF:1
FNH:0
FNDA:0,(anonymous_0)
DA:1,1
DA:2,1
DA:4,1
DA:5,1
DA:7,1
DA:10,1
DA:12,0
DA:14,1
DA:17,1
LF:9
LH:8
BRF:0
BRH:0
end_of_record
TN:
SF:product/data-collector/src/router/aws/validate/dto/getOrganizationInfo.dto.ts
FNF:0
FNH:0
DA:1,1
DA:2,1
DA:5,1
DA:7,1
LF:4
LH:4
BRF:0
BRH:0
end_of_record
TN:
SF:product/data-collector/src/router/aws/validate/dto/getOrganizationMemberList.dto.ts
FNF:0
FNH:0
DA:1,1
DA:2,1
DA:5,1
DA:7,1
LF:4
LH:4
BRF:0
BRH:0
end_of_record
TN:
SF:product/data-collector/src/router/aws/validate/dto/index.ts
FNF:0
FNH:0
DA:1,1
DA:2,1
DA:3,1
LF:3
LH:3
BRF:0
BRH:0
end_of_record
TN:
SF:product/data-collector/src/router/azure/util/azureValidateQueryBase.ts
FN:6,(anonymous_0)
FN:7,(anonymous_1)
FNF:2
FNH:0
FNDA:0,(anonymous_0)
FNDA:0,(anonymous_1)
DA:1,1
DA:2,1
DA:3,1
DA:5,1
DA:6,0
DA:7,0
DA:9,1
LF:7
LH:5
BRDA:9,0,0,0
BRDA:9,0,1,1
BRDA:9,1,0,1
BRDA:9,1,1,0
BRF:4
BRH:2
end_of_record
TN:
SF:product/data-collector/src/router/azure/util/event-hub-info-collector/azureCloudEventHubInfoCollector.ts
FN:8,(anonymous_0)
FN:41,(anonymous_1)
FNF:2
FNH:1
FNDA:2,(anonymous_0)
FNDA:0,(anonymous_1)
DA:1,1
DA:3,1
DA:4,1
DA:5,1
DA:7,1
DA:11,2
DA:12,2
DA:13,0
DA:15,2
DA:20,2
DA:22,2
DA:23,1
DA:24,1
DA:25,1
DA:28,1
DA:32,1
DA:34,1
DA:37,1
LF:18
LH:17
BRDA:12,0,0,0
BRDA:23,1,0,1
BRDA:23,2,0,1
BRDA:23,2,1,1
BRF:4
BRH:3
end_of_record
TN:
SF:product/data-collector/src/router/azure/util/event-hub-info-collector/azureEventHubInfoCollector.ts
FN:14,(anonymous_0)
FN:16,(anonymous_1)
FN:61,(anonymous_2)
FN:94,(anonymous_3)
FN:123,(anonymous_4)
FN:147,(anonymous_5)
FN:174,(anonymous_6)
FNF:7
FNH:7
FNDA:8,(anonymous_0)
FNDA:4,(anonymous_1)
FNDA:4,(anonymous_2)
FNDA:3,(anonymous_3)
FNDA:3,(anonymous_4)
FNDA:4,(anonymous_5)
FNDA:4,(anonymous_6)
DA:3,3
DA:5,3
DA:6,3
DA:13,3
DA:14,8
DA:23,4
DA:24,4
DA:28,4
DA:30,3
DA:32,3
DA:36,3
DA:41,3
DA:43,3
DA:48,3
DA:52,3
DA:54,1
DA:57,1
DA:62,4
DA:63,4
DA:68,4
DA:69,4
DA:70,4
DA:71,3
DA:72,3
DA:73,0
DA:75,3
DA:76,0
DA:78,3
DA:81,3
DA:87,1
DA:89,1
DA:90,1
DA:107,3
DA:108,3
DA:109,3
DA:110,3
DA:115,3
DA:116,3
DA:118,0
DA:119,0
DA:129,3
DA:130,3
DA:131,3
DA:132,3
DA:133,3
DA:134,3
DA:135,3
DA:138,3
DA:140,0
DA:143,0
DA:152,4
DA:153,3
DA:156,1
DA:157,1
DA:160,1
DA:161,1
DA:162,0
DA:164,1
DA:165,1
DA:166,1
DA:167,1
DA:169,0
DA:170,0
DA:175,4
DA:176,4
DA:182,4
DA:183,4
DA:184,4
LF:68
LH:59
BRDA:72,0,0,0
BRDA:72,1,0,3
BRDA:72,1,1,3
BRDA:72,1,2,3
BRDA:75,2,0,0
BRDA:75,3,0,3
BRDA:75,3,1,1
BRDA:152,4,0,3
BRDA:161,5,0,0
BRDA:161,6,0,1
BRDA:161,6,1,1
BRF:11
BRH:8
end_of_record
TN:
SF:product/data-collector/src/router/azure/util/event-hub-info-collector/azureOrganizationEventHubInfoCollector.ts
FN:10,(anonymous_0)
FN:15,(anonymous_1)
FN:49,(anonymous_2)
FN:67,(anonymous_3)
FNF:4
FNH:3
FNDA:2,(anonymous_0)
FNDA:2,(anonymous_1)
FNDA:2,(anonymous_2)
FNDA:0,(anonymous_3)
DA:1,1
DA:3,1
DA:4,1
DA:5,1
DA:8,1
DA:11,2
DA:12,2
DA:18,2
DA:19,2
DA:21,2
DA:22,2
DA:27,2
DA:29,2
DA:30,1
DA:31,1
DA:32,1
DA:35,1
DA:40,1
DA:42,1
DA:45,1
DA:50,2
DA:51,2
DA:52,2
DA:53,2
DA:54,2
DA:55,2
DA:56,2
DA:59,2
DA:60,2
DA:62,0
DA:63,0
DA:71,0
DA:72,0
DA:94,0
DA:96,0
DA:97,0
LF:36
LH:29
BRDA:30,0,0,1
BRDA:30,1,0,1
BRDA:30,1,1,1
BRDA:55,2,0,2
BRF:4
BRH:4
end_of_record
TN:
SF:product/data-collector/src/router/azure/validate/validate.controller.ts
FN:19,(anonymous_0)
FN:22,(anonymous_1)
FN:30,(anonymous_2)
FN:38,(anonymous_3)
FN:46,(anonymous_4)
FNF:5
FNH:1
FNDA:1,(anonymous_0)
FNDA:0,(anonymous_1)
FNDA:0,(anonymous_2)
FNDA:0,(anonymous_3)
FNDA:0,(anonymous_4)
DA:1,1
DA:2,1
DA:3,1
DA:11,1
DA:12,1
DA:17,1
DA:18,1
DA:19,1
DA:22,1
DA:25,0
DA:26,0
DA:30,1
DA:33,0
DA:34,0
DA:38,1
DA:41,0
DA:42,0
DA:46,1
DA:49,0
DA:50,0
LF:20
LH:12
BRDA:23,0,0,1
BRDA:23,0,1,0
BRDA:23,1,0,1
BRDA:23,1,1,1
BRDA:24,2,0,1
BRDA:24,2,1,0
BRDA:24,3,0,1
BRDA:24,3,1,1
BRDA:31,4,0,1
BRDA:31,4,1,0
BRDA:31,5,0,1
BRDA:31,5,1,1
BRDA:32,6,0,1
BRDA:32,6,1,0
BRDA:32,7,0,1
BRDA:32,7,1,1
BRDA:39,8,0,1
BRDA:39,8,1,0
BRDA:39,9,0,1
BRDA:39,9,1,1
BRDA:40,10,0,1
BRDA:40,10,1,0
BRDA:40,11,0,1
BRDA:40,11,1,1
BRDA:47,12,0,1
BRDA:47,12,1,0
BRDA:47,13,0,1
BRDA:47,13,1,1
BRDA:48,14,0,1
BRDA:48,14,1,0
BRDA:48,15,0,1
BRDA:48,15,1,1
BRDA:19,16,0,1
BRDA:19,16,1,0
BRDA:19,17,0,1
BRDA:19,17,1,1
BRF:36
BRH:27
end_of_record
TN:
SF:product/data-collector/src/router/azure/validate/validate.service.ts
FN:17,(anonymous_0)
FN:20,(anonymous_1)
FN:23,(anonymous_2)
FN:26,(anonymous_3)
FNF:4
FNH:0
FNDA:0,(anonymous_0)
FNDA:0,(anonymous_1)
FNDA:0,(anonymous_2)
FNDA:0,(anonymous_3)
DA:1,2
DA:16,2
DA:18,0
DA:21,0
DA:24,0
DA:29,0
LF:6
LH:2
BRF:0
BRH:0
end_of_record
TN:
SF:product/data-collector/src/router/azure/validate/dto/getAccountInfo.dto.ts
FNF:0
FNH:0
DA:1,1
DA:2,1
DA:5,1
DA:7,1
LF:4
LH:4
BRF:0
BRH:0
end_of_record
TN:
SF:product/data-collector/src/router/azure/validate/dto/getLogCollectInfo.dto.ts
FN:16,(anonymous_0)
FNF:1
FNH:0
FNDA:0,(anonymous_0)
DA:1,1
DA:2,1
DA:3,1
DA:4,1
DA:7,1
DA:10,1
DA:14,1
DA:16,0
DA:18,1
DA:21,1
LF:10
LH:9
BRF:0
BRH:0
end_of_record
TN:
SF:product/data-collector/src/router/azure/validate/dto/getOrganizationInfo.dto.ts
FNF:0
FNH:0
DA:1,1
DA:2,1
DA:5,1
DA:7,1
LF:4
LH:4
BRF:0
BRH:0
end_of_record
TN:
SF:product/data-collector/src/router/azure/validate/dto/getOrganizationMemberList.dto.ts
FNF:0
FNH:0
DA:1,1
DA:2,1
DA:5,1
DA:7,1
LF:4
LH:4
BRF:0
BRH:0
end_of_record
TN:
SF:product/data-collector/src/router/azure/validate/dto/index.ts
FNF:0
FNH:0
DA:1,1
DA:2,1
DA:3,1
DA:4,1
LF:4
LH:4
BRF:0
BRH:0
end_of_record
TN:
SF:product/data-collector/src/router/gcp/constant/pattern.constant.ts
FNF:0
FNH:0
DA:1,3
LF:1
LH:1
BRF:0
BRH:0
end_of_record
TN:
SF:product/data-collector/src/router/gcp/constant/permission.constant.ts
FNF:0
FNH:0
DA:1,5
DA:101,5
LF:2
LH:2
BRF:0
BRH:0
end_of_record
TN:
SF:product/data-collector/src/router/gcp/error/error.ts
FN:4,(anonymous_0)
FN:11,(anonymous_1)
FNF:2
FNH:2
FNDA:6,(anonymous_0)
FNDA:4,(anonymous_1)
DA:1,3
DA:3,3
DA:5,6
DA:6,6
DA:10,3
DA:12,4
DA:13,4
DA:14,4
LF:8
LH:8
BRDA:12,0,0,2
BRDA:12,0,1,2
BRF:2
BRH:2
end_of_record
TN:
SF:product/data-collector/src/router/gcp/util/gcpPubsubInfoCollector.ts
FN:13,(anonymous_0)
FN:17,(anonymous_1)
FN:48,(anonymous_2)
FN:59,(anonymous_3)
FN:60,(anonymous_4)
FN:67,(anonymous_5)
FNF:6
FNH:6
FNDA:8,(anonymous_0)
FNDA:7,(anonymous_1)
FNDA:5,(anonymous_2)
FNDA:7,(anonymous_3)
FNDA:7,(anonymous_4)
FNDA:5,(anonymous_5)
DA:2,3
DA:3,3
DA:4,3
DA:5,3
DA:6,3
DA:7,3
DA:9,3
DA:11,3
DA:14,8
DA:24,7
DA:25,7
DA:26,3
DA:27,2
DA:29,2
DA:30,2
DA:33,1
DA:36,4
DA:37,3
DA:39,3
DA:40,2
DA:42,1
DA:45,1
DA:49,5
DA:50,5
DA:51,5
DA:52,5
DA:54,0
DA:55,0
DA:60,7
DA:61,7
DA:62,3
DA:64,4
DA:66,7
DA:67,7
DA:68,5
DA:69,5
DA:70,5
DA:71,5
DA:73,0
DA:75,7
LF:40
LH:37
BRDA:25,0,0,3
BRDA:29,1,0,2
BRDA:36,2,0,3
BRDA:39,3,0,2
BRDA:52,4,0,5
BRDA:52,4,1,0
BRDA:61,5,0,3
BRDA:68,6,0,5
BRDA:68,6,1,0
BRDA:69,7,0,5
BRDA:69,7,1,0
BRDA:70,8,0,5
BRF:12
BRH:9
end_of_record
TN:
SF:product/data-collector/src/router/gcp/util/gcpValidateQueryBase.ts
FN:6,(anonymous_0)
FN:7,(anonymous_1)
FNF:2
FNH:0
FNDA:0,(anonymous_0)
FNDA:0,(anonymous_1)
DA:1,1
DA:2,1
DA:3,1
DA:5,1
DA:6,0
DA:7,0
DA:9,1
LF:7
LH:5
BRDA:9,0,0,0
BRDA:9,0,1,1
BRDA:9,1,0,1
BRDA:9,1,1,0
BRF:4
BRH:2
end_of_record
TN:
SF:product/data-collector/src/router/gcp/util/organizationSinkNextPageTokenRequester.ts
FN:12,(anonymous_0)
FNF:1
FNH:1
FNDA:3,(anonymous_0)
DA:3,3
DA:5,3
DA:8,3
DA:16,3
DA:17,3
DA:22,3
DA:23,3
DA:24,3
DA:26,0
DA:27,0
LF:10
LH:8
BRDA:22,0,0,3
BRDA:22,0,1,0
BRF:2
BRH:1
end_of_record
TN:
SF:product/data-collector/src/router/gcp/util/topicSubscriptionNextPageTokenRequester.ts
FN:12,(anonymous_0)
FNF:1
FNH:1
FNDA:5,(anonymous_0)
DA:2,3
DA:3,3
DA:8,3
DA:16,5
DA:17,5
DA:22,5
DA:23,5
DA:24,5
DA:26,0
DA:27,0
LF:10
LH:8
BRDA:22,0,0,5
BRDA:22,0,1,0
BRF:2
BRH:1
end_of_record
TN:
SF:product/data-collector/src/router/gcp/util/auth-validator/gcpAccountAuthValidator.ts
FN:5,(anonymous_0)
FNF:1
FNH:1
FNDA:2,(anonymous_0)
DA:1,3
DA:2,3
DA:4,3
DA:6,2
DA:7,98
DA:8,1
DA:11,1
LF:7
LH:7
BRDA:7,0,0,1
BRF:1
BRH:1
end_of_record
TN:
SF:product/data-collector/src/router/gcp/util/auth-validator/gcpAuthValidadtor.ts
FN:8,(anonymous_0)
FN:12,(anonymous_1)
FN:15,(anonymous_2)
FN:27,(anonymous_3)
FN:37,(anonymous_4)
FN:40,(anonymous_5)
FN:48,(anonymous_6)
FNF:7
FNH:7
FNDA:13,(anonymous_0)
FNDA:1,(anonymous_1)
FNDA:1,(anonymous_2)
FNDA:3,(anonymous_3)
FNDA:4,(anonymous_4)
FNDA:2,(anonymous_5)
FNDA:3,(anonymous_6)
DA:2,5
DA:4,5
DA:6,5
DA:9,13
DA:13,1
DA:15,1
DA:16,1
DA:17,1
DA:18,1
DA:20,1
DA:23,1
DA:24,1
DA:28,3
DA:29,3
DA:33,2
DA:36,2
DA:38,4
DA:40,2
DA:41,2
DA:43,1
DA:44,1
DA:49,3
DA:50,3
DA:54,2
DA:55,2
DA:57,1
DA:58,1
LF:27
LH:27
BRDA:36,0,0,2
BRDA:36,0,1,0
BRDA:40,1,0,2
BRDA:40,1,1,0
BRDA:54,2,0,2
BRDA:54,2,1,0
BRF:6
BRH:3
end_of_record
TN:
SF:product/data-collector/src/router/gcp/util/auth-validator/gcpOrganizationAuthValidator.ts
FN:5,(anonymous_0)
FNF:1
FNH:1
FNDA:2,(anonymous_0)
DA:1,3
DA:2,3
DA:4,3
DA:6,2
DA:7,100
DA:8,1
DA:11,1
LF:7
LH:7
BRDA:7,0,0,1
BRF:1
BRH:1
end_of_record
TN:
SF:product/data-collector/src/router/gcp/validate/gcpValidate.controller.ts
FN:17,(anonymous_0)
FN:19,(anonymous_1)
FN:27,(anonymous_2)
FN:35,(anonymous_3)
FN:43,(anonymous_4)
FNF:5
FNH:1
FNDA:1,(anonymous_0)
FNDA:0,(anonymous_1)
FNDA:0,(anonymous_2)
FNDA:0,(anonymous_3)
FNDA:0,(anonymous_4)
DA:1,1
DA:2,1
DA:3,1
DA:4,1
DA:15,1
DA:16,1
DA:17,1
DA:19,1
DA:22,0
DA:23,0
DA:27,1
DA:30,0
DA:31,0
DA:35,1
DA:38,0
DA:39,0
DA:43,1
DA:46,0
DA:47,0
LF:19
LH:11
BRDA:20,0,0,1
BRDA:20,0,1,0
BRDA:20,1,0,1
BRDA:20,1,1,1
BRDA:21,2,0,1
BRDA:21,2,1,0
BRDA:21,3,0,1
BRDA:21,3,1,1
BRDA:28,4,0,1
BRDA:28,4,1,0
BRDA:28,5,0,1
BRDA:28,5,1,1
BRDA:29,6,0,1
BRDA:29,6,1,0
BRDA:29,7,0,1
BRDA:29,7,1,1
BRDA:36,8,0,1
BRDA:36,8,1,0
BRDA:36,9,0,1
BRDA:36,9,1,1
BRDA:37,10,0,1
BRDA:37,10,1,0
BRDA:37,11,0,1
BRDA:37,11,1,1
BRDA:44,12,0,1
BRDA:44,12,1,0
BRDA:44,13,0,1
BRDA:44,13,1,1
BRDA:45,14,0,1
BRDA:45,14,1,0
BRDA:45,15,0,1
BRDA:45,15,1,1
BRDA:17,16,0,1
BRDA:17,16,1,0
BRDA:17,17,0,1
BRDA:17,17,1,1
BRF:36
BRH:27
end_of_record
TN:
SF:product/data-collector/src/router/gcp/validate/gcpValidate.service.ts
FN:27,(anonymous_0)
FN:29,(anonymous_1)
FN:43,(anonymous_2)
FN:57,(anonymous_3)
FN:64,(anonymous_4)
FN:74,(anonymous_5)
FN:82,(anonymous_6)
FN:91,(anonymous_7)
FN:96,(anonymous_8)
FN:101,(anonymous_9)
FNF:10
FNH:10
FNDA:8,(anonymous_0)
FNDA:2,(anonymous_1)
FNDA:2,(anonymous_2)
FNDA:2,(anonymous_3)
FNDA:1,(anonymous_4)
FNDA:1,(anonymous_5)
FNDA:1,(anonymous_6)
FNDA:1,(anonymous_7)
FNDA:2,(anonymous_8)
FNDA:1,(anonymous_9)
DA:1,2
DA:2,2
DA:16,2
DA:17,2
DA:19,2
DA:20,2
DA:21,2
DA:22,2
DA:23,2
DA:25,2
DA:26,2
DA:27,8
DA:30,2
DA:31,2
DA:32,2
DA:37,2
DA:38,1
DA:40,1
DA:44,2
DA:45,2
DA:46,2
DA:51,2
DA:52,1
DA:54,1
DA:60,2
DA:61,2
DA:69,1
DA:70,1
DA:71,1
DA:75,1
DA:76,1
DA:77,1
DA:78,1
DA:79,1
DA:86,1
DA:90,1
DA:91,1
DA:92,1
DA:93,1
DA:97,2
DA:98,1
DA:99,0
DA:101,1
DA:102,1
DA:103,0
DA:105,1
DA:114,1
LF:47
LH:45
BRDA:37,0,0,1
BRDA:51,1,0,1
BRDA:77,2,0,1
BRDA:77,2,1,0
BRDA:78,3,0,1
BRDA:78,3,1,0
BRDA:90,4,0,1
BRDA:90,4,1,0
BRDA:92,5,0,1
BRDA:92,5,1,0
BRDA:98,6,0,0
BRDA:102,7,0,0
BRDA:108,8,0,1
BRDA:108,8,1,0
BRDA:109,9,0,1
BRDA:109,9,1,0
BRDA:27,10,0,2
BRDA:27,10,1,0
BRDA:27,11,0,2
BRDA:27,11,1,2
BRF:20
BRH:11
end_of_record
TN:
SF:product/data-collector/src/router/gcp/validate/dto/getAccountInfo.dto.ts
FNF:0
FNH:0
DA:1,1
DA:2,1
DA:5,1
DA:7,1
LF:4
LH:4
BRF:0
BRH:0
end_of_record
TN:
SF:product/data-collector/src/router/gcp/validate/dto/getLogCollectInfo.dto.ts
FN:12,(anonymous_0)
FNF:1
FNH:0
FNDA:0,(anonymous_0)
DA:1,1
DA:2,1
DA:4,1
DA:5,1
DA:7,1
DA:10,1
DA:12,0
DA:14,1
DA:17,1
LF:9
LH:8
BRF:0
BRH:0
end_of_record
TN:
SF:product/data-collector/src/router/gcp/validate/dto/getOrganizationInfo.dto.ts
FNF:0
FNH:0
DA:1,1
DA:2,1
DA:5,1
DA:7,1
LF:4
LH:4
BRF:0
BRH:0
end_of_record
TN:
SF:product/data-collector/src/router/gcp/validate/dto/getOrganizationMemberList.dto.ts
FNF:0
FNH:0
DA:1,1
DA:2,1
DA:5,1
DA:7,1
LF:4
LH:4
BRF:0
BRH:0
end_of_record
TN:
SF:product/data-collector/src/router/gcp/validate/dto/index.ts
FNF:0
FNH:0
DA:1,1
DA:2,1
DA:3,1
DA:4,1
LF:4
LH:4
BRF:0
BRH:0
end_of_record
TN:
SF:product/data-collector/src/type/fullScan.type.ts
FNF:0
FNH:0
DA:1,0
DA:3,0
LF:2
LH:0
BRF:0
BRH:0
end_of_record
TN:
SF:product/data-collector/src/type/aws/awsClientMap.type.ts
FNF:0
FNH:0
DA:1,69
DA:2,69
DA:3,69
DA:4,69
DA:5,69
DA:6,69
DA:7,69
DA:8,69
DA:9,69
DA:10,69
DA:11,69
DA:12,69
DA:13,69
DA:14,69
DA:15,69
DA:16,69
DA:17,69
DA:18,69
DA:19,69
DA:20,69
DA:21,69
DA:22,69
DA:23,69
DA:24,69
DA:25,69
DA:26,69
DA:27,69
DA:28,69
DA:29,69
DA:30,69
DA:33,69
DA:98,69
LF:32
LH:32
BRF:0
BRH:0
end_of_record
TN:
SF:product/data-collector/src/type/aws/awsRequester.type.ts
FNF:0
FNH:0
DA:1,0
DA:2,0
DA:3,0
DA:4,0
DA:5,0
DA:6,0
DA:7,0
DA:8,0
DA:9,0
DA:10,0
DA:11,0
DA:12,0
DA:13,0
DA:14,0
DA:15,0
DA:16,0
DA:17,0
DA:18,0
DA:19,0
DA:20,0
DA:21,0
DA:22,0
DA:23,0
DA:24,0
DA:25,0
DA:26,0
DA:27,0
DA:28,0
DA:29,0
DA:30,0
DA:31,0
DA:32,0
DA:33,0
DA:34,0
DA:35,0
DA:36,0
DA:37,0
DA:38,0
DA:39,0
DA:40,0
DA:41,0
DA:42,0
DA:43,0
DA:44,0
DA:45,0
DA:46,0
DA:47,0
DA:48,0
DA:49,0
DA:50,0
DA:51,0
DA:52,0
DA:53,0
DA:54,0
DA:55,0
DA:56,0
DA:58,0
LF:57
LH:0
BRF:0
BRH:0
end_of_record
TN:
SF:product/data-collector/src/type/azure/azureClientMap.type.ts
FNF:0
FNH:0
DA:1,44
DA:2,44
DA:3,44
DA:4,44
DA:5,44
DA:6,44
DA:7,44
DA:8,44
DA:9,44
DA:10,44
DA:11,44
DA:12,44
DA:13,44
DA:14,44
DA:15,44
DA:16,44
DA:17,44
DA:20,44
DA:67,44
LF:19
LH:19
BRF:0
BRH:0
end_of_record
TN:
SF:product/data-collector/src/type/azure/azureRequester.type.ts
FNF:0
FNH:0
DA:1,0
DA:2,0
DA:3,0
DA:4,0
DA:5,0
DA:6,0
DA:7,0
DA:8,0
DA:9,0
DA:10,0
DA:11,0
DA:12,0
DA:13,0
DA:14,0
DA:15,0
DA:16,0
DA:17,0
DA:18,0
DA:19,0
DA:20,0
DA:21,0
DA:22,0
DA:23,0
DA:24,0
DA:25,0
DA:26,0
DA:27,0
DA:28,0
DA:29,0
DA:30,0
DA:31,0
DA:32,0
DA:33,0
DA:34,0
DA:35,0
DA:36,0
DA:37,0
DA:39,0
LF:38
LH:0
BRF:0
BRH:0
end_of_record
TN:
SF:product/data-collector/src/type/azure/azureResource.type.ts
FNF:0
FNH:0
DA:1,0
LF:1
LH:0
BRF:0
BRH:0
end_of_record
TN:
SF:product/data-collector/src/type/common/requester.type.ts
FNF:0
FNH:0
DA:1,0
DA:2,0
DA:10,0
LF:3
LH:0
BRF:0
BRH:0
end_of_record
TN:
SF:product/data-collector/src/type/communication/eventMediator.type.ts
FNF:0
FNH:0
DA:2,0
DA:4,0
DA:6,0
DA:12,0
LF:4
LH:0
BRF:0
BRH:0
end_of_record
TN:
SF:product/data-collector/src/type/communication/process.type.ts
FNF:0
FNH:0
DA:11,0
DA:15,0
LF:2
LH:0
BRF:0
BRH:0
end_of_record
TN:
SF:product/data-collector/src/type/communication/transport.type.ts
FNF:0
FNH:0
DA:1,0
LF:1
LH:0
BRF:0
BRH:0
end_of_record
TN:
SF:product/data-collector/src/type/gcp/gcpRequester.tye.ts
FNF:0
FNH:0
DA:1,0
DA:2,0
DA:3,0
DA:4,0
DA:5,0
DA:6,0
DA:7,0
DA:8,0
DA:9,0
DA:10,0
DA:11,0
DA:12,0
DA:13,0
DA:14,0
DA:15,0
DA:16,0
DA:17,0
DA:18,0
DA:19,0
DA:20,0
DA:21,0
DA:22,0
DA:23,0
DA:24,0
DA:25,0
DA:26,0
DA:27,0
DA:28,0
DA:29,0
DA:30,0
DA:31,0
DA:32,0
DA:33,0
DA:34,0
DA:35,0
DA:36,0
DA:37,0
DA:38,0
DA:39,0
DA:41,0
LF:40
LH:0
BRF:0
BRH:0
end_of_record
TN:
SF:product/data-collector/src/type/ncp/ncpClientMap.type.ts
FN:62,(anonymous_0)
FN:64,(anonymous_1)
FNF:2
FNH:2
FNDA:24,(anonymous_0)
FNDA:72,(anonymous_1)
DA:1,24
DA:2,24
DA:3,24
DA:4,24
DA:5,24
DA:6,24
DA:7,24
DA:8,24
DA:9,24
DA:10,24
DA:62,24
DA:63,24
DA:64,72
DA:65,72
DA:107,24
LF:15
LH:15
BRF:0
BRH:0
end_of_record
TN:
SF:product/data-collector/src/util/validator.ts
FN:3,requireNonNull
FNF:1
FNH:0
FNDA:0,requireNonNull
DA:1,0
DA:3,0
DA:4,0
DA:5,0
DA:7,0
LF:5
LH:0
BRDA:4,0,0,0
BRDA:4,1,0,0
BRDA:4,1,1,0
BRDA:5,2,0,0
BRDA:5,2,1,0
BRF:5
BRH:0
end_of_record
