{"total": {"lines":{"total":140,"covered":114,"skipped":0,"pct":81.42},"statements":{"total":151,"covered":125,"skipped":0,"pct":82.78},"functions":{"total":37,"covered":28,"skipped":0,"pct":75.67},"branches":{"total":168,"covered":130,"skipped":0,"pct":77.38},"branchesTrue":{"total":0,"covered":0,"skipped":0,"pct":100}}
,"/home/user1/repo/securecloud-backendx/product/log-sink/src/init.ts": {"lines":{"total":7,"covered":0,"skipped":0,"pct":0},"functions":{"total":1,"covered":0,"skipped":0,"pct":0},"statements":{"total":7,"covered":0,"skipped":0,"pct":0},"branches":{"total":0,"covered":0,"skipped":0,"pct":100}}
,"/home/user1/repo/securecloud-backendx/product/log-sink/src/cloud-log-mapper/awsLogMapper.ts": {"lines":{"total":9,"covered":7,"skipped":0,"pct":77.77},"functions":{"total":2,"covered":1,"skipped":0,"pct":50},"statements":{"total":11,"covered":9,"skipped":0,"pct":81.81},"branches":{"total":11,"covered":6,"skipped":0,"pct":54.54}}
,"/home/user1/repo/securecloud-backendx/product/log-sink/src/cloud-log-mapper/azureLogMapper.ts": {"lines":{"total":5,"covered":5,"skipped":0,"pct":100},"functions":{"total":2,"covered":2,"skipped":0,"pct":100},"statements":{"total":7,"covered":7,"skipped":0,"pct":100},"branches":{"total":10,"covered":10,"skipped":0,"pct":100}}
,"/home/user1/repo/securecloud-backendx/product/log-sink/src/cloud-log-mapper/cloudLogMapper.store.ts": {"lines":{"total":16,"covered":10,"skipped":0,"pct":62.5},"functions":{"total":2,"covered":1,"skipped":0,"pct":50},"statements":{"total":17,"covered":11,"skipped":0,"pct":64.7},"branches":{"total":21,"covered":12,"skipped":0,"pct":57.14}}
,"/home/user1/repo/securecloud-backendx/product/log-sink/src/cloud-log-mapper/cloudLogMapper.ts": {"lines":{"total":29,"covered":29,"skipped":0,"pct":100},"functions":{"total":17,"covered":17,"skipped":0,"pct":100},"statements":{"total":29,"covered":29,"skipped":0,"pct":100},"branches":{"total":63,"covered":54,"skipped":0,"pct":85.71}}
,"/home/user1/repo/securecloud-backendx/product/log-sink/src/cloud-log-mapper/exception.ts": {"lines":{"total":8,"covered":6,"skipped":0,"pct":75},"functions":{"total":2,"covered":1,"skipped":0,"pct":50},"statements":{"total":8,"covered":6,"skipped":0,"pct":75},"branches":{"total":0,"covered":0,"skipped":0,"pct":100}}
,"/home/user1/repo/securecloud-backendx/product/log-sink/src/cloud-log-mapper/gcpLogMapper.ts": {"lines":{"total":7,"covered":7,"skipped":0,"pct":100},"functions":{"total":2,"covered":2,"skipped":0,"pct":100},"statements":{"total":9,"covered":9,"skipped":0,"pct":100},"branches":{"total":13,"covered":13,"skipped":0,"pct":100}}
,"/home/user1/repo/securecloud-backendx/product/log-sink/src/cloud-log-mapper/index.ts": {"lines":{"total":8,"covered":8,"skipped":0,"pct":100},"functions":{"total":0,"covered":0,"skipped":0,"pct":100},"statements":{"total":8,"covered":8,"skipped":0,"pct":100},"branches":{"total":0,"covered":0,"skipped":0,"pct":100}}
,"/home/user1/repo/securecloud-backendx/product/log-sink/src/cloud-log-mapper/ncpLogMapper.ts": {"lines":{"total":4,"covered":3,"skipped":0,"pct":75},"functions":{"total":1,"covered":0,"skipped":0,"pct":0},"statements":{"total":6,"covered":5,"skipped":0,"pct":83.33},"branches":{"total":2,"covered":0,"skipped":0,"pct":0}}
,"/home/user1/repo/securecloud-backendx/product/log-sink/src/router/cloud-log/cloudLog.controller.ts": {"lines":{"total":22,"covered":14,"skipped":0,"pct":63.63},"functions":{"total":5,"covered":1,"skipped":0,"pct":20},"statements":{"total":23,"covered":15,"skipped":0,"pct":65.21},"branches":{"total":40,"covered":30,"skipped":0,"pct":75}}
,"/home/user1/repo/securecloud-backendx/product/log-sink/src/router/cloud-log/cloudLog.service.ts": {"lines":{"total":9,"covered":9,"skipped":0,"pct":100},"functions":{"total":3,"covered":3,"skipped":0,"pct":100},"statements":{"total":10,"covered":10,"skipped":0,"pct":100},"branches":{"total":4,"covered":3,"skipped":0,"pct":75}}
,"/home/user1/repo/securecloud-backendx/product/log-sink/src/router/cloud-log/dto/create.dto.ts": {"lines":{"total":9,"covered":9,"skipped":0,"pct":100},"functions":{"total":0,"covered":0,"skipped":0,"pct":100},"statements":{"total":9,"covered":9,"skipped":0,"pct":100},"branches":{"total":0,"covered":0,"skipped":0,"pct":100}}
,"/home/user1/repo/securecloud-backendx/product/log-sink/src/router/cloud-log/dto/index.ts": {"lines":{"total":1,"covered":1,"skipped":0,"pct":100},"functions":{"total":0,"covered":0,"skipped":0,"pct":100},"statements":{"total":1,"covered":1,"skipped":0,"pct":100},"branches":{"total":0,"covered":0,"skipped":0,"pct":100}}
,"/home/user1/repo/securecloud-backendx/product/log-sink/src/router/cloud-log/dto/util/cloudLogBodyBase.ts": {"lines":{"total":6,"covered":6,"skipped":0,"pct":100},"functions":{"total":0,"covered":0,"skipped":0,"pct":100},"statements":{"total":6,"covered":6,"skipped":0,"pct":100},"branches":{"total":4,"covered":2,"skipped":0,"pct":50}}
}
