TN:
SF:product/log-sink/src/init.ts
FN:3,initService
FNF:1
FNH:0
FNDA:0,initService
DA:1,0
DA:2,0
DA:3,0
DA:4,0
DA:5,0
DA:6,0
DA:7,0
LF:7
LH:0
BRF:0
BRH:0
end_of_record
TN:
SF:product/log-sink/src/cloud-log-mapper/awsLogMapper.ts
FN:8,(anonymous_0)
FN:27,(anonymous_1)
FNF:2
FNH:1
FNDA:1,(anonymous_0)
FNDA:0,(anonymous_1)
DA:1,2
DA:4,2
DA:7,2
DA:9,1
DA:23,1
DA:24,1
DA:25,1
DA:27,0
DA:28,0
LF:9
LH:7
BRDA:17,0,0,1
BRDA:17,0,1,1
BRDA:19,1,0,1
BRDA:19,1,1,1
BRDA:24,2,0,1
BRDA:24,3,0,1
BRDA:24,3,1,0
BRDA:30,4,0,0
BRDA:30,4,1,0
BRDA:32,5,0,0
BRDA:32,5,1,0
BRF:11
BRH:6
end_of_record
TN:
SF:product/log-sink/src/cloud-log-mapper/azureLogMapper.ts
FN:8,(anonymous_0)
FN:9,(anonymous_1)
FNF:2
FNH:2
FNDA:1,(anonymous_0)
FNDA:1,(anonymous_1)
DA:1,2
DA:4,2
DA:7,2
DA:9,1
DA:10,1
LF:5
LH:5
BRDA:14,0,0,1
BRDA:14,0,1,1
BRDA:18,1,0,1
BRDA:18,1,1,1
BRDA:19,2,0,1
BRDA:19,2,1,1
BRDA:20,3,0,1
BRDA:20,3,1,1
BRDA:23,4,0,1
BRDA:23,4,1,1
BRF:10
BRH:10
end_of_record
TN:
SF:product/log-sink/src/cloud-log-mapper/cloudLogMapper.store.ts
FN:9,(anonymous_0)
FN:16,(anonymous_1)
FNF:2
FNH:1
FNDA:1,(anonymous_0)
FNDA:0,(anonymous_1)
DA:1,2
DA:3,2
DA:4,2
DA:5,2
DA:7,2
DA:8,2
DA:10,1
DA:11,1
DA:12,1
DA:13,1
DA:17,0
DA:19,0
DA:21,0
DA:23,0
DA:25,0
DA:27,0
LF:16
LH:10
BRDA:17,0,0,0
BRDA:17,0,1,0
BRDA:17,0,2,0
BRDA:17,0,3,0
BRDA:17,0,4,0
BRDA:10,1,0,2
BRDA:10,1,1,0
BRDA:10,2,0,2
BRDA:10,2,1,2
BRDA:10,3,0,2
BRDA:10,3,1,0
BRDA:10,4,0,2
BRDA:10,4,1,2
BRDA:11,5,0,2
BRDA:11,5,1,0
BRDA:11,6,0,2
BRDA:11,6,1,2
BRDA:12,7,0,2
BRDA:12,7,1,0
BRDA:12,8,0,2
BRDA:12,8,1,2
BRF:21
BRH:12
end_of_record
TN:
SF:product/log-sink/src/cloud-log-mapper/cloudLogMapper.ts
FN:7,(anonymous_0)
FN:9,(anonymous_1)
FN:23,(anonymous_2)
FN:61,(anonymous_3)
FN:64,(anonymous_4)
FN:67,(anonymous_5)
FN:75,(anonymous_6)
FN:78,(anonymous_7)
FN:81,(anonymous_8)
FN:84,(anonymous_9)
FN:87,(anonymous_10)
FN:90,(anonymous_11)
FN:93,(anonymous_12)
FN:96,(anonymous_13)
FN:99,(anonymous_14)
FN:102,(anonymous_15)
FN:108,(anonymous_16)
FNF:17
FNH:17
FNDA:7,(anonymous_0)
FNDA:7,(anonymous_1)
FNDA:7,(anonymous_2)
FNDA:7,(anonymous_3)
FNDA:7,(anonymous_4)
FNDA:7,(anonymous_5)
FNDA:6,(anonymous_6)
FNDA:6,(anonymous_7)
FNDA:6,(anonymous_8)
FNDA:6,(anonymous_9)
FNDA:6,(anonymous_10)
FNDA:6,(anonymous_11)
FNDA:6,(anonymous_12)
FNDA:6,(anonymous_13)
FNDA:6,(anonymous_14)
FNDA:6,(anonymous_15)
FNDA:6,(anonymous_16)
DA:1,3
DA:3,3
DA:4,3
DA:6,3
DA:8,7
DA:10,7
DA:11,7
DA:12,6
DA:14,1
DA:16,7
DA:20,7
DA:39,7
DA:40,7
DA:56,6
DA:58,1
DA:62,7
DA:65,7
DA:68,7
DA:76,6
DA:79,6
DA:82,6
DA:85,6
DA:88,6
DA:91,6
DA:94,6
DA:97,6
DA:100,6
DA:103,6
DA:109,6
LF:29
LH:29
BRDA:40,0,0,6
BRDA:41,1,0,7
BRDA:41,1,1,7
BRDA:41,1,2,7
BRDA:41,1,3,6
BRDA:41,1,4,6
BRDA:41,1,5,6
BRDA:41,1,6,6
BRDA:41,1,7,6
BRDA:41,1,8,6
BRDA:41,1,9,6
BRDA:41,1,10,6
BRDA:41,1,11,6
BRDA:41,1,12,6
BRDA:41,1,13,6
BRDA:62,2,0,7
BRDA:62,2,1,7
BRDA:62,2,2,7
BRDA:65,3,0,7
BRDA:65,3,1,7
BRDA:65,3,2,7
BRDA:69,4,0,7
BRDA:69,4,1,7
BRDA:69,4,2,7
BRDA:69,4,3,7
BRDA:76,5,0,6
BRDA:76,5,1,6
BRDA:76,5,2,6
BRDA:76,5,3,6
BRDA:79,6,0,6
BRDA:79,6,1,4
BRDA:79,6,2,4
BRDA:79,6,3,4
BRDA:82,7,0,6
BRDA:82,7,1,6
BRDA:85,8,0,6
BRDA:85,8,1,4
BRDA:85,8,2,4
BRDA:85,8,3,4
BRDA:88,9,0,6
BRDA:88,9,1,0
BRDA:88,9,2,0
BRDA:88,9,3,0
BRDA:91,10,0,6
BRDA:91,10,1,2
BRDA:91,10,2,2
BRDA:91,10,3,2
BRDA:94,11,0,6
BRDA:94,11,1,0
BRDA:94,11,2,0
BRDA:94,11,3,0
BRDA:100,12,0,6
BRDA:100,12,1,2
BRDA:100,12,2,2
BRDA:100,12,3,2
BRDA:104,13,0,6
BRDA:104,13,1,0
BRDA:104,13,2,0
BRDA:104,13,3,0
BRDA:110,14,0,6
BRDA:110,14,1,2
BRDA:110,14,2,2
BRDA:110,14,3,2
BRF:63
BRH:54
end_of_record
TN:
SF:product/log-sink/src/cloud-log-mapper/exception.ts
FN:5,(anonymous_0)
FN:12,(anonymous_1)
FNF:2
FNH:1
FNDA:1,(anonymous_0)
FNDA:0,(anonymous_1)
DA:1,3
DA:2,3
DA:4,3
DA:6,1
DA:7,1
DA:11,3
DA:13,0
DA:14,0
LF:8
LH:6
BRF:0
BRH:0
end_of_record
TN:
SF:product/log-sink/src/cloud-log-mapper/gcpLogMapper.ts
FN:8,(anonymous_0)
FN:29,(anonymous_1)
FNF:2
FNH:2
FNDA:1,(anonymous_0)
FNDA:1,(anonymous_1)
DA:1,2
DA:4,2
DA:7,2
DA:9,1
DA:32,1
DA:34,1
DA:35,1
LF:7
LH:7
BRDA:15,0,0,1
BRDA:15,0,1,1
BRDA:18,1,0,1
BRDA:18,1,1,1
BRDA:20,2,0,1
BRDA:20,2,1,1
BRDA:21,3,0,1
BRDA:21,3,1,1
BRDA:23,4,0,1
BRDA:23,4,1,1
BRDA:35,5,0,1
BRDA:35,5,1,1
BRDA:35,5,2,1
BRF:13
BRH:13
end_of_record
TN:
SF:product/log-sink/src/cloud-log-mapper/index.ts
FNF:0
FNH:0
DA:1,2
DA:2,2
DA:3,2
DA:4,2
DA:6,2
DA:7,2
DA:8,2
DA:9,2
LF:8
LH:8
BRF:0
BRH:0
end_of_record
TN:
SF:product/log-sink/src/cloud-log-mapper/ncpLogMapper.ts
FN:8,(anonymous_0)
FNF:1
FNH:0
FNDA:0,(anonymous_0)
DA:1,2
DA:4,2
DA:7,2
DA:9,0
LF:4
LH:3
BRDA:23,0,0,0
BRDA:23,0,1,0
BRF:2
BRH:0
end_of_record
TN:
SF:product/log-sink/src/router/cloud-log/cloudLog.controller.ts
FN:16,(anonymous_0)
FN:22,(anonymous_1)
FN:28,(anonymous_2)
FN:34,(anonymous_3)
FN:40,(anonymous_4)
FNF:5
FNH:1
FNDA:1,(anonymous_0)
FNDA:0,(anonymous_1)
FNDA:0,(anonymous_2)
FNDA:0,(anonymous_3)
FNDA:0,(anonymous_4)
DA:1,1
DA:2,1
DA:3,1
DA:10,1
DA:11,1
DA:12,1
DA:14,1
DA:15,1
DA:17,1
DA:18,1
DA:22,1
DA:23,0
DA:24,0
DA:28,1
DA:29,0
DA:30,0
DA:34,1
DA:35,0
DA:36,0
DA:40,1
DA:41,0
DA:42,0
LF:22
LH:14
BRDA:22,0,0,1
BRDA:22,0,1,0
BRDA:22,1,0,1
BRDA:22,1,1,1
BRDA:22,2,0,1
BRDA:22,2,1,0
BRDA:22,3,0,1
BRDA:22,3,1,1
BRDA:28,4,0,1
BRDA:28,4,1,0
BRDA:28,5,0,1
BRDA:28,5,1,1
BRDA:28,6,0,1
BRDA:28,6,1,0
BRDA:28,7,0,1
BRDA:28,7,1,1
BRDA:34,8,0,1
BRDA:34,8,1,0
BRDA:34,9,0,1
BRDA:34,9,1,1
BRDA:34,10,0,1
BRDA:34,10,1,0
BRDA:34,11,0,1
BRDA:34,11,1,1
BRDA:40,12,0,1
BRDA:40,12,1,0
BRDA:40,13,0,1
BRDA:40,13,1,1
BRDA:40,14,0,1
BRDA:40,14,1,0
BRDA:40,15,0,1
BRDA:40,15,1,1
BRDA:17,16,0,1
BRDA:17,16,1,0
BRDA:17,17,0,1
BRDA:17,17,1,1
BRDA:17,18,0,1
BRDA:17,18,1,0
BRDA:17,19,0,1
BRDA:17,19,1,1
BRF:40
BRH:30
end_of_record
TN:
SF:product/log-sink/src/router/cloud-log/cloudLog.service.ts
FN:7,(anonymous_0)
FN:8,(anonymous_1)
FN:11,(anonymous_2)
FNF:3
FNH:3
FNDA:5,(anonymous_0)
FNDA:1,(anonymous_1)
FNDA:3,(anonymous_2)
DA:1,2
DA:2,2
DA:5,2
DA:6,2
DA:7,5
DA:9,1
DA:12,3
DA:13,3
DA:14,3
LF:9
LH:9
BRDA:7,0,0,2
BRDA:7,0,1,0
BRDA:7,1,0,2
BRDA:7,1,1,2
BRF:4
BRH:3
end_of_record
TN:
SF:product/log-sink/src/router/cloud-log/dto/create.dto.ts
FNF:0
FNH:0
DA:1,1
DA:2,1
DA:3,1
DA:4,1
DA:6,1
DA:8,1
DA:10,1
DA:12,1
DA:14,1
LF:9
LH:9
BRF:0
BRH:0
end_of_record
TN:
SF:product/log-sink/src/router/cloud-log/dto/index.ts
FNF:0
FNH:0
DA:1,1
LF:1
LH:1
BRF:0
BRH:0
end_of_record
TN:
SF:product/log-sink/src/router/cloud-log/dto/util/cloudLogBodyBase.ts
FNF:0
FNH:0
DA:1,1
DA:2,1
DA:4,1
DA:6,1
DA:9,1
DA:12,1
LF:6
LH:6
BRDA:12,0,0,0
BRDA:12,0,1,1
BRDA:12,1,0,1
BRDA:12,1,1,0
BRF:4
BRH:2
end_of_record
