TN:
SF:module/logger/src/consoleLogger.ts
FN:16,(anonymous_0)
FN:29,(anonymous_1)
FNF:2
FNH:2
FNDA:1,(anonymous_0)
FNDA:1,(anonymous_1)
DA:3,2
DA:4,2
DA:5,2
DA:7,2
DA:9,2
DA:23,1
DA:24,1
DA:25,1
DA:26,1
DA:36,1
DA:37,1
DA:46,1
LF:12
LH:12
BRDA:36,0,0,1
BRF:1
BRH:1
end_of_record
TN:
SF:module/logger/src/exception.ts
FN:4,(anonymous_0)
FN:10,(anonymous_1)
FNF:2
FNH:0
FNDA:0,(anonymous_0)
FNDA:0,(anonymous_1)
DA:1,6
DA:3,6
DA:5,0
DA:9,6
DA:11,0
LF:5
LH:3
BRF:0
BRH:0
end_of_record
TN:
SF:module/logger/src/init.ts
FN:11,initLogger
FN:26,bootstrapLogger
FNF:2
FNH:2
FNDA:1,initLogger
FNDA:1,bootstrapLogger
DA:1,2
DA:2,2
DA:3,2
DA:4,2
DA:5,2
DA:6,2
DA:7,2
DA:8,2
DA:9,2
DA:11,2
DA:12,1
DA:13,1
DA:14,1
DA:15,1
DA:16,1
DA:23,1
DA:26,2
DA:27,1
DA:28,1
DA:29,1
DA:30,1
DA:31,1
LF:22
LH:22
BRF:0
BRH:0
end_of_record
TN:
SF:module/logger/src/logger.ts
FNF:0
FNH:0
DA:5,2
LF:1
LH:1
BRF:0
BRH:0
end_of_record
TN:
SF:module/logger/src/winstonLogger.ts
FN:17,(anonymous_0)
FN:30,(anonymous_1)
FNF:2
FNH:2
FNDA:1,(anonymous_0)
FNDA:2,(anonymous_1)
DA:2,2
DA:3,2
DA:4,2
DA:8,2
DA:10,2
DA:24,1
DA:25,1
DA:26,1
DA:27,1
DA:37,2
DA:38,1
DA:47,2
LF:12
LH:12
BRDA:37,0,0,1
BRF:1
BRH:1
end_of_record
TN:
SF:module/logger/src/config/index.ts
FNF:0
FNH:0
DA:1,2
LF:1
LH:1
BRF:0
BRH:0
end_of_record
TN:
SF:module/logger/src/config/winston.config.ts
FN:12,(anonymous_0)
FN:20,(anonymous_1)
FN:35,(anonymous_2)
FN:43,(anonymous_3)
FN:51,(anonymous_4)
FN:66,(anonymous_5)
FN:74,(anonymous_6)
FN:82,(anonymous_7)
FN:97,(anonymous_8)
FNF:9
FNH:3
FNDA:1,(anonymous_0)
FNDA:0,(anonymous_1)
FNDA:0,(anonymous_2)
FNDA:1,(anonymous_3)
FNDA:0,(anonymous_4)
FNDA:0,(anonymous_5)
FNDA:1,(anonymous_6)
FNDA:0,(anonymous_7)
FNDA:0,(anonymous_8)
DA:1,2
DA:2,2
DA:3,2
DA:4,2
DA:6,2
DA:12,2
DA:13,1
DA:21,0
DA:36,0
DA:43,2
DA:44,1
DA:52,0
DA:67,0
DA:74,2
DA:75,1
DA:83,0
DA:98,0
LF:17
LH:11
BRDA:28,0,0,1
BRDA:28,0,1,0
BRDA:59,1,0,1
BRDA:59,1,1,0
BRDA:90,2,0,1
BRDA:90,2,1,0
BRF:6
BRH:3
end_of_record
TN:
SF:module/logger/src/constant/level.constant.ts
FNF:0
FNH:0
DA:3,0
DA:5,0
DA:12,0
LF:3
LH:0
BRF:0
BRH:0
end_of_record
TN:
SF:module/logger/src/log-level/consoleLogLevel.ts
FN:5,(anonymous_0)
FN:9,(anonymous_1)
FN:12,(anonymous_2)
FN:15,(anonymous_3)
FN:18,(anonymous_4)
FNF:5
FNH:5
FNDA:7,(anonymous_0)
FNDA:1,(anonymous_1)
FNDA:1,(anonymous_2)
FNDA:1,(anonymous_3)
FNDA:1,(anonymous_4)
DA:1,6
DA:3,6
DA:6,7
DA:7,7
DA:10,1
DA:13,1
DA:16,1
DA:19,1
LF:8
LH:8
BRF:0
BRH:0
end_of_record
TN:
SF:module/logger/src/log-level/logLevel.ts
FNF:0
FNH:0
DA:1,11
LF:1
LH:1
BRF:0
BRH:0
end_of_record
TN:
SF:module/logger/src/log-level/winstonLogLevel.ts
FN:7,(anonymous_0)
FN:12,(anonymous_1)
FN:15,(anonymous_2)
FN:18,(anonymous_3)
FN:21,(anonymous_4)
FNF:5
FNH:1
FNDA:29,(anonymous_0)
FNDA:0,(anonymous_1)
FNDA:0,(anonymous_2)
FNDA:0,(anonymous_3)
FNDA:0,(anonymous_4)
DA:1,7
DA:2,7
DA:4,7
DA:8,29
DA:9,29
DA:13,0
DA:16,0
DA:19,0
DA:22,0
LF:9
LH:5
BRF:0
BRH:0
end_of_record
TN:
SF:module/logger/src/log-sender/dummyLogSender.ts
FN:5,(anonymous_0)
FN:8,(anonymous_1)
FNF:2
FNH:2
FNDA:1,(anonymous_0)
FNDA:1,(anonymous_1)
DA:1,6
DA:4,6
LF:2
LH:2
BRF:0
BRH:0
end_of_record
TN:
SF:module/logger/src/log-sender/dummyProducer.ts
FNF:0
FNH:0
DA:1,1
LF:1
LH:1
BRF:0
BRH:0
end_of_record
TN:
SF:module/logger/src/log-sender/logSender.ts
FNF:0
FNH:0
DA:3,10
LF:1
LH:1
BRF:0
BRH:0
end_of_record
TN:
SF:module/logger/src/log-type/accessLog.ts
FN:10,(anonymous_0)
FN:20,(anonymous_1)
FNF:2
FNH:2
FNDA:3,(anonymous_0)
FNDA:1,(anonymous_1)
DA:2,3
DA:7,3
DA:15,3
DA:16,3
DA:17,3
LF:5
LH:5
BRF:0
BRH:0
end_of_record
TN:
SF:module/logger/src/log-type/log.ts
FN:13,(anonymous_0)
FN:17,(anonymous_1)
FN:39,(anonymous_2)
FN:62,(anonymous_3)
FN:85,(anonymous_4)
FN:109,(anonymous_5)
FN:115,(anonymous_6)
FN:121,(anonymous_7)
FN:125,(anonymous_8)
FN:129,(anonymous_9)
FN:130,(anonymous_10)
FN:140,(anonymous_11)
FNF:12
FNH:12
FNDA:26,(anonymous_0)
FNDA:2,(anonymous_1)
FNDA:2,(anonymous_2)
FNDA:2,(anonymous_3)
FNDA:2,(anonymous_4)
FNDA:9,(anonymous_5)
FNDA:5,(anonymous_6)
FNDA:9,(anonymous_7)
FNDA:8,(anonymous_8)
FNDA:64,(anonymous_9)
FNDA:96,(anonymous_10)
FNDA:8,(anonymous_11)
DA:4,9
DA:5,9
DA:7,9
DA:14,26
DA:18,2
DA:19,2
DA:20,2
DA:22,2
DA:23,0
DA:26,2
DA:27,2
DA:28,2
DA:36,2
DA:40,2
DA:41,2
DA:42,2
DA:44,2
DA:45,0
DA:48,2
DA:49,2
DA:51,2
DA:59,2
DA:63,2
DA:64,2
DA:65,2
DA:67,2
DA:68,0
DA:71,2
DA:72,2
DA:74,2
DA:82,2
DA:86,2
DA:87,2
DA:88,2
DA:90,2
DA:91,0
DA:94,2
DA:95,2
DA:97,2
DA:105,2
DA:110,9
DA:111,7
DA:113,2
DA:114,2
DA:115,5
DA:117,2
DA:118,2
DA:122,9
DA:126,8
DA:127,8
DA:129,8
DA:130,64
DA:131,96
DA:132,24
DA:137,8
DA:141,8
DA:142,7
DA:144,1
DA:145,1
LF:59
LH:55
BRDA:22,0,0,0
BRDA:32,1,0,2
BRDA:32,1,1,1
BRDA:44,2,0,0
BRDA:55,3,0,2
BRDA:55,3,1,2
BRDA:67,4,0,0
BRDA:78,5,0,2
BRDA:78,5,1,2
BRDA:90,6,0,0
BRDA:101,7,0,2
BRDA:101,7,1,2
BRDA:110,8,0,7
BRDA:115,9,0,2
BRDA:115,9,1,0
BRDA:131,10,0,24
BRDA:131,11,0,96
BRDA:131,11,1,32
BRDA:141,12,0,7
BRDA:145,13,0,1
BRDA:145,13,1,0
BRF:21
BRH:15
end_of_record
TN:
SF:module/logger/src/log-type/systemLog.ts
FN:12,(anonymous_0)
FN:22,(anonymous_1)
FNF:2
FNH:2
FNDA:4,(anonymous_0)
FNDA:2,(anonymous_1)
DA:3,3
DA:6,3
DA:7,3
DA:9,3
DA:17,4
DA:18,4
DA:19,4
DA:23,2
DA:25,2
DA:36,2
LF:10
LH:10
BRDA:23,0,0,2
BRDA:23,0,1,2
BRF:2
BRH:2
end_of_record
TN:
SF:module/logger/src/log-type/userLog.ts
FN:12,(anonymous_0)
FN:22,(anonymous_1)
FNF:2
FNH:2
FNDA:4,(anonymous_0)
FNDA:2,(anonymous_1)
DA:3,3
DA:6,3
DA:7,3
DA:9,3
DA:17,4
DA:18,4
DA:19,4
DA:23,2
DA:25,2
DA:37,2
LF:10
LH:10
BRDA:23,0,0,2
BRDA:23,0,1,2
BRF:2
BRH:2
end_of_record
TN:
SF:module/logger/src/log-type/console/consoleAccessLog.ts
FN:9,(anonymous_0)
FN:15,(anonymous_1)
FNF:2
FNH:2
FNDA:2,(anonymous_0)
FNDA:1,(anonymous_1)
DA:1,3
DA:6,3
DA:10,2
DA:11,2
DA:12,2
LF:5
LH:5
BRF:0
BRH:0
end_of_record
TN:
SF:module/logger/src/log-type/console/consoleSystemLog.ts
FN:9,(anonymous_0)
FN:15,(anonymous_1)
FNF:2
FNH:2
FNDA:2,(anonymous_0)
FNDA:1,(anonymous_1)
DA:1,3
DA:6,3
DA:10,2
DA:11,2
DA:12,2
LF:5
LH:5
BRF:0
BRH:0
end_of_record
TN:
SF:module/logger/src/log-type/console/consoleUserLog.ts
FN:9,(anonymous_0)
FN:15,(anonymous_1)
FNF:2
FNH:2
FNDA:2,(anonymous_0)
FNDA:1,(anonymous_1)
DA:1,3
DA:6,3
DA:10,2
DA:11,2
DA:12,2
LF:5
LH:5
BRF:0
BRH:0
end_of_record
TN:
SF:module/logger/src/type/index.ts
FNF:0
FNH:0
DA:1,4
DA:2,4
LF:2
LH:2
BRF:0
BRH:0
end_of_record
TN:
SF:module/logger/src/type/log.type.ts
FNF:0
FNH:0
DA:10,4
DA:15,4
DA:18,4
DA:21,4
LF:4
LH:4
BRF:0
BRH:0
end_of_record
TN:
SF:module/logger/src/util/converter.ts
FN:1,convertObjToStr
FNF:1
FNH:1
FNDA:5,convertObjToStr
DA:1,9
DA:2,5
DA:3,1
DA:6,4
DA:7,1
DA:10,3
LF:6
LH:6
BRDA:2,0,0,1
BRDA:6,1,0,1
BRF:2
BRH:2
end_of_record
TN:
SF:module/logger/src/util/index.ts
FNF:0
FNH:0
DA:1,9
LF:1
LH:1
BRF:0
BRH:0
end_of_record
